

================================================================
== Vivado HLS Report for 'yuv2rgb'
================================================================
* Date:           Sun Oct  9 13:38:40 2022

* Version:        2017.2 (Build 1909853 on Thu Jun 15 18:55:24 MDT 2017)
* Project:        yuv_filter.prj
* Solution:       solution1
* Product family: zynq
* Target device:  xc7z010clg400-1


================================================================
== Performance Estimates
================================================================
+ Timing (ns): 
    * Summary: 
    +--------+-------+----------+------------+
    |  Clock | Target| Estimated| Uncertainty|
    +--------+-------+----------+------------+
    |ap_clk  |   8.00|      8.85|        1.00|
    +--------+-------+----------+------------+

+ Latency (clock cycles): 
    * Summary: 
    +--------+----------+--------+----------+---------+
    |      Latency      |      Interval     | Pipeline|
    |   min  |    max   |   min  |    max   |   Type  |
    +--------+----------+--------+----------+---------+
    |  360401|  22122241|  360401|  22122241|   none  |
    +--------+----------+--------+----------+---------+

    + Detail: 
        * Instance: 
        N/A

        * Loop: 
        +-------------------+--------+----------+--------------+-----------+-----------+------------+----------+
        |                   |      Latency      |   Iteration  |  Initiation Interval  |    Trip    |          |
        |     Loop Name     |   min  |    max   |    Latency   |  achieved |   target  |    Count   | Pipelined|
        +-------------------+--------+----------+--------------+-----------+-----------+------------+----------+
        |- YUV2RGB_LOOP_X   |  360400|  22122240| 1802 ~ 11522 |          -|          -| 200 ~ 1920 |    no    |
        | + YUV2RGB_LOOP_Y  |    1800|     11520|             9|          -|          -| 200 ~ 1280 |    no    |
        +-------------------+--------+----------+--------------+-----------+-----------+------------+----------+



================================================================
== Utilization Estimates
================================================================
* Summary: 
+-----------------+---------+-------+-------+-------+
|       Name      | BRAM_18K| DSP48E|   FF  |  LUT  |
+-----------------+---------+-------+-------+-------+
|DSP              |        -|      3|      -|      -|
|Expression       |        -|      0|    434|    330|
|FIFO             |        -|      -|      -|      -|
|Instance         |        -|      -|      -|      -|
|Memory           |        -|      -|      -|      -|
|Multiplexer      |        -|      -|      -|     83|
|Register         |        -|      -|    242|      -|
+-----------------+---------+-------+-------+-------+
|Total            |        0|      3|    676|    413|
+-----------------+---------+-------+-------+-------+
|Available        |      120|     80|  35200|  17600|
+-----------------+---------+-------+-------+-------+
|Utilization (%)  |        0|      3|      1|      2|
+-----------------+---------+-------+-------+-------+

+ Detail: 
    * Instance: 
    N/A

    * DSP48: 
    +--------------------------+----------------------+---------------------+
    |         Instance         |        Module        |      Expression     |
    +--------------------------+----------------------+---------------------+
    |yuv_filter_ama_adeOg_U11  |yuv_filter_ama_adeOg  | i0 + i1 * (i2 + i3) |
    |yuv_filter_mac_mufYi_U12  |yuv_filter_mac_mufYi  |     i0 * i1 + i2    |
    |yuv_filter_mac_mug8j_U13  |yuv_filter_mac_mug8j  |     i0 + i1 * i2    |
    +--------------------------+----------------------+---------------------+

    * Memory: 
    N/A

    * FIFO: 
    N/A

    * Expression: 
    +---------------------+----------+-------+----+----+------------+------------+
    |    Variable Name    | Operation| DSP48E| FF | LUT| Bitwidth P0| Bitwidth P1|
    +---------------------+----------+-------+----+----+------------+------------+
    |tmp_13_fu_305_p2     |     *    |      0|   0|  89|           9|           8|
    |tmp2_fu_328_p2       |     +    |      0|  59|  23|          18|          18|
    |tmp_14_fu_354_p2     |     +    |      0|  59|  23|          18|          18|
    |tmp_18_fu_429_p2     |     +    |      0|  62|  24|          19|          19|
    |tmp_6_fu_280_p2      |     +    |      0|  74|  28|          23|          23|
    |tmp_s_fu_249_p2      |     +    |      0|  74|  28|          23|          23|
    |x_1_fu_219_p2        |     +    |      0|  53|  21|          16|           1|
    |y_1_fu_270_p2        |     +    |      0|  53|  21|          16|           1|
    |exitcond1_fu_214_p2  |   icmp   |      0|   0|   8|          16|          16|
    |exitcond_fu_265_p2   |   icmp   |      0|   0|   8|          16|          16|
    |icmp1_fu_445_p2      |   icmp   |      0|   0|   1|           3|           1|
    |icmp9_fu_369_p2      |   icmp   |      0|   0|   1|           2|           1|
    |icmp_fu_345_p2       |   icmp   |      0|   0|   1|           2|           1|
    |tmp_11_fu_514_p2     |    or    |      0|   0|   2|           1|           1|
    |tmp_17_fu_401_p2     |    or    |      0|   0|   2|           1|           1|
    |tmp_21_fu_477_p2     |    or    |      0|   0|   2|           1|           1|
    |B_fu_483_p3          |  select  |      0|   0|   8|           1|           8|
    |G_fu_407_p3          |  select  |      0|   0|   8|           1|           8|
    |out_channels_ch1_d0  |  select  |      0|   0|   8|           1|           8|
    |p_phitmp2_fu_393_p3  |  select  |      0|   0|   2|           1|           2|
    |p_phitmp3_fu_469_p3  |  select  |      0|   0|   2|           1|           2|
    |p_phitmp_fu_507_p3   |  select  |      0|   0|   2|           1|           2|
    |D_fu_296_p2          |    xor   |      0|   0|   9|           8|           9|
    |E_fu_290_p2          |    xor   |      0|   0|   9|           8|           9|
    +---------------------+----------+-------+----+----+------------+------------+
    |Total                |          |      0| 434| 330|         206|         197|
    +---------------------+----------+-------+----+----+------------+------------+

    * Multiplexer: 
    +-----------+----+-----------+-----+-----------+
    |    Name   | LUT| Input Size| Bits| Total Bits|
    +-----------+----+-----------+-----+-----------+
    |ap_NS_fsm  |  65|         12|    1|         12|
    |x_reg_192  |   9|          2|   16|         32|
    |y_reg_203  |   9|          2|   16|         32|
    +-----------+----+-----------+-----+-----------+
    |Total      |  83|         16|   33|         76|
    +-----------+----+-----------+-----+-----------+

    * Register: 
    +---------------------+----+----+-----+-----------+
    |         Name        | FF | LUT| Bits| Const Bits|
    +---------------------+----+----+-----+-----------+
    |B_reg_667            |   8|   0|    8|          0|
    |D_reg_622            |   8|   0|    8|          0|
    |E_reg_611            |   8|   0|    8|          0|
    |G_reg_662            |   8|   0|    8|          0|
    |Y_reg_617            |   8|   0|    8|          0|
    |ap_CS_fsm            |  11|   0|   11|          0|
    |icmp_reg_656         |   1|   0|    1|          0|
    |tmp1_reg_640         |  17|   0|   17|          0|
    |tmp2_reg_645         |  18|   0|   18|          0|
    |tmp_13_reg_629       |  17|   0|   17|          0|
    |tmp_21_cast_reg_587  |  23|   0|   32|          9|
    |tmp_3_reg_634        |  18|   0|   18|          0|
    |tmp_4_reg_650        |  18|   0|   18|          0|
    |tmp_s_reg_574        |  15|   0|   23|          8|
    |x_1_reg_569          |  16|   0|   16|          0|
    |x_reg_192            |  16|   0|   16|          0|
    |y_1_reg_582          |  16|   0|   16|          0|
    |y_reg_203            |  16|   0|   16|          0|
    +---------------------+----+----+-----+-----------+
    |Total                | 242|   0|  259|         17|
    +---------------------+----+----+-----+-----------+



================================================================
== Interface
================================================================
* Summary: 
+---------------------------+-----+-----+------------+------------------+--------------+
|         RTL Ports         | Dir | Bits|  Protocol  |   Source Object  |    C Type    |
+---------------------------+-----+-----+------------+------------------+--------------+
|ap_clk                     |  in |    1| ap_ctrl_hs |      yuv2rgb     | return value |
|ap_rst                     |  in |    1| ap_ctrl_hs |      yuv2rgb     | return value |
|ap_start                   |  in |    1| ap_ctrl_hs |      yuv2rgb     | return value |
|ap_done                    | out |    1| ap_ctrl_hs |      yuv2rgb     | return value |
|ap_idle                    | out |    1| ap_ctrl_hs |      yuv2rgb     | return value |
|ap_ready                   | out |    1| ap_ctrl_hs |      yuv2rgb     | return value |
|ap_return_0                | out |   16| ap_ctrl_hs |      yuv2rgb     | return value |
|ap_return_1                | out |   16| ap_ctrl_hs |      yuv2rgb     | return value |
|in_channels_ch1_address0   | out |   22|  ap_memory |  in_channels_ch1 |     array    |
|in_channels_ch1_ce0        | out |    1|  ap_memory |  in_channels_ch1 |     array    |
|in_channels_ch1_q0         |  in |    8|  ap_memory |  in_channels_ch1 |     array    |
|in_channels_ch2_address0   | out |   22|  ap_memory |  in_channels_ch2 |     array    |
|in_channels_ch2_ce0        | out |    1|  ap_memory |  in_channels_ch2 |     array    |
|in_channels_ch2_q0         |  in |    8|  ap_memory |  in_channels_ch2 |     array    |
|in_channels_ch3_address0   | out |   22|  ap_memory |  in_channels_ch3 |     array    |
|in_channels_ch3_ce0        | out |    1|  ap_memory |  in_channels_ch3 |     array    |
|in_channels_ch3_q0         |  in |    8|  ap_memory |  in_channels_ch3 |     array    |
|in_width_read              |  in |   16|   ap_none  |   in_width_read  |    scalar    |
|in_height_read             |  in |   16|   ap_none  |  in_height_read  |    scalar    |
|out_channels_ch1_address0  | out |   22|  ap_memory | out_channels_ch1 |     array    |
|out_channels_ch1_ce0       | out |    1|  ap_memory | out_channels_ch1 |     array    |
|out_channels_ch1_we0       | out |    1|  ap_memory | out_channels_ch1 |     array    |
|out_channels_ch1_d0        | out |    8|  ap_memory | out_channels_ch1 |     array    |
|out_channels_ch2_address0  | out |   22|  ap_memory | out_channels_ch2 |     array    |
|out_channels_ch2_ce0       | out |    1|  ap_memory | out_channels_ch2 |     array    |
|out_channels_ch2_we0       | out |    1|  ap_memory | out_channels_ch2 |     array    |
|out_channels_ch2_d0        | out |    8|  ap_memory | out_channels_ch2 |     array    |
|out_channels_ch3_address0  | out |   22|  ap_memory | out_channels_ch3 |     array    |
|out_channels_ch3_ce0       | out |    1|  ap_memory | out_channels_ch3 |     array    |
|out_channels_ch3_we0       | out |    1|  ap_memory | out_channels_ch3 |     array    |
|out_channels_ch3_d0        | out |    8|  ap_memory | out_channels_ch3 |     array    |
+---------------------------+-----+-----+------------+------------------+--------------+

