#-----------------------------------------------------------
# Webtalk v2017.2 (64-bit)
# SW Build 1909853 on Thu Jun 15 18:39:09 MDT 2017
# 
# Start of session at: Tue Oct  4 15:34:59 2022
# Process ID: 9160
# Current directory: C:/Users/User/Desktop/UNI/EmbeddedRealTimeSystem/Assignment2/exercises/project_6/project_6.sdk/webtalk
# Command line: wbtcv.exe -mode batch -source sdk_webtalk.tcl
# Log file: C:/Users/User/Desktop/UNI/EmbeddedRealTimeSystem/Assignment2/exercises/project_6/project_6.sdk/webtalk/webtalk.log
# Journal file: C:/Users/User/Desktop/UNI/EmbeddedRealTimeSystem/Assignment2/exercises/project_6/project_6.sdk/webtalk\webtalk.jou
#-----------------------------------------------------------
source sdk_webtalk.tcl
# webtalk_init -webtalk_dir C:\\Users\\User\\Desktop\\UNI\\EmbeddedRealTimeSystem\\Assignment2\\exercises\\project_6\\project_6.sdk\\webtalk
# webtalk_register_client -client project
# webtalk_add_data -client project -key date_generated -value "2022-10-04 15:34:57" -context "software_version_and_target_device"
# webtalk_add_data -client project -key product_version -value "SDK v2017.2" -context "software_version_and_target_device"
# webtalk_add_data -client project -key build_version -value "2017.2" -context "software_version_and_target_device"
# webtalk_add_data -client project -key os_platform -value "amd64" -context "software_version_and_target_device"
# webtalk_add_data -client project -key registration_id -value "" -context "software_version_and_target_device"
# webtalk_add_data -client project -key tool_flow -value "SDK" -context "software_version_and_target_device"
# webtalk_add_data -client project -key beta -value "false" -context "software_version_and_target_device"
# webtalk_add_data -client project -key route_design -value "NA" -context "software_version_and_target_device"
# webtalk_add_data -client project -key target_family -value "NA" -context "software_version_and_target_device"
# webtalk_add_data -client project -key target_device -value "NA" -context "software_version_and_target_device"
# webtalk_add_data -client project -key target_package -value "NA" -context "software_version_and_target_device"
# webtalk_add_data -client project -key target_speed -value "NA" -context "software_version_and_target_device"
# webtalk_add_data -client project -key random_id -value "v8emgn3sunr2tiuenajkvcumo3" -context "software_version_and_target_device"
# webtalk_add_data -client project -key project_id -value "2017.2_9" -context "software_version_and_target_device"
# webtalk_add_data -client project -key project_iteration -value "9" -context "software_version_and_target_device"
# webtalk_add_data -client project -key os_name -value "Microsoft Windows 8 or later , 64-bit" -context "user_environment"
# webtalk_add_data -client project -key os_release -value "major release  (build 9200)" -context "user_environment"
# webtalk_add_data -client project -key cpu_name -value "AMD Ryzen 7 3700U with Radeon Vega Mobile Gfx  " -context "user_environment"
# webtalk_add_data -client project -key cpu_speed -value "2296 MHz" -context "user_environment"
# webtalk_add_data -client project -key total_processors -value "1" -context "user_environment"
# webtalk_add_data -client project -key system_ram -value "36.000 GB" -context "user_environment"
# webtalk_register_client -client sdk
# webtalk_add_data -client sdk -key uid -value "1664889865868" -context "sdk\\\\hardware/1664889865868"
# webtalk_add_data -client sdk -key isZynq -value "true" -context "sdk\\\\hardware/1664889865868"
# webtalk_add_data -client sdk -key isZynqMP -value "false" -context "sdk\\\\hardware/1664889865868"
# webtalk_add_data -client sdk -key Processors -value "2" -context "sdk\\\\hardware/1664889865868"
# webtalk_add_data -client sdk -key VivadoVersion -value "2017.2" -context "sdk\\\\hardware/1664889865868"
# webtalk_add_data -client sdk -key Arch -value "zynq" -context "sdk\\\\hardware/1664889865868"
# webtalk_add_data -client sdk -key Device -value "7z010" -context "sdk\\\\hardware/1664889865868"
# webtalk_add_data -client sdk -key IsHandoff -value "true" -context "sdk\\\\hardware/1664889865868"
# webtalk_add_data -client sdk -key os -value "NA" -context "sdk\\\\hardware/1664889865868"
# webtalk_add_data -client sdk -key apptemplate -value "NA" -context "sdk\\\\hardware/1664889865868"
# webtalk_add_data -client sdk -key RecordType -value "HWCreation" -context "sdk\\\\hardware/1664889865868"
# webtalk_add_data -client sdk -key uid -value "NA" -context "sdk\\\\bsp/1664890497670"
# webtalk_add_data -client sdk -key RecordType -value "ToolUsage" -context "sdk\\\\bsp/1664890497670"
# webtalk_add_data -client sdk -key BootgenCount -value "0" -context "sdk\\\\bsp/1664890497670"
# webtalk_add_data -client sdk -key DebugCount -value "0" -context "sdk\\\\bsp/1664890497670"
# webtalk_add_data -client sdk -key PerfCount -value "0" -context "sdk\\\\bsp/1664890497670"
# webtalk_add_data -client sdk -key FlashCount -value "0" -context "sdk\\\\bsp/1664890497670"
# webtalk_add_data -client sdk -key CrossTriggCount -value "0" -context "sdk\\\\bsp/1664890497670"
# webtalk_add_data -client sdk -key QemuDebugCount -value "0" -context "sdk\\\\bsp/1664890497670"
# webtalk_transmit -clientid 1757618046 -regid "" -xml C:\\Users\\User\\Desktop\\UNI\\EmbeddedRealTimeSystem\\Assignment2\\exercises\\project_6\\project_6.sdk\\webtalk\\usage_statistics_ext_sdk.xml -html C:\\Users\\User\\Desktop\\UNI\\EmbeddedRealTimeSystem\\Assignment2\\exercises\\project_6\\project_6.sdk\\webtalk\\usage_statistics_ext_sdk.html -wdm C:\\Users\\User\\Desktop\\UNI\\EmbeddedRealTimeSystem\\Assignment2\\exercises\\project_6\\project_6.sdk\\webtalk\\sdk_webtalk.wdm -intro "<H3>SDK Usage Report</H3><BR>"
# webtalk_terminate
INFO: [Common 17-206] Exiting Webtalk at Tue Oct  4 15:35:02 2022...
