

================================================================
== Vivado HLS Report for 'yuv_filter'
================================================================
* Date:           Sun Oct  9 14:41:13 2022

* Version:        2017.2 (Build 1909853 on Thu Jun 15 18:55:24 MDT 2017)
* Project:        yuv_filter.prj
* Solution:       solution3
* Product family: zynq
* Target device:  xc7z010clg400-1


================================================================
== Performance Estimates
================================================================
+ Timing (ns): 
    * Summary: 
    +--------+-------+----------+------------+
    |  Clock | Target| Estimated| Uncertainty|
    +--------+-------+----------+------------+
    |ap_clk  |   8.00|      8.45|        1.00|
    +--------+-------+----------+------------+

+ Latency (clock cycles): 
    * Summary: 
    +-------+---------+-------+---------+----------+
    |     Latency     |     Interval    | Pipeline |
    |  min  |   max   |  min  |   max   |   Type   |
    +-------+---------+-------+---------+----------+
    |  40018|  2457618|  40010|  2457610| dataflow |
    +-------+---------+-------+---------+----------+

    + Detail: 
        * Instance: 
        +--------------+-----------+-------+---------+-------+---------+---------+
        |              |           |     Latency     |     Interval    | Pipeline|
        |   Instance   |   Module  |  min  |   max   |  min  |   max   |   Type  |
        +--------------+-----------+-------+---------+-------+---------+---------+
        |yuv2rgb_U0    |yuv2rgb    |  40008|  2457608|  40008|  2457608|   none  |
        |rgb2yuv11_U0  |rgb2yuv11  |  40009|  2457609|  40009|  2457609|   none  |
        |yuv_scale_U0  |yuv_scale  |  40005|  2457605|  40005|  2457605|   none  |
        +--------------+-----------+-------+---------+-------+---------+---------+

        * Loop: 
        N/A



================================================================
== Utilization Estimates
================================================================
* Summary: 
+-----------------+---------+-------+-------+-------+
|       Name      | BRAM_18K| DSP48E|   FF  |  LUT  |
+-----------------+---------+-------+-------+-------+
|DSP              |        -|      -|      -|      -|
|Expression       |        -|      -|      0|      6|
|FIFO             |        0|      -|      0|     13|
|Instance         |        -|     11|   2217|   1759|
|Memory           |        -|      -|      -|      -|
|Multiplexer      |        -|      -|      -|      -|
|Register         |        -|      -|      -|      -|
+-----------------+---------+-------+-------+-------+
|Total            |        0|     11|   2217|   1778|
+-----------------+---------+-------+-------+-------+
|Available        |      120|     80|  35200|  17600|
+-----------------+---------+-------+-------+-------+
|Utilization (%)  |        0|     13|      6|     10|
+-----------------+---------+-------+-------+-------+

+ Detail: 
    * Instance: 
    +--------------+-----------+---------+-------+------+-----+
    |   Instance   |   Module  | BRAM_18K| DSP48E|  FF  | LUT |
    +--------------+-----------+---------+-------+------+-----+
    |rgb2yuv11_U0  |rgb2yuv11  |        0|      6|   842|  615|
    |yuv2rgb_U0    |yuv2rgb    |        0|      4|  1005|  670|
    |yuv_scale_U0  |yuv_scale  |        0|      1|   370|  474|
    +--------------+-----------+---------+-------+------+-----+
    |Total         |           |        0|     11|  2217| 1759|
    +--------------+-----------+---------+-------+------+-----+

    * DSP48: 
    N/A

    * Memory: 
    N/A

    * FIFO: 
    +------------------------+---------+---+----+------+-----+---------+
    |          Name          | BRAM_18K| FF| LUT| Depth| Bits| Size:D*B|
    +------------------------+---------+---+----+------+-----+---------+
    |U_scale_channel_U       |        0|  0|   1|     2|    8|       16|
    |V_scale_channel_U       |        0|  0|   1|     2|    8|       16|
    |Y_scale_channel_U       |        0|  0|   1|     2|    8|       16|
    |p_scale_channels_ch1_U  |        0|  0|   1|     2|    8|       16|
    |p_scale_channels_ch2_U  |        0|  0|   1|     2|    8|       16|
    |p_scale_channels_ch3_U  |        0|  0|   1|     2|    8|       16|
    |p_scale_height_U        |        0|  0|   1|     2|   16|       32|
    |p_scale_width_U         |        0|  0|   1|     2|   16|       32|
    |p_yuv_channels_ch1_U    |        0|  0|   1|     2|    8|       16|
    |p_yuv_channels_ch2_U    |        0|  0|   1|     2|    8|       16|
    |p_yuv_channels_ch3_U    |        0|  0|   1|     2|    8|       16|
    |p_yuv_height_U          |        0|  0|   1|     2|   16|       32|
    |p_yuv_width_U           |        0|  0|   1|     2|   16|       32|
    +------------------------+---------+---+----+------+-----+---------+
    |Total                   |        0|  0|  13|    26|  136|      272|
    +------------------------+---------+---+----+------+-----+---------+

    * Expression: 
    +---------------------------+----------+-------+---+----+------------+------------+
    |       Variable Name       | Operation| DSP48E| FF| LUT| Bitwidth P0| Bitwidth P1|
    +---------------------------+----------+-------+---+----+------------+------------+
    |ap_idle                    |    and   |      0|  0|   2|           1|           1|
    |rgb2yuv11_U0_start_full_n  |    or    |      0|  0|   2|           1|           1|
    |yuv_scale_U0_start_full_n  |    or    |      0|  0|   2|           1|           1|
    +---------------------------+----------+-------+---+----+------------+------------+
    |Total                      |          |      0|  0|   6|           3|           3|
    +---------------------------+----------+-------+---+----+------------+------------+

    * Multiplexer: 
    N/A

    * Register: 
    N/A



================================================================
== Interface
================================================================
* Summary: 
+---------------------------+-----+-----+------------+------------------+--------------+
|         RTL Ports         | Dir | Bits|  Protocol  |   Source Object  |    C Type    |
+---------------------------+-----+-----+------------+------------------+--------------+
|in_channels_ch1_address0   | out |   22|  ap_memory |  in_channels_ch1 |     array    |
|in_channels_ch1_ce0        | out |    1|  ap_memory |  in_channels_ch1 |     array    |
|in_channels_ch1_d0         | out |    8|  ap_memory |  in_channels_ch1 |     array    |
|in_channels_ch1_q0         |  in |    8|  ap_memory |  in_channels_ch1 |     array    |
|in_channels_ch1_we0        | out |    1|  ap_memory |  in_channels_ch1 |     array    |
|in_channels_ch1_address1   | out |   22|  ap_memory |  in_channels_ch1 |     array    |
|in_channels_ch1_ce1        | out |    1|  ap_memory |  in_channels_ch1 |     array    |
|in_channels_ch1_d1         | out |    8|  ap_memory |  in_channels_ch1 |     array    |
|in_channels_ch1_q1         |  in |    8|  ap_memory |  in_channels_ch1 |     array    |
|in_channels_ch1_we1        | out |    1|  ap_memory |  in_channels_ch1 |     array    |
|in_channels_ch2_address0   | out |   22|  ap_memory |  in_channels_ch2 |     array    |
|in_channels_ch2_ce0        | out |    1|  ap_memory |  in_channels_ch2 |     array    |
|in_channels_ch2_d0         | out |    8|  ap_memory |  in_channels_ch2 |     array    |
|in_channels_ch2_q0         |  in |    8|  ap_memory |  in_channels_ch2 |     array    |
|in_channels_ch2_we0        | out |    1|  ap_memory |  in_channels_ch2 |     array    |
|in_channels_ch2_address1   | out |   22|  ap_memory |  in_channels_ch2 |     array    |
|in_channels_ch2_ce1        | out |    1|  ap_memory |  in_channels_ch2 |     array    |
|in_channels_ch2_d1         | out |    8|  ap_memory |  in_channels_ch2 |     array    |
|in_channels_ch2_q1         |  in |    8|  ap_memory |  in_channels_ch2 |     array    |
|in_channels_ch2_we1        | out |    1|  ap_memory |  in_channels_ch2 |     array    |
|in_channels_ch3_address0   | out |   22|  ap_memory |  in_channels_ch3 |     array    |
|in_channels_ch3_ce0        | out |    1|  ap_memory |  in_channels_ch3 |     array    |
|in_channels_ch3_d0         | out |    8|  ap_memory |  in_channels_ch3 |     array    |
|in_channels_ch3_q0         |  in |    8|  ap_memory |  in_channels_ch3 |     array    |
|in_channels_ch3_we0        | out |    1|  ap_memory |  in_channels_ch3 |     array    |
|in_channels_ch3_address1   | out |   22|  ap_memory |  in_channels_ch3 |     array    |
|in_channels_ch3_ce1        | out |    1|  ap_memory |  in_channels_ch3 |     array    |
|in_channels_ch3_d1         | out |    8|  ap_memory |  in_channels_ch3 |     array    |
|in_channels_ch3_q1         |  in |    8|  ap_memory |  in_channels_ch3 |     array    |
|in_channels_ch3_we1        | out |    1|  ap_memory |  in_channels_ch3 |     array    |
|in_width                   |  in |   16|   ap_none  |     in_width     |    pointer   |
|in_height                  |  in |   16|   ap_none  |     in_height    |    pointer   |
|out_channels_ch1_address0  | out |   22|  ap_memory | out_channels_ch1 |     array    |
|out_channels_ch1_ce0       | out |    1|  ap_memory | out_channels_ch1 |     array    |
|out_channels_ch1_d0        | out |    8|  ap_memory | out_channels_ch1 |     array    |
|out_channels_ch1_q0        |  in |    8|  ap_memory | out_channels_ch1 |     array    |
|out_channels_ch1_we0       | out |    1|  ap_memory | out_channels_ch1 |     array    |
|out_channels_ch1_address1  | out |   22|  ap_memory | out_channels_ch1 |     array    |
|out_channels_ch1_ce1       | out |    1|  ap_memory | out_channels_ch1 |     array    |
|out_channels_ch1_d1        | out |    8|  ap_memory | out_channels_ch1 |     array    |
|out_channels_ch1_q1        |  in |    8|  ap_memory | out_channels_ch1 |     array    |
|out_channels_ch1_we1       | out |    1|  ap_memory | out_channels_ch1 |     array    |
|out_channels_ch2_address0  | out |   22|  ap_memory | out_channels_ch2 |     array    |
|out_channels_ch2_ce0       | out |    1|  ap_memory | out_channels_ch2 |     array    |
|out_channels_ch2_d0        | out |    8|  ap_memory | out_channels_ch2 |     array    |
|out_channels_ch2_q0        |  in |    8|  ap_memory | out_channels_ch2 |     array    |
|out_channels_ch2_we0       | out |    1|  ap_memory | out_channels_ch2 |     array    |
|out_channels_ch2_address1  | out |   22|  ap_memory | out_channels_ch2 |     array    |
|out_channels_ch2_ce1       | out |    1|  ap_memory | out_channels_ch2 |     array    |
|out_channels_ch2_d1        | out |    8|  ap_memory | out_channels_ch2 |     array    |
|out_channels_ch2_q1        |  in |    8|  ap_memory | out_channels_ch2 |     array    |
|out_channels_ch2_we1       | out |    1|  ap_memory | out_channels_ch2 |     array    |
|out_channels_ch3_address0  | out |   22|  ap_memory | out_channels_ch3 |     array    |
|out_channels_ch3_ce0       | out |    1|  ap_memory | out_channels_ch3 |     array    |
|out_channels_ch3_d0        | out |    8|  ap_memory | out_channels_ch3 |     array    |
|out_channels_ch3_q0        |  in |    8|  ap_memory | out_channels_ch3 |     array    |
|out_channels_ch3_we0       | out |    1|  ap_memory | out_channels_ch3 |     array    |
|out_channels_ch3_address1  | out |   22|  ap_memory | out_channels_ch3 |     array    |
|out_channels_ch3_ce1       | out |    1|  ap_memory | out_channels_ch3 |     array    |
|out_channels_ch3_d1        | out |    8|  ap_memory | out_channels_ch3 |     array    |
|out_channels_ch3_q1        |  in |    8|  ap_memory | out_channels_ch3 |     array    |
|out_channels_ch3_we1       | out |    1|  ap_memory | out_channels_ch3 |     array    |
|out_width                  | out |   16|   ap_vld   |     out_width    |    pointer   |
|out_width_ap_vld           | out |    1|   ap_vld   |     out_width    |    pointer   |
|out_height                 | out |   16|   ap_vld   |    out_height    |    pointer   |
|out_height_ap_vld          | out |    1|   ap_vld   |    out_height    |    pointer   |
|Y_scale                    |  in |    8|   ap_none  |      Y_scale     |    scalar    |
|U_scale                    |  in |    8|   ap_none  |      U_scale     |    scalar    |
|V_scale                    |  in |    8|   ap_none  |      V_scale     |    scalar    |
|ap_clk                     |  in |    1| ap_ctrl_hs |    yuv_filter    | return value |
|ap_rst                     |  in |    1| ap_ctrl_hs |    yuv_filter    | return value |
|ap_done                    | out |    1| ap_ctrl_hs |    yuv_filter    | return value |
|ap_start                   |  in |    1| ap_ctrl_hs |    yuv_filter    | return value |
|ap_ready                   | out |    1| ap_ctrl_hs |    yuv_filter    | return value |
|ap_idle                    | out |    1| ap_ctrl_hs |    yuv_filter    | return value |
+---------------------------+-----+-----+------------+------------------+--------------+

============================================================
+ Verbose Summary: Synthesis Manager
============================================================
InlineROM: 1
ExposeGlobal: 0
============================================================
+ Verbose Summary: CDFG Model
============================================================
IsTopModel: 1
ResetActiveHigh: 1
IsCombinational: 2
IsDatapathOnly: 2
HasWiredReturn: 1
HasMFsm: 0
HasVarLatency: 1
IsPipeline: 0
IsRtlPipelined: 0
IsInstanceOverlapped: 0
IsDontTouch: 0
HasImplIP: 0
IsGatedGlobalClock: 0


============================================================
+ Verbose Summary: Schedule
============================================================
* Number of FSM states: 6
* Pipeline: 0
* Dataflow Pipeline: 1
  DF-Pipeline-0: Size = 6, States = { 1 2 3 4 5 6 }

* FSM state transitions: 
1 --> 
	2  / true
2 --> 
	3  / true
3 --> 
	4  / true
4 --> 
	5  / true
5 --> 
	6  / true
6 --> 
* FSM state operations: 

 <State 1>: 6.38ns
ST_1: V_scale_read (14)  [1/1] 0.00ns
:0  %V_scale_read = call i8 @_ssdm_op_Read.ap_auto.i8(i8 %V_scale)

ST_1: U_scale_read (15)  [1/1] 0.00ns
:1  %U_scale_read = call i8 @_ssdm_op_Read.ap_auto.i8(i8 %U_scale)

ST_1: Y_scale_read (16)  [1/1] 0.00ns
:2  %Y_scale_read = call i8 @_ssdm_op_Read.ap_auto.i8(i8 %Y_scale)

ST_1: p_scale_height (17)  [1/1] 0.00ns  loc: yuv_filter.c:18
:3  %p_scale_height = alloca i16, align 2

ST_1: p_scale_width (18)  [1/1] 0.00ns  loc: yuv_filter.c:18
:4  %p_scale_width = alloca i16, align 2

ST_1: p_yuv_height (19)  [1/1] 0.00ns  loc: yuv_filter.c:17
:5  %p_yuv_height = alloca i16, align 2

ST_1: p_yuv_width (20)  [1/1] 0.00ns  loc: yuv_filter.c:17
:6  %p_yuv_width = alloca i16, align 2

ST_1: V_scale_channel (21)  [1/1] 0.00ns
:7  %V_scale_channel = alloca i8, align 1

ST_1: U_scale_channel (22)  [1/1] 0.00ns
:8  %U_scale_channel = alloca i8, align 1

ST_1: Y_scale_channel (23)  [1/1] 0.00ns
:9  %Y_scale_channel = alloca i8, align 1

ST_1: p_yuv_channels_ch1 (39)  [1/1] 0.00ns  loc: yuv_filter.c:17
:25  %p_yuv_channels_ch1 = alloca i8, align 1

ST_1: p_yuv_channels_ch2 (42)  [1/1] 0.00ns  loc: yuv_filter.c:17
:28  %p_yuv_channels_ch2 = alloca i8, align 1

ST_1: p_yuv_channels_ch3 (45)  [1/1] 0.00ns  loc: yuv_filter.c:17
:31  %p_yuv_channels_ch3 = alloca i8, align 1

ST_1: p_scale_channels_ch1 (48)  [1/1] 0.00ns  loc: yuv_filter.c:18
:34  %p_scale_channels_ch1 = alloca i8, align 1

ST_1: p_scale_channels_ch2 (51)  [1/1] 0.00ns  loc: yuv_filter.c:18
:37  %p_scale_channels_ch2 = alloca i8, align 1

ST_1: p_scale_channels_ch3 (54)  [1/1] 0.00ns  loc: yuv_filter.c:18
:40  %p_scale_channels_ch3 = alloca i8, align 1

ST_1: StgValue_23 (63)  [2/2] 6.38ns
:49  call fastcc void @rgb2yuv11([2457600 x i8]* %in_channels_ch1, [2457600 x i8]* %in_channels_ch2, [2457600 x i8]* %in_channels_ch3, i16* %in_width, i16* %in_height, i8* %p_yuv_channels_ch1, i8* %p_yuv_channels_ch2, i8* %p_yuv_channels_ch3, i16* %p_yuv_width, i16* %p_yuv_height, i8 %Y_scale_read, i8 %U_scale_read, i8 %V_scale_read, i8* %Y_scale_channel, i8* %U_scale_channel, i8* %V_scale_channel)


 <State 2>: 0.00ns
ST_2: StgValue_24 (63)  [1/2] 0.00ns
:49  call fastcc void @rgb2yuv11([2457600 x i8]* %in_channels_ch1, [2457600 x i8]* %in_channels_ch2, [2457600 x i8]* %in_channels_ch3, i16* %in_width, i16* %in_height, i8* %p_yuv_channels_ch1, i8* %p_yuv_channels_ch2, i8* %p_yuv_channels_ch3, i16* %p_yuv_width, i16* %p_yuv_height, i8 %Y_scale_read, i8 %U_scale_read, i8 %V_scale_read, i8* %Y_scale_channel, i8* %U_scale_channel, i8* %V_scale_channel)


 <State 3>: 0.00ns
ST_3: StgValue_25 (74)  [2/2] 0.00ns  loc: yuv_filter.c:24
:60  call fastcc void @yuv_scale(i8* %p_yuv_channels_ch1, i8* %p_yuv_channels_ch2, i8* %p_yuv_channels_ch3, i16* %p_yuv_width, i16* %p_yuv_height, i8* %p_scale_channels_ch1, i8* %p_scale_channels_ch2, i8* %p_scale_channels_ch3, i16* %p_scale_width, i16* %p_scale_height, i8* %Y_scale_channel, i8* %U_scale_channel, i8* %V_scale_channel)


 <State 4>: 0.00ns
ST_4: StgValue_26 (74)  [1/2] 0.00ns  loc: yuv_filter.c:24
:60  call fastcc void @yuv_scale(i8* %p_yuv_channels_ch1, i8* %p_yuv_channels_ch2, i8* %p_yuv_channels_ch3, i16* %p_yuv_width, i16* %p_yuv_height, i8* %p_scale_channels_ch1, i8* %p_scale_channels_ch2, i8* %p_scale_channels_ch3, i16* %p_scale_width, i16* %p_scale_height, i8* %Y_scale_channel, i8* %U_scale_channel, i8* %V_scale_channel)


 <State 5>: 0.00ns
ST_5: StgValue_27 (85)  [2/2] 0.00ns  loc: yuv_filter.c:25
:71  call fastcc void @yuv2rgb(i8* %p_scale_channels_ch1, i8* %p_scale_channels_ch2, i8* %p_scale_channels_ch3, i16* %p_scale_width, i16* %p_scale_height, [2457600 x i8]* %out_channels_ch1, [2457600 x i8]* %out_channels_ch2, [2457600 x i8]* %out_channels_ch3, i16* %out_width, i16* %out_height)


 <State 6>: 0.00ns
ST_6: StgValue_28 (24)  [1/1] 0.00ns  loc: yuv_filter.c:12
:10  call void (...)* @_ssdm_op_SpecDataflowPipeline(i32 -1, [1 x i8]* @p_str) nounwind

ST_6: StgValue_29 (25)  [1/1] 0.00ns
:11  call void (...)* @_ssdm_op_SpecBitsMap([2457600 x i8]* %in_channels_ch1), !map !13

ST_6: StgValue_30 (26)  [1/1] 0.00ns
:12  call void (...)* @_ssdm_op_SpecBitsMap([2457600 x i8]* %in_channels_ch2), !map !20

ST_6: StgValue_31 (27)  [1/1] 0.00ns
:13  call void (...)* @_ssdm_op_SpecBitsMap([2457600 x i8]* %in_channels_ch3), !map !24

ST_6: StgValue_32 (28)  [1/1] 0.00ns
:14  call void (...)* @_ssdm_op_SpecBitsMap(i16* %in_width), !map !28

ST_6: StgValue_33 (29)  [1/1] 0.00ns
:15  call void (...)* @_ssdm_op_SpecBitsMap(i16* %in_height), !map !34

ST_6: StgValue_34 (30)  [1/1] 0.00ns
:16  call void (...)* @_ssdm_op_SpecBitsMap([2457600 x i8]* %out_channels_ch1), !map !38

ST_6: StgValue_35 (31)  [1/1] 0.00ns
:17  call void (...)* @_ssdm_op_SpecBitsMap([2457600 x i8]* %out_channels_ch2), !map !42

ST_6: StgValue_36 (32)  [1/1] 0.00ns
:18  call void (...)* @_ssdm_op_SpecBitsMap([2457600 x i8]* %out_channels_ch3), !map !46

ST_6: StgValue_37 (33)  [1/1] 0.00ns
:19  call void (...)* @_ssdm_op_SpecBitsMap(i16* %out_width), !map !50

ST_6: StgValue_38 (34)  [1/1] 0.00ns
:20  call void (...)* @_ssdm_op_SpecBitsMap(i16* %out_height), !map !54

ST_6: StgValue_39 (35)  [1/1] 0.00ns
:21  call void (...)* @_ssdm_op_SpecBitsMap(i8 %Y_scale), !map !58

ST_6: StgValue_40 (36)  [1/1] 0.00ns
:22  call void (...)* @_ssdm_op_SpecBitsMap(i8 %U_scale), !map !64

ST_6: StgValue_41 (37)  [1/1] 0.00ns
:23  call void (...)* @_ssdm_op_SpecBitsMap(i8 %V_scale), !map !68

ST_6: StgValue_42 (38)  [1/1] 0.00ns
:24  call void (...)* @_ssdm_op_SpecTopModule([11 x i8]* @yuv_filter_str) nounwind

ST_6: empty (40)  [1/1] 0.00ns
:26  %empty = call i32 (...)* @_ssdm_op_SpecChannel([26 x i8]* @p_yuv_OC_channels_OC_4, i32 1, [1 x i8]* @p_str, [1 x i8]* @p_str, i32 2, i32 2457600, i8* %p_yuv_channels_ch1, i8* %p_yuv_channels_ch1)

ST_6: empty_30 (41)  [1/1] 0.00ns
:27  %empty_30 = call i32 (...)* @_ssdm_op_SpecInterface(i8* %p_yuv_channels_ch1, [8 x i8]* @ap_fifo_str, i32 0, i32 0, [1 x i8]* @p_str, i32 0, i32 0, [1 x i8]* @p_str, [1 x i8]* @p_str, [1 x i8]* @p_str, i32 2, i32 2, i32 16, i32 16, [1 x i8]* @p_str, [1 x i8]* @p_str)

ST_6: empty_31 (43)  [1/1] 0.00ns
:29  %empty_31 = call i32 (...)* @_ssdm_op_SpecChannel([26 x i8]* @p_yuv_OC_channels_OC_2, i32 1, [1 x i8]* @p_str, [1 x i8]* @p_str, i32 2, i32 2457600, i8* %p_yuv_channels_ch2, i8* %p_yuv_channels_ch2)

ST_6: empty_32 (44)  [1/1] 0.00ns
:30  %empty_32 = call i32 (...)* @_ssdm_op_SpecInterface(i8* %p_yuv_channels_ch2, [8 x i8]* @ap_fifo_str, i32 0, i32 0, [1 x i8]* @p_str, i32 0, i32 0, [1 x i8]* @p_str, [1 x i8]* @p_str, [1 x i8]* @p_str, i32 2, i32 2, i32 16, i32 16, [1 x i8]* @p_str, [1 x i8]* @p_str)

ST_6: empty_33 (46)  [1/1] 0.00ns
:32  %empty_33 = call i32 (...)* @_ssdm_op_SpecChannel([26 x i8]* @p_yuv_OC_channels_OC_s, i32 1, [1 x i8]* @p_str, [1 x i8]* @p_str, i32 2, i32 2457600, i8* %p_yuv_channels_ch3, i8* %p_yuv_channels_ch3)

ST_6: empty_34 (47)  [1/1] 0.00ns
:33  %empty_34 = call i32 (...)* @_ssdm_op_SpecInterface(i8* %p_yuv_channels_ch3, [8 x i8]* @ap_fifo_str, i32 0, i32 0, [1 x i8]* @p_str, i32 0, i32 0, [1 x i8]* @p_str, [1 x i8]* @p_str, [1 x i8]* @p_str, i32 2, i32 2, i32 16, i32 16, [1 x i8]* @p_str, [1 x i8]* @p_str)

ST_6: empty_35 (49)  [1/1] 0.00ns
:35  %empty_35 = call i32 (...)* @_ssdm_op_SpecChannel([28 x i8]* @p_scale_OC_channels_O_4, i32 1, [1 x i8]* @p_str, [1 x i8]* @p_str, i32 2, i32 2457600, i8* %p_scale_channels_ch1, i8* %p_scale_channels_ch1)

ST_6: empty_36 (50)  [1/1] 0.00ns
:36  %empty_36 = call i32 (...)* @_ssdm_op_SpecInterface(i8* %p_scale_channels_ch1, [8 x i8]* @ap_fifo_str, i32 0, i32 0, [1 x i8]* @p_str, i32 0, i32 0, [1 x i8]* @p_str, [1 x i8]* @p_str, [1 x i8]* @p_str, i32 2, i32 2, i32 16, i32 16, [1 x i8]* @p_str, [1 x i8]* @p_str)

ST_6: empty_37 (52)  [1/1] 0.00ns
:38  %empty_37 = call i32 (...)* @_ssdm_op_SpecChannel([28 x i8]* @p_scale_OC_channels_O_2, i32 1, [1 x i8]* @p_str, [1 x i8]* @p_str, i32 2, i32 2457600, i8* %p_scale_channels_ch2, i8* %p_scale_channels_ch2)

ST_6: empty_38 (53)  [1/1] 0.00ns
:39  %empty_38 = call i32 (...)* @_ssdm_op_SpecInterface(i8* %p_scale_channels_ch2, [8 x i8]* @ap_fifo_str, i32 0, i32 0, [1 x i8]* @p_str, i32 0, i32 0, [1 x i8]* @p_str, [1 x i8]* @p_str, [1 x i8]* @p_str, i32 2, i32 2, i32 16, i32 16, [1 x i8]* @p_str, [1 x i8]* @p_str)

ST_6: empty_39 (55)  [1/1] 0.00ns
:41  %empty_39 = call i32 (...)* @_ssdm_op_SpecChannel([28 x i8]* @p_scale_OC_channels_O, i32 1, [1 x i8]* @p_str, [1 x i8]* @p_str, i32 2, i32 2457600, i8* %p_scale_channels_ch3, i8* %p_scale_channels_ch3)

ST_6: empty_40 (56)  [1/1] 0.00ns
:42  %empty_40 = call i32 (...)* @_ssdm_op_SpecInterface(i8* %p_scale_channels_ch3, [8 x i8]* @ap_fifo_str, i32 0, i32 0, [1 x i8]* @p_str, i32 0, i32 0, [1 x i8]* @p_str, [1 x i8]* @p_str, [1 x i8]* @p_str, i32 2, i32 2, i32 16, i32 16, [1 x i8]* @p_str, [1 x i8]* @p_str)

ST_6: empty_41 (57)  [1/1] 0.00ns
:43  %empty_41 = call i32 (...)* @_ssdm_op_SpecChannel([16 x i8]* @Y_scale_channel_str, i32 1, [1 x i8]* @p_str, [1 x i8]* @p_str, i32 2, i32 0, i8* %Y_scale_channel, i8* %Y_scale_channel)

ST_6: empty_42 (58)  [1/1] 0.00ns
:44  %empty_42 = call i32 (...)* @_ssdm_op_SpecInterface(i8* %Y_scale_channel, [8 x i8]* @ap_fifo_str, i32 0, i32 0, [1 x i8]* @p_str, i32 0, i32 0, [1 x i8]* @p_str, [1 x i8]* @p_str, [1 x i8]* @p_str, i32 2, i32 2, i32 16, i32 16, [1 x i8]* @p_str, [1 x i8]* @p_str)

ST_6: empty_43 (59)  [1/1] 0.00ns
:45  %empty_43 = call i32 (...)* @_ssdm_op_SpecChannel([16 x i8]* @U_scale_channel_str, i32 1, [1 x i8]* @p_str, [1 x i8]* @p_str, i32 2, i32 0, i8* %U_scale_channel, i8* %U_scale_channel)

ST_6: empty_44 (60)  [1/1] 0.00ns
:46  %empty_44 = call i32 (...)* @_ssdm_op_SpecInterface(i8* %U_scale_channel, [8 x i8]* @ap_fifo_str, i32 0, i32 0, [1 x i8]* @p_str, i32 0, i32 0, [1 x i8]* @p_str, [1 x i8]* @p_str, [1 x i8]* @p_str, i32 2, i32 2, i32 16, i32 16, [1 x i8]* @p_str, [1 x i8]* @p_str)

ST_6: empty_45 (61)  [1/1] 0.00ns
:47  %empty_45 = call i32 (...)* @_ssdm_op_SpecChannel([16 x i8]* @V_scale_channel_str, i32 1, [1 x i8]* @p_str, [1 x i8]* @p_str, i32 2, i32 0, i8* %V_scale_channel, i8* %V_scale_channel)

ST_6: empty_46 (62)  [1/1] 0.00ns
:48  %empty_46 = call i32 (...)* @_ssdm_op_SpecInterface(i8* %V_scale_channel, [8 x i8]* @ap_fifo_str, i32 0, i32 0, [1 x i8]* @p_str, i32 0, i32 0, [1 x i8]* @p_str, [1 x i8]* @p_str, [1 x i8]* @p_str, i32 2, i32 2, i32 16, i32 16, [1 x i8]* @p_str, [1 x i8]* @p_str)

ST_6: empty_47 (64)  [1/1] 0.00ns
:50  %empty_47 = call i32 (...)* @_ssdm_op_SpecChannel([18 x i8]* @p_yuv_OC_channels_OC_5, i32 1, [1 x i8]* @p_str, [1 x i8]* @p_str, i32 2, i32 2457600, i8* %p_yuv_channels_ch1, i8* %p_yuv_channels_ch1)

ST_6: empty_48 (65)  [1/1] 0.00ns
:51  %empty_48 = call i32 (...)* @_ssdm_op_SpecInterface(i8* %p_yuv_channels_ch1, [8 x i8]* @ap_fifo_str, i32 0, i32 0, [1 x i8]* @p_str, i32 0, i32 0, [1 x i8]* @p_str, [1 x i8]* @p_str, [1 x i8]* @p_str, i32 2, i32 2, i32 16, i32 16, [1 x i8]* @p_str, [1 x i8]* @p_str)

ST_6: empty_49 (66)  [1/1] 0.00ns
:52  %empty_49 = call i32 (...)* @_ssdm_op_SpecChannel([18 x i8]* @p_yuv_OC_channels_OC_3, i32 1, [1 x i8]* @p_str, [1 x i8]* @p_str, i32 2, i32 2457600, i8* %p_yuv_channels_ch2, i8* %p_yuv_channels_ch2)

ST_6: empty_50 (67)  [1/1] 0.00ns
:53  %empty_50 = call i32 (...)* @_ssdm_op_SpecInterface(i8* %p_yuv_channels_ch2, [8 x i8]* @ap_fifo_str, i32 0, i32 0, [1 x i8]* @p_str, i32 0, i32 0, [1 x i8]* @p_str, [1 x i8]* @p_str, [1 x i8]* @p_str, i32 2, i32 2, i32 16, i32 16, [1 x i8]* @p_str, [1 x i8]* @p_str)

ST_6: empty_51 (68)  [1/1] 0.00ns
:54  %empty_51 = call i32 (...)* @_ssdm_op_SpecChannel([18 x i8]* @p_yuv_OC_channels_OC_1, i32 1, [1 x i8]* @p_str, [1 x i8]* @p_str, i32 2, i32 2457600, i8* %p_yuv_channels_ch3, i8* %p_yuv_channels_ch3)

ST_6: empty_52 (69)  [1/1] 0.00ns
:55  %empty_52 = call i32 (...)* @_ssdm_op_SpecInterface(i8* %p_yuv_channels_ch3, [8 x i8]* @ap_fifo_str, i32 0, i32 0, [1 x i8]* @p_str, i32 0, i32 0, [1 x i8]* @p_str, [1 x i8]* @p_str, [1 x i8]* @p_str, i32 2, i32 2, i32 16, i32 16, [1 x i8]* @p_str, [1 x i8]* @p_str)

ST_6: empty_53 (70)  [1/1] 0.00ns
:56  %empty_53 = call i32 (...)* @_ssdm_op_SpecChannel([19 x i8]* @p_yuv_OC_width_OC_cha, i32 1, [1 x i8]* @p_str, [1 x i8]* @p_str, i32 2, i32 0, i16* %p_yuv_width, i16* %p_yuv_width)

ST_6: empty_54 (71)  [1/1] 0.00ns
:57  %empty_54 = call i32 (...)* @_ssdm_op_SpecInterface(i16* %p_yuv_width, [8 x i8]* @ap_fifo_str, i32 0, i32 0, [1 x i8]* @p_str, i32 0, i32 0, [1 x i8]* @p_str, [1 x i8]* @p_str, [1 x i8]* @p_str, i32 2, i32 2, i32 16, i32 16, [1 x i8]* @p_str, [1 x i8]* @p_str)

ST_6: empty_55 (72)  [1/1] 0.00ns
:58  %empty_55 = call i32 (...)* @_ssdm_op_SpecChannel([20 x i8]* @p_yuv_OC_height_OC_ch, i32 1, [1 x i8]* @p_str, [1 x i8]* @p_str, i32 2, i32 0, i16* %p_yuv_height, i16* %p_yuv_height)

ST_6: empty_56 (73)  [1/1] 0.00ns
:59  %empty_56 = call i32 (...)* @_ssdm_op_SpecInterface(i16* %p_yuv_height, [8 x i8]* @ap_fifo_str, i32 0, i32 0, [1 x i8]* @p_str, i32 0, i32 0, [1 x i8]* @p_str, [1 x i8]* @p_str, [1 x i8]* @p_str, i32 2, i32 2, i32 16, i32 16, [1 x i8]* @p_str, [1 x i8]* @p_str)

ST_6: empty_57 (75)  [1/1] 0.00ns
:61  %empty_57 = call i32 (...)* @_ssdm_op_SpecChannel([20 x i8]* @p_scale_OC_channels_O_5, i32 1, [1 x i8]* @p_str, [1 x i8]* @p_str, i32 2, i32 2457600, i8* %p_scale_channels_ch1, i8* %p_scale_channels_ch1)

ST_6: empty_58 (76)  [1/1] 0.00ns
:62  %empty_58 = call i32 (...)* @_ssdm_op_SpecInterface(i8* %p_scale_channels_ch1, [8 x i8]* @ap_fifo_str, i32 0, i32 0, [1 x i8]* @p_str, i32 0, i32 0, [1 x i8]* @p_str, [1 x i8]* @p_str, [1 x i8]* @p_str, i32 2, i32 2, i32 16, i32 16, [1 x i8]* @p_str, [1 x i8]* @p_str)

ST_6: empty_59 (77)  [1/1] 0.00ns
:63  %empty_59 = call i32 (...)* @_ssdm_op_SpecChannel([20 x i8]* @p_scale_OC_channels_O_3, i32 1, [1 x i8]* @p_str, [1 x i8]* @p_str, i32 2, i32 2457600, i8* %p_scale_channels_ch2, i8* %p_scale_channels_ch2)

ST_6: empty_60 (78)  [1/1] 0.00ns
:64  %empty_60 = call i32 (...)* @_ssdm_op_SpecInterface(i8* %p_scale_channels_ch2, [8 x i8]* @ap_fifo_str, i32 0, i32 0, [1 x i8]* @p_str, i32 0, i32 0, [1 x i8]* @p_str, [1 x i8]* @p_str, [1 x i8]* @p_str, i32 2, i32 2, i32 16, i32 16, [1 x i8]* @p_str, [1 x i8]* @p_str)

ST_6: empty_61 (79)  [1/1] 0.00ns
:65  %empty_61 = call i32 (...)* @_ssdm_op_SpecChannel([20 x i8]* @p_scale_OC_channels_O_1, i32 1, [1 x i8]* @p_str, [1 x i8]* @p_str, i32 2, i32 2457600, i8* %p_scale_channels_ch3, i8* %p_scale_channels_ch3)

ST_6: empty_62 (80)  [1/1] 0.00ns
:66  %empty_62 = call i32 (...)* @_ssdm_op_SpecInterface(i8* %p_scale_channels_ch3, [8 x i8]* @ap_fifo_str, i32 0, i32 0, [1 x i8]* @p_str, i32 0, i32 0, [1 x i8]* @p_str, [1 x i8]* @p_str, [1 x i8]* @p_str, i32 2, i32 2, i32 16, i32 16, [1 x i8]* @p_str, [1 x i8]* @p_str)

ST_6: empty_63 (81)  [1/1] 0.00ns
:67  %empty_63 = call i32 (...)* @_ssdm_op_SpecChannel([21 x i8]* @p_scale_OC_width_OC_c, i32 1, [1 x i8]* @p_str, [1 x i8]* @p_str, i32 2, i32 0, i16* %p_scale_width, i16* %p_scale_width)

ST_6: empty_64 (82)  [1/1] 0.00ns
:68  %empty_64 = call i32 (...)* @_ssdm_op_SpecInterface(i16* %p_scale_width, [8 x i8]* @ap_fifo_str, i32 0, i32 0, [1 x i8]* @p_str, i32 0, i32 0, [1 x i8]* @p_str, [1 x i8]* @p_str, [1 x i8]* @p_str, i32 2, i32 2, i32 16, i32 16, [1 x i8]* @p_str, [1 x i8]* @p_str)

ST_6: empty_65 (83)  [1/1] 0.00ns
:69  %empty_65 = call i32 (...)* @_ssdm_op_SpecChannel([22 x i8]* @p_scale_OC_height_OC_s, i32 1, [1 x i8]* @p_str, [1 x i8]* @p_str, i32 2, i32 0, i16* %p_scale_height, i16* %p_scale_height)

ST_6: empty_66 (84)  [1/1] 0.00ns
:70  %empty_66 = call i32 (...)* @_ssdm_op_SpecInterface(i16* %p_scale_height, [8 x i8]* @ap_fifo_str, i32 0, i32 0, [1 x i8]* @p_str, i32 0, i32 0, [1 x i8]* @p_str, [1 x i8]* @p_str, [1 x i8]* @p_str, i32 2, i32 2, i32 16, i32 16, [1 x i8]* @p_str, [1 x i8]* @p_str)

ST_6: StgValue_81 (85)  [1/2] 0.00ns  loc: yuv_filter.c:25
:71  call fastcc void @yuv2rgb(i8* %p_scale_channels_ch1, i8* %p_scale_channels_ch2, i8* %p_scale_channels_ch3, i16* %p_scale_width, i16* %p_scale_height, [2457600 x i8]* %out_channels_ch1, [2457600 x i8]* %out_channels_ch2, [2457600 x i8]* %out_channels_ch3, i16* %out_width, i16* %out_height)

ST_6: StgValue_82 (86)  [1/1] 0.00ns  loc: yuv_filter.c:26
:72  ret void



============================================================
+ Verbose Summary: Binding
============================================================
STG Binding: 
---------------- STG Properties BEGIN ----------------
- Is combinational: 0
- Is one-state seq: 0
- Is datapath-only: 0
- Is pipelined: 0
- Is top level: 1
Port [ Return ] is wired: 1; IO mode=ap_ctrl_hs:ce=0
Port [ in_channels_ch1]:  wired=1; compound=1; hidden=0; nouse=0; global=0; static=0; extern=0; dir=0; type=1; pingpong=0; private_global=0; MemPort=[13]; IO mode=ap_memory:ce=0
Port [ in_channels_ch2]:  wired=1; compound=1; hidden=0; nouse=0; global=0; static=0; extern=0; dir=0; type=1; pingpong=0; private_global=0; MemPort=[13]; IO mode=ap_memory:ce=0
Port [ in_channels_ch3]:  wired=1; compound=1; hidden=0; nouse=0; global=0; static=0; extern=0; dir=0; type=1; pingpong=0; private_global=0; MemPort=[13]; IO mode=ap_memory:ce=0
Port [ in_width]:  wired=1; compound=0; hidden=0; nouse=0; global=0; static=0; extern=0; dir=0; type=0; pingpong=0; private_global=0; IO mode=ap_none:ce=0
Port [ in_height]:  wired=1; compound=0; hidden=0; nouse=0; global=0; static=0; extern=0; dir=0; type=0; pingpong=0; private_global=0; IO mode=ap_none:ce=0
Port [ out_channels_ch1]:  wired=1; compound=1; hidden=0; nouse=0; global=0; static=0; extern=0; dir=1; type=1; pingpong=0; private_global=0; MemPort=[03]; IO mode=ap_memory:ce=0
Port [ out_channels_ch2]:  wired=1; compound=1; hidden=0; nouse=0; global=0; static=0; extern=0; dir=1; type=1; pingpong=0; private_global=0; MemPort=[03]; IO mode=ap_memory:ce=0
Port [ out_channels_ch3]:  wired=1; compound=1; hidden=0; nouse=0; global=0; static=0; extern=0; dir=1; type=1; pingpong=0; private_global=0; MemPort=[03]; IO mode=ap_memory:ce=0
Port [ out_width]:  wired=1; compound=0; hidden=0; nouse=0; global=0; static=0; extern=0; dir=1; type=0; pingpong=0; private_global=0; IO mode=ap_vld:ce=0
Port [ out_height]:  wired=1; compound=0; hidden=0; nouse=0; global=0; static=0; extern=0; dir=1; type=0; pingpong=0; private_global=0; IO mode=ap_vld:ce=0
Port [ Y_scale]:  wired=1; compound=0; hidden=0; nouse=0; global=0; static=0; extern=0; dir=0; type=0; pingpong=0; private_global=0; IO mode=ap_none:ce=0
Port [ U_scale]:  wired=1; compound=0; hidden=0; nouse=0; global=0; static=0; extern=0; dir=0; type=0; pingpong=0; private_global=0; IO mode=ap_none:ce=0
Port [ V_scale]:  wired=1; compound=0; hidden=0; nouse=0; global=0; static=0; extern=0; dir=0; type=0; pingpong=0; private_global=0; IO mode=ap_none:ce=0
---------------- STG Properties END ------------------

---------------- Datapath Model BEGIN ----------------

<LifeTime>
<method=bitvector/>
V_scale_read         (read                ) [ 0010000]
U_scale_read         (read                ) [ 0010000]
Y_scale_read         (read                ) [ 0010000]
p_scale_height       (alloca              ) [ 0011111]
p_scale_width        (alloca              ) [ 0011111]
p_yuv_height         (alloca              ) [ 0111111]
p_yuv_width          (alloca              ) [ 0111111]
V_scale_channel      (alloca              ) [ 0111111]
U_scale_channel      (alloca              ) [ 0111111]
Y_scale_channel      (alloca              ) [ 0111111]
p_yuv_channels_ch1   (alloca              ) [ 0111111]
p_yuv_channels_ch2   (alloca              ) [ 0111111]
p_yuv_channels_ch3   (alloca              ) [ 0111111]
p_scale_channels_ch1 (alloca              ) [ 0011111]
p_scale_channels_ch2 (alloca              ) [ 0011111]
p_scale_channels_ch3 (alloca              ) [ 0011111]
StgValue_24          (call                ) [ 0000000]
StgValue_26          (call                ) [ 0000000]
StgValue_28          (specdataflowpipeline) [ 0000000]
StgValue_29          (specbitsmap         ) [ 0000000]
StgValue_30          (specbitsmap         ) [ 0000000]
StgValue_31          (specbitsmap         ) [ 0000000]
StgValue_32          (specbitsmap         ) [ 0000000]
StgValue_33          (specbitsmap         ) [ 0000000]
StgValue_34          (specbitsmap         ) [ 0000000]
StgValue_35          (specbitsmap         ) [ 0000000]
StgValue_36          (specbitsmap         ) [ 0000000]
StgValue_37          (specbitsmap         ) [ 0000000]
StgValue_38          (specbitsmap         ) [ 0000000]
StgValue_39          (specbitsmap         ) [ 0000000]
StgValue_40          (specbitsmap         ) [ 0000000]
StgValue_41          (specbitsmap         ) [ 0000000]
StgValue_42          (spectopmodule       ) [ 0000000]
empty                (specchannel         ) [ 0000000]
empty_30             (specinterface       ) [ 0000000]
empty_31             (specchannel         ) [ 0000000]
empty_32             (specinterface       ) [ 0000000]
empty_33             (specchannel         ) [ 0000000]
empty_34             (specinterface       ) [ 0000000]
empty_35             (specchannel         ) [ 0000000]
empty_36             (specinterface       ) [ 0000000]
empty_37             (specchannel         ) [ 0000000]
empty_38             (specinterface       ) [ 0000000]
empty_39             (specchannel         ) [ 0000000]
empty_40             (specinterface       ) [ 0000000]
empty_41             (specchannel         ) [ 0000000]
empty_42             (specinterface       ) [ 0000000]
empty_43             (specchannel         ) [ 0000000]
empty_44             (specinterface       ) [ 0000000]
empty_45             (specchannel         ) [ 0000000]
empty_46             (specinterface       ) [ 0000000]
empty_47             (specchannel         ) [ 0000000]
empty_48             (specinterface       ) [ 0000000]
empty_49             (specchannel         ) [ 0000000]
empty_50             (specinterface       ) [ 0000000]
empty_51             (specchannel         ) [ 0000000]
empty_52             (specinterface       ) [ 0000000]
empty_53             (specchannel         ) [ 0000000]
empty_54             (specinterface       ) [ 0000000]
empty_55             (specchannel         ) [ 0000000]
empty_56             (specinterface       ) [ 0000000]
empty_57             (specchannel         ) [ 0000000]
empty_58             (specinterface       ) [ 0000000]
empty_59             (specchannel         ) [ 0000000]
empty_60             (specinterface       ) [ 0000000]
empty_61             (specchannel         ) [ 0000000]
empty_62             (specinterface       ) [ 0000000]
empty_63             (specchannel         ) [ 0000000]
empty_64             (specinterface       ) [ 0000000]
empty_65             (specchannel         ) [ 0000000]
empty_66             (specinterface       ) [ 0000000]
StgValue_81          (call                ) [ 0000000]
StgValue_82          (ret                 ) [ 0000000]
</LifeTime>

<model>

<comp_list>
<comp id="0" class="1000" name="in_channels_ch1">
<pin_list>
<pin id="1" dir="1" index="0" bw="1" slack="0"/>
</pin_list>
<bind>
<StgValue><ssdm name="in_channels_ch1"/><MemPortTyVec>1 3 </MemPortTyVec>
</StgValue>
</bind>
</comp>

<comp id="2" class="1000" name="in_channels_ch2">
<pin_list>
<pin id="3" dir="1" index="0" bw="1" slack="0"/>
</pin_list>
<bind>
<StgValue><ssdm name="in_channels_ch2"/><MemPortTyVec>1 3 </MemPortTyVec>
</StgValue>
</bind>
</comp>

<comp id="4" class="1000" name="in_channels_ch3">
<pin_list>
<pin id="5" dir="1" index="0" bw="1" slack="0"/>
</pin_list>
<bind>
<StgValue><ssdm name="in_channels_ch3"/><MemPortTyVec>1 3 </MemPortTyVec>
</StgValue>
</bind>
</comp>

<comp id="6" class="1000" name="in_width">
<pin_list>
<pin id="7" dir="1" index="0" bw="1" slack="0"/>
</pin_list>
<bind>
<StgValue><ssdm name="in_width"/></StgValue>
</bind>
</comp>

<comp id="8" class="1000" name="in_height">
<pin_list>
<pin id="9" dir="1" index="0" bw="1" slack="0"/>
</pin_list>
<bind>
<StgValue><ssdm name="in_height"/></StgValue>
</bind>
</comp>

<comp id="10" class="1000" name="out_channels_ch1">
<pin_list>
<pin id="11" dir="1" index="0" bw="1" slack="0"/>
</pin_list>
<bind>
<StgValue><ssdm name="out_channels_ch1"/><MemPortTyVec>0 3 </MemPortTyVec>
</StgValue>
</bind>
</comp>

<comp id="12" class="1000" name="out_channels_ch2">
<pin_list>
<pin id="13" dir="1" index="0" bw="1" slack="0"/>
</pin_list>
<bind>
<StgValue><ssdm name="out_channels_ch2"/><MemPortTyVec>0 3 </MemPortTyVec>
</StgValue>
</bind>
</comp>

<comp id="14" class="1000" name="out_channels_ch3">
<pin_list>
<pin id="15" dir="1" index="0" bw="1" slack="0"/>
</pin_list>
<bind>
<StgValue><ssdm name="out_channels_ch3"/><MemPortTyVec>0 3 </MemPortTyVec>
</StgValue>
</bind>
</comp>

<comp id="16" class="1000" name="out_width">
<pin_list>
<pin id="17" dir="1" index="0" bw="1" slack="0"/>
</pin_list>
<bind>
<StgValue><ssdm name="out_width"/></StgValue>
</bind>
</comp>

<comp id="18" class="1000" name="out_height">
<pin_list>
<pin id="19" dir="1" index="0" bw="1" slack="0"/>
</pin_list>
<bind>
<StgValue><ssdm name="out_height"/></StgValue>
</bind>
</comp>

<comp id="20" class="1000" name="Y_scale">
<pin_list>
<pin id="21" dir="1" index="0" bw="1" slack="0"/>
</pin_list>
<bind>
<StgValue><ssdm name="Y_scale"/></StgValue>
</bind>
</comp>

<comp id="22" class="1000" name="U_scale">
<pin_list>
<pin id="23" dir="1" index="0" bw="1" slack="0"/>
</pin_list>
<bind>
<StgValue><ssdm name="U_scale"/></StgValue>
</bind>
</comp>

<comp id="24" class="1000" name="V_scale">
<pin_list>
<pin id="25" dir="1" index="0" bw="1" slack="0"/>
</pin_list>
<bind>
<StgValue><ssdm name="V_scale"/></StgValue>
</bind>
</comp>

<comp id="26" class="1001" name="const_26">
<pin_list>
<pin id="27" dir="1" index="0" bw="1" slack="0"/>
</pin_list>
<bind>
<StgValue><ssdm name="_ssdm_op_Read.ap_auto.i8"/></StgValue>
</bind>
</comp>

<comp id="28" class="1001" name="const_28">
<pin_list>
<pin id="29" dir="1" index="0" bw="1" slack="0"/>
</pin_list>
<bind>
<StgValue><ssdm name=""/></StgValue>
</bind>
</comp>

<comp id="30" class="1001" name="const_30">
<pin_list>
<pin id="31" dir="1" index="0" bw="1" slack="0"/>
</pin_list>
<bind>
<StgValue><ssdm name="rgb2yuv11"/></StgValue>
</bind>
</comp>

<comp id="32" class="1001" name="const_32">
<pin_list>
<pin id="33" dir="1" index="0" bw="1" slack="0"/>
</pin_list>
<bind>
<StgValue><ssdm name="yuv_scale"/></StgValue>
</bind>
</comp>

<comp id="34" class="1001" name="const_34">
<pin_list>
<pin id="35" dir="1" index="0" bw="1" slack="0"/>
</pin_list>
<bind>
<StgValue><ssdm name="yuv2rgb"/></StgValue>
</bind>
</comp>

<comp id="36" class="1001" name="const_36">
<pin_list>
<pin id="37" dir="1" index="0" bw="1" slack="2147483647"/>
</pin_list>
<bind>
<StgValue><ssdm name="_ssdm_op_SpecDataflowPipeline"/></StgValue>
</bind>
</comp>

<comp id="38" class="1001" name="const_38">
<pin_list>
<pin id="39" dir="1" index="0" bw="1" slack="2147483647"/>
</pin_list>
<bind>
<StgValue><ssdm name=""/></StgValue>
</bind>
</comp>

<comp id="40" class="1001" name="const_40">
<pin_list>
<pin id="41" dir="1" index="0" bw="1" slack="2147483647"/>
</pin_list>
<bind>
<StgValue><ssdm name="p_str"/></StgValue>
</bind>
</comp>

<comp id="42" class="1001" name="const_42">
<pin_list>
<pin id="43" dir="1" index="0" bw="1" slack="2147483647"/>
</pin_list>
<bind>
<StgValue><ssdm name="_ssdm_op_SpecBitsMap"/></StgValue>
</bind>
</comp>

<comp id="44" class="1001" name="const_44">
<pin_list>
<pin id="45" dir="1" index="0" bw="1" slack="2147483647"/>
</pin_list>
<bind>
<StgValue><ssdm name="_ssdm_op_SpecTopModule"/></StgValue>
</bind>
</comp>

<comp id="46" class="1001" name="const_46">
<pin_list>
<pin id="47" dir="1" index="0" bw="1" slack="2147483647"/>
</pin_list>
<bind>
<StgValue><ssdm name="yuv_filter_str"/></StgValue>
</bind>
</comp>

<comp id="48" class="1001" name="const_48">
<pin_list>
<pin id="49" dir="1" index="0" bw="1" slack="2147483647"/>
</pin_list>
<bind>
<StgValue><ssdm name="_ssdm_op_SpecChannel"/></StgValue>
</bind>
</comp>

<comp id="50" class="1001" name="const_50">
<pin_list>
<pin id="51" dir="1" index="0" bw="1" slack="2147483647"/>
</pin_list>
<bind>
<StgValue><ssdm name="p_yuv_OC_channels_OC_4"/></StgValue>
</bind>
</comp>

<comp id="52" class="1001" name="const_52">
<pin_list>
<pin id="53" dir="1" index="0" bw="1" slack="2147483647"/>
</pin_list>
<bind>
<StgValue><ssdm name=""/></StgValue>
</bind>
</comp>

<comp id="54" class="1001" name="const_54">
<pin_list>
<pin id="55" dir="1" index="0" bw="1" slack="2147483647"/>
</pin_list>
<bind>
<StgValue><ssdm name=""/></StgValue>
</bind>
</comp>

<comp id="56" class="1001" name="const_56">
<pin_list>
<pin id="57" dir="1" index="0" bw="1" slack="2147483647"/>
</pin_list>
<bind>
<StgValue><ssdm name="_ssdm_op_SpecInterface"/></StgValue>
</bind>
</comp>

<comp id="58" class="1001" name="const_58">
<pin_list>
<pin id="59" dir="1" index="0" bw="1" slack="2147483647"/>
</pin_list>
<bind>
<StgValue><ssdm name="ap_fifo_str"/></StgValue>
</bind>
</comp>

<comp id="60" class="1001" name="const_60">
<pin_list>
<pin id="61" dir="1" index="0" bw="1" slack="2147483647"/>
</pin_list>
<bind>
<StgValue><ssdm name=""/></StgValue>
</bind>
</comp>

<comp id="62" class="1001" name="const_62">
<pin_list>
<pin id="63" dir="1" index="0" bw="1" slack="2147483647"/>
</pin_list>
<bind>
<StgValue><ssdm name=""/></StgValue>
</bind>
</comp>

<comp id="64" class="1001" name="const_64">
<pin_list>
<pin id="65" dir="1" index="0" bw="1" slack="2147483647"/>
</pin_list>
<bind>
<StgValue><ssdm name="p_yuv_OC_channels_OC_2"/></StgValue>
</bind>
</comp>

<comp id="66" class="1001" name="const_66">
<pin_list>
<pin id="67" dir="1" index="0" bw="1" slack="2147483647"/>
</pin_list>
<bind>
<StgValue><ssdm name="p_yuv_OC_channels_OC_s"/></StgValue>
</bind>
</comp>

<comp id="68" class="1001" name="const_68">
<pin_list>
<pin id="69" dir="1" index="0" bw="1" slack="2147483647"/>
</pin_list>
<bind>
<StgValue><ssdm name="p_scale_OC_channels_O_4"/></StgValue>
</bind>
</comp>

<comp id="70" class="1001" name="const_70">
<pin_list>
<pin id="71" dir="1" index="0" bw="1" slack="2147483647"/>
</pin_list>
<bind>
<StgValue><ssdm name="p_scale_OC_channels_O_2"/></StgValue>
</bind>
</comp>

<comp id="72" class="1001" name="const_72">
<pin_list>
<pin id="73" dir="1" index="0" bw="1" slack="2147483647"/>
</pin_list>
<bind>
<StgValue><ssdm name="p_scale_OC_channels_O"/></StgValue>
</bind>
</comp>

<comp id="74" class="1001" name="const_74">
<pin_list>
<pin id="75" dir="1" index="0" bw="1" slack="2147483647"/>
</pin_list>
<bind>
<StgValue><ssdm name="Y_scale_channel_str"/></StgValue>
</bind>
</comp>

<comp id="76" class="1001" name="const_76">
<pin_list>
<pin id="77" dir="1" index="0" bw="1" slack="2147483647"/>
</pin_list>
<bind>
<StgValue><ssdm name="U_scale_channel_str"/></StgValue>
</bind>
</comp>

<comp id="78" class="1001" name="const_78">
<pin_list>
<pin id="79" dir="1" index="0" bw="1" slack="2147483647"/>
</pin_list>
<bind>
<StgValue><ssdm name="V_scale_channel_str"/></StgValue>
</bind>
</comp>

<comp id="80" class="1001" name="const_80">
<pin_list>
<pin id="81" dir="1" index="0" bw="1" slack="2147483647"/>
</pin_list>
<bind>
<StgValue><ssdm name="p_yuv_OC_channels_OC_5"/></StgValue>
</bind>
</comp>

<comp id="82" class="1001" name="const_82">
<pin_list>
<pin id="83" dir="1" index="0" bw="1" slack="2147483647"/>
</pin_list>
<bind>
<StgValue><ssdm name="p_yuv_OC_channels_OC_3"/></StgValue>
</bind>
</comp>

<comp id="84" class="1001" name="const_84">
<pin_list>
<pin id="85" dir="1" index="0" bw="1" slack="2147483647"/>
</pin_list>
<bind>
<StgValue><ssdm name="p_yuv_OC_channels_OC_1"/></StgValue>
</bind>
</comp>

<comp id="86" class="1001" name="const_86">
<pin_list>
<pin id="87" dir="1" index="0" bw="1" slack="2147483647"/>
</pin_list>
<bind>
<StgValue><ssdm name="p_yuv_OC_width_OC_cha"/></StgValue>
</bind>
</comp>

<comp id="88" class="1001" name="const_88">
<pin_list>
<pin id="89" dir="1" index="0" bw="1" slack="2147483647"/>
</pin_list>
<bind>
<StgValue><ssdm name="p_yuv_OC_height_OC_ch"/></StgValue>
</bind>
</comp>

<comp id="90" class="1001" name="const_90">
<pin_list>
<pin id="91" dir="1" index="0" bw="1" slack="2147483647"/>
</pin_list>
<bind>
<StgValue><ssdm name="p_scale_OC_channels_O_5"/></StgValue>
</bind>
</comp>

<comp id="92" class="1001" name="const_92">
<pin_list>
<pin id="93" dir="1" index="0" bw="1" slack="2147483647"/>
</pin_list>
<bind>
<StgValue><ssdm name="p_scale_OC_channels_O_3"/></StgValue>
</bind>
</comp>

<comp id="94" class="1001" name="const_94">
<pin_list>
<pin id="95" dir="1" index="0" bw="1" slack="2147483647"/>
</pin_list>
<bind>
<StgValue><ssdm name="p_scale_OC_channels_O_1"/></StgValue>
</bind>
</comp>

<comp id="96" class="1001" name="const_96">
<pin_list>
<pin id="97" dir="1" index="0" bw="1" slack="2147483647"/>
</pin_list>
<bind>
<StgValue><ssdm name="p_scale_OC_width_OC_c"/></StgValue>
</bind>
</comp>

<comp id="98" class="1001" name="const_98">
<pin_list>
<pin id="99" dir="1" index="0" bw="1" slack="2147483647"/>
</pin_list>
<bind>
<StgValue><ssdm name="p_scale_OC_height_OC_s"/></StgValue>
</bind>
</comp>

<comp id="100" class="1004" name="p_scale_height_fu_100">
<pin_list>
<pin id="101" dir="0" index="0" bw="1" slack="0"/>
<pin id="102" dir="1" index="1" bw="16" slack="2"/>
</pin_list>
<bind>
<opcode="alloca(26) " fcode="alloca"/>
<opset="p_scale_height/1 "/>
</bind>
</comp>

<comp id="104" class="1004" name="p_scale_width_fu_104">
<pin_list>
<pin id="105" dir="0" index="0" bw="1" slack="0"/>
<pin id="106" dir="1" index="1" bw="16" slack="2"/>
</pin_list>
<bind>
<opcode="alloca(26) " fcode="alloca"/>
<opset="p_scale_width/1 "/>
</bind>
</comp>

<comp id="108" class="1004" name="p_yuv_height_fu_108">
<pin_list>
<pin id="109" dir="0" index="0" bw="1" slack="0"/>
<pin id="110" dir="1" index="1" bw="16" slack="0"/>
</pin_list>
<bind>
<opcode="alloca(26) " fcode="alloca"/>
<opset="p_yuv_height/1 "/>
</bind>
</comp>

<comp id="112" class="1004" name="p_yuv_width_fu_112">
<pin_list>
<pin id="113" dir="0" index="0" bw="1" slack="0"/>
<pin id="114" dir="1" index="1" bw="16" slack="0"/>
</pin_list>
<bind>
<opcode="alloca(26) " fcode="alloca"/>
<opset="p_yuv_width/1 "/>
</bind>
</comp>

<comp id="116" class="1004" name="V_scale_channel_fu_116">
<pin_list>
<pin id="117" dir="0" index="0" bw="1" slack="0"/>
<pin id="118" dir="1" index="1" bw="8" slack="0"/>
</pin_list>
<bind>
<opcode="alloca(26) " fcode="alloca"/>
<opset="V_scale_channel/1 "/>
</bind>
</comp>

<comp id="120" class="1004" name="U_scale_channel_fu_120">
<pin_list>
<pin id="121" dir="0" index="0" bw="1" slack="0"/>
<pin id="122" dir="1" index="1" bw="8" slack="0"/>
</pin_list>
<bind>
<opcode="alloca(26) " fcode="alloca"/>
<opset="U_scale_channel/1 "/>
</bind>
</comp>

<comp id="124" class="1004" name="Y_scale_channel_fu_124">
<pin_list>
<pin id="125" dir="0" index="0" bw="1" slack="0"/>
<pin id="126" dir="1" index="1" bw="8" slack="0"/>
</pin_list>
<bind>
<opcode="alloca(26) " fcode="alloca"/>
<opset="Y_scale_channel/1 "/>
</bind>
</comp>

<comp id="128" class="1004" name="p_yuv_channels_ch1_fu_128">
<pin_list>
<pin id="129" dir="0" index="0" bw="1" slack="0"/>
<pin id="130" dir="1" index="1" bw="8" slack="0"/>
</pin_list>
<bind>
<opcode="alloca(26) " fcode="alloca"/>
<opset="p_yuv_channels_ch1/1 "/>
</bind>
</comp>

<comp id="132" class="1004" name="p_yuv_channels_ch2_fu_132">
<pin_list>
<pin id="133" dir="0" index="0" bw="1" slack="0"/>
<pin id="134" dir="1" index="1" bw="8" slack="0"/>
</pin_list>
<bind>
<opcode="alloca(26) " fcode="alloca"/>
<opset="p_yuv_channels_ch2/1 "/>
</bind>
</comp>

<comp id="136" class="1004" name="p_yuv_channels_ch3_fu_136">
<pin_list>
<pin id="137" dir="0" index="0" bw="1" slack="0"/>
<pin id="138" dir="1" index="1" bw="8" slack="0"/>
</pin_list>
<bind>
<opcode="alloca(26) " fcode="alloca"/>
<opset="p_yuv_channels_ch3/1 "/>
</bind>
</comp>

<comp id="140" class="1004" name="p_scale_channels_ch1_fu_140">
<pin_list>
<pin id="141" dir="0" index="0" bw="1" slack="0"/>
<pin id="142" dir="1" index="1" bw="8" slack="2"/>
</pin_list>
<bind>
<opcode="alloca(26) " fcode="alloca"/>
<opset="p_scale_channels_ch1/1 "/>
</bind>
</comp>

<comp id="144" class="1004" name="p_scale_channels_ch2_fu_144">
<pin_list>
<pin id="145" dir="0" index="0" bw="1" slack="0"/>
<pin id="146" dir="1" index="1" bw="8" slack="2"/>
</pin_list>
<bind>
<opcode="alloca(26) " fcode="alloca"/>
<opset="p_scale_channels_ch2/1 "/>
</bind>
</comp>

<comp id="148" class="1004" name="p_scale_channels_ch3_fu_148">
<pin_list>
<pin id="149" dir="0" index="0" bw="1" slack="0"/>
<pin id="150" dir="1" index="1" bw="8" slack="2"/>
</pin_list>
<bind>
<opcode="alloca(26) " fcode="alloca"/>
<opset="p_scale_channels_ch3/1 "/>
</bind>
</comp>

<comp id="152" class="1004" name="V_scale_read_read_fu_152">
<pin_list>
<pin id="153" dir="0" index="0" bw="8" slack="0"/>
<pin id="154" dir="0" index="1" bw="8" slack="0"/>
<pin id="155" dir="1" index="2" bw="8" slack="0"/>
</pin_list>
<bind>
<opcode="read(1150) " fcode="read"/>
<opset="V_scale_read/1 "/>
</bind>
</comp>

<comp id="158" class="1004" name="U_scale_read_read_fu_158">
<pin_list>
<pin id="159" dir="0" index="0" bw="8" slack="0"/>
<pin id="160" dir="0" index="1" bw="8" slack="0"/>
<pin id="161" dir="1" index="2" bw="8" slack="0"/>
</pin_list>
<bind>
<opcode="read(1150) " fcode="read"/>
<opset="U_scale_read/1 "/>
</bind>
</comp>

<comp id="164" class="1004" name="Y_scale_read_read_fu_164">
<pin_list>
<pin id="165" dir="0" index="0" bw="8" slack="0"/>
<pin id="166" dir="0" index="1" bw="8" slack="0"/>
<pin id="167" dir="1" index="2" bw="8" slack="0"/>
</pin_list>
<bind>
<opcode="read(1150) " fcode="read"/>
<opset="Y_scale_read/1 "/>
</bind>
</comp>

<comp id="170" class="1004" name="grp_yuv2rgb_fu_170">
<pin_list>
<pin id="171" dir="0" index="0" bw="0" slack="0"/>
<pin id="172" dir="0" index="1" bw="8" slack="4"/>
<pin id="173" dir="0" index="2" bw="8" slack="4"/>
<pin id="174" dir="0" index="3" bw="8" slack="4"/>
<pin id="175" dir="0" index="4" bw="16" slack="4"/>
<pin id="176" dir="0" index="5" bw="16" slack="4"/>
<pin id="177" dir="0" index="6" bw="8" slack="0"/>
<pin id="178" dir="0" index="7" bw="8" slack="0"/>
<pin id="179" dir="0" index="8" bw="8" slack="0"/>
<pin id="180" dir="0" index="9" bw="16" slack="0"/>
<pin id="181" dir="0" index="10" bw="16" slack="0"/>
<pin id="182" dir="1" index="11" bw="0" slack="2147483647"/>
</pin_list>
<bind>
<opcode="call(48) " fcode="call"/>
<opset="StgValue_27/5 "/>
</bind>
</comp>

<comp id="189" class="1004" name="grp_rgb2yuv11_fu_189">
<pin_list>
<pin id="190" dir="0" index="0" bw="0" slack="0"/>
<pin id="191" dir="0" index="1" bw="8" slack="0"/>
<pin id="192" dir="0" index="2" bw="8" slack="0"/>
<pin id="193" dir="0" index="3" bw="8" slack="0"/>
<pin id="194" dir="0" index="4" bw="16" slack="0"/>
<pin id="195" dir="0" index="5" bw="16" slack="0"/>
<pin id="196" dir="0" index="6" bw="8" slack="0"/>
<pin id="197" dir="0" index="7" bw="8" slack="0"/>
<pin id="198" dir="0" index="8" bw="8" slack="0"/>
<pin id="199" dir="0" index="9" bw="16" slack="0"/>
<pin id="200" dir="0" index="10" bw="16" slack="0"/>
<pin id="201" dir="0" index="11" bw="8" slack="0"/>
<pin id="202" dir="0" index="12" bw="8" slack="0"/>
<pin id="203" dir="0" index="13" bw="8" slack="0"/>
<pin id="204" dir="0" index="14" bw="8" slack="0"/>
<pin id="205" dir="0" index="15" bw="8" slack="0"/>
<pin id="206" dir="0" index="16" bw="8" slack="0"/>
<pin id="207" dir="1" index="17" bw="0" slack="2147483647"/>
</pin_list>
<bind>
<opcode="call(48) " fcode="call"/>
<opset="StgValue_23/1 "/>
</bind>
</comp>

<comp id="217" class="1004" name="grp_yuv_scale_fu_217">
<pin_list>
<pin id="218" dir="0" index="0" bw="0" slack="0"/>
<pin id="219" dir="0" index="1" bw="8" slack="2"/>
<pin id="220" dir="0" index="2" bw="8" slack="2"/>
<pin id="221" dir="0" index="3" bw="8" slack="2"/>
<pin id="222" dir="0" index="4" bw="16" slack="2"/>
<pin id="223" dir="0" index="5" bw="16" slack="2"/>
<pin id="224" dir="0" index="6" bw="8" slack="2"/>
<pin id="225" dir="0" index="7" bw="8" slack="2"/>
<pin id="226" dir="0" index="8" bw="8" slack="2"/>
<pin id="227" dir="0" index="9" bw="16" slack="2"/>
<pin id="228" dir="0" index="10" bw="16" slack="2"/>
<pin id="229" dir="0" index="11" bw="8" slack="2"/>
<pin id="230" dir="0" index="12" bw="8" slack="2"/>
<pin id="231" dir="0" index="13" bw="8" slack="2"/>
<pin id="232" dir="1" index="14" bw="0" slack="2147483647"/>
</pin_list>
<bind>
<opcode="call(48) " fcode="call"/>
<opset="StgValue_25/3 "/>
</bind>
</comp>

<comp id="234" class="1005" name="V_scale_read_reg_234">
<pin_list>
<pin id="235" dir="0" index="0" bw="8" slack="1"/>
<pin id="236" dir="1" index="1" bw="8" slack="1"/>
</pin_list>
<bind>
<opset="V_scale_read "/>
</bind>
</comp>

<comp id="239" class="1005" name="U_scale_read_reg_239">
<pin_list>
<pin id="240" dir="0" index="0" bw="8" slack="1"/>
<pin id="241" dir="1" index="1" bw="8" slack="1"/>
</pin_list>
<bind>
<opset="U_scale_read "/>
</bind>
</comp>

<comp id="244" class="1005" name="Y_scale_read_reg_244">
<pin_list>
<pin id="245" dir="0" index="0" bw="8" slack="1"/>
<pin id="246" dir="1" index="1" bw="8" slack="1"/>
</pin_list>
<bind>
<opset="Y_scale_read "/>
</bind>
</comp>

<comp id="249" class="1005" name="p_scale_height_reg_249">
<pin_list>
<pin id="250" dir="0" index="0" bw="16" slack="2"/>
<pin id="251" dir="1" index="1" bw="16" slack="2"/>
</pin_list>
<bind>
<opset="p_scale_height "/>
</bind>
</comp>

<comp id="255" class="1005" name="p_scale_width_reg_255">
<pin_list>
<pin id="256" dir="0" index="0" bw="16" slack="2"/>
<pin id="257" dir="1" index="1" bw="16" slack="2"/>
</pin_list>
<bind>
<opset="p_scale_width "/>
</bind>
</comp>

<comp id="261" class="1005" name="p_yuv_height_reg_261">
<pin_list>
<pin id="262" dir="0" index="0" bw="16" slack="0"/>
<pin id="263" dir="1" index="1" bw="16" slack="0"/>
</pin_list>
<bind>
<opset="p_yuv_height "/>
</bind>
</comp>

<comp id="267" class="1005" name="p_yuv_width_reg_267">
<pin_list>
<pin id="268" dir="0" index="0" bw="16" slack="0"/>
<pin id="269" dir="1" index="1" bw="16" slack="0"/>
</pin_list>
<bind>
<opset="p_yuv_width "/>
</bind>
</comp>

<comp id="273" class="1005" name="V_scale_channel_reg_273">
<pin_list>
<pin id="274" dir="0" index="0" bw="8" slack="0"/>
<pin id="275" dir="1" index="1" bw="8" slack="0"/>
</pin_list>
<bind>
<opset="V_scale_channel "/>
</bind>
</comp>

<comp id="279" class="1005" name="U_scale_channel_reg_279">
<pin_list>
<pin id="280" dir="0" index="0" bw="8" slack="0"/>
<pin id="281" dir="1" index="1" bw="8" slack="0"/>
</pin_list>
<bind>
<opset="U_scale_channel "/>
</bind>
</comp>

<comp id="285" class="1005" name="Y_scale_channel_reg_285">
<pin_list>
<pin id="286" dir="0" index="0" bw="8" slack="0"/>
<pin id="287" dir="1" index="1" bw="8" slack="0"/>
</pin_list>
<bind>
<opset="Y_scale_channel "/>
</bind>
</comp>

<comp id="291" class="1005" name="p_yuv_channels_ch1_reg_291">
<pin_list>
<pin id="292" dir="0" index="0" bw="8" slack="0"/>
<pin id="293" dir="1" index="1" bw="8" slack="0"/>
</pin_list>
<bind>
<opset="p_yuv_channels_ch1 "/>
</bind>
</comp>

<comp id="297" class="1005" name="p_yuv_channels_ch2_reg_297">
<pin_list>
<pin id="298" dir="0" index="0" bw="8" slack="0"/>
<pin id="299" dir="1" index="1" bw="8" slack="0"/>
</pin_list>
<bind>
<opset="p_yuv_channels_ch2 "/>
</bind>
</comp>

<comp id="303" class="1005" name="p_yuv_channels_ch3_reg_303">
<pin_list>
<pin id="304" dir="0" index="0" bw="8" slack="0"/>
<pin id="305" dir="1" index="1" bw="8" slack="0"/>
</pin_list>
<bind>
<opset="p_yuv_channels_ch3 "/>
</bind>
</comp>

<comp id="309" class="1005" name="p_scale_channels_ch1_reg_309">
<pin_list>
<pin id="310" dir="0" index="0" bw="8" slack="2"/>
<pin id="311" dir="1" index="1" bw="8" slack="2"/>
</pin_list>
<bind>
<opset="p_scale_channels_ch1 "/>
</bind>
</comp>

<comp id="315" class="1005" name="p_scale_channels_ch2_reg_315">
<pin_list>
<pin id="316" dir="0" index="0" bw="8" slack="2"/>
<pin id="317" dir="1" index="1" bw="8" slack="2"/>
</pin_list>
<bind>
<opset="p_scale_channels_ch2 "/>
</bind>
</comp>

<comp id="321" class="1005" name="p_scale_channels_ch3_reg_321">
<pin_list>
<pin id="322" dir="0" index="0" bw="8" slack="2"/>
<pin id="323" dir="1" index="1" bw="8" slack="2"/>
</pin_list>
<bind>
<opset="p_scale_channels_ch3 "/>
</bind>
</comp>

</comp_list>

<net_list>
<net id="103"><net_src comp="28" pin="0"/><net_sink comp="100" pin=0"/></net>

<net id="107"><net_src comp="28" pin="0"/><net_sink comp="104" pin=0"/></net>

<net id="111"><net_src comp="28" pin="0"/><net_sink comp="108" pin=0"/></net>

<net id="115"><net_src comp="28" pin="0"/><net_sink comp="112" pin=0"/></net>

<net id="119"><net_src comp="28" pin="0"/><net_sink comp="116" pin=0"/></net>

<net id="123"><net_src comp="28" pin="0"/><net_sink comp="120" pin=0"/></net>

<net id="127"><net_src comp="28" pin="0"/><net_sink comp="124" pin=0"/></net>

<net id="131"><net_src comp="28" pin="0"/><net_sink comp="128" pin=0"/></net>

<net id="135"><net_src comp="28" pin="0"/><net_sink comp="132" pin=0"/></net>

<net id="139"><net_src comp="28" pin="0"/><net_sink comp="136" pin=0"/></net>

<net id="143"><net_src comp="28" pin="0"/><net_sink comp="140" pin=0"/></net>

<net id="147"><net_src comp="28" pin="0"/><net_sink comp="144" pin=0"/></net>

<net id="151"><net_src comp="28" pin="0"/><net_sink comp="148" pin=0"/></net>

<net id="156"><net_src comp="26" pin="0"/><net_sink comp="152" pin=0"/></net>

<net id="157"><net_src comp="24" pin="0"/><net_sink comp="152" pin=1"/></net>

<net id="162"><net_src comp="26" pin="0"/><net_sink comp="158" pin=0"/></net>

<net id="163"><net_src comp="22" pin="0"/><net_sink comp="158" pin=1"/></net>

<net id="168"><net_src comp="26" pin="0"/><net_sink comp="164" pin=0"/></net>

<net id="169"><net_src comp="20" pin="0"/><net_sink comp="164" pin=1"/></net>

<net id="183"><net_src comp="34" pin="0"/><net_sink comp="170" pin=0"/></net>

<net id="184"><net_src comp="10" pin="0"/><net_sink comp="170" pin=6"/></net>

<net id="185"><net_src comp="12" pin="0"/><net_sink comp="170" pin=7"/></net>

<net id="186"><net_src comp="14" pin="0"/><net_sink comp="170" pin=8"/></net>

<net id="187"><net_src comp="16" pin="0"/><net_sink comp="170" pin=9"/></net>

<net id="188"><net_src comp="18" pin="0"/><net_sink comp="170" pin=10"/></net>

<net id="208"><net_src comp="30" pin="0"/><net_sink comp="189" pin=0"/></net>

<net id="209"><net_src comp="0" pin="0"/><net_sink comp="189" pin=1"/></net>

<net id="210"><net_src comp="2" pin="0"/><net_sink comp="189" pin=2"/></net>

<net id="211"><net_src comp="4" pin="0"/><net_sink comp="189" pin=3"/></net>

<net id="212"><net_src comp="6" pin="0"/><net_sink comp="189" pin=4"/></net>

<net id="213"><net_src comp="8" pin="0"/><net_sink comp="189" pin=5"/></net>

<net id="214"><net_src comp="164" pin="2"/><net_sink comp="189" pin=11"/></net>

<net id="215"><net_src comp="158" pin="2"/><net_sink comp="189" pin=12"/></net>

<net id="216"><net_src comp="152" pin="2"/><net_sink comp="189" pin=13"/></net>

<net id="233"><net_src comp="32" pin="0"/><net_sink comp="217" pin=0"/></net>

<net id="237"><net_src comp="152" pin="2"/><net_sink comp="234" pin=0"/></net>

<net id="238"><net_src comp="234" pin="1"/><net_sink comp="189" pin=13"/></net>

<net id="242"><net_src comp="158" pin="2"/><net_sink comp="239" pin=0"/></net>

<net id="243"><net_src comp="239" pin="1"/><net_sink comp="189" pin=12"/></net>

<net id="247"><net_src comp="164" pin="2"/><net_sink comp="244" pin=0"/></net>

<net id="248"><net_src comp="244" pin="1"/><net_sink comp="189" pin=11"/></net>

<net id="252"><net_src comp="100" pin="1"/><net_sink comp="249" pin=0"/></net>

<net id="253"><net_src comp="249" pin="1"/><net_sink comp="217" pin=10"/></net>

<net id="254"><net_src comp="249" pin="1"/><net_sink comp="170" pin=5"/></net>

<net id="258"><net_src comp="104" pin="1"/><net_sink comp="255" pin=0"/></net>

<net id="259"><net_src comp="255" pin="1"/><net_sink comp="217" pin=9"/></net>

<net id="260"><net_src comp="255" pin="1"/><net_sink comp="170" pin=4"/></net>

<net id="264"><net_src comp="108" pin="1"/><net_sink comp="261" pin=0"/></net>

<net id="265"><net_src comp="261" pin="1"/><net_sink comp="189" pin=10"/></net>

<net id="266"><net_src comp="261" pin="1"/><net_sink comp="217" pin=5"/></net>

<net id="270"><net_src comp="112" pin="1"/><net_sink comp="267" pin=0"/></net>

<net id="271"><net_src comp="267" pin="1"/><net_sink comp="189" pin=9"/></net>

<net id="272"><net_src comp="267" pin="1"/><net_sink comp="217" pin=4"/></net>

<net id="276"><net_src comp="116" pin="1"/><net_sink comp="273" pin=0"/></net>

<net id="277"><net_src comp="273" pin="1"/><net_sink comp="189" pin=16"/></net>

<net id="278"><net_src comp="273" pin="1"/><net_sink comp="217" pin=13"/></net>

<net id="282"><net_src comp="120" pin="1"/><net_sink comp="279" pin=0"/></net>

<net id="283"><net_src comp="279" pin="1"/><net_sink comp="189" pin=15"/></net>

<net id="284"><net_src comp="279" pin="1"/><net_sink comp="217" pin=12"/></net>

<net id="288"><net_src comp="124" pin="1"/><net_sink comp="285" pin=0"/></net>

<net id="289"><net_src comp="285" pin="1"/><net_sink comp="189" pin=14"/></net>

<net id="290"><net_src comp="285" pin="1"/><net_sink comp="217" pin=11"/></net>

<net id="294"><net_src comp="128" pin="1"/><net_sink comp="291" pin=0"/></net>

<net id="295"><net_src comp="291" pin="1"/><net_sink comp="189" pin=6"/></net>

<net id="296"><net_src comp="291" pin="1"/><net_sink comp="217" pin=1"/></net>

<net id="300"><net_src comp="132" pin="1"/><net_sink comp="297" pin=0"/></net>

<net id="301"><net_src comp="297" pin="1"/><net_sink comp="189" pin=7"/></net>

<net id="302"><net_src comp="297" pin="1"/><net_sink comp="217" pin=2"/></net>

<net id="306"><net_src comp="136" pin="1"/><net_sink comp="303" pin=0"/></net>

<net id="307"><net_src comp="303" pin="1"/><net_sink comp="189" pin=8"/></net>

<net id="308"><net_src comp="303" pin="1"/><net_sink comp="217" pin=3"/></net>

<net id="312"><net_src comp="140" pin="1"/><net_sink comp="309" pin=0"/></net>

<net id="313"><net_src comp="309" pin="1"/><net_sink comp="217" pin=6"/></net>

<net id="314"><net_src comp="309" pin="1"/><net_sink comp="170" pin=1"/></net>

<net id="318"><net_src comp="144" pin="1"/><net_sink comp="315" pin=0"/></net>

<net id="319"><net_src comp="315" pin="1"/><net_sink comp="217" pin=7"/></net>

<net id="320"><net_src comp="315" pin="1"/><net_sink comp="170" pin=2"/></net>

<net id="324"><net_src comp="148" pin="1"/><net_sink comp="321" pin=0"/></net>

<net id="325"><net_src comp="321" pin="1"/><net_sink comp="217" pin=8"/></net>

<net id="326"><net_src comp="321" pin="1"/><net_sink comp="170" pin=3"/></net>

</net_list>

</model> 
---------------- Datapath Model END ------------------

* FSMD analyzer results:
  - Output states:
	Port: out_channels_ch1 | {5 6 }
	Port: out_channels_ch2 | {5 6 }
	Port: out_channels_ch3 | {5 6 }
	Port: out_width | {5 6 }
	Port: out_height | {5 6 }
 - Input state : 
	Port: yuv_filter : in_channels_ch1 | {1 2 }
	Port: yuv_filter : in_channels_ch2 | {1 2 }
	Port: yuv_filter : in_channels_ch3 | {1 2 }
	Port: yuv_filter : in_width | {1 2 }
	Port: yuv_filter : in_height | {1 2 }
	Port: yuv_filter : Y_scale | {1 }
	Port: yuv_filter : U_scale | {1 }
	Port: yuv_filter : V_scale | {1 }
  - Chain level:
	State 1
		StgValue_23 : 1
	State 2
	State 3
	State 4
	State 5
	State 6


============================================================
+ Verbose Summary: Datapath Resource usage 
============================================================

* Functional unit list:
|----------|--------------------------|---------|---------|---------|---------|
| Operation|      Functional Unit     |  DSP48E |  Delay  |    FF   |   LUT   |
|----------|--------------------------|---------|---------|---------|---------|
|          |    grp_yuv2rgb_fu_170    |    4    |  9.528  |   911   |   488   |
|   call   |   grp_rgb2yuv11_fu_189   |    6    |  6.352  |   863   |   426   |
|          |   grp_yuv_scale_fu_217   |    1    |    0    |   347   |   239   |
|----------|--------------------------|---------|---------|---------|---------|
|          | V_scale_read_read_fu_152 |    0    |    0    |    0    |    0    |
|   read   | U_scale_read_read_fu_158 |    0    |    0    |    0    |    0    |
|          | Y_scale_read_read_fu_164 |    0    |    0    |    0    |    0    |
|----------|--------------------------|---------|---------|---------|---------|
|   Total  |                          |    11   |  15.88  |   2121  |   1153  |
|----------|--------------------------|---------|---------|---------|---------|

Memories:
N/A

* Register list:
+----------------------------+--------+
|                            |   FF   |
+----------------------------+--------+
|   U_scale_channel_reg_279  |    8   |
|    U_scale_read_reg_239    |    8   |
|   V_scale_channel_reg_273  |    8   |
|    V_scale_read_reg_234    |    8   |
|   Y_scale_channel_reg_285  |    8   |
|    Y_scale_read_reg_244    |    8   |
|p_scale_channels_ch1_reg_309|    8   |
|p_scale_channels_ch2_reg_315|    8   |
|p_scale_channels_ch3_reg_321|    8   |
|   p_scale_height_reg_249   |   16   |
|    p_scale_width_reg_255   |   16   |
| p_yuv_channels_ch1_reg_291 |    8   |
| p_yuv_channels_ch2_reg_297 |    8   |
| p_yuv_channels_ch3_reg_303 |    8   |
|    p_yuv_height_reg_261    |   16   |
|     p_yuv_width_reg_267    |   16   |
+----------------------------+--------+
|            Total           |   160  |
+----------------------------+--------+

* Multiplexer (MUX) list: 
|----------------------|------|------|------|--------||---------||---------|
|         Comp         |  Pin | Size |  BW  | S x BW ||  Delay  ||   LUT   |
|----------------------|------|------|------|--------||---------||---------|
| grp_rgb2yuv11_fu_189 |  p11 |   2  |   8  |   16   ||    9    |
| grp_rgb2yuv11_fu_189 |  p12 |   2  |   8  |   16   ||    9    |
| grp_rgb2yuv11_fu_189 |  p13 |   2  |   8  |   16   ||    9    |
|----------------------|------|------|------|--------||---------||---------|
|         Total        |      |      |      |   48   ||  4.764  ||    27   |
|----------------------|------|------|------|--------||---------||---------|



* Summary:
+-----------+--------+--------+--------+--------+
|           | DSP48E |  Delay |   FF   |   LUT  |
+-----------+--------+--------+--------+--------+
|  Function |   11   |   15   |  2121  |  1153  |
|   Memory  |    -   |    -   |    -   |    -   |
|Multiplexer|    -   |    4   |    -   |   27   |
|  Register |    -   |    -   |   160  |    -   |
+-----------+--------+--------+--------+--------+
|   Total   |   11   |   20   |  2281  |  1180  |
+-----------+--------+--------+--------+--------+
