10:52:03 INFO  : Registering command handlers for SDK TCF services
10:52:04 INFO  : Launching XSCT server: xsct.bat -interactive C:\Users\User\Desktop\UNI\EmbeddedRealTimeSystem\Assignment2\exercises\exercise_3\exercise_3.sdk\temp_xsdb_launch_script.tcl
10:52:07 INFO  : XSCT server has started successfully.
10:52:07 INFO  : Successfully done setting XSCT server connection channel  
10:52:12 INFO  : Successfully done setting SDK workspace  
10:52:12 INFO  : Processing command line option -hwspec C:/Users/User/Desktop/UNI/EmbeddedRealTimeSystem/Assignment2/exercises/exercise_3/exercise_3.sdk/system_wrapper.hdf.
11:33:26 INFO  : No changes in MSS file content so not generating sources.
12:04:57 INFO  : Connected to target on host '127.0.0.1' and port '3121'.
12:04:57 INFO  : 'targets -set -filter {jtag_cable_name =~ "Digilent Zybo 210279655802A" && level==0} -index 1' command is executed.
12:04:58 INFO  : FPGA configured successfully with bitstream "C:/Users/User/Desktop/UNI/EmbeddedRealTimeSystem/Assignment2/exercises/exercise_3/exercise_3.sdk/system_wrapper_hw_platform_0/system_wrapper.bit"
12:05:40 INFO  : ps7_init is completed.
12:05:40 INFO  : ps7_post_config is completed.
12:05:40 INFO  : Processor reset is completed for ps7_cortexa9_0
12:07:23 ERROR : Unexpected error while parsing XMD response ?: com.google.gson.JsonSyntaxException: com.google.gson.stream.MalformedJsonException: invalid number or unquoted string near 
15:29:09 INFO  : Registering command handlers for SDK TCF services
15:29:10 INFO  : Launching XSCT server: xsct.bat -interactive C:\Users\User\Desktop\UNI\EmbeddedRealTimeSystem\Assignment2\exercises\exercise_3\exercise_3.sdk\temp_xsdb_launch_script.tcl
15:29:14 INFO  : XSCT server has started successfully.
15:29:22 INFO  : Successfully done setting XSCT server connection channel  
15:29:22 INFO  : Successfully done setting SDK workspace  
15:29:22 INFO  : Processing command line option -hwspec C:/Users/User/Desktop/UNI/EmbeddedRealTimeSystem/Assignment2/exercises/exercise_3/exercise_3.sdk/system_wrapper.hdf.
15:29:22 INFO  : Checking for hwspec changes in the project system_wrapper_hw_platform_0.
15:31:21 INFO  : Connected to target on host '127.0.0.1' and port '3121'.
15:31:21 INFO  : 'targets -set -filter {jtag_cable_name =~ "Digilent Zybo 210279655802A" && level==0} -index 1' command is executed.
15:31:23 INFO  : FPGA configured successfully with bitstream "C:/Users/User/Desktop/UNI/EmbeddedRealTimeSystem/Assignment2/exercises/exercise_3/exercise_3.sdk/system_wrapper_hw_platform_0/system_wrapper.bit"
15:32:41 INFO  : ps7_init is completed.
15:32:41 INFO  : ps7_post_config is completed.
15:32:41 INFO  : Processor reset is completed for ps7_cortexa9_0
15:32:56 INFO  : ps7_cortexa9_0 Processor is in use. Please stop existing Run or Debug sessions before launching.
15:33:05 INFO  : Processor reset is completed for ps7_cortexa9_0
15:48:27 INFO  : Connected to target on host '127.0.0.1' and port '3121'.
15:48:27 INFO  : 'targets -set -filter {jtag_cable_name =~ "Digilent Zybo 210279655802A" && level==0} -index 1' command is executed.
15:48:29 INFO  : FPGA configured successfully with bitstream "C:/Users/User/Desktop/UNI/EmbeddedRealTimeSystem/Assignment2/exercises/exercise_3/exercise_3.sdk/system_wrapper_hw_platform_0/system_wrapper.bit"
15:49:36 INFO  : ps7_init is completed.
15:49:36 INFO  : ps7_post_config is completed.
15:49:37 INFO  : Processor reset is completed for ps7_cortexa9_0
16:11:17 INFO  : No changes in MSS file content so not generating sources.
16:12:21 INFO  : Connected to target on host '127.0.0.1' and port '3121'.
16:12:21 INFO  : 'targets -set -filter {jtag_cable_name =~ "Digilent Zybo 210279655802A" && level==0} -index 1' command is executed.
16:12:23 INFO  : FPGA configured successfully with bitstream "C:/Users/User/Desktop/UNI/EmbeddedRealTimeSystem/Assignment2/exercises/exercise_3/exercise_3.sdk/system_wrapper_hw_platform_0/system_wrapper.bit"
16:13:06 INFO  : ps7_init is completed.
16:13:06 INFO  : ps7_post_config is completed.
16:13:06 INFO  : Processor reset is completed for ps7_cortexa9_0
16:18:02 INFO  : Inferring section assignments and sizes from elf file: C:\Users\User\Desktop\UNI\EmbeddedRealTimeSystem\Assignment2\exercises\exercise_3\exercise_3.sdk\exercise_3\Debug\exercise_3.elf
16:18:38 INFO  : Successfully generated C:\Users\User\Desktop\UNI\EmbeddedRealTimeSystem\Assignment2\exercises\exercise_3\exercise_3.sdk\exercise_3\src\lscript.ld.
16:18:38 INFO  : Applying linker script to all configurations of project exercise_3.
16:18:38 INFO  : Setting rebuild state to true for all configurations of project exercise_3.
16:26:24 INFO  : Successfully generated C:\Users\User\Desktop\UNI\EmbeddedRealTimeSystem\Assignment2\exercises\exercise_3\exercise_3.sdk\exercise_3\src\lscript.ld.
16:26:24 INFO  : Applying linker script to all configurations of project exercise_3.
16:26:24 INFO  : Setting rebuild state to true for all configurations of project exercise_3.
16:27:00 INFO  : Connected to target on host '127.0.0.1' and port '3121'.
16:27:00 INFO  : 'targets -set -filter {jtag_cable_name =~ "Digilent Zybo 210279655802A" && level==0} -index 1' command is executed.
16:27:01 INFO  : FPGA configured successfully with bitstream "C:/Users/User/Desktop/UNI/EmbeddedRealTimeSystem/Assignment2/exercises/exercise_3/exercise_3.sdk/system_wrapper_hw_platform_0/system_wrapper.bit"
16:27:36 INFO  : Processor reset is completed for ps7_cortexa9_0
16:28:56 INFO  : Processor reset is completed for ps7_cortexa9_0
16:30:31 INFO  : Connected to target on host '127.0.0.1' and port '3121'.
16:30:31 INFO  : 'targets -set -filter {jtag_cable_name =~ "Digilent Zybo 210279655802A" && level==0} -index 1' command is executed.
16:30:32 INFO  : FPGA configured successfully with bitstream "C:/Users/User/Desktop/UNI/EmbeddedRealTimeSystem/Assignment2/exercises/exercise_3/exercise_3.sdk/system_wrapper_hw_platform_0/system_wrapper.bit"
16:30:46 INFO  : ps7_init is completed.
16:30:47 INFO  : ps7_post_config is completed.
16:30:47 INFO  : Processor reset is completed for ps7_cortexa9_0
16:31:46 INFO  : ps7_cortexa9_0 Processor is in use. Please stop existing Run or Debug sessions before launching.
16:31:50 INFO  : Processor reset is completed for ps7_cortexa9_0
16:33:02 INFO  : Processor reset is completed for ps7_cortexa9_0
16:35:26 INFO  : Connected to target on host '127.0.0.1' and port '3121'.
16:35:26 INFO  : 'targets -set -filter {jtag_cable_name =~ "Digilent Zybo 210279655802A" && level==0} -index 1' command is executed.
16:35:28 INFO  : FPGA configured successfully with bitstream "C:/Users/User/Desktop/UNI/EmbeddedRealTimeSystem/Assignment2/exercises/exercise_3/exercise_3.sdk/system_wrapper_hw_platform_0/system_wrapper.bit"
16:36:58 ERROR : Unexpected error while parsing XMD response ?: com.google.gson.JsonSyntaxException: com.google.gson.stream.MalformedJsonException: invalid number or unquoted string near 
14:32:10 INFO  : Registering command handlers for SDK TCF services
14:32:10 INFO  : Launching XSCT server: xsct.bat -interactive C:\Users\User\Desktop\UNI\EmbeddedRealTimeSystem\Assignment2\exercises\exercise_3\exercise_3.sdk\temp_xsdb_launch_script.tcl
14:32:14 INFO  : XSCT server has started successfully.
14:32:14 INFO  : Successfully done setting XSCT server connection channel  
14:32:26 INFO  : Successfully done setting SDK workspace  
14:32:26 INFO  : Processing command line option -hwspec C:/Users/User/Desktop/UNI/EmbeddedRealTimeSystem/Assignment2/exercises/exercise_3/exercise_3.sdk/system_wrapper.hdf.
14:32:26 INFO  : Checking for hwspec changes in the project system_wrapper_hw_platform_0.
14:33:47 INFO  : Connected to target on host '127.0.0.1' and port '3121'.
14:33:48 INFO  : 'targets -set -filter {jtag_cable_name =~ "Digilent Zybo 210279655802A" && level==0} -index 1' command is executed.
14:33:49 INFO  : FPGA configured successfully with bitstream "C:/Users/User/Desktop/UNI/EmbeddedRealTimeSystem/Assignment2/exercises/exercise_3/exercise_3.sdk/system_wrapper_hw_platform_0/system_wrapper.bit"
14:34:46 INFO  : ps7_init is completed.
14:34:46 INFO  : ps7_post_config is completed.
14:34:46 INFO  : Processor reset is completed for ps7_cortexa9_0
14:35:56 ERROR : Unexpected error while parsing XMD response ?: com.google.gson.JsonSyntaxException: com.google.gson.stream.MalformedJsonException: invalid number or unquoted string near 
14:36:16 INFO  : Registering command handlers for SDK TCF services
14:36:16 INFO  : Launching XSCT server: xsct.bat -interactive C:\Users\User\Desktop\UNI\EmbeddedRealTimeSystem\Assignment2\exercises\exercise_3\exercise_3.sdk\temp_xsdb_launch_script.tcl
14:36:19 INFO  : XSCT server has started successfully.
14:36:19 INFO  : Successfully done setting XSCT server connection channel  
14:36:23 INFO  : Successfully done setting SDK workspace  
14:36:23 INFO  : Processing command line option -hwspec C:/Users/User/Desktop/UNI/EmbeddedRealTimeSystem/Assignment2/exercises/exercise_3/exercise_3.sdk/system_wrapper.hdf.
14:36:23 INFO  : Checking for hwspec changes in the project system_wrapper_hw_platform_0.
14:37:18 INFO  : Processor reset is completed for ps7_cortexa9_0
14:37:52 INFO  : ps7_cortexa9_0 Processor is in use. Please stop existing Run or Debug sessions before launching.
14:38:01 INFO  : Processor reset is completed for ps7_cortexa9_0
14:39:52 ERROR : Unexpected error while parsing XMD response ?: com.google.gson.JsonSyntaxException: com.google.gson.stream.MalformedJsonException: invalid number or unquoted string near 
14:40:37 INFO  : Registering command handlers for SDK TCF services
14:40:37 INFO  : Launching XSCT server: xsct.bat -interactive C:\Users\User\Desktop\UNI\EmbeddedRealTimeSystem\Assignment2\exercises\exercise_3\exercise_3.sdk\temp_xsdb_launch_script.tcl
14:40:39 INFO  : XSCT server has started successfully.
14:40:44 INFO  : Successfully done setting XSCT server connection channel  
14:40:44 INFO  : Successfully done setting SDK workspace  
14:40:44 INFO  : Processing command line option -hwspec C:/Users/User/Desktop/UNI/EmbeddedRealTimeSystem/Assignment2/exercises/exercise_3/exercise_3.sdk/system_wrapper.hdf.
14:40:44 INFO  : Checking for hwspec changes in the project system_wrapper_hw_platform_0.
14:41:03 INFO  : Connected to target on host '127.0.0.1' and port '3121'.
14:41:04 INFO  : 'targets -set -filter {jtag_cable_name =~ "Digilent Zybo 210279655802A" && level==0} -index 1' command is executed.
14:41:05 INFO  : FPGA configured successfully with bitstream "C:/Users/User/Desktop/UNI/EmbeddedRealTimeSystem/Assignment2/exercises/exercise_3/exercise_3.sdk/system_wrapper_hw_platform_0/system_wrapper.bit"
14:42:40 INFO  : Registering command handlers for SDK TCF services
14:42:41 INFO  : Launching XSCT server: xsct.bat -interactive C:\Users\User\Desktop\UNI\EmbeddedRealTimeSystem\Assignment2\exercises\exercise_3\exercise_3.sdk\temp_xsdb_launch_script.tcl
14:42:44 INFO  : XSCT server has started successfully.
14:42:48 INFO  : Successfully done setting XSCT server connection channel  
14:42:48 INFO  : Successfully done setting SDK workspace  
14:42:48 INFO  : Processing command line option -hwspec C:/Users/User/Desktop/UNI/EmbeddedRealTimeSystem/Assignment2/exercises/exercise_3/exercise_3.sdk/system_wrapper.hdf.
14:42:48 INFO  : Checking for hwspec changes in the project system_wrapper_hw_platform_0.
14:53:43 INFO  : Registering command handlers for SDK TCF services
14:53:43 INFO  : Launching XSCT server: xsct.bat -interactive C:\Users\User\Desktop\UNI\EmbeddedRealTimeSystem\Assignment2\exercises\exercise_3\exercise_3.sdk\temp_xsdb_launch_script.tcl
14:53:47 INFO  : XSCT server has started successfully.
14:53:47 INFO  : Successfully done setting XSCT server connection channel  
14:53:53 INFO  : Successfully done setting SDK workspace  
14:53:53 INFO  : Processing command line option -hwspec C:/Users/User/Desktop/UNI/EmbeddedRealTimeSystem/Assignment2/exercises/exercise_3/exercise_3.sdk/system_wrapper.hdf.
14:53:53 INFO  : Checking for hwspec changes in the project system_wrapper_hw_platform_0.
14:57:36 INFO  : Connected to target on host '127.0.0.1' and port '3121'.
14:57:36 INFO  : 'targets -set -filter {jtag_cable_name =~ "Digilent Zybo 210279655802A" && level==0} -index 1' command is executed.
14:57:37 INFO  : FPGA configured successfully with bitstream "C:/Users/User/Desktop/UNI/EmbeddedRealTimeSystem/Assignment2/exercises/exercise_3/exercise_3.sdk/system_wrapper_hw_platform_0/system_wrapper.bit"
14:59:05 INFO  : ps7_init is completed.
14:59:05 INFO  : ps7_post_config is completed.
14:59:05 INFO  : Processor reset is completed for ps7_cortexa9_0
14:59:10 ERROR : Port COM4 is already in use.
15:00:50 ERROR : Unexpected error while parsing XMD response ?: com.google.gson.JsonSyntaxException: com.google.gson.stream.MalformedJsonException: invalid number or unquoted string near 
15:07:22 INFO  : Registering command handlers for SDK TCF services
15:07:22 INFO  : Launching XSCT server: xsct.bat -interactive C:\Users\User\Desktop\UNI\EmbeddedRealTimeSystem\Assignment2\exercises\exercise_3\exercise_3.sdk\temp_xsdb_launch_script.tcl
15:07:26 INFO  : XSCT server has started successfully.
15:07:26 INFO  : Successfully done setting XSCT server connection channel  
15:07:35 INFO  : Successfully done setting SDK workspace  
15:07:35 INFO  : Processing command line option -hwspec C:/Users/User/Desktop/UNI/EmbeddedRealTimeSystem/Assignment2/exercises/exercise_3/exercise_3.sdk/system_wrapper.hdf.
15:07:35 INFO  : Checking for hwspec changes in the project system_wrapper_hw_platform_0.
15:07:54 INFO  : Connected to target on host '127.0.0.1' and port '3121'.
15:07:55 INFO  : 'targets -set -filter {jtag_cable_name =~ "Digilent Zybo 210279655802A" && level==0} -index 1' command is executed.
15:07:56 INFO  : FPGA configured successfully with bitstream "C:/Users/User/Desktop/UNI/EmbeddedRealTimeSystem/Assignment2/exercises/exercise_3/exercise_3.sdk/system_wrapper_hw_platform_0/system_wrapper.bit"
15:08:17 INFO  : ps7_init is completed.
15:08:17 INFO  : ps7_post_config is completed.
15:08:17 INFO  : Processor reset is completed for ps7_cortexa9_0
15:13:46 INFO  : Connected to target on host '127.0.0.1' and port '3121'.
15:13:46 INFO  : 'targets -set -filter {jtag_cable_name =~ "Digilent Zybo 210279655802A" && level==0} -index 1' command is executed.
15:13:47 INFO  : FPGA configured successfully with bitstream "C:/Users/User/Desktop/UNI/EmbeddedRealTimeSystem/Assignment2/exercises/exercise_3/exercise_3.sdk/system_wrapper_hw_platform_0/system_wrapper.bit"
15:14:00 INFO  : ps7_init is completed.
15:14:00 INFO  : ps7_post_config is completed.
15:14:00 INFO  : Processor reset is completed for ps7_cortexa9_0
15:30:03 INFO  : Connected to target on host '127.0.0.1' and port '3121'.
15:30:03 INFO  : 'targets -set -filter {jtag_cable_name =~ "Digilent Zybo 210279655802A" && level==0} -index 1' command is executed.
15:30:05 INFO  : FPGA configured successfully with bitstream "C:/Users/User/Desktop/UNI/EmbeddedRealTimeSystem/Assignment2/exercises/exercise_3/exercise_3.sdk/system_wrapper_hw_platform_0/system_wrapper.bit"
15:30:19 INFO  : ps7_init is completed.
15:30:19 INFO  : ps7_post_config is completed.
15:30:19 INFO  : Processor reset is completed for ps7_cortexa9_0
15:31:58 INFO  : ps7_cortexa9_0 Processor is in use. Please stop existing Run or Debug sessions before launching.
15:32:01 INFO  : Processor reset is completed for ps7_cortexa9_0
15:36:57 ERROR : Unexpected error while parsing XMD response ?: com.google.gson.JsonSyntaxException: com.google.gson.stream.MalformedJsonException: invalid number or unquoted string near 
15:39:51 INFO  : Registering command handlers for SDK TCF services
15:39:51 INFO  : Launching XSCT server: xsct.bat -interactive C:\Users\User\Desktop\UNI\EmbeddedRealTimeSystem\Assignment2\exercises\exercise_3\exercise_3.sdk\temp_xsdb_launch_script.tcl
15:39:55 INFO  : XSCT server has started successfully.
15:40:02 INFO  : Successfully done setting XSCT server connection channel  
15:40:02 INFO  : Successfully done setting SDK workspace  
15:40:02 INFO  : Processing command line option -hwspec C:/Users/User/Desktop/UNI/EmbeddedRealTimeSystem/Assignment2/exercises/exercise_3/exercise_3.sdk/system_wrapper.hdf.
15:40:02 INFO  : Checking for hwspec changes in the project system_wrapper_hw_platform_0.
15:58:56 INFO  : Connected to target on host '127.0.0.1' and port '3121'.
15:58:56 INFO  : 'targets -set -filter {jtag_cable_name =~ "Digilent Zybo 210279655802A" && level==0} -index 1' command is executed.
15:58:58 INFO  : FPGA configured successfully with bitstream "C:/Users/User/Desktop/UNI/EmbeddedRealTimeSystem/Assignment2/exercises/exercise_3/exercise_3.sdk/system_wrapper_hw_platform_0/system_wrapper.bit"
15:59:14 INFO  : ps7_init is completed.
15:59:14 INFO  : ps7_post_config is completed.
15:59:14 INFO  : Processor reset is completed for ps7_cortexa9_0
16:04:47 ERROR : Unexpected error while parsing XMD response ?: com.google.gson.JsonSyntaxException: com.google.gson.stream.MalformedJsonException: invalid number or unquoted string near 
19:31:30 INFO  : Registering command handlers for SDK TCF services
19:31:30 INFO  : Launching XSCT server: xsct.bat -interactive C:\Users\User\Desktop\UNI\EmbeddedRealTimeSystem\Assignment2\exercises\exercise_3\exercise_3.sdk\temp_xsdb_launch_script.tcl
19:31:34 INFO  : XSCT server has started successfully.
19:31:34 INFO  : Successfully done setting XSCT server connection channel  
19:31:43 INFO  : Successfully done setting SDK workspace  
19:31:43 INFO  : Processing command line option -hwspec C:/Users/User/Desktop/UNI/EmbeddedRealTimeSystem/Assignment2/exercises/exercise_3/exercise_3.sdk/system_wrapper.hdf.
19:31:43 INFO  : Checking for hwspec changes in the project system_wrapper_hw_platform_0.
19:46:32 INFO  : Registering command handlers for SDK TCF services
19:46:33 INFO  : Launching XSCT server: xsct.bat -interactive C:\Users\User\Desktop\UNI\EmbeddedRealTimeSystem\Assignment2\exercises\exercise_4\exercise_4.sdk\temp_xsdb_launch_script.tcl
19:46:36 INFO  : XSCT server has started successfully.
19:46:36 INFO  : Successfully done setting XSCT server connection channel  
19:46:42 INFO  : Successfully done setting SDK workspace  
19:46:42 INFO  : Processing command line option -hwspec C:/Users/User/Desktop/UNI/EmbeddedRealTimeSystem/Assignment2/exercises/exercise_4/exercise_4.sdk/system_wrapper.hdf.
20:13:48 INFO  : Inferring section assignments and sizes from elf file: C:\Users\User\Desktop\UNI\EmbeddedRealTimeSystem\Assignment2\exercises\exercise_4\exercise_4.sdk\exercise_4\Debug\exercise_4.elf
20:16:28 INFO  : Successfully generated C:\Users\User\Desktop\UNI\EmbeddedRealTimeSystem\Assignment2\exercises\exercise_4\exercise_4.sdk\exercise_4\src\lscript.ld.
20:16:28 INFO  : Applying linker script to all configurations of project exercise_4.
20:16:28 INFO  : Setting rebuild state to true for all configurations of project exercise_4.
11:05:59 INFO  : Registering command handlers for SDK TCF services
11:06:00 INFO  : Launching XSCT server: xsct.bat -interactive C:\Users\User\Desktop\UNI\EmbeddedRealTimeSystem\Assignment2\exercises\exercise_4\exercise_4.sdk\temp_xsdb_launch_script.tcl
11:06:04 INFO  : XSCT server has started successfully.
11:06:12 INFO  : Successfully done setting XSCT server connection channel  
11:06:12 INFO  : Successfully done setting SDK workspace  
11:06:12 INFO  : Processing command line option -hwspec C:/Users/User/Desktop/UNI/EmbeddedRealTimeSystem/Assignment2/exercises/exercise_4/exercise_4.sdk/system_wrapper.hdf.
11:06:12 INFO  : Checking for hwspec changes in the project system_wrapper_hw_platform_1.
12:21:07 INFO  : Registering command handlers for SDK TCF services
12:21:07 INFO  : Launching XSCT server: xsct.bat -interactive C:\Users\User\Desktop\UNI\EmbeddedRealTimeSystem\Assignment2\exercises\exercise_4\exercise_4.sdk\temp_xsdb_launch_script.tcl
12:21:10 INFO  : XSCT server has started successfully.
12:21:10 INFO  : Successfully done setting XSCT server connection channel  
12:21:15 INFO  : Successfully done setting SDK workspace  
12:21:15 INFO  : Processing command line option -hwspec C:/Users/User/Desktop/UNI/EmbeddedRealTimeSystem/Assignment2/exercises/exercise_4/exercise_4.sdk/system_wrapper.hdf.
12:21:15 INFO  : Checking for hwspec changes in the project system_wrapper_hw_platform_1.
12:52:12 INFO  : Connected to target on host '127.0.0.1' and port '3121'.
12:52:12 INFO  : 'targets -set -filter {jtag_cable_name =~ "Digilent Zybo 210279655802A" && level==0} -index 1' command is executed.
12:52:14 INFO  : FPGA configured successfully with bitstream "C:/Users/User/Desktop/UNI/EmbeddedRealTimeSystem/Assignment2/exercises/exercise_4/exercise_4.sdk/system_wrapper_hw_platform_0/system_wrapper.bit"
12:52:38 INFO  : 'targets -set -filter {jtag_cable_name =~ "Digilent Zybo 210279655802A" && level==0} -index 1' command is executed.
12:52:38 INFO  : 'fpga -state' command is executed.
12:52:38 INFO  : Connected to target on host '127.0.0.1' and port '3121'.
12:52:38 INFO  : Jtag cable 'Digilent Zybo 210279655802A' is selected.
12:52:38 INFO  : 'jtag frequency' command is executed.
12:52:38 INFO  : Sourcing of 'C:/Users/User/Desktop/UNI/EmbeddedRealTimeSystem/Assignment2/exercises/exercise_4/exercise_4.sdk/system_wrapper_hw_platform_0/ps7_init.tcl' is done.
12:52:38 INFO  : Context for 'APU' is selected.
12:52:38 INFO  : Hardware design information is loaded from 'C:/Users/User/Desktop/UNI/EmbeddedRealTimeSystem/Assignment2/exercises/exercise_4/exercise_4.sdk/system_wrapper_hw_platform_0/system.hdf'.
12:52:38 INFO  : 'configparams force-mem-access 1' command is executed.
12:52:38 INFO  : Context for 'APU' is selected.
12:52:38 INFO  : 'stop' command is executed.
12:52:39 INFO  : 'ps7_init' command is executed.
12:52:39 INFO  : 'ps7_post_config' command is executed.
12:52:39 INFO  : Context for processor 'ps7_cortexa9_0' is selected.
12:52:39 INFO  : Processor reset is completed for 'ps7_cortexa9_0'.
12:52:39 INFO  : Context for processor 'ps7_cortexa9_0' is selected.
12:52:39 INFO  : The application 'C:/Users/User/Desktop/UNI/EmbeddedRealTimeSystem/Assignment2/exercises/exercise_4/exercise_4.sdk/exercise_4/Debug/exercise_4.elf' is downloaded to processor 'ps7_cortexa9_0'.
12:52:39 INFO  : 'configparams force-mem-access 0' command is executed.
12:52:39 INFO  : ----------------XSDB Script----------------
connect -url tcp:127.0.0.1:3121
source C:/Users/User/Desktop/UNI/EmbeddedRealTimeSystem/Assignment2/exercises/exercise_4/exercise_4.sdk/system_wrapper_hw_platform_0/ps7_init.tcl
targets -set -nocase -filter {name =~"APU*" && jtag_cable_name =~ "Digilent Zybo 210279655802A"} -index 0
loadhw -hw C:/Users/User/Desktop/UNI/EmbeddedRealTimeSystem/Assignment2/exercises/exercise_4/exercise_4.sdk/system_wrapper_hw_platform_0/system.hdf -mem-ranges [list {0x40000000 0xbfffffff}]
configparams force-mem-access 1
targets -set -nocase -filter {name =~"APU*" && jtag_cable_name =~ "Digilent Zybo 210279655802A"} -index 0
stop
ps7_init
ps7_post_config
targets -set -nocase -filter {name =~ "ARM*#0" && jtag_cable_name =~ "Digilent Zybo 210279655802A"} -index 0
rst -processor
targets -set -nocase -filter {name =~ "ARM*#0" && jtag_cable_name =~ "Digilent Zybo 210279655802A"} -index 0
dow C:/Users/User/Desktop/UNI/EmbeddedRealTimeSystem/Assignment2/exercises/exercise_4/exercise_4.sdk/exercise_4/Debug/exercise_4.elf
configparams force-mem-access 0
----------------End of Script----------------

12:52:39 INFO  : Memory regions updated for context APU
12:52:40 INFO  : Context for processor 'ps7_cortexa9_0' is selected.
12:52:40 INFO  : 'con' command is executed.
12:52:40 INFO  : ----------------XSDB Script (After Launch)----------------
targets -set -nocase -filter {name =~ "ARM*#0" && jtag_cable_name =~ "Digilent Zybo 210279655802A"} -index 0
con
----------------End of Script----------------

12:52:40 INFO  : Launch script is exported to file 'C:\Users\User\Desktop\UNI\EmbeddedRealTimeSystem\Assignment2\exercises\exercise_4\exercise_4.sdk\.sdk\launch_scripts\xilinx_c-c++_application_(system_debugger)\system_debugger_using_debug_exercise_4.elf_on_local.tcl'
12:57:34 INFO  : Disconnected from the channel tcfchan#1.
13:07:55 INFO  : Registering command handlers for SDK TCF services
13:07:55 INFO  : Launching XSCT server: xsct.bat -interactive C:\Users\User\Desktop\UNI\EmbeddedRealTimeSystem\Assignment2\exercises\exercise_4\exercise_4.sdk\temp_xsdb_launch_script.tcl
13:07:58 INFO  : XSCT server has started successfully.
13:07:58 INFO  : Successfully done setting XSCT server connection channel  
13:08:03 INFO  : Successfully done setting SDK workspace  
13:08:03 INFO  : Processing command line option -hwspec C:/Users/User/Desktop/UNI/EmbeddedRealTimeSystem/Assignment2/exercises/exercise_4/exercise_4.sdk/system_wrapper.hdf.
13:09:21 INFO  : Connected to target on host '127.0.0.1' and port '3121'.
13:09:21 INFO  : 'targets -set -filter {jtag_cable_name =~ "Digilent Zybo 210279655802A" && level==0} -index 1' command is executed.
13:09:22 INFO  : FPGA configured successfully with bitstream "C:/Users/User/Desktop/UNI/EmbeddedRealTimeSystem/Assignment2/exercises/exercise_4/exercise_4.sdk/system_wrapper_hw_platform_0/system_wrapper.bit"
13:09:39 INFO  : ps7_init is completed.
13:09:39 INFO  : ps7_post_config is completed.
13:09:39 INFO  : Processor reset is completed for ps7_cortexa9_0
13:09:49 INFO  : ps7_cortexa9_0 Processor is in use. Please stop existing Run or Debug sessions before launching.
13:09:52 INFO  : Processor reset is completed for ps7_cortexa9_0
13:15:27 INFO  : Connected to target on host '127.0.0.1' and port '3121'.
13:15:27 INFO  : 'targets -set -filter {jtag_cable_name =~ "Digilent Zybo 210279655802A" && level==0} -index 1' command is executed.
13:15:28 INFO  : FPGA configured successfully with bitstream "C:/Users/User/Desktop/UNI/EmbeddedRealTimeSystem/Assignment2/exercises/exercise_4/exercise_4.sdk/system_wrapper_hw_platform_0/system_wrapper.bit"
13:16:03 INFO  : Connected to target on host '127.0.0.1' and port '3121'.
13:16:03 INFO  : 'targets -set -filter {jtag_cable_name =~ "Digilent Zybo 210279655802A" && level==0} -index 1' command is executed.
13:16:05 INFO  : FPGA configured successfully with bitstream "C:/Users/User/Desktop/UNI/EmbeddedRealTimeSystem/Assignment2/exercises/exercise_4/exercise_4.sdk/system_wrapper_hw_platform_0/system_wrapper.bit"
13:16:20 INFO  : ps7_init is completed.
13:16:20 INFO  : ps7_post_config is completed.
13:16:20 INFO  : Processor reset is completed for ps7_cortexa9_0
13:16:29 INFO  : ps7_cortexa9_0 Processor is in use. Please stop existing Run or Debug sessions before launching.
13:16:30 INFO  : Processor reset is completed for ps7_cortexa9_0
13:18:25 INFO  : Processor reset is completed for ps7_cortexa9_0
13:21:08 INFO  : Connected to target on host '127.0.0.1' and port '3121'.
13:21:08 INFO  : 'targets -set -filter {jtag_cable_name =~ "Digilent Zybo 210279655802A" && level==0} -index 1' command is executed.
13:21:10 INFO  : FPGA configured successfully with bitstream "C:/Users/User/Desktop/UNI/EmbeddedRealTimeSystem/Assignment2/exercises/exercise_4/exercise_4.sdk/system_wrapper_hw_platform_0/system_wrapper.bit"
13:21:23 INFO  : ps7_init is completed.
13:21:23 INFO  : ps7_post_config is completed.
13:21:24 INFO  : Processor reset is completed for ps7_cortexa9_0
13:22:53 INFO  : Processor reset is completed for ps7_cortexa9_0
13:24:17 INFO  : Connected to target on host '127.0.0.1' and port '3121'.
13:24:17 INFO  : 'targets -set -filter {jtag_cable_name =~ "Digilent Zybo 210279655802A" && level==0} -index 1' command is executed.
13:24:18 INFO  : FPGA configured successfully with bitstream "C:/Users/User/Desktop/UNI/EmbeddedRealTimeSystem/Assignment2/exercises/exercise_4/exercise_4.sdk/system_wrapper_hw_platform_0/system_wrapper.bit"
13:24:25 INFO  : ps7_init is completed.
13:24:25 INFO  : ps7_post_config is completed.
13:24:26 INFO  : Processor reset is completed for ps7_cortexa9_0
13:25:57 INFO  : Connected to target on host '127.0.0.1' and port '3121'.
13:25:57 INFO  : 'targets -set -filter {jtag_cable_name =~ "Digilent Zybo 210279655802A" && level==0} -index 1' command is executed.
13:25:58 INFO  : FPGA configured successfully with bitstream "C:/Users/User/Desktop/UNI/EmbeddedRealTimeSystem/Assignment2/exercises/exercise_4/exercise_4.sdk/system_wrapper_hw_platform_0/system_wrapper.bit"
13:26:07 INFO  : ps7_init is completed.
13:26:07 INFO  : ps7_post_config is completed.
13:26:07 INFO  : Processor reset is completed for ps7_cortexa9_0
13:27:13 INFO  : Processor reset is completed for ps7_cortexa9_0
13:27:41 INFO  : Processor reset is completed for ps7_cortexa9_0
13:29:37 INFO  : Connected to target on host '127.0.0.1' and port '3121'.
13:29:37 INFO  : 'targets -set -filter {jtag_cable_name =~ "Digilent Zybo 210279655802A" && level==0} -index 1' command is executed.
13:29:38 INFO  : FPGA configured successfully with bitstream "C:/Users/User/Desktop/UNI/EmbeddedRealTimeSystem/Assignment2/exercises/exercise_4/exercise_4.sdk/system_wrapper_hw_platform_0/system_wrapper.bit"
13:29:45 INFO  : ps7_init is completed.
13:29:45 INFO  : ps7_post_config is completed.
13:29:45 INFO  : Processor reset is completed for ps7_cortexa9_0
13:30:32 INFO  : Processor reset is completed for ps7_cortexa9_0
13:33:42 INFO  : Processor reset is completed for ps7_cortexa9_0
13:37:51 INFO  : Processor reset is completed for ps7_cortexa9_0
13:40:40 INFO  : Connected to target on host '127.0.0.1' and port '3121'.
13:40:40 INFO  : 'targets -set -filter {jtag_cable_name =~ "Digilent Zybo 210279655802A" && level==0} -index 1' command is executed.
13:40:42 INFO  : FPGA configured successfully with bitstream "C:/Users/User/Desktop/UNI/EmbeddedRealTimeSystem/Assignment2/exercises/exercise_4/exercise_4.sdk/system_wrapper_hw_platform_0/system_wrapper.bit"
13:40:47 INFO  : ps7_init is completed.
13:40:47 INFO  : ps7_post_config is completed.
13:40:48 INFO  : Processor reset is completed for ps7_cortexa9_0
13:43:40 INFO  : Connected to target on host '127.0.0.1' and port '3121'.
13:43:40 INFO  : 'targets -set -filter {jtag_cable_name =~ "Digilent Zybo 210279655802A" && level==0} -index 1' command is executed.
13:43:42 INFO  : FPGA configured successfully with bitstream "C:/Users/User/Desktop/UNI/EmbeddedRealTimeSystem/Assignment2/exercises/exercise_4/exercise_4.sdk/system_wrapper_hw_platform_0/system_wrapper.bit"
13:43:55 INFO  : ps7_init is completed.
13:43:55 INFO  : ps7_post_config is completed.
13:43:55 INFO  : Processor reset is completed for ps7_cortexa9_0
13:44:03 INFO  : ps7_cortexa9_0 Processor is in use. Please stop existing Run or Debug sessions before launching.
13:44:06 INFO  : Processor reset is completed for ps7_cortexa9_0
13:44:14 INFO  : ps7_cortexa9_0 Processor is in use. Please stop existing Run or Debug sessions before launching.
13:44:16 INFO  : Processor reset is completed for ps7_cortexa9_0
13:46:50 INFO  : Connected to target on host '127.0.0.1' and port '3121'.
13:46:50 INFO  : 'targets -set -filter {jtag_cable_name =~ "Digilent Zybo 210279655802A" && level==0} -index 1' command is executed.
13:46:51 INFO  : FPGA configured successfully with bitstream "C:/Users/User/Desktop/UNI/EmbeddedRealTimeSystem/Assignment2/exercises/exercise_4/exercise_4.sdk/system_wrapper_hw_platform_0/system_wrapper.bit"
13:47:00 INFO  : ps7_init is completed.
13:47:00 INFO  : ps7_post_config is completed.
13:47:00 INFO  : Processor reset is completed for ps7_cortexa9_0
13:49:01 INFO  : Connected to target on host '127.0.0.1' and port '3121'.
13:49:01 INFO  : 'targets -set -filter {jtag_cable_name =~ "Digilent Zybo 210279655802A" && level==0} -index 1' command is executed.
13:49:02 INFO  : FPGA configured successfully with bitstream "C:/Users/User/Desktop/UNI/EmbeddedRealTimeSystem/Assignment2/exercises/exercise_4/exercise_4.sdk/system_wrapper_hw_platform_0/system_wrapper.bit"
13:49:09 INFO  : ps7_init is completed.
13:49:09 INFO  : ps7_post_config is completed.
13:49:09 INFO  : Processor reset is completed for ps7_cortexa9_0
13:52:21 INFO  : Processor reset is completed for ps7_cortexa9_0
13:53:58 INFO  : Connected to target on host '127.0.0.1' and port '3121'.
13:53:58 INFO  : 'targets -set -filter {jtag_cable_name =~ "Digilent Zybo 210279655802A" && level==0} -index 1' command is executed.
13:53:59 INFO  : FPGA configured successfully with bitstream "C:/Users/User/Desktop/UNI/EmbeddedRealTimeSystem/Assignment2/exercises/exercise_4/exercise_4.sdk/system_wrapper_hw_platform_0/system_wrapper.bit"
13:54:09 INFO  : ps7_init is completed.
13:54:09 INFO  : ps7_post_config is completed.
13:54:09 INFO  : Processor reset is completed for ps7_cortexa9_0
14:11:59 INFO  : Connected to target on host '127.0.0.1' and port '3121'.
14:11:59 INFO  : 'targets -set -filter {jtag_cable_name =~ "Digilent Zybo 210279655802A" && level==0} -index 1' command is executed.
14:12:00 INFO  : FPGA configured successfully with bitstream "C:/Users/User/Desktop/UNI/EmbeddedRealTimeSystem/Assignment2/exercises/exercise_4/exercise_4.sdk/system_wrapper_hw_platform_0/system_wrapper.bit"
14:13:21 INFO  : ps7_init is completed.
14:13:22 INFO  : ps7_post_config is completed.
14:13:22 INFO  : Processor reset is completed for ps7_cortexa9_0
14:16:26 INFO  : Connected to target on host '127.0.0.1' and port '3121'.
14:16:26 INFO  : 'targets -set -filter {jtag_cable_name =~ "Digilent Zybo 210279655802A" && level==0} -index 1' command is executed.
14:16:27 INFO  : FPGA configured successfully with bitstream "C:/Users/User/Desktop/UNI/EmbeddedRealTimeSystem/Assignment2/exercises/exercise_4/exercise_4.sdk/system_wrapper_hw_platform_0/system_wrapper.bit"
14:16:32 INFO  : ps7_init is completed.
14:16:32 INFO  : ps7_post_config is completed.
14:16:32 INFO  : Processor reset is completed for ps7_cortexa9_0
14:20:29 INFO  : Connected to target on host '127.0.0.1' and port '3121'.
14:20:29 INFO  : 'targets -set -filter {jtag_cable_name =~ "Digilent Zybo 210279655802A" && level==0} -index 1' command is executed.
14:20:31 INFO  : FPGA configured successfully with bitstream "C:/Users/User/Desktop/UNI/EmbeddedRealTimeSystem/Assignment2/exercises/exercise_4/exercise_4.sdk/system_wrapper_hw_platform_0/system_wrapper.bit"
14:20:39 INFO  : ps7_init is completed.
14:20:39 INFO  : ps7_post_config is completed.
14:20:39 INFO  : Processor reset is completed for ps7_cortexa9_0
14:41:11 INFO  : Connected to target on host '127.0.0.1' and port '3121'.
14:41:11 INFO  : 'targets -set -filter {jtag_cable_name =~ "Digilent Zybo 210279655802A" && level==0} -index 1' command is executed.
14:41:12 INFO  : FPGA configured successfully with bitstream "C:/Users/User/Desktop/UNI/EmbeddedRealTimeSystem/Assignment2/exercises/exercise_4/exercise_4.sdk/system_wrapper_hw_platform_0/system_wrapper.bit"
14:43:26 INFO  : Connected to target on host '127.0.0.1' and port '3121'.
14:43:26 INFO  : 'targets -set -filter {jtag_cable_name =~ "Digilent Zybo 210279655802A" && level==0} -index 1' command is executed.
14:43:27 INFO  : FPGA configured successfully with bitstream "C:/Users/User/Desktop/UNI/EmbeddedRealTimeSystem/Assignment2/exercises/exercise_4/exercise_4.sdk/system_wrapper_hw_platform_0/system_wrapper.bit"
14:43:41 INFO  : ps7_init is completed.
14:43:41 INFO  : ps7_post_config is completed.
14:43:41 INFO  : Processor reset is completed for ps7_cortexa9_0
14:44:32 INFO  : Processor reset is completed for ps7_cortexa9_0
14:45:42 INFO  : Connected to target on host '127.0.0.1' and port '3121'.
14:45:43 INFO  : 'targets -set -filter {jtag_cable_name =~ "Digilent Zybo 210279655802A" && level==0} -index 1' command is executed.
14:45:44 INFO  : FPGA configured successfully with bitstream "C:/Users/User/Desktop/UNI/EmbeddedRealTimeSystem/Assignment2/exercises/exercise_4/exercise_4.sdk/system_wrapper_hw_platform_0/system_wrapper.bit"
14:45:50 INFO  : ps7_init is completed.
14:45:50 INFO  : ps7_post_config is completed.
14:45:50 INFO  : Processor reset is completed for ps7_cortexa9_0
14:54:53 ERROR : Unexpected error while parsing XMD response ?: com.google.gson.JsonSyntaxException: com.google.gson.stream.MalformedJsonException: invalid number or unquoted string near 
20:48:13 INFO  : Registering command handlers for SDK TCF services
20:48:14 INFO  : Launching XSCT server: xsct.bat -interactive C:\Users\User\Desktop\UNI\EmbeddedRealTimeSystem\Assignment2\exercises\exercise_4\exercise_4.sdk\temp_xsdb_launch_script.tcl
20:48:17 INFO  : XSCT server has started successfully.
20:48:17 INFO  : Successfully done setting XSCT server connection channel  
20:48:23 INFO  : Successfully done setting SDK workspace  
20:48:23 INFO  : Processing command line option -hwspec C:/Users/User/Desktop/UNI/EmbeddedRealTimeSystem/Assignment2/exercises/exercise_4/exercise_4.sdk/system_wrapper.hdf.
21:12:44 INFO  : Registering command handlers for SDK TCF services
21:12:44 INFO  : Launching XSCT server: xsct.bat -interactive C:\Users\User\Desktop\UNI\EmbeddedRealTimeSystem\Assignment2\exercises\exercise_5\exercise_5.sdk\temp_xsdb_launch_script.tcl
21:12:47 INFO  : XSCT server has started successfully.
21:12:52 INFO  : Successfully done setting XSCT server connection channel  
21:12:52 INFO  : Processing command line option -hwspec C:/Users/User/Desktop/UNI/EmbeddedRealTimeSystem/Assignment2/exercises/exercise_5/exercise_5.sdk/system_wrapper.hdf.
21:12:53 INFO  : Successfully done setting SDK workspace  
21:13:30 ERROR : Exception occured while setting Project Nature toHardware Project Nature
org.eclipse.core.internal.resources.ResourceException: Resource '/system_wrapper_hw_platform_2' does not exist.
	at org.eclipse.core.internal.resources.Resource.checkExists(Resource.java:335)
	at org.eclipse.core.internal.resources.Resource.checkAccessible(Resource.java:209)
	at org.eclipse.core.internal.resources.Project.checkAccessible(Project.java:141)
	at org.eclipse.core.internal.resources.Project.setDescription(Project.java:1230)
	at org.eclipse.core.internal.resources.Project.setDescription(Project.java:1280)
	at com.xilinx.sdk.hw.internal.HwProjectCreator.setHWProjectNature(HwProjectCreator.java:262)
	at com.xilinx.sdk.hw.internal.HwProjectCreator.assignHwProjectNature(HwProjectCreator.java:145)
	at com.xilinx.sdk.hw.internal.HwProjectCreator.createHwProjectFromZip(HwProjectCreator.java:123)
	at com.xilinx.sdk.hw.HwProjectUtil.internalCreate(HwProjectUtil.java:266)
	at com.xilinx.sdk.hw.HwProjectUtil.makeNewHardwareProject(HwProjectUtil.java:210)
	at com.xilinx.sdk.hw.HwProjectUtil.makeNewHardwareProject(HwProjectUtil.java:197)
	at com.xilinx.sdk.hw.HwProjectUtil.makeNewHardwareProject(HwProjectUtil.java:171)
	at com.xilinx.sdk.startup.InitSDK.processHwSpecArgumentTask(InitSDK.java:516)
	at com.xilinx.sdk.startup.InitSDK.access$8(InitSDK.java:498)
	at com.xilinx.sdk.startup.InitSDK$12.run(InitSDK.java:449)
	at org.eclipse.core.internal.jobs.Worker.run(Worker.java:55)
21:13:30 ERROR : Error occurred while creating hardware platform system_wrapper_hw_platform_2 from sysdef
java.lang.RuntimeException: Resource '/system_wrapper_hw_platform_2' does not exist.
	at com.xilinx.sdk.hw.internal.HwProjectCreator.setHWProjectNature(HwProjectCreator.java:272)
	at com.xilinx.sdk.hw.internal.HwProjectCreator.assignHwProjectNature(HwProjectCreator.java:145)
	at com.xilinx.sdk.hw.internal.HwProjectCreator.createHwProjectFromZip(HwProjectCreator.java:123)
	at com.xilinx.sdk.hw.HwProjectUtil.internalCreate(HwProjectUtil.java:266)
	at com.xilinx.sdk.hw.HwProjectUtil.makeNewHardwareProject(HwProjectUtil.java:210)
	at com.xilinx.sdk.hw.HwProjectUtil.makeNewHardwareProject(HwProjectUtil.java:197)
	at com.xilinx.sdk.hw.HwProjectUtil.makeNewHardwareProject(HwProjectUtil.java:171)
	at com.xilinx.sdk.startup.InitSDK.processHwSpecArgumentTask(InitSDK.java:516)
	at com.xilinx.sdk.startup.InitSDK.access$8(InitSDK.java:498)
	at com.xilinx.sdk.startup.InitSDK$12.run(InitSDK.java:449)
	at org.eclipse.core.internal.jobs.Worker.run(Worker.java:55)
21:13:30 ERROR : Unable to create Hardware Specification Project with specification file: C:/Users/User/Desktop/UNI/EmbeddedRealTimeSystem/Assignment2/exercises/exercise_5/exercise_5.sdk/system_wrapper.hdf
21:14:48 ERROR : The Hardware Project referenced by this BSP (ex5_bsp) was not found in this workspace. As a result, this BSP will not build properly. To fix this error, please import the associated hardware project or recreate a new BSP targeting an existing hardware platform.
14:18:32 INFO  : Registering command handlers for SDK TCF services
14:18:33 INFO  : Launching XSCT server: xsct.bat -interactive C:\Users\User\Desktop\UNI\EmbeddedRealTimeSystem\Assignment2\exercises\exercise_5\exercise_5.sdk\temp_xsdb_launch_script.tcl
14:18:38 INFO  : XSCT server has started successfully.
14:18:49 INFO  : Successfully done setting XSCT server connection channel  
14:18:49 INFO  : Successfully done setting SDK workspace  
14:18:49 INFO  : Processing command line option -hwspec C:/Users/User/Desktop/UNI/EmbeddedRealTimeSystem/Assignment2/exercises/exercise_5/exercise_5.sdk/system_wrapper.hdf.
15:24:15 INFO  : Registering command handlers for SDK TCF services
15:24:15 INFO  : Launching XSCT server: xsct.bat -interactive C:\Users\User\Desktop\UNI\EmbeddedRealTimeSystem\Assignment2\exercises\project_6\project_6.sdk\temp_xsdb_launch_script.tcl
15:24:19 INFO  : XSCT server has started successfully.
15:24:23 INFO  : Successfully done setting XSCT server connection channel  
15:24:23 INFO  : Successfully done setting SDK workspace  
15:24:23 INFO  : Processing command line option -hwspec C:/Users/User/Desktop/UNI/EmbeddedRealTimeSystem/Assignment2/exercises/project_6/project_6.sdk/system_wrapper.hdf.
15:35:18 INFO  : Registering command handlers for SDK TCF services
15:35:18 INFO  : Launching XSCT server: xsct.bat -interactive C:\Users\User\Desktop\UNI\EmbeddedRealTimeSystem\Assignment2\exercises\project_6\project_6.sdk\temp_xsdb_launch_script.tcl
15:35:22 INFO  : XSCT server has started successfully.
15:35:22 INFO  : Successfully done setting XSCT server connection channel  
15:35:26 INFO  : Successfully done setting SDK workspace  
15:35:26 INFO  : Processing command line option -hwspec C:/Users/User/Desktop/UNI/EmbeddedRealTimeSystem/Assignment2/exercises/project_6/project_6.sdk/system_wrapper.hdf.
15:35:26 INFO  : Checking for hwspec changes in the project system_wrapper_hw_platform_1.
16:54:54 INFO  : Registering command handlers for SDK TCF services
16:54:54 INFO  : Launching XSCT server: xsct.bat -interactive C:\Users\User\Desktop\UNI\EmbeddedRealTimeSystem\Assignment2\exercises\project_6\project_6.sdk\temp_xsdb_launch_script.tcl
16:54:58 INFO  : XSCT server has started successfully.
16:55:08 INFO  : Successfully done setting XSCT server connection channel  
16:55:08 INFO  : Successfully done setting SDK workspace  
16:55:08 INFO  : Processing command line option -hwspec C:/Users/User/Desktop/UNI/EmbeddedRealTimeSystem/Assignment2/exercises/project_6/project_6.sdk/system_wrapper.hdf.
16:55:08 INFO  : Checking for hwspec changes in the project system_wrapper_hw_platform_1.
19:43:51 INFO  : Registering command handlers for SDK TCF services
19:43:51 INFO  : Launching XSCT server: xsct.bat -interactive C:\Users\User\Desktop\UNI\EmbeddedRealTimeSystem\Assignment2\exercises\project_6\project_6.sdk\temp_xsdb_launch_script.tcl
19:43:55 INFO  : XSCT server has started successfully.
19:44:05 INFO  : Successfully done setting XSCT server connection channel  
19:44:05 INFO  : Successfully done setting SDK workspace  
19:44:05 INFO  : Processing command line option -hwspec C:/Users/User/Desktop/UNI/EmbeddedRealTimeSystem/Assignment2/exercises/project_6/project_6.sdk/system_wrapper.hdf.
19:44:05 INFO  : Checking for hwspec changes in the project system_wrapper_hw_platform_1.
19:51:05 INFO  : Connected to target on host '127.0.0.1' and port '3121'.
19:51:06 INFO  : 'targets -set -filter {jtag_cable_name =~ "Digilent Zybo 210279655802A" && level==0} -index 1' command is executed.
19:51:07 INFO  : FPGA configured successfully with bitstream "C:/Users/User/Desktop/UNI/EmbeddedRealTimeSystem/Assignment2/exercises/project_6/project_6.sdk/system_wrapper_hw_platform_1/system_wrapper.bit"
19:51:37 INFO  : ps7_init is completed.
19:51:37 INFO  : ps7_post_config is completed.
19:51:37 INFO  : Processor reset is completed for ps7_cortexa9_0
19:52:42 INFO  : ps7_cortexa9_0 Processor is in use. Please stop existing Run or Debug sessions before launching.
19:52:46 INFO  : Processor reset is completed for ps7_cortexa9_0
19:52:56 INFO  : ps7_cortexa9_0 Processor is in use. Please stop existing Run or Debug sessions before launching.
19:52:58 INFO  : Processor reset is completed for ps7_cortexa9_0
19:57:10 INFO  : ps7_cortexa9_0 Processor is in use. Please stop existing Run or Debug sessions before launching.
19:57:13 INFO  : Processor reset is completed for ps7_cortexa9_0
19:57:25 INFO  : ps7_cortexa9_0 Processor is in use. Please stop existing Run or Debug sessions before launching.
19:57:27 INFO  : Processor reset is completed for ps7_cortexa9_0
19:57:30 INFO  : ps7_cortexa9_0 Processor is in use. Please stop existing Run or Debug sessions before launching.
19:57:32 INFO  : Processor reset is completed for ps7_cortexa9_0
20:08:11 INFO  : Connected to target on host '127.0.0.1' and port '3121'.
20:08:11 INFO  : 'targets -set -filter {jtag_cable_name =~ "Digilent Zybo 210279655802A" && level==0} -index 1' command is executed.
20:08:12 INFO  : FPGA configured successfully with bitstream "C:/Users/User/Desktop/UNI/EmbeddedRealTimeSystem/Assignment2/exercises/project_6/project_6.sdk/system_wrapper_hw_platform_1/system_wrapper.bit"
20:08:20 INFO  : Processor reset is completed for ps7_cortexa9_0
20:28:38 INFO  : ps7_cortexa9_0 Processor is in use. Please stop existing Run or Debug sessions before launching.
20:28:39 INFO  : Processor reset is completed for ps7_cortexa9_0
20:29:00 INFO  : ps7_cortexa9_0 Processor is in use. Please stop existing Run or Debug sessions before launching.
20:29:02 INFO  : Processor reset is completed for ps7_cortexa9_0
20:33:16 INFO  : FPGA Cable Disconnected. All active launches will be terminated.
20:33:16 WARN  : Terminating existing sessions on processor ps7_cortexa9_0
20:33:28 INFO  : Processor reset is completed for ps7_cortexa9_0
20:39:30 INFO  : Connected to target on host '127.0.0.1' and port '3121'.
20:39:30 INFO  : 'targets -set -filter {jtag_cable_name =~ "Digilent Zybo 210279655802A" && level==0} -index 1' command is executed.
20:39:31 INFO  : FPGA configured successfully with bitstream "C:/Users/User/Desktop/UNI/EmbeddedRealTimeSystem/Assignment2/exercises/project_6/project_6.sdk/system_wrapper_hw_platform_1/system_wrapper.bit"
20:39:38 INFO  : Processor reset is completed for ps7_cortexa9_0
20:41:08 INFO  : Connected to target on host '127.0.0.1' and port '3121'.
20:41:08 INFO  : 'targets -set -filter {jtag_cable_name =~ "Digilent Zybo 210279655802A" && level==0} -index 1' command is executed.
20:41:09 INFO  : FPGA configured successfully with bitstream "C:/Users/User/Desktop/UNI/EmbeddedRealTimeSystem/Assignment2/exercises/project_6/project_6.sdk/system_wrapper_hw_platform_1/system_wrapper.bit"
20:41:15 INFO  : Processor reset is completed for ps7_cortexa9_0
20:46:57 INFO  : Connected to target on host '127.0.0.1' and port '3121'.
20:46:57 INFO  : 'targets -set -filter {jtag_cable_name =~ "Digilent Zybo 210279655802A" && level==0} -index 1' command is executed.
20:46:58 INFO  : FPGA configured successfully with bitstream "C:/Users/User/Desktop/UNI/EmbeddedRealTimeSystem/Assignment2/exercises/project_6/project_6.sdk/system_wrapper_hw_platform_1/system_wrapper.bit"
20:47:05 INFO  : Connected to target on host '127.0.0.1' and port '3121'.
20:47:05 INFO  : 'targets -set -filter {jtag_cable_name =~ "Digilent Zybo 210279655802A" && level==0} -index 1' command is executed.
20:47:06 INFO  : FPGA configured successfully with bitstream "C:/Users/User/Desktop/UNI/EmbeddedRealTimeSystem/Assignment2/exercises/project_6/project_6.sdk/system_wrapper_hw_platform_1/system_wrapper.bit"
20:47:13 INFO  : Processor reset is completed for ps7_cortexa9_0
20:48:47 INFO  : Connected to target on host '127.0.0.1' and port '3121'.
20:48:47 INFO  : 'targets -set -filter {jtag_cable_name =~ "Digilent Zybo 210279655802A" && level==0} -index 1' command is executed.
20:48:48 INFO  : FPGA configured successfully with bitstream "C:/Users/User/Desktop/UNI/EmbeddedRealTimeSystem/Assignment2/exercises/project_6/project_6.sdk/system_wrapper_hw_platform_1/system_wrapper.bit"
20:48:54 INFO  : Processor reset is completed for ps7_cortexa9_0
20:51:39 INFO  : Processor reset is completed for ps7_cortexa9_0
20:51:49 INFO  : Connected to target on host '127.0.0.1' and port '3121'.
20:51:50 INFO  : 'targets -set -filter {jtag_cable_name =~ "Digilent Zybo 210279655802A" && level==0} -index 1' command is executed.
20:51:51 INFO  : FPGA configured successfully with bitstream "C:/Users/User/Desktop/UNI/EmbeddedRealTimeSystem/Assignment2/exercises/project_6/project_6.sdk/system_wrapper_hw_platform_1/system_wrapper.bit"
20:51:56 INFO  : Processor reset is completed for ps7_cortexa9_0
21:32:58 INFO  : Connected to target on host '127.0.0.1' and port '3121'.
21:32:58 INFO  : 'targets -set -filter {jtag_cable_name =~ "Digilent Zybo 210279655802A" && level==0} -index 1' command is executed.
21:33:00 INFO  : FPGA configured successfully with bitstream "C:/Users/User/Desktop/UNI/EmbeddedRealTimeSystem/Assignment2/exercises/project_6/project_6.sdk/system_wrapper_hw_platform_1/system_wrapper.bit"
21:33:06 INFO  : Processor reset is completed for ps7_cortexa9_0
21:35:36 ERROR : Unexpected error while parsing XMD response ?: com.google.gson.JsonSyntaxException: com.google.gson.stream.MalformedJsonException: invalid number or unquoted string near 
10:39:11 INFO  : Registering command handlers for SDK TCF services
10:39:11 INFO  : Launching XSCT server: xsct.bat -interactive C:\Users\User\Desktop\UNI\EmbeddedRealTimeSystem\Assignment2\exercises\project_6\project_6.sdk\temp_xsdb_launch_script.tcl
10:39:15 INFO  : XSCT server has started successfully.
10:39:15 INFO  : Successfully done setting XSCT server connection channel  
10:39:24 INFO  : Successfully done setting SDK workspace  
10:39:24 INFO  : Processing command line option -hwspec C:/Users/User/Desktop/UNI/EmbeddedRealTimeSystem/Assignment2/exercises/project_6/project_6.sdk/system_wrapper.hdf.
10:39:24 INFO  : Checking for hwspec changes in the project system_wrapper_hw_platform_1.
10:45:57 INFO  : Registering command handlers for SDK TCF services
10:45:58 INFO  : Launching XSCT server: xsct.bat -interactive C:\Users\User\Desktop\UNI\EmbeddedRealTimeSystem\Assignment2\exercises\project_6\project_6.sdk\temp_xsdb_launch_script.tcl
10:46:01 INFO  : XSCT server has started successfully.
10:46:05 INFO  : Successfully done setting XSCT server connection channel  
10:46:05 INFO  : Successfully done setting SDK workspace  
10:46:05 INFO  : Processing command line option -hwspec C:/Users/User/Desktop/UNI/EmbeddedRealTimeSystem/Assignment2/exercises/project_6/project_6.sdk/system_wrapper.hdf.
10:46:05 INFO  : Checking for hwspec changes in the project system_wrapper_hw_platform_1.
10:51:08 INFO  : Registering command handlers for SDK TCF services
10:51:08 INFO  : Launching XSCT server: xsct.bat -interactive C:\Users\User\Desktop\UNI\EmbeddedRealTimeSystem\Assignment2\exercises\exercise_6\exercise_6.sdk\temp_xsdb_launch_script.tcl
10:51:11 INFO  : XSCT server has started successfully.
10:51:16 INFO  : Successfully done setting XSCT server connection channel  
10:51:16 INFO  : Successfully done setting SDK workspace  
10:51:16 INFO  : Processing command line option -hwspec C:/Users/User/Desktop/UNI/EmbeddedRealTimeSystem/Assignment2/exercises/exercise_6/exercise_6.sdk/system_wrapper.hdf.
10:36:12 INFO  : Registering command handlers for SDK TCF services
10:36:12 INFO  : Launching XSCT server: xsct.bat -interactive C:\Users\User\Desktop\UNI\EmbeddedRealTimeSystem\Assignment2\exercises\exercise_6\exercise_6.sdk\temp_xsdb_launch_script.tcl
10:36:16 INFO  : XSCT server has started successfully.
10:36:16 INFO  : Successfully done setting XSCT server connection channel  
10:36:27 INFO  : Successfully done setting SDK workspace  
10:36:27 INFO  : Processing command line option -hwspec C:/Users/User/Desktop/UNI/EmbeddedRealTimeSystem/Assignment2/exercises/exercise_6/exercise_6.sdk/system_wrapper.hdf.
10:36:27 INFO  : Checking for hwspec changes in the project system_wrapper_hw_platform_0.
12:53:50 INFO  : Registering command handlers for SDK TCF services
12:53:51 INFO  : Launching XSCT server: xsct.bat -interactive C:\Users\User\Desktop\UNI\EmbeddedRealTimeSystem\Assignment2\exercises\exercise_6\exercise_6.sdk\temp_xsdb_launch_script.tcl
12:53:54 INFO  : XSCT server has started successfully.
12:53:54 INFO  : Successfully done setting XSCT server connection channel  
12:53:59 INFO  : Successfully done setting SDK workspace  
12:53:59 INFO  : Processing command line option -hwspec C:/Users/User/Desktop/UNI/EmbeddedRealTimeSystem/Assignment2/exercises/exercise_6/exercise_6.sdk/system_wrapper.hdf.
12:53:59 INFO  : Checking for hwspec changes in the project system_wrapper_hw_platform_0.
