

================================================================
== Vivado HLS Report for 'advios'
================================================================
* Date:           Wed Oct 12 22:54:08 2022

* Version:        2017.2 (Build 1909853 on Thu Jun 15 18:55:24 MDT 2017)
* Project:        advios.prj
* Solution:       solution1
* Product family: zynq
* Target device:  xc7z010clg400-1


================================================================
== Performance Estimates
================================================================
+ Timing (ns): 
    * Summary: 
    +--------+-------+----------+------------+
    |  Clock | Target| Estimated| Uncertainty|
    +--------+-------+----------+------------+
    |ap_clk  |   8.00|      3.25|        1.00|
    +--------+-------+----------+------------+

+ Latency (clock cycles): 
    * Summary: 
    +-----+-----------+-----+-----------+---------+
    |     Latency     |     Interval    | Pipeline|
    | min |    max    | min |    max    |   Type  |
    +-----+-----------+-----+-----------+---------+
    |    0|  100000005|    1|  100000006|   none  |
    +-----+-----------+-----+-----------+---------+

    + Detail: 
        * Instance: 
        +------------------------------+--------------------+-----------+-----------+-----------+-----------+---------+
        |                              |                    |        Latency        |        Interval       | Pipeline|
        |           Instance           |       Module       |    min    |    max    |    min    |    max    |   Type  |
        +------------------------------+--------------------+-----------+-----------+-----------+-----------+---------+
        |grp_advios_controlLeds_fu_72  |advios_controlLeds  |          4|          4|          4|          4|   none  |
        |grp_advios_makePulse_fu_88    |advios_makePulse    |  100000004|  100000004|  100000004|  100000004|   none  |
        +------------------------------+--------------------+-----------+-----------+-----------+-----------+---------+

        * Loop: 
        N/A



================================================================
== Utilization Estimates
================================================================
* Summary: 
+-----------------+---------+-------+-------+-------+
|       Name      | BRAM_18K| DSP48E|   FF  |  LUT  |
+-----------------+---------+-------+-------+-------+
|DSP              |        -|      -|      -|      -|
|Expression       |        -|      -|      -|      -|
|FIFO             |        -|      -|      -|      -|
|Instance         |        -|      -|    139|    137|
|Memory           |        -|      -|      -|      -|
|Multiplexer      |        -|      -|      -|      -|
|Register         |        -|      -|      8|      -|
+-----------------+---------+-------+-------+-------+
|Total            |        0|      0|    147|    137|
+-----------------+---------+-------+-------+-------+
|Available        |      120|     80|  35200|  17600|
+-----------------+---------+-------+-------+-------+
|Utilization (%)  |        0|      0|   ~0  |   ~0  |
+-----------------+---------+-------+-------+-------+

+ Detail: 
    * Instance: 
    +------------------------------+--------------------+---------+-------+-----+----+
    |           Instance           |       Module       | BRAM_18K| DSP48E|  FF | LUT|
    +------------------------------+--------------------+---------+-------+-----+----+
    |grp_advios_controlLeds_fu_72  |advios_controlLeds  |        0|      0|    5|  50|
    |grp_advios_makePulse_fu_88    |advios_makePulse    |        0|      0|  134|  87|
    +------------------------------+--------------------+---------+-------+-----+----+
    |Total                         |                    |        0|      0|  139| 137|
    +------------------------------+--------------------+---------+-------+-----+----+

    * DSP48: 
    N/A

    * Memory: 
    N/A

    * FIFO: 
    N/A

    * Expression: 
    N/A

    * Multiplexer: 
    N/A

    * Register: 
    +---------+---+----+-----+-----------+
    |   Name  | FF| LUT| Bits| Const Bits|
    +---------+---+----+-----+-----------+
    |count    |  4|   0|    4|          0|
    |outLeds  |  4|   0|    4|          0|
    +---------+---+----+-----+-----------+
    |Total    |  8|   0|    8|          0|
    +---------+---+----+-----+-----------+



================================================================
== Interface
================================================================
* Summary: 
+----------+-----+-----+------------+----------------+--------------+
| RTL Ports| Dir | Bits|  Protocol  |  Source Object |    C Type    |
+----------+-----+-----+------------+----------------+--------------+
|clk       |  in |    1| ap_ctrl_hs | advios::advios | return value |
|reset     |  in |    1| ap_ctrl_hs | advios::advios | return value |
|ctrl      |  in |    4|   ap_none  |      ctrl      |    pointer   |
|inSwitch  |  in |    4|   ap_none  |    inSwitch    |    pointer   |
|outLeds   | out |    4|   ap_vld   |     outLeds    |    pointer   |
+----------+-----+-----+------------+----------------+--------------+

============================================================
+ Verbose Summary: Synthesis Manager
============================================================
InlineROM: 1
ExposeGlobal: 0
============================================================
+ Verbose Summary: CDFG Model
============================================================
IsTopModel: 1
ResetActiveHigh: 1
IsCombinational: 2
IsDatapathOnly: 0
HasWiredReturn: 1
HasMFsm: 0
HasVarLatency: 1
IsPipeline: 0
IsRtlPipelined: 0
IsInstanceOverlapped: 0
IsDontTouch: 0
HasImplIP: 0
IsGatedGlobalClock: 0


============================================================
+ Verbose Summary: Schedule
============================================================
* Number of FSM states: 2
* Pipeline: 0
* Dataflow Pipeline: 0

* FSM state transitions: 
1 --> 
	2  / (advios_ssdm_threa) | (advios_ssdm_threa_1)
2 --> 
* FSM state operations: 

 <State 1>: 3.10ns
ST_1: StgValue_3 (9)  [1/1] 0.00ns
:0  call void (...)* @_ssdm_op_SpecIFCore(i4* %ctrl, [1 x i8]* @p_str10, [10 x i8]* @p_str14, [1 x i8]* @p_str10, i32 -1, [1 x i8]* @p_str10, [1 x i8]* @p_str10, [1 x i8]* @p_str10, [1 x i8]* @p_str10, [17 x i8]* @p_str15)

ST_1: StgValue_4 (10)  [1/1] 0.00ns
:1  call void (...)* @_ssdm_op_SpecBitsMap(i1* %clk), !map !82

ST_1: StgValue_5 (11)  [1/1] 0.00ns
:2  call void (...)* @_ssdm_op_SpecBitsMap(i1* %reset), !map !86

ST_1: StgValue_6 (12)  [1/1] 0.00ns
:3  call void (...)* @_ssdm_op_SpecBitsMap(i4* %ctrl), !map !90

ST_1: StgValue_7 (13)  [1/1] 0.00ns
:4  call void (...)* @_ssdm_op_SpecBitsMap(i4* %inSwitch), !map !94

ST_1: StgValue_8 (14)  [1/1] 0.00ns
:5  call void (...)* @_ssdm_op_SpecBitsMap(i4* %outLeds), !map !98

ST_1: StgValue_9 (15)  [1/1] 0.00ns
:6  call void (...)* @_ssdm_op_SpecBitsMap(i4* %count), !map !102

ST_1: StgValue_10 (16)  [1/1] 0.00ns  loc: ../temp/advios.h:19
:7  call void (...)* @_ssdm_op_SpecTopModule([7 x i8]* @p_str, [7 x i8]* @p_str) nounwind

ST_1: advios_ssdm_threa (17)  [1/1] 0.00ns  loc: ../temp/advios.h:20
:8  %advios_ssdm_threa = load i1* @advios_ssdm_thread_M_makePulse, align 1

ST_1: StgValue_12 (18)  [1/1] 0.00ns  loc: ../temp/advios.h:20
:9  br i1 %advios_ssdm_threa, label %1, label %2

ST_1: StgValue_13 (20)  [1/1] 0.00ns  loc: ../temp/advios.h:20
:0  call void (...)* @_ssdm_op_SpecProcessDecl([7 x i8]* @p_str, i32 2, [10 x i8]* @p_str8) nounwind

ST_1: StgValue_14 (21)  [1/1] 0.00ns  loc: ../temp/advios.h:21
:1  call void (...)* @_ssdm_op_SpecSensitive([10 x i8]* @p_str8, [4 x i8]* @p_str2, i1* %clk, i32 1) nounwind

ST_1: StgValue_15 (22)  [1/1] 0.00ns  loc: ../temp/advios.h:22
:2  call void (...)* @_ssdm_op_SpecSensitive([10 x i8]* @p_str8, [6 x i8]* @p_str3, i1* %reset, i32 3) nounwind

ST_1: advios_ssdm_threa_1 (23)  [1/1] 0.00ns  loc: ../temp/advios.h:23
:3  %advios_ssdm_threa_1 = load i1* @advios_ssdm_thread_M_controlLeds, align 1

ST_1: StgValue_17 (24)  [1/1] 0.00ns  loc: ../temp/advios.h:23
:4  br i1 %advios_ssdm_threa_1, label %3, label %4

ST_1: StgValue_18 (26)  [1/1] 0.00ns  loc: ../temp/advios.h:23
:0  call void (...)* @_ssdm_op_SpecProcessDecl([7 x i8]* @p_str, i32 2, [12 x i8]* @p_str13) nounwind

ST_1: StgValue_19 (27)  [1/1] 0.00ns  loc: ../temp/advios.h:24
:1  call void (...)* @_ssdm_op_SpecSensitive([12 x i8]* @p_str13, [4 x i8]* @p_str2, i1* %clk, i32 1) nounwind

ST_1: StgValue_20 (28)  [1/1] 0.00ns  loc: ../temp/advios.h:25
:2  call void (...)* @_ssdm_op_SpecSensitive([12 x i8]* @p_str13, [6 x i8]* @p_str3, i1* %reset, i32 3) nounwind

ST_1: StgValue_21 (29)  [1/1] 0.00ns  loc: ../temp/advios.h:26
:3  call void (...)* @_ssdm_op_SpecPort([7 x i8]* @p_str, i32 0, [7 x i8]* @p_str1, [4 x i8]* @p_str2, i32 0, i32 0, i1* %clk) nounwind

ST_1: StgValue_22 (30)  [1/1] 0.00ns  loc: ../temp/advios.h:27
:4  call void (...)* @_ssdm_op_SpecPort([7 x i8]* @p_str, i32 0, [7 x i8]* @p_str1, [6 x i8]* @p_str3, i32 0, i32 0, i1* %reset) nounwind

ST_1: StgValue_23 (31)  [1/1] 0.00ns  loc: ../temp/advios.h:28
:5  call void (...)* @_ssdm_op_SpecPort([7 x i8]* @p_str, i32 0, [13 x i8]* @p_str4, [5 x i8]* @p_str5, i32 0, i32 0, i4* %ctrl) nounwind

ST_1: StgValue_24 (32)  [1/1] 0.00ns  loc: ../temp/advios.h:29
:6  call void (...)* @_ssdm_op_SpecPort([7 x i8]* @p_str, i32 0, [13 x i8]* @p_str4, [9 x i8]* @p_str6, i32 0, i32 0, i4* %inSwitch) nounwind

ST_1: StgValue_25 (33)  [1/1] 0.00ns  loc: ../temp/advios.h:30
:7  call void (...)* @_ssdm_op_SpecPort([7 x i8]* @p_str, i32 1, [13 x i8]* @p_str4, [8 x i8]* @p_str7, i32 0, i32 0, i4* %outLeds) nounwind

ST_1: StgValue_26 (34)  [1/1] 0.00ns  loc: ../temp/advios.h:31
:8  call void (...)* @_ssdm_op_SpecChannel([7 x i8]* @p_str, i32 0, [13 x i8]* @p_str4, [6 x i8]* @p_str12, i32 1, i32 0, i4* %count) nounwind

ST_1: StgValue_27 (35)  [1/1] 0.00ns  loc: ../temp/advios.h:21
:9  ret void

ST_1: StgValue_28 (37)  [2/2] 3.10ns  loc: ../temp/advios.h:23
:0  call void @"advios::controlLeds"(i1* %clk, i1* %reset, i4* %ctrl, i4* %inSwitch, i4* %outLeds, i4* %count)

ST_1: StgValue_29 (40)  [2/2] 2.35ns  loc: ../temp/advios.h:20
:0  call void @"advios::makePulse"(i1* %clk, i1* %reset, i4* %ctrl, i4* %inSwitch, i4* %outLeds, i4* %count)


 <State 2>: 2.35ns
ST_2: StgValue_30 (37)  [1/2] 2.07ns  loc: ../temp/advios.h:23
:0  call void @"advios::controlLeds"(i1* %clk, i1* %reset, i4* %ctrl, i4* %inSwitch, i4* %outLeds, i4* %count)

ST_2: StgValue_31 (38)  [1/1] 0.00ns
:1  br label %UnifiedUnreachableBlock

ST_2: StgValue_32 (40)  [1/2] 2.35ns  loc: ../temp/advios.h:20
:0  call void @"advios::makePulse"(i1* %clk, i1* %reset, i4* %ctrl, i4* %inSwitch, i4* %outLeds, i4* %count)

ST_2: StgValue_33 (41)  [1/1] 0.00ns
:1  br label %UnifiedUnreachableBlock

ST_2: StgValue_34 (43)  [1/1] 0.00ns
UnifiedUnreachableBlock:0  unreachable



============================================================
+ Verbose Summary: Binding
============================================================
STG Binding: 
---------------- STG Properties BEGIN ----------------
- Is combinational: 0
- Is one-state seq: 0
- Is datapath-only: 0
- Is pipelined: 0
- Is top level: 1
Port [ Return ] is wired: 1; IO mode=ap_ctrl_hs:ce=0
Port [ clk]:  wired=1; compound=0; hidden=0; nouse=1; global=0; static=0; extern=0; dir=0; type=0; pingpong=0; private_global=0; IO mode=ap_none:ce=0
Port [ reset]:  wired=1; compound=0; hidden=0; nouse=1; global=0; static=0; extern=0; dir=0; type=0; pingpong=0; private_global=0; IO mode=ap_none:ce=0
Port [ ctrl]:  wired=1; compound=0; hidden=0; nouse=0; global=0; static=0; extern=0; dir=0; type=0; pingpong=0; private_global=0; IO mode=ap_none:ce=0
Port [ inSwitch]:  wired=1; compound=0; hidden=0; nouse=0; global=0; static=0; extern=0; dir=0; type=0; pingpong=0; private_global=0; IO mode=ap_none:ce=0
Port [ outLeds]:  wired=1; compound=0; hidden=0; nouse=0; global=0; static=0; extern=0; dir=1; type=0; pingpong=0; private_global=0; IO mode=ap_vld:ce=0
Port [ count]:  wired=1; compound=0; hidden=1; nouse=0; global=0; static=0; extern=0; dir=2; type=0; pingpong=0; private_global=0; IO mode=ap_ovld:ce=0
Port [ advios_ssdm_thread_M_makePulse]:  wired=0; compound=0; hidden=1; nouse=0; global=1; static=0; extern=1; dir=0; type=0; pingpong=0; private_global=1; linkage=0; visibility=0; IO mode=ap_none:ce=0
Port [ advios_ssdm_thread_M_controlLeds]:  wired=0; compound=0; hidden=1; nouse=0; global=1; static=0; extern=1; dir=0; type=0; pingpong=0; private_global=1; linkage=0; visibility=0; IO mode=ap_none:ce=0
---------------- STG Properties END ------------------

---------------- Datapath Model BEGIN ----------------

<LifeTime>
<method=bitvector/>
StgValue_3          (specifcore     ) [ 000]
StgValue_4          (specbitsmap    ) [ 000]
StgValue_5          (specbitsmap    ) [ 000]
StgValue_6          (specbitsmap    ) [ 000]
StgValue_7          (specbitsmap    ) [ 000]
StgValue_8          (specbitsmap    ) [ 000]
StgValue_9          (specbitsmap    ) [ 000]
StgValue_10         (spectopmodule  ) [ 000]
advios_ssdm_threa   (load           ) [ 011]
StgValue_12         (br             ) [ 000]
StgValue_13         (specprocessdecl) [ 000]
StgValue_14         (specsensitive  ) [ 000]
StgValue_15         (specsensitive  ) [ 000]
advios_ssdm_threa_1 (load           ) [ 010]
StgValue_17         (br             ) [ 000]
StgValue_18         (specprocessdecl) [ 000]
StgValue_19         (specsensitive  ) [ 000]
StgValue_20         (specsensitive  ) [ 000]
StgValue_21         (specport       ) [ 000]
StgValue_22         (specport       ) [ 000]
StgValue_23         (specport       ) [ 000]
StgValue_24         (specport       ) [ 000]
StgValue_25         (specport       ) [ 000]
StgValue_26         (specchannel    ) [ 000]
StgValue_27         (ret            ) [ 000]
StgValue_30         (call           ) [ 000]
StgValue_31         (br             ) [ 000]
StgValue_32         (call           ) [ 000]
StgValue_33         (br             ) [ 000]
StgValue_34         (unreachable    ) [ 000]
</LifeTime>

<model>

<comp_list>
<comp id="0" class="1000" name="clk">
<pin_list>
<pin id="1" dir="1" index="0" bw="1" slack="0"/>
</pin_list>
<bind>
<StgValue><ssdm name="clk"/></StgValue>
</bind>
</comp>

<comp id="2" class="1000" name="reset">
<pin_list>
<pin id="3" dir="1" index="0" bw="1" slack="0"/>
</pin_list>
<bind>
<StgValue><ssdm name="reset"/></StgValue>
</bind>
</comp>

<comp id="4" class="1000" name="ctrl">
<pin_list>
<pin id="5" dir="1" index="0" bw="1" slack="0"/>
</pin_list>
<bind>
<StgValue><ssdm name="ctrl"/></StgValue>
</bind>
</comp>

<comp id="6" class="1000" name="inSwitch">
<pin_list>
<pin id="7" dir="1" index="0" bw="1" slack="0"/>
</pin_list>
<bind>
<StgValue><ssdm name="inSwitch"/></StgValue>
</bind>
</comp>

<comp id="8" class="1000" name="outLeds">
<pin_list>
<pin id="9" dir="1" index="0" bw="1" slack="0"/>
</pin_list>
<bind>
<StgValue><ssdm name="outLeds"/></StgValue>
</bind>
</comp>

<comp id="10" class="1000" name="count">
<pin_list>
<pin id="11" dir="1" index="0" bw="1" slack="0"/>
</pin_list>
<bind>
<StgValue><ssdm name="count"/></StgValue>
</bind>
</comp>

<comp id="12" class="1000" name="advios_ssdm_thread_M_makePulse">
<pin_list>
<pin id="13" dir="1" index="0" bw="1" slack="0"/>
</pin_list>
<bind>
<StgValue><ssdm name="advios_ssdm_thread_M_makePulse"/></StgValue>
</bind>
</comp>

<comp id="14" class="1000" name="advios_ssdm_thread_M_controlLeds">
<pin_list>
<pin id="15" dir="1" index="0" bw="1" slack="0"/>
</pin_list>
<bind>
<StgValue><ssdm name="advios_ssdm_thread_M_controlLeds"/></StgValue>
</bind>
</comp>

<comp id="16" class="1001" name="const_16">
<pin_list>
<pin id="17" dir="1" index="0" bw="1" slack="2147483647"/>
</pin_list>
<bind>
<StgValue><ssdm name="_ssdm_op_SpecIFCore"/></StgValue>
</bind>
</comp>

<comp id="18" class="1001" name="const_18">
<pin_list>
<pin id="19" dir="1" index="0" bw="1" slack="2147483647"/>
</pin_list>
<bind>
<StgValue><ssdm name="p_str10"/></StgValue>
</bind>
</comp>

<comp id="20" class="1001" name="const_20">
<pin_list>
<pin id="21" dir="1" index="0" bw="1" slack="2147483647"/>
</pin_list>
<bind>
<StgValue><ssdm name="p_str14"/></StgValue>
</bind>
</comp>

<comp id="22" class="1001" name="const_22">
<pin_list>
<pin id="23" dir="1" index="0" bw="1" slack="2147483647"/>
</pin_list>
<bind>
<StgValue><ssdm name=""/></StgValue>
</bind>
</comp>

<comp id="24" class="1001" name="const_24">
<pin_list>
<pin id="25" dir="1" index="0" bw="1" slack="2147483647"/>
</pin_list>
<bind>
<StgValue><ssdm name="p_str15"/></StgValue>
</bind>
</comp>

<comp id="26" class="1001" name="const_26">
<pin_list>
<pin id="27" dir="1" index="0" bw="1" slack="2147483647"/>
</pin_list>
<bind>
<StgValue><ssdm name="_ssdm_op_SpecBitsMap"/></StgValue>
</bind>
</comp>

<comp id="28" class="1001" name="const_28">
<pin_list>
<pin id="29" dir="1" index="0" bw="1" slack="2147483647"/>
</pin_list>
<bind>
<StgValue><ssdm name="_ssdm_op_SpecTopModule"/></StgValue>
</bind>
</comp>

<comp id="30" class="1001" name="const_30">
<pin_list>
<pin id="31" dir="1" index="0" bw="1" slack="2147483647"/>
</pin_list>
<bind>
<StgValue><ssdm name="p_str"/></StgValue>
</bind>
</comp>

<comp id="32" class="1001" name="const_32">
<pin_list>
<pin id="33" dir="1" index="0" bw="1" slack="2147483647"/>
</pin_list>
<bind>
<StgValue><ssdm name="_ssdm_op_SpecProcessDecl"/></StgValue>
</bind>
</comp>

<comp id="34" class="1001" name="const_34">
<pin_list>
<pin id="35" dir="1" index="0" bw="1" slack="2147483647"/>
</pin_list>
<bind>
<StgValue><ssdm name=""/></StgValue>
</bind>
</comp>

<comp id="36" class="1001" name="const_36">
<pin_list>
<pin id="37" dir="1" index="0" bw="1" slack="2147483647"/>
</pin_list>
<bind>
<StgValue><ssdm name="p_str8"/></StgValue>
</bind>
</comp>

<comp id="38" class="1001" name="const_38">
<pin_list>
<pin id="39" dir="1" index="0" bw="1" slack="2147483647"/>
</pin_list>
<bind>
<StgValue><ssdm name="_ssdm_op_SpecSensitive"/></StgValue>
</bind>
</comp>

<comp id="40" class="1001" name="const_40">
<pin_list>
<pin id="41" dir="1" index="0" bw="1" slack="2147483647"/>
</pin_list>
<bind>
<StgValue><ssdm name="p_str2"/></StgValue>
</bind>
</comp>

<comp id="42" class="1001" name="const_42">
<pin_list>
<pin id="43" dir="1" index="0" bw="1" slack="2147483647"/>
</pin_list>
<bind>
<StgValue><ssdm name=""/></StgValue>
</bind>
</comp>

<comp id="44" class="1001" name="const_44">
<pin_list>
<pin id="45" dir="1" index="0" bw="1" slack="2147483647"/>
</pin_list>
<bind>
<StgValue><ssdm name="p_str3"/></StgValue>
</bind>
</comp>

<comp id="46" class="1001" name="const_46">
<pin_list>
<pin id="47" dir="1" index="0" bw="1" slack="2147483647"/>
</pin_list>
<bind>
<StgValue><ssdm name=""/></StgValue>
</bind>
</comp>

<comp id="48" class="1001" name="const_48">
<pin_list>
<pin id="49" dir="1" index="0" bw="1" slack="2147483647"/>
</pin_list>
<bind>
<StgValue><ssdm name="p_str13"/></StgValue>
</bind>
</comp>

<comp id="50" class="1001" name="const_50">
<pin_list>
<pin id="51" dir="1" index="0" bw="1" slack="2147483647"/>
</pin_list>
<bind>
<StgValue><ssdm name="_ssdm_op_SpecPort"/></StgValue>
</bind>
</comp>

<comp id="52" class="1001" name="const_52">
<pin_list>
<pin id="53" dir="1" index="0" bw="1" slack="2147483647"/>
</pin_list>
<bind>
<StgValue><ssdm name=""/></StgValue>
</bind>
</comp>

<comp id="54" class="1001" name="const_54">
<pin_list>
<pin id="55" dir="1" index="0" bw="1" slack="2147483647"/>
</pin_list>
<bind>
<StgValue><ssdm name="p_str1"/></StgValue>
</bind>
</comp>

<comp id="56" class="1001" name="const_56">
<pin_list>
<pin id="57" dir="1" index="0" bw="1" slack="2147483647"/>
</pin_list>
<bind>
<StgValue><ssdm name="p_str4"/></StgValue>
</bind>
</comp>

<comp id="58" class="1001" name="const_58">
<pin_list>
<pin id="59" dir="1" index="0" bw="1" slack="2147483647"/>
</pin_list>
<bind>
<StgValue><ssdm name="p_str5"/></StgValue>
</bind>
</comp>

<comp id="60" class="1001" name="const_60">
<pin_list>
<pin id="61" dir="1" index="0" bw="1" slack="2147483647"/>
</pin_list>
<bind>
<StgValue><ssdm name="p_str6"/></StgValue>
</bind>
</comp>

<comp id="62" class="1001" name="const_62">
<pin_list>
<pin id="63" dir="1" index="0" bw="1" slack="2147483647"/>
</pin_list>
<bind>
<StgValue><ssdm name="p_str7"/></StgValue>
</bind>
</comp>

<comp id="64" class="1001" name="const_64">
<pin_list>
<pin id="65" dir="1" index="0" bw="1" slack="2147483647"/>
</pin_list>
<bind>
<StgValue><ssdm name="_ssdm_op_SpecChannel"/></StgValue>
</bind>
</comp>

<comp id="66" class="1001" name="const_66">
<pin_list>
<pin id="67" dir="1" index="0" bw="1" slack="2147483647"/>
</pin_list>
<bind>
<StgValue><ssdm name="p_str12"/></StgValue>
</bind>
</comp>

<comp id="68" class="1001" name="const_68">
<pin_list>
<pin id="69" dir="1" index="0" bw="1" slack="0"/>
</pin_list>
<bind>
<StgValue><ssdm name="advios::controlLeds"/></StgValue>
</bind>
</comp>

<comp id="70" class="1001" name="const_70">
<pin_list>
<pin id="71" dir="1" index="0" bw="1" slack="0"/>
</pin_list>
<bind>
<StgValue><ssdm name="advios::makePulse"/></StgValue>
</bind>
</comp>

<comp id="72" class="1004" name="grp_advios_controlLeds_fu_72">
<pin_list>
<pin id="73" dir="0" index="0" bw="0" slack="0"/>
<pin id="74" dir="0" index="1" bw="1" slack="0"/>
<pin id="75" dir="0" index="2" bw="1" slack="0"/>
<pin id="76" dir="0" index="3" bw="4" slack="0"/>
<pin id="77" dir="0" index="4" bw="4" slack="0"/>
<pin id="78" dir="0" index="5" bw="4" slack="0"/>
<pin id="79" dir="0" index="6" bw="4" slack="0"/>
<pin id="80" dir="1" index="7" bw="0" slack="2147483647"/>
</pin_list>
<bind>
<opcode="call(48) " fcode="call"/>
<opset="StgValue_28/1 "/>
</bind>
</comp>

<comp id="88" class="1004" name="grp_advios_makePulse_fu_88">
<pin_list>
<pin id="89" dir="0" index="0" bw="0" slack="0"/>
<pin id="90" dir="0" index="1" bw="1" slack="0"/>
<pin id="91" dir="0" index="2" bw="1" slack="0"/>
<pin id="92" dir="0" index="3" bw="4" slack="0"/>
<pin id="93" dir="0" index="4" bw="4" slack="0"/>
<pin id="94" dir="0" index="5" bw="4" slack="0"/>
<pin id="95" dir="0" index="6" bw="4" slack="0"/>
<pin id="96" dir="1" index="7" bw="0" slack="2147483647"/>
</pin_list>
<bind>
<opcode="call(48) " fcode="call"/>
<opset="StgValue_29/1 "/>
</bind>
</comp>

<comp id="104" class="1004" name="advios_ssdm_threa_load_fu_104">
<pin_list>
<pin id="105" dir="0" index="0" bw="1" slack="0"/>
<pin id="106" dir="1" index="1" bw="1" slack="1"/>
</pin_list>
<bind>
<opcode="load(27) " fcode="load"/>
<opset="advios_ssdm_threa/1 "/>
</bind>
</comp>

<comp id="108" class="1004" name="advios_ssdm_threa_1_load_fu_108">
<pin_list>
<pin id="109" dir="0" index="0" bw="1" slack="0"/>
<pin id="110" dir="1" index="1" bw="1" slack="2147483647"/>
</pin_list>
<bind>
<opcode="load(27) " fcode="load"/>
<opset="advios_ssdm_threa_1/1 "/>
</bind>
</comp>

<comp id="112" class="1005" name="advios_ssdm_threa_reg_112">
<pin_list>
<pin id="113" dir="0" index="0" bw="1" slack="1"/>
<pin id="114" dir="1" index="1" bw="1" slack="2147483647"/>
</pin_list>
<bind>
<opset="advios_ssdm_threa "/>
</bind>
</comp>

</comp_list>

<net_list>
<net id="81"><net_src comp="68" pin="0"/><net_sink comp="72" pin=0"/></net>

<net id="82"><net_src comp="0" pin="0"/><net_sink comp="72" pin=1"/></net>

<net id="83"><net_src comp="2" pin="0"/><net_sink comp="72" pin=2"/></net>

<net id="84"><net_src comp="4" pin="0"/><net_sink comp="72" pin=3"/></net>

<net id="85"><net_src comp="6" pin="0"/><net_sink comp="72" pin=4"/></net>

<net id="86"><net_src comp="8" pin="0"/><net_sink comp="72" pin=5"/></net>

<net id="87"><net_src comp="10" pin="0"/><net_sink comp="72" pin=6"/></net>

<net id="97"><net_src comp="70" pin="0"/><net_sink comp="88" pin=0"/></net>

<net id="98"><net_src comp="0" pin="0"/><net_sink comp="88" pin=1"/></net>

<net id="99"><net_src comp="2" pin="0"/><net_sink comp="88" pin=2"/></net>

<net id="100"><net_src comp="4" pin="0"/><net_sink comp="88" pin=3"/></net>

<net id="101"><net_src comp="6" pin="0"/><net_sink comp="88" pin=4"/></net>

<net id="102"><net_src comp="8" pin="0"/><net_sink comp="88" pin=5"/></net>

<net id="103"><net_src comp="10" pin="0"/><net_sink comp="88" pin=6"/></net>

<net id="107"><net_src comp="12" pin="0"/><net_sink comp="104" pin=0"/></net>

<net id="111"><net_src comp="14" pin="0"/><net_sink comp="108" pin=0"/></net>

<net id="115"><net_src comp="104" pin="1"/><net_sink comp="112" pin=0"/></net>

</net_list>

</model> 
---------------- Datapath Model END ------------------

* FSMD analyzer results:
  - Output states:
	Port: outLeds | {1 2 }
	Port: count | {1 2 }
 - Input state : 
	Port: advios::advios : ctrl | {1 2 }
	Port: advios::advios : inSwitch | {1 2 }
	Port: advios::advios : count | {1 2 }
	Port: advios::advios : advios_ssdm_thread_M_makePulse | {1 }
	Port: advios::advios : advios_ssdm_thread_M_controlLeds | {1 }
  - Chain level:
	State 1
		StgValue_12 : 1
		StgValue_17 : 1
	State 2


============================================================
+ Verbose Summary: Datapath Resource usage 
============================================================

* Functional unit list:
|----------|------------------------------|---------|---------|---------|
| Operation|        Functional Unit       |  Delay  |    FF   |   LUT   |
|----------|------------------------------|---------|---------|---------|
|   call   | grp_advios_controlLeds_fu_72 |  1.773  |    1    |    23   |
|          |  grp_advios_makePulse_fu_88  |  1.588  |   157   |    66   |
|----------|------------------------------|---------|---------|---------|
|   Total  |                              |  3.361  |   158   |    89   |
|----------|------------------------------|---------|---------|---------|

Memories:
N/A

* Register list:
+-------------------------+--------+
|                         |   FF   |
+-------------------------+--------+
|advios_ssdm_threa_reg_112|    1   |
+-------------------------+--------+
|          Total          |    1   |
+-------------------------+--------+

* Multiplexer (MUX) list: 
|--------|------|------|------|--------|
|  Comp  |  Pin | Size |  BW  | S x BW |
|--------|------|------|------|--------|
|  Total |      |      |      |    0   |
|--------|------|------|------|--------|



* Summary:
+-----------+--------+--------+--------+
|           |  Delay |   FF   |   LUT  |
+-----------+--------+--------+--------+
|  Function |    3   |   158  |   89   |
|   Memory  |    -   |    -   |    -   |
|Multiplexer|    -   |    -   |    -   |
|  Register |    -   |    1   |    -   |
+-----------+--------+--------+--------+
|   Total   |    3   |   159  |   89   |
+-----------+--------+--------+--------+
