
*** Running vivado
    with args -log system_wrapper.vdi -applog -m64 -product Vivado -messageDb vivado.pb -mode batch -source system_wrapper.tcl -notrace


****** Vivado v2017.2 (64-bit)
  **** SW Build 1909853 on Thu Jun 15 18:39:09 MDT 2017
  **** IP Build 1909766 on Thu Jun 15 19:58:00 MDT 2017
    ** Copyright 1986-2017 Xilinx, Inc. All Rights Reserved.

source system_wrapper.tcl -notrace
INFO: [IP_Flow 19-234] Refreshing IP repositories
INFO: [IP_Flow 19-1700] Loaded user IP repository 'c:/Users/User/Desktop/UNI/EmbeddedRealTimeSystem/Assignment2/exercises/advios_1.0'.
INFO: [IP_Flow 19-2313] Loaded Vivado IP repository 'C:/Xilinx/Vivado/2017.2/data/ip'.
Design is defaulting to srcset: sources_1
Design is defaulting to constrset: constrs_1
INFO: [Project 1-454] Reading design checkpoint 'c:/Users/User/Desktop/UNI/EmbeddedRealTimeSystem/Assignment2/exercises/exercise_8/exercise_8.srcs/sources_1/bd/system/ip/system_advios_0_0/system_advios_0_0.dcp' for cell 'system_i/advios_0'
INFO: [Project 1-454] Reading design checkpoint 'c:/Users/User/Desktop/UNI/EmbeddedRealTimeSystem/Assignment2/exercises/exercise_8/exercise_8.srcs/sources_1/bd/system/ip/system_processing_system7_0_1/system_processing_system7_0_1.dcp' for cell 'system_i/processing_system7_0'
INFO: [Project 1-454] Reading design checkpoint 'c:/Users/User/Desktop/UNI/EmbeddedRealTimeSystem/Assignment2/exercises/exercise_8/exercise_8.srcs/sources_1/bd/system/ip/system_rst_ps7_0_50M_0/system_rst_ps7_0_50M_0.dcp' for cell 'system_i/rst_ps7_0_50M'
INFO: [Project 1-454] Reading design checkpoint 'c:/Users/User/Desktop/UNI/EmbeddedRealTimeSystem/Assignment2/exercises/exercise_8/exercise_8.srcs/sources_1/bd/system/ip/system_auto_pc_0/system_auto_pc_0.dcp' for cell 'system_i/ps7_0_axi_periph/s00_couplers/auto_pc'
INFO: [Netlist 29-17] Analyzing 29 Unisim elements for replacement
INFO: [Netlist 29-28] Unisim Transformation completed in 0 CPU seconds
INFO: [Project 1-479] Netlist was created with Vivado 2017.2
INFO: [Device 21-403] Loading part xc7z010clg400-1
INFO: [Project 1-570] Preparing netlist for logic optimization
Parsing XDC File [c:/Users/User/Desktop/UNI/EmbeddedRealTimeSystem/Assignment2/exercises/exercise_8/exercise_8.srcs/sources_1/bd/system/ip/system_processing_system7_0_1/system_processing_system7_0_1.xdc] for cell 'system_i/processing_system7_0/inst'
Finished Parsing XDC File [c:/Users/User/Desktop/UNI/EmbeddedRealTimeSystem/Assignment2/exercises/exercise_8/exercise_8.srcs/sources_1/bd/system/ip/system_processing_system7_0_1/system_processing_system7_0_1.xdc] for cell 'system_i/processing_system7_0/inst'
Parsing XDC File [c:/Users/User/Desktop/UNI/EmbeddedRealTimeSystem/Assignment2/exercises/exercise_8/exercise_8.srcs/sources_1/bd/system/ip/system_rst_ps7_0_50M_0/system_rst_ps7_0_50M_0_board.xdc] for cell 'system_i/rst_ps7_0_50M/U0'
Finished Parsing XDC File [c:/Users/User/Desktop/UNI/EmbeddedRealTimeSystem/Assignment2/exercises/exercise_8/exercise_8.srcs/sources_1/bd/system/ip/system_rst_ps7_0_50M_0/system_rst_ps7_0_50M_0_board.xdc] for cell 'system_i/rst_ps7_0_50M/U0'
Parsing XDC File [c:/Users/User/Desktop/UNI/EmbeddedRealTimeSystem/Assignment2/exercises/exercise_8/exercise_8.srcs/sources_1/bd/system/ip/system_rst_ps7_0_50M_0/system_rst_ps7_0_50M_0.xdc] for cell 'system_i/rst_ps7_0_50M/U0'
Finished Parsing XDC File [c:/Users/User/Desktop/UNI/EmbeddedRealTimeSystem/Assignment2/exercises/exercise_8/exercise_8.srcs/sources_1/bd/system/ip/system_rst_ps7_0_50M_0/system_rst_ps7_0_50M_0.xdc] for cell 'system_i/rst_ps7_0_50M/U0'
Parsing XDC File [C:/Users/User/Desktop/UNI/EmbeddedRealTimeSystem/Assignment2/exercises/exercise_8/exercise_8.srcs/constrs_1/imports/exercise_8/contraints.xdc]
Finished Parsing XDC File [C:/Users/User/Desktop/UNI/EmbeddedRealTimeSystem/Assignment2/exercises/exercise_8/exercise_8.srcs/constrs_1/imports/exercise_8/contraints.xdc]
INFO: [Opt 31-138] Pushed 0 inverter(s) to 0 load pin(s).
INFO: [Project 1-111] Unisim Transformation Summary:
No Unisim elements were transformed.

link_design: Time (s): cpu = 00:00:11 ; elapsed = 00:00:14 . Memory (MB): peak = 534.980 ; gain = 289.059
Command: opt_design
Attempting to get a license for feature 'Implementation' and/or device 'xc7z010-clg400'
INFO: [Common 17-349] Got license for feature 'Implementation' and/or device 'xc7z010-clg400'
Running DRC as a precondition to command opt_design

Starting DRC Task
Command: report_drc (run_mandatory_drcs) for: opt_checks
INFO: [DRC 23-27] Running DRC with 2 threads
report_drc (run_mandatory_drcs) completed successfully
INFO: [Project 1-461] DRC finished with 0 Errors
INFO: [Project 1-462] Please refer to the DRC report (report_drc) for more information.

Time (s): cpu = 00:00:01 ; elapsed = 00:00:00.718 . Memory (MB): peak = 548.625 ; gain = 13.645
INFO: [Timing 38-35] Done setting XDC timing constraints.

Starting Logic Optimization Task

Phase 1 Retarget
INFO: [Opt 31-138] Pushed 1 inverter(s) to 13 load pin(s).
INFO: [Opt 31-49] Retargeted 0 cell(s).
Phase 1 Retarget | Checksum: 1f381ba84

Time (s): cpu = 00:00:00 ; elapsed = 00:00:00.143 . Memory (MB): peak = 1023.168 ; gain = 0.000
INFO: [Opt 31-389] Phase Retarget created 0 cells and removed 87 cells

Phase 2 Constant propagation
INFO: [Opt 31-138] Pushed 0 inverter(s) to 0 load pin(s).
Phase 2 Constant propagation | Checksum: 2cac7e58b

Time (s): cpu = 00:00:01 ; elapsed = 00:00:00.214 . Memory (MB): peak = 1023.168 ; gain = 0.000
INFO: [Opt 31-389] Phase Constant propagation created 4 cells and removed 12 cells

Phase 3 Sweep
Phase 3 Sweep | Checksum: 2a569e67e

Time (s): cpu = 00:00:01 ; elapsed = 00:00:00.567 . Memory (MB): peak = 1023.168 ; gain = 0.000
INFO: [Opt 31-389] Phase Sweep created 0 cells and removed 261 cells

Phase 4 BUFG optimization
Phase 4 BUFG optimization | Checksum: 2a569e67e

Time (s): cpu = 00:00:01 ; elapsed = 00:00:00.635 . Memory (MB): peak = 1023.168 ; gain = 0.000
INFO: [Opt 31-389] Phase BUFG optimization created 0 cells and removed 0 cells

Phase 5 Shift Register Optimization
Phase 5 Shift Register Optimization | Checksum: 2a569e67e

Time (s): cpu = 00:00:01 ; elapsed = 00:00:00.645 . Memory (MB): peak = 1023.168 ; gain = 0.000
INFO: [Opt 31-389] Phase Shift Register Optimization created 0 cells and removed 0 cells

Starting Connectivity Check Task

Time (s): cpu = 00:00:00 ; elapsed = 00:00:00.005 . Memory (MB): peak = 1023.168 ; gain = 0.000
Ending Logic Optimization Task | Checksum: 2a569e67e

Time (s): cpu = 00:00:01 ; elapsed = 00:00:00.660 . Memory (MB): peak = 1023.168 ; gain = 0.000

Starting Power Optimization Task
INFO: [Pwropt 34-132] Skipping clock gating for clocks with a period < 2.00 ns.
Ending Power Optimization Task | Checksum: 1bcf06bd3

Time (s): cpu = 00:00:00 ; elapsed = 00:00:00.012 . Memory (MB): peak = 1023.168 ; gain = 0.000
28 Infos, 0 Warnings, 0 Critical Warnings and 0 Errors encountered.
opt_design completed successfully
opt_design: Time (s): cpu = 00:00:14 ; elapsed = 00:00:14 . Memory (MB): peak = 1023.168 ; gain = 488.188
Writing placer database...
Writing XDEF routing.
Writing XDEF routing logical nets.
Writing XDEF routing special nets.
Write XDEF Complete: Time (s): cpu = 00:00:00 ; elapsed = 00:00:00.094 . Memory (MB): peak = 1023.168 ; gain = 0.000
INFO: [Common 17-1381] The checkpoint 'C:/Users/User/Desktop/UNI/EmbeddedRealTimeSystem/Assignment2/exercises/exercise_8/exercise_8.runs/impl_1/system_wrapper_opt.dcp' has been generated.
Command: report_drc -file system_wrapper_drc_opted.rpt
INFO: [DRC 23-27] Running DRC with 2 threads
INFO: [Coretcl 2-168] The results of DRC are in file C:/Users/User/Desktop/UNI/EmbeddedRealTimeSystem/Assignment2/exercises/exercise_8/exercise_8.runs/impl_1/system_wrapper_drc_opted.rpt.
report_drc completed successfully
INFO: [Chipscope 16-241] No debug cores found in the current design.
Before running the implement_debug_core command, either use the Set Up Debug wizard (GUI mode)
or use the create_debug_core and connect_debug_core Tcl commands to insert debug cores into the design.
Command: place_design
Attempting to get a license for feature 'Implementation' and/or device 'xc7z010-clg400'
INFO: [Common 17-349] Got license for feature 'Implementation' and/or device 'xc7z010-clg400'
Command: report_drc (run_mandatory_drcs) for: incr_eco_checks
INFO: [DRC 23-27] Running DRC with 2 threads
report_drc (run_mandatory_drcs) completed successfully
INFO: [Vivado_Tcl 4-198] DRC finished with 0 Errors
INFO: [Vivado_Tcl 4-199] Please refer to the DRC report (report_drc) for more information.
Running DRC as a precondition to command place_design
Command: report_drc (run_mandatory_drcs) for: placer_checks
INFO: [DRC 23-27] Running DRC with 2 threads
report_drc (run_mandatory_drcs) completed successfully
INFO: [Vivado_Tcl 4-198] DRC finished with 0 Errors
INFO: [Vivado_Tcl 4-199] Please refer to the DRC report (report_drc) for more information.

Starting Placer Task
INFO: [Place 30-611] Multithreading enabled for place_design using a maximum of 2 CPUs

Phase 1 Placer Initialization

Phase 1.1 Placer Initialization Netlist Sorting
Netlist sorting complete. Time (s): cpu = 00:00:00 ; elapsed = 00:00:00.005 . Memory (MB): peak = 1023.168 ; gain = 0.000
Phase 1.1 Placer Initialization Netlist Sorting | Checksum: f5211abc

Time (s): cpu = 00:00:00 ; elapsed = 00:00:00.014 . Memory (MB): peak = 1023.168 ; gain = 0.000
INFO: [Timing 38-35] Done setting XDC timing constraints.
INFO: [Opt 31-138] Pushed 0 inverter(s) to 0 load pin(s).
Netlist sorting complete. Time (s): cpu = 00:00:00 ; elapsed = 00:00:00.004 . Memory (MB): peak = 1023.168 ; gain = 0.000

Phase 1.2 IO Placement/ Clock Placement/ Build Placer Device
INFO: [Timing 38-35] Done setting XDC timing constraints.
Phase 1.2 IO Placement/ Clock Placement/ Build Placer Device | Checksum: c650fb84

Time (s): cpu = 00:00:01 ; elapsed = 00:00:02 . Memory (MB): peak = 1023.168 ; gain = 0.000

Phase 1.3 Build Placer Netlist Model
Phase 1.3 Build Placer Netlist Model | Checksum: 22c11a03b

Time (s): cpu = 00:00:02 ; elapsed = 00:00:02 . Memory (MB): peak = 1023.168 ; gain = 0.000

Phase 1.4 Constrain Clocks/Macros
Phase 1.4 Constrain Clocks/Macros | Checksum: 22c11a03b

Time (s): cpu = 00:00:02 ; elapsed = 00:00:02 . Memory (MB): peak = 1023.168 ; gain = 0.000
Phase 1 Placer Initialization | Checksum: 22c11a03b

Time (s): cpu = 00:00:02 ; elapsed = 00:00:02 . Memory (MB): peak = 1023.168 ; gain = 0.000

Phase 2 Global Placement
Phase 2 Global Placement | Checksum: 1e1e215b6

Time (s): cpu = 00:00:03 ; elapsed = 00:00:03 . Memory (MB): peak = 1023.168 ; gain = 0.000

Phase 3 Detail Placement

Phase 3.1 Commit Multi Column Macros
Phase 3.1 Commit Multi Column Macros | Checksum: 1e1e215b6

Time (s): cpu = 00:00:03 ; elapsed = 00:00:03 . Memory (MB): peak = 1023.168 ; gain = 0.000

Phase 3.2 Commit Most Macros & LUTRAMs
Phase 3.2 Commit Most Macros & LUTRAMs | Checksum: 2598bf7b5

Time (s): cpu = 00:00:03 ; elapsed = 00:00:03 . Memory (MB): peak = 1023.168 ; gain = 0.000

Phase 3.3 Area Swap Optimization
Phase 3.3 Area Swap Optimization | Checksum: 23d626212

Time (s): cpu = 00:00:03 ; elapsed = 00:00:03 . Memory (MB): peak = 1023.168 ; gain = 0.000

Phase 3.4 Pipeline Register Optimization
Phase 3.4 Pipeline Register Optimization | Checksum: 23d626212

Time (s): cpu = 00:00:03 ; elapsed = 00:00:03 . Memory (MB): peak = 1023.168 ; gain = 0.000

Phase 3.5 Timing Path Optimizer
Phase 3.5 Timing Path Optimizer | Checksum: 1c95989f1

Time (s): cpu = 00:00:03 ; elapsed = 00:00:03 . Memory (MB): peak = 1023.168 ; gain = 0.000

Phase 3.6 Small Shape Detail Placement
Phase 3.6 Small Shape Detail Placement | Checksum: 21922c3f1

Time (s): cpu = 00:00:03 ; elapsed = 00:00:04 . Memory (MB): peak = 1023.168 ; gain = 0.000

Phase 3.7 Re-assign LUT pins
Phase 3.7 Re-assign LUT pins | Checksum: 1dddb51bb

Time (s): cpu = 00:00:03 ; elapsed = 00:00:04 . Memory (MB): peak = 1023.168 ; gain = 0.000

Phase 3.8 Pipeline Register Optimization
Phase 3.8 Pipeline Register Optimization | Checksum: 1dddb51bb

Time (s): cpu = 00:00:03 ; elapsed = 00:00:04 . Memory (MB): peak = 1023.168 ; gain = 0.000
Phase 3 Detail Placement | Checksum: 1dddb51bb

Time (s): cpu = 00:00:03 ; elapsed = 00:00:04 . Memory (MB): peak = 1023.168 ; gain = 0.000

Phase 4 Post Placement Optimization and Clean-Up

Phase 4.1 Post Commit Optimization
INFO: [Timing 38-35] Done setting XDC timing constraints.

Phase 4.1.1 Post Placement Optimization
Post Placement Optimization Initialization | Checksum: 154f59e66

Phase 4.1.1.1 BUFG Insertion
INFO: [Physopt 32-721] Multithreading enabled for phys_opt_design using a maximum of 2 CPUs
INFO: [Place 46-41] BUFG insertion identified 0 candidate nets, 0 success, 0 skipped for placement/routing, 0 skipped for timing, 0 skipped for netlist change reason.
Phase 4.1.1.1 BUFG Insertion | Checksum: 154f59e66

Time (s): cpu = 00:00:04 ; elapsed = 00:00:04 . Memory (MB): peak = 1023.168 ; gain = 0.000
INFO: [Place 30-746] Post Placement Timing Summary WNS=14.038. For the most accurate timing information please run report_timing.
Phase 4.1.1 Post Placement Optimization | Checksum: 1293d6dae

Time (s): cpu = 00:00:04 ; elapsed = 00:00:04 . Memory (MB): peak = 1023.168 ; gain = 0.000
Phase 4.1 Post Commit Optimization | Checksum: 1293d6dae

Time (s): cpu = 00:00:04 ; elapsed = 00:00:04 . Memory (MB): peak = 1023.168 ; gain = 0.000

Phase 4.2 Post Placement Cleanup
Phase 4.2 Post Placement Cleanup | Checksum: 1293d6dae

Time (s): cpu = 00:00:04 ; elapsed = 00:00:04 . Memory (MB): peak = 1023.168 ; gain = 0.000

Phase 4.3 Placer Reporting
Phase 4.3 Placer Reporting | Checksum: 1293d6dae

Time (s): cpu = 00:00:04 ; elapsed = 00:00:04 . Memory (MB): peak = 1023.168 ; gain = 0.000

Phase 4.4 Final Placement Cleanup
Phase 4.4 Final Placement Cleanup | Checksum: 9f44840b

Time (s): cpu = 00:00:04 ; elapsed = 00:00:04 . Memory (MB): peak = 1023.168 ; gain = 0.000
Phase 4 Post Placement Optimization and Clean-Up | Checksum: 9f44840b

Time (s): cpu = 00:00:04 ; elapsed = 00:00:04 . Memory (MB): peak = 1023.168 ; gain = 0.000
Ending Placer Task | Checksum: 64889bf1

Time (s): cpu = 00:00:04 ; elapsed = 00:00:04 . Memory (MB): peak = 1023.168 ; gain = 0.000
47 Infos, 0 Warnings, 0 Critical Warnings and 0 Errors encountered.
place_design completed successfully
place_design: Time (s): cpu = 00:00:07 ; elapsed = 00:00:06 . Memory (MB): peak = 1023.168 ; gain = 0.000
Writing placer database...
Writing XDEF routing.
Writing XDEF routing logical nets.
Writing XDEF routing special nets.
Write XDEF Complete: Time (s): cpu = 00:00:01 ; elapsed = 00:00:00.199 . Memory (MB): peak = 1023.168 ; gain = 0.000
INFO: [Common 17-1381] The checkpoint 'C:/Users/User/Desktop/UNI/EmbeddedRealTimeSystem/Assignment2/exercises/exercise_8/exercise_8.runs/impl_1/system_wrapper_placed.dcp' has been generated.
report_io: Time (s): cpu = 00:00:00 ; elapsed = 00:00:00.076 . Memory (MB): peak = 1029.977 ; gain = 3.949
report_utilization: Time (s): cpu = 00:00:00 ; elapsed = 00:00:00.034 . Memory (MB): peak = 1029.977 ; gain = 0.000
report_control_sets: Time (s): cpu = 00:00:00 ; elapsed = 00:00:00.008 . Memory (MB): peak = 1029.977 ; gain = 0.000
Command: route_design
Attempting to get a license for feature 'Implementation' and/or device 'xc7z010-clg400'
INFO: [Common 17-349] Got license for feature 'Implementation' and/or device 'xc7z010-clg400'
Running DRC as a precondition to command route_design
Command: report_drc (run_mandatory_drcs) for: router_checks
INFO: [DRC 23-27] Running DRC with 2 threads
report_drc (run_mandatory_drcs) completed successfully
INFO: [Vivado_Tcl 4-198] DRC finished with 0 Errors
INFO: [Vivado_Tcl 4-199] Please refer to the DRC report (report_drc) for more information.


Starting Routing Task
INFO: [Route 35-254] Multithreading enabled for route_design using a maximum of 2 CPUs
Checksum: PlaceDB: 370ebc06 ConstDB: 0 ShapeSum: 2d79dfeb RouteDB: 0

Phase 1 Build RT Design
Phase 1 Build RT Design | Checksum: 1ab5b01e1

Time (s): cpu = 00:00:13 ; elapsed = 00:00:12 . Memory (MB): peak = 1106.531 ; gain = 76.555

Phase 2 Router Initialization

Phase 2.1 Create Timer
Phase 2.1 Create Timer | Checksum: 1ab5b01e1

Time (s): cpu = 00:00:13 ; elapsed = 00:00:12 . Memory (MB): peak = 1106.531 ; gain = 76.555

Phase 2.2 Fix Topology Constraints
Phase 2.2 Fix Topology Constraints | Checksum: 1ab5b01e1

Time (s): cpu = 00:00:13 ; elapsed = 00:00:12 . Memory (MB): peak = 1106.531 ; gain = 76.555

Phase 2.3 Pre Route Cleanup
Phase 2.3 Pre Route Cleanup | Checksum: 1ab5b01e1

Time (s): cpu = 00:00:13 ; elapsed = 00:00:12 . Memory (MB): peak = 1106.531 ; gain = 76.555
 Number of Nodes with overlaps = 0

Phase 2.4 Update Timing
Phase 2.4 Update Timing | Checksum: 163137c53

Time (s): cpu = 00:00:14 ; elapsed = 00:00:12 . Memory (MB): peak = 1106.531 ; gain = 76.555
INFO: [Route 35-416] Intermediate Timing Summary | WNS=14.150 | TNS=0.000  | WHS=-0.175 | THS=-11.378|

Phase 2 Router Initialization | Checksum: 15326c53c

Time (s): cpu = 00:00:14 ; elapsed = 00:00:13 . Memory (MB): peak = 1106.531 ; gain = 76.555

Phase 3 Initial Routing
Phase 3 Initial Routing | Checksum: 25e129145

Time (s): cpu = 00:00:14 ; elapsed = 00:00:13 . Memory (MB): peak = 1106.531 ; gain = 76.555

Phase 4 Rip-up And Reroute

Phase 4.1 Global Iteration 0
 Number of Nodes with overlaps = 56
 Number of Nodes with overlaps = 0
INFO: [Route 35-416] Intermediate Timing Summary | WNS=13.316 | TNS=0.000  | WHS=N/A    | THS=N/A    |

Phase 4.1 Global Iteration 0 | Checksum: 1b1c2e4db

Time (s): cpu = 00:00:15 ; elapsed = 00:00:13 . Memory (MB): peak = 1106.531 ; gain = 76.555

Phase 4.2 Global Iteration 1
 Number of Nodes with overlaps = 0
INFO: [Route 35-416] Intermediate Timing Summary | WNS=13.316 | TNS=0.000  | WHS=N/A    | THS=N/A    |

Phase 4.2 Global Iteration 1 | Checksum: 166a1ca63

Time (s): cpu = 00:00:15 ; elapsed = 00:00:13 . Memory (MB): peak = 1106.531 ; gain = 76.555
Phase 4 Rip-up And Reroute | Checksum: 166a1ca63

Time (s): cpu = 00:00:15 ; elapsed = 00:00:13 . Memory (MB): peak = 1106.531 ; gain = 76.555

Phase 5 Delay and Skew Optimization

Phase 5.1 Delay CleanUp
Phase 5.1 Delay CleanUp | Checksum: 166a1ca63

Time (s): cpu = 00:00:15 ; elapsed = 00:00:13 . Memory (MB): peak = 1106.531 ; gain = 76.555

Phase 5.2 Clock Skew Optimization
Phase 5.2 Clock Skew Optimization | Checksum: 166a1ca63

Time (s): cpu = 00:00:15 ; elapsed = 00:00:13 . Memory (MB): peak = 1106.531 ; gain = 76.555
Phase 5 Delay and Skew Optimization | Checksum: 166a1ca63

Time (s): cpu = 00:00:15 ; elapsed = 00:00:13 . Memory (MB): peak = 1106.531 ; gain = 76.555

Phase 6 Post Hold Fix

Phase 6.1 Hold Fix Iter

Phase 6.1.1 Update Timing
Phase 6.1.1 Update Timing | Checksum: 1d9d20a91

Time (s): cpu = 00:00:15 ; elapsed = 00:00:13 . Memory (MB): peak = 1106.531 ; gain = 76.555
INFO: [Route 35-416] Intermediate Timing Summary | WNS=13.316 | TNS=0.000  | WHS=0.021  | THS=0.000  |

Phase 6.1 Hold Fix Iter | Checksum: 1af7933fd

Time (s): cpu = 00:00:15 ; elapsed = 00:00:13 . Memory (MB): peak = 1106.531 ; gain = 76.555
Phase 6 Post Hold Fix | Checksum: 1af7933fd

Time (s): cpu = 00:00:15 ; elapsed = 00:00:13 . Memory (MB): peak = 1106.531 ; gain = 76.555

Phase 7 Route finalize

Router Utilization Summary
  Global Vertical Routing Utilization    = 0.277309 %
  Global Horizontal Routing Utilization  = 0.422105 %
  Routable Net Status*
  *Does not include unroutable nets such as driverless and loadless.
  Run report_route_status for detailed report.
  Number of Failed Nets               = 0
  Number of Unrouted Nets             = 0
  Number of Partially Routed Nets     = 0
  Number of Node Overlaps             = 0

Phase 7 Route finalize | Checksum: 1554c291b

Time (s): cpu = 00:00:15 ; elapsed = 00:00:13 . Memory (MB): peak = 1106.531 ; gain = 76.555

Phase 8 Verifying routed nets

 Verification completed successfully
Phase 8 Verifying routed nets | Checksum: 1554c291b

Time (s): cpu = 00:00:15 ; elapsed = 00:00:13 . Memory (MB): peak = 1106.531 ; gain = 76.555

Phase 9 Depositing Routes
Phase 9 Depositing Routes | Checksum: b1c4510d

Time (s): cpu = 00:00:15 ; elapsed = 00:00:13 . Memory (MB): peak = 1106.531 ; gain = 76.555

Phase 10 Post Router Timing
INFO: [Route 35-57] Estimated Timing Summary | WNS=13.316 | TNS=0.000  | WHS=0.021  | THS=0.000  |

INFO: [Route 35-327] The final timing numbers are based on the router estimated timing analysis. For a complete and accurate timing signoff, please run report_timing_summary.
Phase 10 Post Router Timing | Checksum: b1c4510d

Time (s): cpu = 00:00:15 ; elapsed = 00:00:13 . Memory (MB): peak = 1106.531 ; gain = 76.555
INFO: [Route 35-16] Router Completed Successfully

Time (s): cpu = 00:00:15 ; elapsed = 00:00:13 . Memory (MB): peak = 1106.531 ; gain = 76.555

Routing Is Done.
60 Infos, 0 Warnings, 0 Critical Warnings and 0 Errors encountered.
route_design completed successfully
route_design: Time (s): cpu = 00:00:18 ; elapsed = 00:00:15 . Memory (MB): peak = 1106.531 ; gain = 76.555
Writing placer database...
Writing XDEF routing.
Writing XDEF routing logical nets.
Writing XDEF routing special nets.
Write XDEF Complete: Time (s): cpu = 00:00:01 ; elapsed = 00:00:00.267 . Memory (MB): peak = 1106.531 ; gain = 0.000
INFO: [Common 17-1381] The checkpoint 'C:/Users/User/Desktop/UNI/EmbeddedRealTimeSystem/Assignment2/exercises/exercise_8/exercise_8.runs/impl_1/system_wrapper_routed.dcp' has been generated.
Command: report_drc -file system_wrapper_drc_routed.rpt -pb system_wrapper_drc_routed.pb -rpx system_wrapper_drc_routed.rpx
INFO: [DRC 23-27] Running DRC with 2 threads
INFO: [Coretcl 2-168] The results of DRC are in file C:/Users/User/Desktop/UNI/EmbeddedRealTimeSystem/Assignment2/exercises/exercise_8/exercise_8.runs/impl_1/system_wrapper_drc_routed.rpt.
report_drc completed successfully
Command: report_methodology -file system_wrapper_methodology_drc_routed.rpt -rpx system_wrapper_methodology_drc_routed.rpx
INFO: [Timing 38-35] Done setting XDC timing constraints.
INFO: [DRC 23-133] Running Methodology with 2 threads
INFO: [Coretcl 2-1520] The results of Report Methodology are in file C:/Users/User/Desktop/UNI/EmbeddedRealTimeSystem/Assignment2/exercises/exercise_8/exercise_8.runs/impl_1/system_wrapper_methodology_drc_routed.rpt.
report_methodology completed successfully
Command: report_power -file system_wrapper_power_routed.rpt -pb system_wrapper_power_summary_routed.pb -rpx system_wrapper_power_routed.rpx
INFO: [Timing 38-35] Done setting XDC timing constraints.
Running Vector-less Activity Propagation...

Finished Running Vector-less Activity Propagation
67 Infos, 0 Warnings, 0 Critical Warnings and 0 Errors encountered.
report_power completed successfully
INFO: [Timing 38-91] UpdateTimingParams: Speed grade: -1, Delay Type: min_max.
INFO: [Timing 38-191] Multithreading enabled for timing update using a maximum of 2 CPUs
Command: write_bitstream -force system_wrapper.bit
Attempting to get a license for feature 'Implementation' and/or device 'xc7z010-clg400'
INFO: [Common 17-349] Got license for feature 'Implementation' and/or device 'xc7z010-clg400'
Running DRC as a precondition to command write_bitstream
Command: report_drc (run_mandatory_drcs) for: bitstream_checks
INFO: [DRC 23-27] Running DRC with 2 threads
report_drc (run_mandatory_drcs) completed successfully
INFO: [Vivado 12-3199] DRC finished with 0 Errors
INFO: [Vivado 12-3200] Please refer to the DRC report (report_drc) for more information.
INFO: [Project 1-821] Please set project.enableDesignId to be 'true'.
INFO: [Designutils 20-2272] Running write_bitstream with 2 threads.
Loading data files...
Loading site data...
Loading route data...
Processing options...
Creating bitmap...
Creating bitstream...
Writing bitstream ./system_wrapper.bit...
INFO: [Vivado 12-1842] Bitgen Completed Successfully.
INFO: [Project 1-120] WebTalk data collection is mandatory when using a WebPACK part without a full Vivado license. To see the specific WebTalk data collected for your design, open the usage_statistics_webtalk.html or usage_statistics_webtalk.xml file in the implementation directory.
77 Infos, 0 Warnings, 0 Critical Warnings and 0 Errors encountered.
write_bitstream completed successfully
write_bitstream: Time (s): cpu = 00:00:16 ; elapsed = 00:00:15 . Memory (MB): peak = 1473.363 ; gain = 335.074
INFO: [Common 17-206] Exiting Vivado at Thu Oct 13 15:29:52 2022...
