INFO: [HLS 200-0] Workspace C:/Users/User/Desktop/UNI/EmbeddedRealTimeSystem/Assignment2/HLS_labs/lab2/yuv_filter.prj/solution2 opened at Sun Oct 09 14:05:03 +0200 2022
INFO: [HLS 200-100] Execute     config_clock -quiet -name default -period 8 -default=false 
INFO: [SYN 201-201] Setting up clock 'default' with a period of 8ns.
INFO: [HLS 200-100] Command     config_clock returned 0; 0.001 sec.
INFO: [HLS 200-100] Execute     open_platform DefaultPlatform 
INFO: [HLS 200-100] Command     open_platform returned 0; 0 sec.
INFO: [HLS 200-100] Execute     import_lib C:/Xilinx/Vivado_HLS/2017.2/common/technology/xilinx/zynq/zynq 
INFO: [HLS 200-100] Execute       source C:/Xilinx/Vivado_HLS/2017.2/common/technology/xilinx/common/xilinx.lib 
INFO: [HLS 200-100] Execute         source C:/Xilinx/Vivado_HLS/2017.2/common/technology/xilinx/interface/xilinx_interface.lib 
INFO: [HLS 200-100] Execute           source C:/Xilinx/Vivado_HLS/2017.2/common/technology/xilinx/interface/plb46.lib 
INFO: [HLS 200-100] Command           ap_source returned 0; 0.001 sec.
INFO: [HLS 200-100] Execute           source C:/Xilinx/Vivado_HLS/2017.2/common/technology/xilinx/interface/fsl.lib 
INFO: [HLS 200-100] Command           ap_source returned 0; 0 sec.
INFO: [HLS 200-100] Execute           source C:/Xilinx/Vivado_HLS/2017.2/common/technology/xilinx/interface/axi4.lib 
INFO: [HLS 200-100] Command           ap_source returned 0; 0 sec.
INFO: [HLS 200-100] Execute           source C:/Xilinx/Vivado_HLS/2017.2/common/technology/xilinx/interface/maxi.lib 
INFO: [HLS 200-100] Command           ap_source returned 0; 0.001 sec.
INFO: [HLS 200-100] Execute           source C:/Xilinx/Vivado_HLS/2017.2/common/technology/xilinx/interface/saxilite.lib 
INFO: [HLS 200-100] Command           ap_source returned 0; 0 sec.
INFO: [HLS 200-100] Command         ap_source returned 0; 0.003 sec.
INFO: [HLS 200-100] Execute         source C:/Xilinx/Vivado_HLS/2017.2/common/technology/xilinx/common/dsp48.lib 
INFO: [HLS 200-100] Command         ap_source returned 0; 0 sec.
INFO: [HLS 200-100] Execute         source C:/Xilinx/Vivado_HLS/2017.2/common/technology/xilinx/ip/dds_compiler.lib 
INFO: [HLS 200-100] Command         ap_source returned 0; 0 sec.
INFO: [HLS 200-100] Execute         source C:/Xilinx/Vivado_HLS/2017.2/common/technology/xilinx/ip/xfft.lib 
INFO: [HLS 200-100] Command         ap_source returned 0; 0 sec.
INFO: [HLS 200-100] Execute         source C:/Xilinx/Vivado_HLS/2017.2/common/technology/xilinx/ip/xfir.lib 
INFO: [HLS 200-100] Command         ap_source returned 0; 0 sec.
INFO: [HLS 200-100] Command       ap_source returned 0; 0.009 sec.
INFO: [HLS 200-100] Execute       source C:/Xilinx/Vivado_HLS/2017.2/common/technology/xilinx/common/xilinx_old.lib 
INFO: [HLS 200-100] Command       ap_source returned 0; 0.002 sec.
INFO: [HLS 200-100] Execute       source C:/Xilinx/Vivado_HLS/2017.2/common/technology/xilinx/common/xilinx_vivado.lib 
INFO: [HLS 200-100] Command       ap_source returned 0; 0.002 sec.
INFO: [HLS 200-100] Execute       source C:/Xilinx/Vivado_HLS/2017.2/common/technology/xilinx/common/xilinx.hlp 
INFO: [HLS 200-100] Execute         source C:/Xilinx/Vivado_HLS/2017.2/common/technology/xilinx/common/target_info.tcl 
INFO: [HLS 200-100] Command         ap_source returned 0; 0.001 sec.
INFO: [HLS 200-100] Execute         source C:/Xilinx/Vivado_HLS/2017.2/common/technology/xilinx/interface/xilinx_interface.hlp 
INFO: [HLS 200-100] Execute           source C:/Xilinx/Vivado_HLS/2017.2/common/technology/xilinx/interface/maxi.hlp 
INFO: [HLS 200-100] Command           ap_source returned 0; 0 sec.
INFO: [HLS 200-100] Execute           source C:/Xilinx/Vivado_HLS/2017.2/common/technology/xilinx/interface/saxilite.hlp 
INFO: [HLS 200-100] Command           ap_source returned 0; 0 sec.
INFO: [HLS 200-100] Command         ap_source returned 0; 0.001 sec.
INFO: [HLS 200-100] Execute         source C:/Xilinx/Vivado_HLS/2017.2/common/technology/xilinx/common/dsp48.hlp 
INFO: [HLS 200-100] Command         ap_source returned 0; 0.001 sec.
INFO: [HLS 200-100] Command       ap_source returned 0; 0.006 sec.
INFO: [HLS 200-100] Execute       source C:/Xilinx/Vivado_HLS/2017.2/common/technology/xilinx/zynq/dsp48e1.hlp 
INFO: [HLS 200-100] Command       ap_source returned 0; 0.001 sec.
INFO: [HLS 200-100] Execute       get_default_platform 
INFO: [HLS 200-100] Command       get_default_platform returned 0; 0 sec.
INFO: [HLS 200-100] Execute       config_chip_info -quiet -resource  {SLICE 13300}  {LUT 53200}     {FF 106400} {DSP48E 220}   {BRAM 280}  
INFO: [HLS 200-100] Command       config_chip_info returned 0; 0 sec.
INFO: [HLS 200-100] Execute       config_chip_info -quiet -speed medium 
INFO: [HLS 200-100] Command       config_chip_info returned 0; 0 sec.
INFO: [HLS 200-100] Execute       source C:/Xilinx/Vivado_HLS/2017.2/common/technology/xilinx/common/xilinx.hlp 
INFO: [HLS 200-100] Execute         source C:/Xilinx/Vivado_HLS/2017.2/common/technology/xilinx/common/target_info.tcl 
INFO: [HLS 200-100] Command         ap_source returned 0; 0.004 sec.
INFO: [HLS 200-100] Execute         source C:/Xilinx/Vivado_HLS/2017.2/common/technology/xilinx/interface/xilinx_interface.hlp 
INFO: [HLS 200-100] Execute           source C:/Xilinx/Vivado_HLS/2017.2/common/technology/xilinx/interface/maxi.hlp 
INFO: [HLS 200-100] Command           ap_source returned 0; 0 sec.
INFO: [HLS 200-100] Execute           source C:/Xilinx/Vivado_HLS/2017.2/common/technology/xilinx/interface/saxilite.hlp 
INFO: [HLS 200-100] Command           ap_source returned 0; 0.001 sec.
INFO: [HLS 200-100] Command         ap_source returned 0; 0.002 sec.
INFO: [HLS 200-100] Execute         source C:/Xilinx/Vivado_HLS/2017.2/common/technology/xilinx/common/dsp48.hlp 
INFO: [HLS 200-100] Command         ap_source returned 0; 0.002 sec.
INFO: [HLS 200-100] Command       ap_source returned 0; 0.009 sec.
INFO: [HLS 200-100] Command     import_lib returned 0; 0.039 sec.
INFO: [HLS 200-100] Execute     source C:/Xilinx/Vivado_HLS/2017.2/common/technology/xilinx/zynq/zynq.gen 
INFO: [HLS 200-100] Execute       source C:/Xilinx/Vivado_HLS/2017.2/common/technology/xilinx/common/virtex.gen 
INFO: [HLS 200-100] Execute         source C:/Xilinx/Vivado_HLS/2017.2/common/technology/xilinx/common/xilinx.gen 
INFO: [HLS 200-100] Execute           source C:/Xilinx/Vivado_HLS/2017.2/common/technology/xilinx/interface/plb46.gen 
INFO: [HLS 200-100] Command           ap_source returned 0; 0.002 sec.
INFO: [HLS 200-100] Execute           source C:/Xilinx/Vivado_HLS/2017.2/common/technology/xilinx/interface/fsl.gen 
INFO: [HLS 200-100] Command           ap_source returned 0; 0.001 sec.
INFO: [HLS 200-100] Execute           source C:/Xilinx/Vivado_HLS/2017.2/common/technology/xilinx/interface/axi4.gen 
INFO: [HLS 200-100] Command           ap_source returned 0; 0.002 sec.
INFO: [HLS 200-100] Execute           source C:/Xilinx/Vivado_HLS/2017.2/common/technology/xilinx/interface/nativeAXI4.gen 
INFO: [HLS 200-100] Execute             source C:/Xilinx/Vivado_HLS/2017.2/common/technology/xilinx/interface/saxilite.gen 
INFO: [HLS 200-100] Command             ap_source returned 0; 0.004 sec.
INFO: [HLS 200-100] Execute             source C:/Xilinx/Vivado_HLS/2017.2/common/technology/xilinx/interface/maxi.gen 
INFO: [HLS 200-100] Command             ap_source returned 0; 0.008 sec.
INFO: [HLS 200-100] Command           ap_source returned 0; 0.013 sec.
INFO: [HLS 200-100] Execute           source C:/Xilinx/Vivado_HLS/2017.2/common/technology/xilinx/scripts/xilinxcoregen.gen 
INFO: [HLS 200-100] Command           ap_source returned 0; 0.01 sec.
INFO: [HLS 200-100] Execute           source C:/Xilinx/Vivado_HLS/2017.2/common/technology/xilinx/interface/XilEDKCoreGen.gen 
INFO: [HLS 200-100] Command           ap_source returned 0; 0.008 sec.
INFO: [HLS 200-100] Execute           source C:/Xilinx/Vivado_HLS/2017.2/common/technology/xilinx/ip/dds_compiler.gen 
INFO: [HLS 200-100] Command           ap_source returned 0; 0.004 sec.
INFO: [HLS 200-100] Execute           source C:/Xilinx/Vivado_HLS/2017.2/common/technology/xilinx/ip/util.gen 
INFO: [HLS 200-100] Command           ap_source returned 0; 0.001 sec.
INFO: [HLS 200-100] Execute           source C:/Xilinx/Vivado_HLS/2017.2/common/technology/xilinx/ip/xfft.gen 
INFO: [HLS 200-100] Command           ap_source returned 0; 0.12 sec.
INFO: [HLS 200-100] Execute           source C:/Xilinx/Vivado_HLS/2017.2/common/technology/xilinx/ip/xfir.gen 
INFO: [HLS 200-100] Command           ap_source returned 0; 0.001 sec.
INFO: [HLS 200-100] Command         ap_source returned 0; 0.166 sec.
INFO: [HLS 200-100] Execute         source C:/Xilinx/Vivado_HLS/2017.2/common/technology/xilinx/common/dsp48.gen 
INFO: [HLS 200-100] Command         ap_source returned 0; 0 sec.
INFO: [HLS 200-100] Command       ap_source returned 0; 0.169 sec.
INFO: [HLS 200-100] Command     ap_source returned 0; 0.17 sec.
INFO: [HLS 200-100] Execute     open_platform DefaultPlatform 
INFO: [HLS 200-100] Command     open_platform returned 0; 0 sec.
INFO: [HLS 200-100] Execute     import_lib C:/Xilinx/Vivado_HLS/2017.2/common/technology/xilinx/zynq/zynq_fpv6 
INFO: [HLS 200-100] Execute       source C:/Xilinx/Vivado_HLS/2017.2/common/technology/xilinx/common/xilinx_fpv7.lib 
INFO: [HLS 200-100] Execute         source C:/Xilinx/Vivado_HLS/2017.2/common/technology/xilinx/common/xilinx_hp.lib 
INFO: [HLS 200-100] Command         ap_source returned 0; 0.001 sec.
INFO: [HLS 200-100] Command       ap_source returned 0; 0.005 sec.
INFO: [HLS 200-100] Execute       source C:/Xilinx/Vivado_HLS/2017.2/common/technology/xilinx/common/xilinx_fpv.hlp 
INFO: [HLS 200-100] Execute         source C:/Xilinx/Vivado_HLS/2017.2/common/technology/xilinx/common/xilinx.hlp 
INFO: [HLS 200-100] Execute           source C:/Xilinx/Vivado_HLS/2017.2/common/technology/xilinx/common/target_info.tcl 
INFO: [HLS 200-100] Command           ap_source returned 0; 0.004 sec.
INFO: [HLS 200-100] Execute           source C:/Xilinx/Vivado_HLS/2017.2/common/technology/xilinx/interface/xilinx_interface.hlp 
INFO: [HLS 200-100] Execute             source C:/Xilinx/Vivado_HLS/2017.2/common/technology/xilinx/interface/maxi.hlp 
INFO: [HLS 200-100] Command             ap_source returned 0; 0.001 sec.
INFO: [HLS 200-100] Execute             source C:/Xilinx/Vivado_HLS/2017.2/common/technology/xilinx/interface/saxilite.hlp 
INFO: [HLS 200-100] Command             ap_source returned 0; 0 sec.
INFO: [HLS 200-100] Command           ap_source returned 0; 0.001 sec.
INFO: [HLS 200-100] Execute           source C:/Xilinx/Vivado_HLS/2017.2/common/technology/xilinx/common/dsp48.hlp 
INFO: [HLS 200-100] Command           ap_source returned 0; 0.001 sec.
INFO: [HLS 200-100] Command         ap_source returned 0; 0.008 sec.
INFO: [HLS 200-100] Command       ap_source returned 0; 0.01 sec.
INFO: [HLS 200-100] Execute       source C:/Xilinx/Vivado_HLS/2017.2/common/technology/xilinx/zynq/zynq_hp.hlp 
INFO: [HLS 200-100] Command       ap_source returned 0; 0.002 sec.
INFO: [HLS 200-100] Command     import_lib returned 0; 0.027 sec.
INFO: [HLS 200-100] Execute     source C:/Xilinx/Vivado_HLS/2017.2/common/technology/xilinx/zynq/zynq_fpv6.gen 
INFO: [HLS 200-100] Execute       source C:/Xilinx/Vivado_HLS/2017.2/common/technology/xilinx/common/xilinx_fpv6.gen 
INFO: [HLS 200-100] Command       ap_source returned 0; 0.002 sec.
INFO: [HLS 200-100] Command     ap_source returned 0; 0.002 sec.
INFO: [HLS 200-100] Execute     set_part xc7z010clg400-1 
INFO: [HLS 200-100] Execute       add_library xilinx/zynq/zynq:xc7z010:clg400:-1 
INFO: [HLS 200-100] Execute         get_default_platform 
INFO: [HLS 200-100] Command         get_default_platform returned 0; 0 sec.
INFO: [HLS 200-100] Execute         license_isbetapart xc7z010 
INFO: [HLS 200-100] Command         license_isbetapart returned 1; 0.016 sec.
INFO: [HLS 200-100] Execute         get_default_platform 
INFO: [HLS 200-100] Command         get_default_platform returned 0; 0 sec.
INFO: [HLS 200-100] Execute         config_chip_info -quiet -resource  {SLICE 4400}   {LUT 17600}     {FF 35200}  {DSP48E 80}    {BRAM 120}  
INFO: [HLS 200-100] Command         config_chip_info returned 0; 0 sec.
INFO: [HLS 200-100] Execute         config_chip_info -quiet -speed slow 
INFO: [HLS 200-100] Command         config_chip_info returned 0; 0 sec.
INFO: [HLS 200-100] Command       add_library returned 0; 0.029 sec.
INFO: [HLS 200-100] Execute       add_library xilinx/zynq/zynq_fpv6 
INFO: [HLS 200-100] Execute         get_default_platform 
INFO: [HLS 200-100] Command         get_default_platform returned 0; 0 sec.
INFO: [HLS 200-100] Command       add_library returned 0; 0.011 sec.
INFO: [HLS 200-10] Setting target device to 'xc7z010clg400-1'
INFO: [HLS 200-100] Execute       get_default_platform 
INFO: [HLS 200-100] Command       get_default_platform returned 0; 0.001 sec.
INFO: [HLS 200-100] Command     set_part returned 0; 0.089 sec.
INFO: [HLS 200-100] Execute     get_default_platform 
INFO: [HLS 200-100] Command     get_default_platform returned 0; 0 sec.
INFO: [HLS 200-100] Execute     config_chip_info -quiet -resource  {SLICE 4400}   {LUT 17600}     {FF 35200}  {DSP48E 80}    {BRAM 120}  
INFO: [HLS 200-100] Command     config_chip_info returned 0; 0 sec.
INFO: [HLS 200-100] Execute     config_chip_info -quiet -speed slow 
INFO: [HLS 200-100] Command     config_chip_info returned 0; 0 sec.
INFO: [HLS 200-100] Command   open_solution returned 0; 0.377 sec.
INFO: [HLS 200-100] Execute   set_part xc7z010clg400-1 
INFO: [HLS 200-100] Execute     add_library xilinx/zynq/zynq:xc7z010:clg400:-1 
INFO: [HLS 200-100] Execute       get_default_platform 
INFO: [HLS 200-100] Command       get_default_platform returned 0; 0 sec.
INFO: [HLS 200-100] Execute       license_isbetapart xc7z010 
INFO: [HLS 200-100] Command       license_isbetapart returned 1; 0 sec.
INFO: [HLS 200-100] Execute       get_default_platform 
INFO: [HLS 200-100] Command       get_default_platform returned 0; 0 sec.
INFO: [HLS 200-100] Execute       config_chip_info -quiet -resource  {SLICE 4400}   {LUT 17600}     {FF 35200}  {DSP48E 80}    {BRAM 120}  
INFO: [HLS 200-100] Command       config_chip_info returned 0; 0 sec.
INFO: [HLS 200-100] Execute       config_chip_info -quiet -speed slow 
INFO: [HLS 200-100] Command       config_chip_info returned 0; 0 sec.
INFO: [HLS 200-100] Command     add_library returned 0; 0.011 sec.
INFO: [HLS 200-100] Execute     add_library xilinx/zynq/zynq_fpv6 
INFO: [HLS 200-100] Execute       get_default_platform 
INFO: [HLS 200-100] Command       get_default_platform returned 0; 0 sec.
INFO: [HLS 200-100] Command     add_library returned 0; 0.003 sec.
INFO: [HLS 200-100] Execute     get_default_platform 
INFO: [HLS 200-100] Command     get_default_platform returned 0; 0 sec.
INFO: [HLS 200-100] Command   set_part returned 0; 0.066 sec.
INFO: [HLS 200-100] Execute   create_clock -period 8 -name default 
INFO: [HLS 200-100] Command   create_clock returned 0; 0.002 sec.
INFO: [HLS 200-100] Execute   source ./yuv_filter.prj/solution2/directives.tcl 
INFO: [HLS 200-100] Execute     set_directive_inline -off yuv_scale 
INFO: [HLS 200-0] Setting directive 'INLINE' off=positionBoolean1 
INFO: [HLS 200-100] Command     set_directive_inline returned 0; 0.005 sec.
INFO: [HLS 200-100] Execute     set_directive_pipeline yuv_scale/YUV_SCALE_LOOP_Y 
INFO: [HLS 200-0] Setting directive 'INLINE' off=positionBoolean1 
INFO: [HLS 200-0] Setting directive 'PIPELINE' 
INFO: [HLS 200-100] Command     set_directive_pipeline returned 0; 0.008 sec.
INFO: [HLS 200-100] Execute     set_directive_pipeline rgb2yuv/RGB2YUV_LOOP_X 
INFO: [HLS 200-0] Setting directive 'INLINE' off=positionBoolean1 
INFO: [HLS 200-0] Setting directive 'PIPELINE' 
INFO: [HLS 200-0] Setting directive 'PIPELINE' 
INFO: [HLS 200-100] Command     set_directive_pipeline returned 0; 0.01 sec.
INFO: [HLS 200-100] Execute     set_directive_pipeline yuv2rgb/YUV2RGB_LOOP_X 
INFO: [HLS 200-0] Setting directive 'INLINE' off=positionBoolean1 
INFO: [HLS 200-0] Setting directive 'PIPELINE' 
INFO: [HLS 200-0] Setting directive 'PIPELINE' 
INFO: [HLS 200-0] Setting directive 'PIPELINE' 
INFO: [HLS 200-100] Command     set_directive_pipeline returned 0; 0.01 sec.
INFO: [HLS 200-100] Command   ap_source returned 0; 0.044 sec.
INFO: [HLS 200-100] Execute   csynth_design 
INFO: [HLS 200-100] Execute     elaborate -effort=medium -skip_syncheck=0 -keep_printf=0 -lm=0 -skip_cdt=0 -skip_transform=0 -ng=0 -g=0 -opt_fp=0 
INFO: [HLS 200-10] Analyzing design file 'yuv_filter.c' ... 
INFO: [HLS 200-0] Compiling one TU...
INFO: [HLS 200-100] Execute       is_m_axi_addr64 
INFO: [HLS 200-100] Command       is_m_axi_addr64 returned 0; 0 sec.
INFO: [HLS 200-0] Handling yuv_filter.c as C
INFO: [HLS 200-0] Syntax Checking before pre-processing...
INFO: [HLS 200-100] Execute       clang  -fno-limit-debug-info -gcc-toolchain "C:/Xilinx/Vivado_HLS/2017.2/msys" -hls    -fno-math-errno -c -emit-llvm -O0  -mllvm -disable-llvm-optzns -std=gnu89   -DAESL_SYN -D__SYNTHESIS__ -D__HLS_SYN__ -I "C:/Xilinx/Vivado_HLS/2017.2/common/technology/autopilot" -I "C:/Xilinx/Vivado_HLS/2017.2/common/technology/autopilot/ap_sysc" -include etc/autopilot_ssdm_op.h -D__cdecl=  "yuv_filter.c"  -o "C:/Users/User/Desktop/UNI/EmbeddedRealTimeSystem/Assignment2/HLS_labs/lab2/yuv_filter.prj/solution2/.autopilot/db/yuv_filter.pp.00.o" 
INFO: [HLS 200-0] exec clang -fno-limit-debug-info -gcc-toolchain C:/Xilinx/Vivado_HLS/2017.2/msys -hls -fno-math-errno -c -emit-llvm -O0 -mllvm -disable-llvm-optzns -std=gnu89 -DAESL_SYN -D__SYNTHESIS__ -D__HLS_SYN__ -I C:/Xilinx/Vivado_HLS/2017.2/common/technology/autopilot -I C:/Xilinx/Vivado_HLS/2017.2/common/technology/autopilot/ap_sysc -include etc/autopilot_ssdm_op.h -D__cdecl= yuv_filter.c -o C:/Users/User/Desktop/UNI/EmbeddedRealTimeSystem/Assignment2/HLS_labs/lab2/yuv_filter.prj/solution2/.autopilot/db/yuv_filter.pp.00.o
INFO: [HLS 200-100] Command       clang returned 0; 0.262 sec.
INFO: [HLS 200-100] Execute       is_encrypted C:/Users/User/Desktop/UNI/EmbeddedRealTimeSystem/Assignment2/HLS_labs/lab2/yuv_filter.prj/solution2/.autopilot/db/yuv_filter.pp.00.o 
INFO: [HLS 200-100] Command       is_encrypted returned 0; 0.002 sec.
INFO: [HLS 200-0] Source preprocessing
INFO: [HLS 200-100] Execute       clang  -fno-limit-debug-info -gcc-toolchain "C:/Xilinx/Vivado_HLS/2017.2/msys" -hls -fno-exceptions  -D__llvm__  -CC -E "yuv_filter.c"     -fno-math-errno -c -emit-llvm -O0  -mllvm -disable-llvm-optzns -std=gnu89   -DAESL_SYN -D__SYNTHESIS__ -D__HLS_SYN__ -I "C:/Xilinx/Vivado_HLS/2017.2/common/technology/autopilot" -I "C:/Xilinx/Vivado_HLS/2017.2/common/technology/autopilot/ap_sysc" -include etc/autopilot_ssdm_op.h -D__cdecl=  -o "C:/Users/User/Desktop/UNI/EmbeddedRealTimeSystem/Assignment2/HLS_labs/lab2/yuv_filter.prj/solution2/.autopilot/db/yuv_filter.pp.0.c" 
INFO: [HLS 200-0] exec clang -fno-limit-debug-info -gcc-toolchain C:/Xilinx/Vivado_HLS/2017.2/msys -hls -fno-exceptions -D__llvm__ -CC -E yuv_filter.c -fno-math-errno -c -emit-llvm -O0 -mllvm -disable-llvm-optzns -std=gnu89 -DAESL_SYN -D__SYNTHESIS__ -D__HLS_SYN__ -I C:/Xilinx/Vivado_HLS/2017.2/common/technology/autopilot -I C:/Xilinx/Vivado_HLS/2017.2/common/technology/autopilot/ap_sysc -include etc/autopilot_ssdm_op.h -D__cdecl= -o C:/Users/User/Desktop/UNI/EmbeddedRealTimeSystem/Assignment2/HLS_labs/lab2/yuv_filter.prj/solution2/.autopilot/db/yuv_filter.pp.0.c
INFO: [HLS 200-100] Command       clang returned 0; 0.257 sec.
INFO: [HLS 200-0] GCC PP time: 0 seconds per iteration
INFO: [HLS 200-0] Setting directive 'INLINE' off=positionBoolean1 
INFO: [HLS 200-0] Setting directive 'PIPELINE' 
INFO: [HLS 200-0] Setting directive 'PIPELINE' 
INFO: [HLS 200-0] Setting directive 'PIPELINE' 
INFO: [HLS 200-100] Execute       list_core -type functional_unit 
INFO: [HLS 200-100] Command       list_core returned 0; 0 sec.
INFO: [HLS 200-0] CDT Preprocessing...
INFO: [HLS 200-0] Marker-Pragma convertor: C:/Users/User/Desktop/UNI/EmbeddedRealTimeSystem/Assignment2/HLS_labs/lab2/yuv_filter.prj/solution2/.autopilot/db/yuv_filter.pp.0.c C:/Users/User/Desktop/UNI/EmbeddedRealTimeSystem/Assignment2/HLS_labs/lab2/yuv_filter.prj/solution2/.autopilot/db/yuv_filter.pp.0.c.ap-line.c C:/Users/User/Desktop/UNI/EmbeddedRealTimeSystem/Assignment2/HLS_labs/lab2/yuv_filter.prj/solution2/.autopilot/db/yuv_filter.pp.0.c.ap-line.c.CXX 1
INFO: [HLS 200-0] Converting Markers to Pragmas...
INFO: [HLS 200-100] Execute       cdt  "C:/Users/User/Desktop/UNI/EmbeddedRealTimeSystem/Assignment2/HLS_labs/lab2/yuv_filter.prj/solution2/.autopilot/db/yuv_filter.pp.0.c.ap-line.c"  -m "yuv_filter" -o "C:/Users/User/Desktop/UNI/EmbeddedRealTimeSystem/Assignment2/HLS_labs/lab2/yuv_filter.prj/solution2/.autopilot/db/yuv_filter.pp.0.c.ap-cdt.c" -c --pp --directive C:/Users/User/Desktop/UNI/EmbeddedRealTimeSystem/Assignment2/HLS_labs/lab2/yuv_filter.prj/solution2/solution2.directive --source C:/Users/User/Desktop/UNI/EmbeddedRealTimeSystem/Assignment2/HLS_labs/lab2/yuv_filter.c --error C:/Users/User/Desktop/UNI/EmbeddedRealTimeSystem/Assignment2/HLS_labs/lab2/yuv_filter.prj/solution2/.autopilot/db --funcunit "AddSub AddSub_DSP AddSubnS DAddSub_fulldsp DAddSub_nodsp DDiv DExp_fulldsp DExp_meddsp DExp_nodsp DLog_fulldsp DLog_meddsp DLog_nodsp DMul_fulldsp DMul_maxdsp DMul_meddsp DMul_nodsp DRSqrt DRecip DSqrt DivnS FAddSub_fulldsp FAddSub_nodsp FDiv FExp_fulldsp FExp_meddsp FExp_nodsp FLog_fulldsp FLog_meddsp FLog_nodsp FMul_fulldsp FMul_maxdsp FMul_meddsp FMul_nodsp FRSqrt_fulldsp FRSqrt_nodsp FRecip_fulldsp FRecip_nodsp FSqrt HAddSub_fulldsp HAddSub_meddsp HAddSub_nodsp HDiv HMul_fulldsp HMul_maxdsp HMul_nodsp HSqrt Mul Mul2S Mul3S Mul4S Mul5S Mul6S Mul_LUT MulnS MuxnS" --ca --gf --pd --p2d C:/Users/User/Desktop/UNI/EmbeddedRealTimeSystem/Assignment2/HLS_labs/lab2/yuv_filter.prj/solution2/.autopilot/db --sd --scff C:/Users/User/Desktop/UNI/EmbeddedRealTimeSystem/Assignment2/HLS_labs/lab2/yuv_filter.prj/solution2/.autopilot/db/.systemc_flag --ad 
INFO: [HLS 200-100] Command       cdt returned 0; 1.065 sec.
INFO: [HLS 200-0] Marker-Pragma convertor: C:/Users/User/Desktop/UNI/EmbeddedRealTimeSystem/Assignment2/HLS_labs/lab2/yuv_filter.prj/solution2/.autopilot/db/yuv_filter.pp.0.c.ap-cdt.c C:/Users/User/Desktop/UNI/EmbeddedRealTimeSystem/Assignment2/HLS_labs/lab2/yuv_filter.prj/solution2/.autopilot/db/yuv_filter.pragma.0.c C:/Users/User/Desktop/UNI/EmbeddedRealTimeSystem/Assignment2/HLS_labs/lab2/yuv_filter.prj/solution2/.autopilot/db/yuv_filter.pragma.0.c.ap-line.CXX 0
INFO: [HLS 200-0] Converting Pragmas to Markers...
INFO: [HLS 200-100] Execute       source C:/Users/User/Desktop/UNI/EmbeddedRealTimeSystem/Assignment2/HLS_labs/lab2/yuv_filter.prj/solution2/.autopilot/db/pragma.status.tcl 
INFO: [HLS 200-100] Command       ap_source returned 0; 0.009 sec.
INFO: [HLS 200-0] Pragma Handling...
INFO: [HLS 200-0] Source preprocessing
INFO: [HLS 200-100] Execute       clang  -fno-limit-debug-info -gcc-toolchain "C:/Xilinx/Vivado_HLS/2017.2/msys" -hls -fno-exceptions  -D__llvm__  -CC -E "C:/Users/User/Desktop/UNI/EmbeddedRealTimeSystem/Assignment2/HLS_labs/lab2/yuv_filter.prj/solution2/.autopilot/db/yuv_filter.pragma.1.c"     -fno-math-errno -c -emit-llvm -O0  -mllvm -disable-llvm-optzns -std=gnu89   -DAESL_SYN -D__SYNTHESIS__ -D__HLS_SYN__ -I "C:/Xilinx/Vivado_HLS/2017.2/common/technology/autopilot" -I "C:/Xilinx/Vivado_HLS/2017.2/common/technology/autopilot/ap_sysc" -include etc/autopilot_ssdm_op.h -D__cdecl=  -o "C:/Users/User/Desktop/UNI/EmbeddedRealTimeSystem/Assignment2/HLS_labs/lab2/yuv_filter.prj/solution2/.autopilot/db/yuv_filter.pragma.2.c" 
INFO: [HLS 200-0] exec clang -fno-limit-debug-info -gcc-toolchain C:/Xilinx/Vivado_HLS/2017.2/msys -hls -fno-exceptions -D__llvm__ -CC -E C:/Users/User/Desktop/UNI/EmbeddedRealTimeSystem/Assignment2/HLS_labs/lab2/yuv_filter.prj/solution2/.autopilot/db/yuv_filter.pragma.1.c -fno-math-errno -c -emit-llvm -O0 -mllvm -disable-llvm-optzns -std=gnu89 -DAESL_SYN -D__SYNTHESIS__ -D__HLS_SYN__ -I C:/Xilinx/Vivado_HLS/2017.2/common/technology/autopilot -I C:/Xilinx/Vivado_HLS/2017.2/common/technology/autopilot/ap_sysc -include etc/autopilot_ssdm_op.h -D__cdecl= -o C:/Users/User/Desktop/UNI/EmbeddedRealTimeSystem/Assignment2/HLS_labs/lab2/yuv_filter.prj/solution2/.autopilot/db/yuv_filter.pragma.2.c
INFO: [HLS 200-100] Command       clang returned 0; 0.277 sec.
INFO: [HLS 200-0] Processing labels
INFO: [HLS 200-100] Execute       clang  -fno-limit-debug-info -gcc-toolchain C:/Xilinx/Vivado_HLS/2017.2/msys -hls -hls-analyze-label -hls-analyze-pragma -fno-exceptions  -D__llvm__  -w  "C:/Users/User/Desktop/UNI/EmbeddedRealTimeSystem/Assignment2/HLS_labs/lab2/yuv_filter.prj/solution2/.autopilot/db/yuv_filter.pragma.2.c"    -fno-math-errno -c -emit-llvm -O0  -mllvm -disable-llvm-optzns -std=gnu89  -DAESL_SYN -D__SYNTHESIS__ -D__HLS_SYN__ -I "C:/Xilinx/Vivado_HLS/2017.2/common/technology/autopilot" -I "C:/Xilinx/Vivado_HLS/2017.2/common/technology/autopilot/ap_sysc" -include etc/autopilot_ssdm_op.h -g -o "C:/Users/User/Desktop/UNI/EmbeddedRealTimeSystem/Assignment2/HLS_labs/lab2/yuv_filter.prj/solution2/.autopilot/db/yuv_filter.g.bc" 
INFO: [HLS 200-0] exec clang -fno-limit-debug-info -gcc-toolchain C:/Xilinx/Vivado_HLS/2017.2/msys -hls -hls-analyze-label -hls-analyze-pragma -fno-exceptions -D__llvm__ -w C:/Users/User/Desktop/UNI/EmbeddedRealTimeSystem/Assignment2/HLS_labs/lab2/yuv_filter.prj/solution2/.autopilot/db/yuv_filter.pragma.2.c -fno-math-errno -c -emit-llvm -O0 -mllvm -disable-llvm-optzns -std=gnu89 -DAESL_SYN -D__SYNTHESIS__ -D__HLS_SYN__ -I C:/Xilinx/Vivado_HLS/2017.2/common/technology/autopilot -I C:/Xilinx/Vivado_HLS/2017.2/common/technology/autopilot/ap_sysc -include etc/autopilot_ssdm_op.h -g -o C:/Users/User/Desktop/UNI/EmbeddedRealTimeSystem/Assignment2/HLS_labs/lab2/yuv_filter.prj/solution2/.autopilot/db/yuv_filter.g.bc
INFO: [HLS 200-100] Command       clang returned 0; 0.299 sec.
INFO: [HLS 200-10] Validating synthesis directives ...
INFO: [HLS 200-100] Execute       source C:/Users/User/Desktop/UNI/EmbeddedRealTimeSystem/Assignment2/HLS_labs/lab2/yuv_filter.prj/solution2/.autopilot/db/pragma.status.tcl 
INFO: [HLS 200-100] Command       ap_source returned 0; 0.002 sec.
INFO: [HLS 200-111] Finished Checking Pragmas Time (s): cpu = 00:00:01 ; elapsed = 00:00:04 . Memory (MB): peak = 96.871 ; gain = 47.477
INFO: [HLS 200-0] Linking Release ...
INFO: [HLS 200-100] Execute       llvm-ld C:/Users/User/Desktop/UNI/EmbeddedRealTimeSystem/Assignment2/HLS_labs/lab2/yuv_filter.prj/solution2/.autopilot/db/yuv_filter.bc -disable-opt -LC:/Xilinx/Vivado_HLS/2017.2/win64/lib -lm_basic -o C:/Users/User/Desktop/UNI/EmbeddedRealTimeSystem/Assignment2/HLS_labs/lab2/yuv_filter.prj/solution2/.autopilot/db/a.o 
INFO: [HLS 200-100] Command       llvm-ld returned 0; 0.209 sec.
INFO: [HLS 200-100] Execute       disassemble C:/Users/User/Desktop/UNI/EmbeddedRealTimeSystem/Assignment2/HLS_labs/lab2/yuv_filter.prj/solution2/.autopilot/db/a.o C:/Users/User/Desktop/UNI/EmbeddedRealTimeSystem/Assignment2/HLS_labs/lab2/yuv_filter.prj/solution2/.autopilot/db/a.o 
INFO: [HLS 200-100] Execute         is_encrypted C:/Users/User/Desktop/UNI/EmbeddedRealTimeSystem/Assignment2/HLS_labs/lab2/yuv_filter.prj/solution2/.autopilot/db/a.o.bc 
INFO: [HLS 200-100] Command         is_encrypted returned 0; 0 sec.
INFO: [HLS 200-100] Command       disassemble returned 0; 0.044 sec.
INFO: [HLS 200-0] Disassemble time: 0 seconds per iteration
INFO: [HLS 200-0] Linking Debug ...
INFO: [HLS 200-100] Execute       llvm-ld C:/Users/User/Desktop/UNI/EmbeddedRealTimeSystem/Assignment2/HLS_labs/lab2/yuv_filter.prj/solution2/.autopilot/db/yuv_filter.g.bc -disable-opt -LC:/Xilinx/Vivado_HLS/2017.2/win64/lib -lm_basic -o C:/Users/User/Desktop/UNI/EmbeddedRealTimeSystem/Assignment2/HLS_labs/lab2/yuv_filter.prj/solution2/.autopilot/db/a.g 
INFO: [HLS 200-100] Command       llvm-ld returned 0; 0.186 sec.
INFO: [HLS 200-100] Execute       disassemble C:/Users/User/Desktop/UNI/EmbeddedRealTimeSystem/Assignment2/HLS_labs/lab2/yuv_filter.prj/solution2/.autopilot/db/a.g C:/Users/User/Desktop/UNI/EmbeddedRealTimeSystem/Assignment2/HLS_labs/lab2/yuv_filter.prj/solution2/.autopilot/db/a.g 
INFO: [HLS 200-100] Execute         is_encrypted C:/Users/User/Desktop/UNI/EmbeddedRealTimeSystem/Assignment2/HLS_labs/lab2/yuv_filter.prj/solution2/.autopilot/db/a.g.bc 
INFO: [HLS 200-100] Command         is_encrypted returned 0; 0 sec.
INFO: [HLS 200-100] Command       disassemble returned 0; 0.033 sec.
INFO: [HLS 200-0] Disassemble time: 0 seconds per iteration
INFO: [HLS 200-111] Finished Linking Time (s): cpu = 00:00:01 ; elapsed = 00:00:04 . Memory (MB): peak = 96.875 ; gain = 47.480
INFO: [HLS 200-100] Execute       opt_and_import_c a -opt_level=2 -skip_syncheck=0 -ng=0 -keep_printf=0 
INFO: [HLS 200-100] Execute         cleanup_all_models 
INFO: [HLS 200-100] Command         cleanup_all_models returned 0; 0 sec.
INFO: [HLS 200-10] Starting code transformations ...
INFO: [HLS 200-100] Execute         transform -promote-dbg-pointer C:/Users/User/Desktop/UNI/EmbeddedRealTimeSystem/Assignment2/HLS_labs/lab2/yuv_filter.prj/solution2/.autopilot/db/a.pp.bc -o C:/Users/User/Desktop/UNI/EmbeddedRealTimeSystem/Assignment2/HLS_labs/lab2/yuv_filter.prj/solution2/.autopilot/db/a.pp.0.bc -f 
INFO: [HLS 200-100] Command         transform returned 0; 0.012 sec.
INFO: [HLS 200-100] Execute         llvm-ld C:/Users/User/Desktop/UNI/EmbeddedRealTimeSystem/Assignment2/HLS_labs/lab2/yuv_filter.prj/solution2/.autopilot/db/a.pp.0.bc -disable-opt -LC:/Xilinx/Vivado_HLS/2017.2/win64/lib -lfloatconversion -o C:/Users/User/Desktop/UNI/EmbeddedRealTimeSystem/Assignment2/HLS_labs/lab2/yuv_filter.prj/solution2/.autopilot/db/a.g.0 
INFO: [HLS 200-100] Command         llvm-ld returned 0; 0.16 sec.
INFO: [HLS 200-0] Running Standard Transforms...
INFO: [HLS 200-100] Execute         transform -hls -share-std-xform -demangle-name -inline-byval-memcpy -always-inline -promote-dbg-pointer -interface-preproc -scalarrepl -mem2reg -keep-read-access -instcombine -dce -promote-dbg-pointer -bitop-raise -loop-simplify -indvarspre -indvars -loop-simplify -xunroll -constprop -instcombine -simplifycfg -indvars -simplifycfg -dce -globaldce -basicaa -simplifycfg -mem2reg -globalopt -global-constprop -deadargelim -instcombine -simplifycfg -prune-eh -simplifycfg -scalarrepl -instcombine -reassociate -licm -simplifycfg -loop-simplify -indvars -instcombine -simplifycfg -mem2reg -loop-simplify -indvars -instcombine -gvn -gvn -instcombine -adce -break-crit-edges -simplifycfg -loop-delete -global-array-opt -dce -dse -adce -find-syn-modules -top yuv_filter -deadargelim -mem2reg -instcombine -dce -presyn-prepare -auto-rom-infer -interface-preproc -syn-check -check-rec-only -find-region -simplifycfg -func-extr -function-inline -globaldce -mem2reg -instcombine -dce -gvn -globaldce -adce -adse -constprop -instcombine -bit-constprop -instcombine -dce -simplifycfg -bitop-raise -simplifycfg -dce -loop-delete -reassociate -globalopt -global-privatize -mem2reg -dce -global-constprop -pointer-simplify -constprop -dce -func-inst -deadargelim -auto-shift-reg-idiom -promote-dbg-pointer -norm-name C:/Users/User/Desktop/UNI/EmbeddedRealTimeSystem/Assignment2/HLS_labs/lab2/yuv_filter.prj/solution2/.autopilot/db/a.g.0.bc -o C:/Users/User/Desktop/UNI/EmbeddedRealTimeSystem/Assignment2/HLS_labs/lab2/yuv_filter.prj/solution2/.autopilot/db/a.g.1.bc -f -phase std-opt 
INFO: [HLS 200-100] Command         transform returned 0; 0.041 sec.
INFO: [HLS 200-100] Execute         disassemble C:/Users/User/Desktop/UNI/EmbeddedRealTimeSystem/Assignment2/HLS_labs/lab2/yuv_filter.prj/solution2/.autopilot/db/a.g.1 C:/Users/User/Desktop/UNI/EmbeddedRealTimeSystem/Assignment2/HLS_labs/lab2/yuv_filter.prj/solution2/.autopilot/db/a.g.1 
INFO: [HLS 200-100] Execute           is_encrypted C:/Users/User/Desktop/UNI/EmbeddedRealTimeSystem/Assignment2/HLS_labs/lab2/yuv_filter.prj/solution2/.autopilot/db/a.g.1.bc 
INFO: [HLS 200-100] Command           is_encrypted returned 0; 0.012 sec.
INFO: [HLS 200-100] Command         disassemble returned 0; 0.059 sec.
INFO: [HLS 200-111] Finished Standard Transforms Time (s): cpu = 00:00:01 ; elapsed = 00:00:04 . Memory (MB): peak = 98.227 ; gain = 48.832
INFO: [HLS 200-10] Checking synthesizability ...
INFO: [HLS 200-0] Checking Synthesizability 1/2..
INFO: [HLS 200-100] Execute         transform -hls -syn-check -check-rec-only -disaggr -scalarrepl -norm-name -dce -mem2reg -instcombine -function-uniquify -directive-preproc -mem2reg -dse -dce -auto-rom-infer -dce -array-normalize -instcombine -dce -warn-fifo-pointer -array-seg-normalize -instcombine -dce -array-flatten -instcombine -dce -array-burst -dce -deadargelim -promote-global-argument -simplifycfg -mem2reg -globaldce -resolve-double-ptr -dce -deadargelim -dce -instcombine -function-inline -globaldce -dce -doublePtrSimplify -doublePtrElim -dce -doublePtrSimplify -promote-dbg-pointer -dce -scalarrepl -dse -adse -instcombine -ptrLegalization -simplifycfg -dce -instcombine -pointer-simplify -ptrArgReplace -dce -instcombine -disaggr -scalarrepl -norm-name -dce -mem2reg -instcombine -ptrLegalization -simplifycfg -deadargelim -instcombine -dce -inst-simplify -function-uniquify -directive-preproc -mem2reg -dse -dce -globaldce C:/Users/User/Desktop/UNI/EmbeddedRealTimeSystem/Assignment2/HLS_labs/lab2/yuv_filter.prj/solution2/.autopilot/db/a.g.1.bc -o C:/Users/User/Desktop/UNI/EmbeddedRealTimeSystem/Assignment2/HLS_labs/lab2/yuv_filter.prj/solution2/.autopilot/db/a.g.2.prechk.bc -f 
INFO: [HLS 200-100] Command         transform returned 0; 0.06 sec.
INFO: [HLS 200-0] Checking Synthesizability 2/2..
INFO: [HLS 200-100] Execute         transform -syn-check C:/Users/User/Desktop/UNI/EmbeddedRealTimeSystem/Assignment2/HLS_labs/lab2/yuv_filter.prj/solution2/.autopilot/db/a.g.2.prechk.bc -o C:/Users/User/Desktop/UNI/EmbeddedRealTimeSystem/Assignment2/HLS_labs/lab2/yuv_filter.prj/solution2/.autopilot/db/a.g.2.bc -f -phase syn-check 
INFO: [HLS 200-100] Command         transform returned 0; 0.008 sec.
INFO: [HLS 200-111] Finished Checking Synthesizability Time (s): cpu = 00:00:01 ; elapsed = 00:00:05 . Memory (MB): peak = 98.703 ; gain = 49.309
INFO: [HLS 200-0] Compiler optimizing ...
INFO: [HLS 200-0] Share syncheck's 1.bc for syn flow: copy C:/Users/User/Desktop/UNI/EmbeddedRealTimeSystem/Assignment2/HLS_labs/lab2/yuv_filter.prj/solution2/.autopilot/db/a.g.1.bc to C:/Users/User/Desktop/UNI/EmbeddedRealTimeSystem/Assignment2/HLS_labs/lab2/yuv_filter.prj/solution2/.autopilot/db/a.o.1.bc
INFO: [HLS 200-0] Presyn 1...
INFO: [HLS 200-100] Execute         transform -hls -tmp C:/Users/User/Desktop/UNI/EmbeddedRealTimeSystem/Assignment2/HLS_labs/lab2/yuv_filter.prj/solution2/.autopilot/db -interface-port-rename -type-info -function-uniquify -directive-preproc -mem2reg -dse -dce -disaggr -scalarrepl -norm-name -deadargelim -mem2reg -instcombine -dce -auto-rom-infer -dce -function-uniquify -resource-proc -simplifycfg -mem2reg -globaldce -resolve-double-ptr -dce -deadargelim -dce -instcombine -clib-intrinsic-prepare -dce -func-buffer -dce -array-normalize -func-legal -instcombine -gvn -constprop -dce -ptrArgReplace -mem2reg -instcombine -dce -array-seg-normalize -deadargelim -instcombine -dce -pointer-simplify -dce -port-alignment -dce -interface-preproc -data-pack -instcombine -dce -basicaa -aggr-aa -aggrmodref-aa -aggr-aa -gvn -gvn -basicaa -aggr-aa -aggrmodref-aa -aggr-aa -dse -adse -adce -loop-simplify -indvars -instcombine -gvn -loop-simplify -mem2reg -dce -simplifycfg -find-region -instcombine -auto-loop-pipeline -inst-simplify -interface-preproc -cfgopt -instcombine -indvars -auto-loop-unroll -loop-simplify -loop-bound -xunroll -constprop -instcombine -simplifycfg -indvars -simplifycfg -dce -globaldce -clean-region -attach-range -gvn -inst-simplify -constprop -simplifycfg -dce -pointer-simplify -dce -globalopt -constprop -dce -array-promote -constprop -instcombine -dce -ptrArgReplace -mem2reg -instcombine -simplifycfg -dce -auto-par -instcombine -dce -array-transform-check -array-reshape -instcombine -simplifycfg -dce -ptrArgReplace -deadargelim -mem2reg -instcombine -simplifycfg -dce -indvars -loop-simplify -loop-bound -xunroll -constprop -instcombine -simplifycfg -indvars -simplifycfg -dce -globaldce -duplicate-dataflow-processes -globaldce -instcombine -array-partition -instcombine -simplifycfg -dce -ptrArgReplace -global-constprop -deadargelim -mem2reg -func-legal -instcombine -dce -global-constprop -deadargelim -mem2reg -instcombine -simplifycfg -dce -globalopt -constprop -dce -array-promote -constprop -instcombine -dce -ptrArgReplace -mem2reg -instcombine -simplifycfg -dce -mem-intrinsic-preproc -dce -global-privatize -mem2reg -globaldce -promote-global-argument -ptrArgReplace -mem2reg -instcombine -dce -globalopt -mergereturn -simplify-global-access -mem2reg -dce -pointer-simplify -dce -functionattrs -basicaa -aggr-aa -aggrmodref-aa -aggr-aa -gvn -gvn -basicaa -aggr-aa -aggrmodref-aa -aggr-aa -dse -adse -adce -inst-simplify -dce -norm-name -function-inline -globaldce -func-inst -constprop -instcombine -simplifycfg -dce -func-legal -dce -loop-bound -arraycheck -bitwidthmin -on-by-dataflow -loop-delete -instcombine -simplifycfg -globaldce -dce -gvn -deadargelim -dce -loop-simplify -clean-region -simplifycfg -propagate-stable-arguments -loop-stream -instcombine -simplifycfg -dce -globaldce -stream-intrinsic-preproc -dce -check-ap-stream -loop-simplify -eliminate-keepreads -extract-dataflow-in-loop -loop-simplify -dce -gvn -deadargelim -dse -check-dataflow-syntax -legalize-stream-variable -legalize-global -extract-subproc -dce -dead-channel-elimination -canonicalize-gep -globaldce -dce -gvn -deadargelim -annotate-dataflow-channels -scalar-propagation -deadargelim -globaldce -mem2reg -check-dataflow-channels -function-stream -dce -globaldce -prop-fifo-spec -internal-stream-gen -canonicalize-gep -globaldce -dce -gvn -deadargelim -mergereturn -indvars -loop-simplify -instcombine -array-stream -array-seg-normalize -array-partition -func-legal -instcombine -simplifycfg -dce -bundle-memfifo-ops -deadargelim -function-uniquify -directive-preproc -mem2reg -dse -dce -group-axi-access -licm -simplifycfg -dce -loop-delete -norm-name C:/Users/User/Desktop/UNI/EmbeddedRealTimeSystem/Assignment2/HLS_labs/lab2/yuv_filter.prj/solution2/.autopilot/db/a.o.1.bc -o C:/Users/User/Desktop/UNI/EmbeddedRealTimeSystem/Assignment2/HLS_labs/lab2/yuv_filter.prj/solution2/.autopilot/db/a.o.1.tmp.bc -f 
INFO: [XFORM 203-502] Unrolling all sub-loops inside loop 'YUV2RGB_LOOP_X' (yuv_filter.c:89) in function 'yuv2rgb' for pipelining.
INFO: [XFORM 203-502] Unrolling all sub-loops inside loop 'RGB2YUV_LOOP_X' (yuv_filter.c:49) in function 'rgb2yuv' for pipelining.
WARNING: [XFORM 203-503] Cannot unroll loop 'YUV2RGB_LOOP_Y' (yuv_filter.c:92) in function 'yuv2rgb': cannot completely unroll a loop with a variable trip count.
WARNING: [XFORM 203-503] Cannot unroll loop 'RGB2YUV_LOOP_Y' (yuv_filter.c:52) in function 'rgb2yuv': cannot completely unroll a loop with a variable trip count.
INFO: [HLS 200-100] Command         transform returned 0; 0.216 sec.
INFO: [HLS 200-0] Presyn 2...
INFO: [HLS 200-100] Execute         transform -hls -keep-callgraph -scalarrepl -mem2reg -port-alignment -attach-range -dce -pipe-mux-gen -indvars -loop-bound -inst-simplify -instcombine -dce -merge-array-access -mem2reg -dce -clean-region -mergereturn -if-conv -instcombine -dce -constprop -basicaa -aggr-aa -aggrmodref-aa -aggr-aa -gvn -gvn -basicaa -aggr-aa -aggrmodref-aa -aggr-aa -dse -adse -adce -scalarrepl -mem2reg -global-constprop -deadargelim -deadargelim -instcombine -dce -simplifycfg -ptrArgReplace -mem2reg -function-inline -globaldce -mem2reg -instcombine -dce -expr-balance -instcombine -dce -bitwidthmin -interface-preproc -directive-preproc -inst-rectify -instcombine -dce -functionattrs -constprop -instcombine -bit-constprop -simplify-global-access -globalopt -globaldce -inst-simplify -instcombine -elimdeaddata -dce -loop-delete -simplifycfg -loop-simplify -auto-burst -norm-name C:/Users/User/Desktop/UNI/EmbeddedRealTimeSystem/Assignment2/HLS_labs/lab2/yuv_filter.prj/solution2/.autopilot/db/a.o.1.tmp.bc -o C:/Users/User/Desktop/UNI/EmbeddedRealTimeSystem/Assignment2/HLS_labs/lab2/yuv_filter.prj/solution2/.autopilot/db/a.o.2.bc -f -phase presyn 
INFO: [XFORM 203-401] Performing if-conversion on hyperblock from (yuv_filter.c:92:33) to (yuv_filter.c:92:27) in function 'yuv2rgb'... converting 7 basic blocks.
INFO: [XFORM 203-11] Balancing expressions in function 'rgb2yuv' (yuv_filter.c:30)...11 expression(s) balanced.
INFO: [HLS 200-100] Command         transform returned 0; 0.11 sec.
INFO: [HLS 200-100] Execute         disassemble C:/Users/User/Desktop/UNI/EmbeddedRealTimeSystem/Assignment2/HLS_labs/lab2/yuv_filter.prj/solution2/.autopilot/db/a.o.2 C:/Users/User/Desktop/UNI/EmbeddedRealTimeSystem/Assignment2/HLS_labs/lab2/yuv_filter.prj/solution2/.autopilot/db/a.o.2 
INFO: [HLS 200-100] Execute           is_encrypted C:/Users/User/Desktop/UNI/EmbeddedRealTimeSystem/Assignment2/HLS_labs/lab2/yuv_filter.prj/solution2/.autopilot/db/a.o.2.bc 
INFO: [HLS 200-100] Command           is_encrypted returned 0; 0.008 sec.
INFO: [HLS 200-100] Command         disassemble returned 0; 0.039 sec.
INFO: [HLS 200-111] Finished Pre-synthesis Time (s): cpu = 00:00:01 ; elapsed = 00:00:05 . Memory (MB): peak = 119.977 ; gain = 70.582
INFO: [HLS 200-0] Building ssdm...
INFO: [HLS 200-100] Execute         transform -hls -function-uniquify -auto-function-inline -globaldce -ptrArgReplace -mem2reg -instcombine -dce -reset-lda -loop-simplify -indvars -licm -loop-dep -loop-bound -licm -loop-simplify -flattenloopnest -array-flatten -gvn -instcombine -dce -array-map -dce -func-legal -gvn -adce -instcombine -cfgopt -simplifycfg -loop-simplify -array-burst -promote-global-argument -dce -axi4-lower -array-seg-normalize -basicaa -aggrmodref-aa -globalsmodref-aa -aggr-aa -gvn -gvn -basicaa -aggrmodref-aa -globalsmodref-aa -aggr-aa -dse -adse -adce -licm -inst-simplify -dce -globaldce -instcombine -array-stream -eliminate-keepreads -instcombine -dce -deadargelim -doublePtrSimplify -doublePtrElim -dce -doublePtrSimplify -promote-dbg-pointer -dce -scalarrepl -mem2reg -disaggr -norm-name -mem2reg -instcombine -dse -adse -adce -ptrLegalization -dce -auto-rom-infer -array-flatten -dce -instcombine -check-doubleptr -loop-rot -constprop -cfgopt -simplifycfg -loop-simplify -indvars -pointer-simplify -dce -loop-bound -loop-simplify -loop-preproc -constprop -global-constprop -gvn -mem2reg -instcombine -dce -loop-bound -loop-merge -dce -bitwidthmin -deadargelim -dce -canonicalize-dataflow -dce -scalar-propagation -deadargelim -globaldce -mem2reg -interface-preproc -interface-gen -deadargelim -directive-preproc -inst-simplify -dce -gvn -mem2reg -instcombine -dce -adse -loop-bound -instcombine -cfgopt -simplifycfg -loop-simplify -clean-region -io-protocol -find-region -mem2reg -bitop-raise -inst-simplify -inst-rectify -instcombine -adce -deadargelim -loop-simplify -phi-opt -bitop-raise -cfgopt -simplifycfg -strip-dead-prototypes -interface-lower -bitop-lower -intrinsic-lower -auto-function-inline -basicaa -aggrmodref-aa -globalsmodref-aa -aggr-aa -inst-simplify -simplifycfg -loop-simplify -mergereturn -inst-simplify -inst-rectify -dce -bitop-lower -loop-rewind -pointer-simplify -dce -cfgopt -read-loop-dep -dce -bitwidth -loop-dep -norm-name -legalize -validate-dataflow -cdfg-build C:/Users/User/Desktop/UNI/EmbeddedRealTimeSystem/Assignment2/HLS_labs/lab2/yuv_filter.prj/solution2/.autopilot/db/a.o.2.bc -o C:/Users/User/Desktop/UNI/EmbeddedRealTimeSystem/Assignment2/HLS_labs/lab2/yuv_filter.prj/solution2/.autopilot/db/a.o.3.bc -f -phase build-ssdm 
INFO: [XFORM 203-541] Flattening a loop nest 'YUV_SCALE_LOOP_X' (yuv_filter.c:129:29) in function 'yuv_scale'.
INFO: [XFORM 203-541] Flattening a loop nest 'YUV2RGB_LOOP_X' (yuv_filter.c:89:29) in function 'yuv2rgb'.
INFO: [XFORM 203-541] Flattening a loop nest 'RGB2YUV_LOOP_X' (yuv_filter.c:49:29) in function 'rgb2yuv'.
INFO: [HLS 200-100] Command         transform returned 0; 0.253 sec.
INFO: [HLS 200-100] Execute         disassemble C:/Users/User/Desktop/UNI/EmbeddedRealTimeSystem/Assignment2/HLS_labs/lab2/yuv_filter.prj/solution2/.autopilot/db/a.o.3 C:/Users/User/Desktop/UNI/EmbeddedRealTimeSystem/Assignment2/HLS_labs/lab2/yuv_filter.prj/solution2/.autopilot/db/a.o.3 
INFO: [HLS 200-100] Execute           is_encrypted C:/Users/User/Desktop/UNI/EmbeddedRealTimeSystem/Assignment2/HLS_labs/lab2/yuv_filter.prj/solution2/.autopilot/db/a.o.3.bc 
INFO: [HLS 200-100] Command           is_encrypted returned 0; 0.007 sec.
INFO: [HLS 200-100] Command         disassemble returned 0; 0.048 sec.
INFO: [HLS 200-111] Finished Architecture Synthesis Time (s): cpu = 00:00:02 ; elapsed = 00:00:05 . Memory (MB): peak = 140.816 ; gain = 91.422
INFO: [HLS 200-0] Finish building internal data model.
INFO: [HLS 200-100] Command       opt_and_import_c returned 0; 1.075 sec.
INFO: [HLS 200-100] Command     elaborate returned 0; 3.983 sec.
INFO: [HLS 200-100] Execute     autosyn 
INFO: [HLS 200-10] Starting hardware synthesis ...
INFO: [HLS 200-0] Synthesizing C/C++ design ...
INFO: [HLS 200-10] Synthesizing 'yuv_filter' ...
INFO: [HLS 200-100] Execute       ap_set_top_model yuv_filter 
INFO: [HLS 200-100] Command       ap_set_top_model returned 0; 0 sec.
INFO: [HLS 200-100] Execute       get_model_list yuv_filter -filter all-wo-channel -topdown 
INFO: [HLS 200-100] Command       get_model_list returned 0; 0 sec.
INFO: [HLS 200-100] Execute       preproc_iomode -model yuv_filter 
INFO: [HLS 200-100] Command       preproc_iomode returned 0; 0 sec.
INFO: [HLS 200-100] Execute       preproc_iomode -model yuv2rgb 
INFO: [HLS 200-100] Command       preproc_iomode returned 0; 0 sec.
INFO: [HLS 200-100] Execute       preproc_iomode -model yuv_scale 
INFO: [HLS 200-100] Command       preproc_iomode returned 0; 0 sec.
INFO: [HLS 200-100] Execute       preproc_iomode -model rgb2yuv 
INFO: [HLS 200-100] Command       preproc_iomode returned 0; 0 sec.
INFO: [HLS 200-100] Execute       get_model_list yuv_filter -filter all-wo-channel 
INFO: [HLS 200-100] Command       get_model_list returned 0; 0 sec.
INFO: [HLS 200-0] Model list for configure: rgb2yuv yuv_scale yuv2rgb yuv_filter
INFO: [HLS 200-0] Configuring Module : rgb2yuv ...
INFO: [HLS 200-100] Execute       set_default_model rgb2yuv 
INFO: [HLS 200-100] Command       set_default_model returned 0; 0 sec.
INFO: [HLS 200-100] Execute       apply_spec_resource_limit rgb2yuv 
INFO: [HLS 200-100] Command       apply_spec_resource_limit returned 0; 0 sec.
INFO: [HLS 200-0] Configuring Module : yuv_scale ...
INFO: [HLS 200-100] Execute       set_default_model yuv_scale 
INFO: [HLS 200-100] Command       set_default_model returned 0; 0 sec.
INFO: [HLS 200-100] Execute       apply_spec_resource_limit yuv_scale 
INFO: [HLS 200-100] Command       apply_spec_resource_limit returned 0; 0 sec.
INFO: [HLS 200-0] Configuring Module : yuv2rgb ...
INFO: [HLS 200-100] Execute       set_default_model yuv2rgb 
INFO: [HLS 200-100] Command       set_default_model returned 0; 0 sec.
INFO: [HLS 200-100] Execute       apply_spec_resource_limit yuv2rgb 
INFO: [HLS 200-100] Command       apply_spec_resource_limit returned 0; 0 sec.
INFO: [HLS 200-0] Configuring Module : yuv_filter ...
INFO: [HLS 200-100] Execute       set_default_model yuv_filter 
INFO: [HLS 200-100] Command       set_default_model returned 0; 0 sec.
INFO: [HLS 200-100] Execute       apply_spec_resource_limit yuv_filter 
INFO: [HLS 200-100] Command       apply_spec_resource_limit returned 0; 0 sec.
INFO: [HLS 200-0] Model list for preprocess: rgb2yuv yuv_scale yuv2rgb yuv_filter
INFO: [HLS 200-0] Preprocessing Module: rgb2yuv ...
INFO: [HLS 200-100] Execute       set_default_model rgb2yuv 
INFO: [HLS 200-100] Command       set_default_model returned 0; 0 sec.
INFO: [HLS 200-100] Execute       cdfg_preprocess -model rgb2yuv 
INFO: [HLS 200-100] Command       cdfg_preprocess returned 0; 0 sec.
INFO: [HLS 200-100] Execute       rtl_gen_preprocess rgb2yuv 
INFO: [HLS 200-100] Command       rtl_gen_preprocess returned 0; 0 sec.
INFO: [HLS 200-0] Preprocessing Module: yuv_scale ...
INFO: [HLS 200-100] Execute       set_default_model yuv_scale 
INFO: [HLS 200-100] Command       set_default_model returned 0; 0 sec.
INFO: [HLS 200-100] Execute       cdfg_preprocess -model yuv_scale 
INFO: [HLS 200-100] Command       cdfg_preprocess returned 0; 0.001 sec.
INFO: [HLS 200-100] Execute       rtl_gen_preprocess yuv_scale 
INFO: [HLS 200-100] Command       rtl_gen_preprocess returned 0; 0 sec.
INFO: [HLS 200-0] Preprocessing Module: yuv2rgb ...
INFO: [HLS 200-100] Execute       set_default_model yuv2rgb 
INFO: [HLS 200-100] Command       set_default_model returned 0; 0 sec.
INFO: [HLS 200-100] Execute       cdfg_preprocess -model yuv2rgb 
INFO: [HLS 200-100] Command       cdfg_preprocess returned 0; 0 sec.
INFO: [HLS 200-100] Execute       rtl_gen_preprocess yuv2rgb 
INFO: [HLS 200-100] Command       rtl_gen_preprocess returned 0; 0.001 sec.
INFO: [HLS 200-0] Preprocessing Module: yuv_filter ...
INFO: [HLS 200-100] Execute       set_default_model yuv_filter 
INFO: [HLS 200-100] Command       set_default_model returned 0; 0 sec.
INFO: [HLS 200-100] Execute       cdfg_preprocess -model yuv_filter 
INFO: [HLS 200-100] Command       cdfg_preprocess returned 0; 0 sec.
INFO: [HLS 200-100] Execute       rtl_gen_preprocess yuv_filter 
INFO: [HLS 200-100] Command       rtl_gen_preprocess returned 0; 0.001 sec.
INFO: [HLS 200-0] Model list for synthesis: rgb2yuv yuv_scale yuv2rgb yuv_filter
INFO: [HLS 200-10] ----------------------------------------------------------------
INFO: [HLS 200-10] -- Implementing module 'rgb2yuv' 
INFO: [HLS 200-10] ----------------------------------------------------------------
INFO: [HLS 200-100] Execute       set_default_model rgb2yuv 
INFO: [HLS 200-100] Command       set_default_model returned 0; 0 sec.
INFO: [HLS 200-100] Execute       schedule -model rgb2yuv 
INFO: [SCHED 204-11] Starting scheduling ...
INFO: [SCHED 204-61] Pipelining loop 'RGB2YUV_LOOP_X_RGB2YUV_LOOP_Y'.
INFO: [SCHED 204-61] Pipelining result: Target II: 1, Final II: 1, Depth: 10.
WARNING: [SCHED 204-21] Estimated clock period (8.77ns) exceeds the target (target clock period: 8ns, clock uncertainty: 1ns, effective delay budget: 7ns).
WARNING: [SCHED 204-21] The critical path consists of the following:
	'mul' operation ('tmp_30', yuv_filter.c:59) (3.36 ns)
	'add' operation ('tmp7', yuv_filter.c:59) (3.02 ns)
	'add' operation ('tmp_32', yuv_filter.c:59) (2.39 ns)
INFO: [SCHED 204-11] Finished scheduling.
INFO: [HLS 200-100] Command       schedule returned 0; 0.091 sec.
INFO: [HLS 200-111]  Elapsed time: 5.392 seconds; current allocated memory: 104.147 MB.
INFO: [HLS 200-100] Execute       report -o C:/Users/User/Desktop/UNI/EmbeddedRealTimeSystem/Assignment2/HLS_labs/lab2/yuv_filter.prj/solution2/.autopilot/db/rgb2yuv.verbose.sched.rpt -verbose -f 
INFO: [HLS 200-100] Command       report returned 0; 0.017 sec.
INFO: [HLS 200-100] Execute       db_write -o C:/Users/User/Desktop/UNI/EmbeddedRealTimeSystem/Assignment2/HLS_labs/lab2/yuv_filter.prj/solution2/.autopilot/db/rgb2yuv.sched.adb -f 
INFO: [HLS 200-100] Command       db_write returned 0; 0.042 sec.
INFO: [HLS 200-0] Finish scheduling rgb2yuv.
INFO: [HLS 200-100] Execute       set_default_model rgb2yuv 
INFO: [HLS 200-100] Command       set_default_model returned 0; 0 sec.
INFO: [HLS 200-100] Execute       bind -model rgb2yuv 
INFO: [BIND 205-110] clear=
INFO: [BIND 205-110] debug=
INFO: [BIND 205-110] drf=
INFO: [BIND 205-110] effort=
INFO: [BIND 205-110] fast_refine=
INFO: [BIND 205-110] fu_weight=[ 0.0 -- 1.0 ]
INFO: [BIND 205-110] global_opt=
INFO: [BIND 205-110] gsearch=
INFO: [BIND 205-110] help=
INFO: [BIND 205-110] help-hidden=
INFO: [BIND 205-110] min_mem_port=
INFO: [BIND 205-110] min_op=
INFO: [BIND 205-110] minreg=
INFO: [BIND 205-110] ml=
INFO: [BIND 205-110] model=rgb2yuv
INFO: [BIND 205-110] no_false_path=
INFO: [BIND 205-110] no_min_op=
INFO: [BIND 205-110] normalize=
INFO: [BIND 205-110] quiet=
INFO: [BIND 205-110] refine=
INFO: [BIND 205-110] reg_weight=[ 0.0 -- 1.0 ]
INFO: [BIND 205-110] search=
INFO: [BIND 205-110] tight_delay=
INFO: [BIND 205-110] verbose=
INFO: [BIND 205-110] wFF=
INFO: [BIND 205-110] wFU=
INFO: [BIND 205-110] wMUX=
INFO: [BIND 205-110] wNET=
INFO: [BIND 205-100] Starting micro-architecture generation ...
INFO: [BIND 205-101] Performing variable lifetime analysis.
INFO: [BIND 205-101] Exploring resource sharing.
INFO: [BIND 205-101] Binding ...
INFO: [BIND 205-100] Finished micro-architecture generation.
INFO: [HLS 200-100] Command       bind returned 0; 0.031 sec.
INFO: [HLS 200-111]  Elapsed time: 0.117 seconds; current allocated memory: 104.532 MB.
INFO: [HLS 200-100] Execute       report -o C:/Users/User/Desktop/UNI/EmbeddedRealTimeSystem/Assignment2/HLS_labs/lab2/yuv_filter.prj/solution2/.autopilot/db/rgb2yuv.verbose.bind.rpt -verbose -f 
INFO: [HLS 200-100] Command       report returned 0; 0.053 sec.
INFO: [HLS 200-100] Execute       db_write -o C:/Users/User/Desktop/UNI/EmbeddedRealTimeSystem/Assignment2/HLS_labs/lab2/yuv_filter.prj/solution2/.autopilot/db/rgb2yuv.bind.adb -f 
INFO: [HLS 200-100] Command       db_write returned 0; 0.025 sec.
INFO: [HLS 200-0] Finish binding rgb2yuv.
INFO: [HLS 200-10] ----------------------------------------------------------------
INFO: [HLS 200-10] -- Implementing module 'yuv_scale' 
INFO: [HLS 200-10] ----------------------------------------------------------------
INFO: [HLS 200-100] Execute       set_default_model yuv_scale 
INFO: [HLS 200-100] Command       set_default_model returned 0; 0 sec.
INFO: [HLS 200-100] Execute       schedule -model yuv_scale 
INFO: [SCHED 204-11] Starting scheduling ...
INFO: [SCHED 204-61] Pipelining loop 'YUV_SCALE_LOOP_X_YUV_SCALE_LOOP_Y'.
INFO: [SCHED 204-61] Pipelining result: Target II: 1, Final II: 1, Depth: 9.
INFO: [SCHED 204-11] Finished scheduling.
INFO: [HLS 200-100] Command       schedule returned 0; 0.052 sec.
INFO: [HLS 200-111]  Elapsed time: 0.146 seconds; current allocated memory: 104.793 MB.
INFO: [HLS 200-100] Execute       report -o C:/Users/User/Desktop/UNI/EmbeddedRealTimeSystem/Assignment2/HLS_labs/lab2/yuv_filter.prj/solution2/.autopilot/db/yuv_scale.verbose.sched.rpt -verbose -f 
INFO: [HLS 200-100] Command       report returned 0; 0.011 sec.
INFO: [HLS 200-100] Execute       db_write -o C:/Users/User/Desktop/UNI/EmbeddedRealTimeSystem/Assignment2/HLS_labs/lab2/yuv_filter.prj/solution2/.autopilot/db/yuv_scale.sched.adb -f 
INFO: [HLS 200-100] Command       db_write returned 0; 0.014 sec.
INFO: [HLS 200-0] Finish scheduling yuv_scale.
INFO: [HLS 200-100] Execute       set_default_model yuv_scale 
INFO: [HLS 200-100] Command       set_default_model returned 0; 0 sec.
INFO: [HLS 200-100] Execute       bind -model yuv_scale 
INFO: [BIND 205-110] clear=
INFO: [BIND 205-110] debug=
INFO: [BIND 205-110] drf=
INFO: [BIND 205-110] effort=
INFO: [BIND 205-110] fast_refine=
INFO: [BIND 205-110] fu_weight=[ 0.0 -- 1.0 ]
INFO: [BIND 205-110] global_opt=
INFO: [BIND 205-110] gsearch=
INFO: [BIND 205-110] help=
INFO: [BIND 205-110] help-hidden=
INFO: [BIND 205-110] min_mem_port=
INFO: [BIND 205-110] min_op=
INFO: [BIND 205-110] minreg=
INFO: [BIND 205-110] ml=
INFO: [BIND 205-110] model=yuv_scale
INFO: [BIND 205-110] no_false_path=
INFO: [BIND 205-110] no_min_op=
INFO: [BIND 205-110] normalize=
INFO: [BIND 205-110] quiet=
INFO: [BIND 205-110] refine=
INFO: [BIND 205-110] reg_weight=[ 0.0 -- 1.0 ]
INFO: [BIND 205-110] search=
INFO: [BIND 205-110] tight_delay=
INFO: [BIND 205-110] verbose=
INFO: [BIND 205-110] wFF=
INFO: [BIND 205-110] wFU=
INFO: [BIND 205-110] wMUX=
INFO: [BIND 205-110] wNET=
INFO: [BIND 205-100] Starting micro-architecture generation ...
INFO: [BIND 205-101] Performing variable lifetime analysis.
INFO: [BIND 205-101] Exploring resource sharing.
INFO: [BIND 205-101] Binding ...
INFO: [BIND 205-100] Finished micro-architecture generation.
INFO: [HLS 200-100] Command       bind returned 0; 0.015 sec.
INFO: [HLS 200-111]  Elapsed time: 0.068 seconds; current allocated memory: 105.032 MB.
INFO: [HLS 200-100] Execute       report -o C:/Users/User/Desktop/UNI/EmbeddedRealTimeSystem/Assignment2/HLS_labs/lab2/yuv_filter.prj/solution2/.autopilot/db/yuv_scale.verbose.bind.rpt -verbose -f 
INFO: [HLS 200-100] Command       report returned 0; 0.027 sec.
INFO: [HLS 200-100] Execute       db_write -o C:/Users/User/Desktop/UNI/EmbeddedRealTimeSystem/Assignment2/HLS_labs/lab2/yuv_filter.prj/solution2/.autopilot/db/yuv_scale.bind.adb -f 
INFO: [HLS 200-100] Command       db_write returned 0; 0.02 sec.
INFO: [HLS 200-0] Finish binding yuv_scale.
INFO: [HLS 200-10] ----------------------------------------------------------------
INFO: [HLS 200-10] -- Implementing module 'yuv2rgb' 
INFO: [HLS 200-10] ----------------------------------------------------------------
INFO: [HLS 200-100] Execute       set_default_model yuv2rgb 
INFO: [HLS 200-100] Command       set_default_model returned 0; 0 sec.
INFO: [HLS 200-100] Execute       schedule -model yuv2rgb 
INFO: [SCHED 204-11] Starting scheduling ...
INFO: [SCHED 204-61] Pipelining loop 'YUV2RGB_LOOP_X_YUV2RGB_LOOP_Y'.
INFO: [SCHED 204-61] Pipelining result: Target II: 1, Final II: 1, Depth: 11.
WARNING: [SCHED 204-21] Estimated clock period (8.85ns) exceeds the target (target clock period: 8ns, clock uncertainty: 1ns, effective delay budget: 7ns).
WARNING: [SCHED 204-21] The critical path consists of the following:
	'add' operation ('C', yuv_filter.c:97) (0 ns)
	'mul' operation ('tmp_4', yuv_filter.c:100) (3.36 ns)
	'add' operation ('tmp_10', yuv_filter.c:100) (3.02 ns)
	'add' operation ('tmp2', yuv_filter.c:102) (2.47 ns)
INFO: [SCHED 204-11] Finished scheduling.
INFO: [HLS 200-100] Command       schedule returned 0; 0.071 sec.
INFO: [HLS 200-111]  Elapsed time: 0.134 seconds; current allocated memory: 105.351 MB.
INFO: [HLS 200-100] Execute       report -o C:/Users/User/Desktop/UNI/EmbeddedRealTimeSystem/Assignment2/HLS_labs/lab2/yuv_filter.prj/solution2/.autopilot/db/yuv2rgb.verbose.sched.rpt -verbose -f 
INFO: [HLS 200-100] Command       report returned 0; 0.016 sec.
INFO: [HLS 200-100] Execute       db_write -o C:/Users/User/Desktop/UNI/EmbeddedRealTimeSystem/Assignment2/HLS_labs/lab2/yuv_filter.prj/solution2/.autopilot/db/yuv2rgb.sched.adb -f 
INFO: [HLS 200-100] Command       db_write returned 0; 0.025 sec.
INFO: [HLS 200-0] Finish scheduling yuv2rgb.
INFO: [HLS 200-100] Execute       set_default_model yuv2rgb 
INFO: [HLS 200-100] Command       set_default_model returned 0; 0 sec.
INFO: [HLS 200-100] Execute       bind -model yuv2rgb 
INFO: [BIND 205-110] clear=
INFO: [BIND 205-110] debug=
INFO: [BIND 205-110] drf=
INFO: [BIND 205-110] effort=
INFO: [BIND 205-110] fast_refine=
INFO: [BIND 205-110] fu_weight=[ 0.0 -- 1.0 ]
INFO: [BIND 205-110] global_opt=
INFO: [BIND 205-110] gsearch=
INFO: [BIND 205-110] help=
INFO: [BIND 205-110] help-hidden=
INFO: [BIND 205-110] min_mem_port=
INFO: [BIND 205-110] min_op=
INFO: [BIND 205-110] minreg=
INFO: [BIND 205-110] ml=
INFO: [BIND 205-110] model=yuv2rgb
INFO: [BIND 205-110] no_false_path=
INFO: [BIND 205-110] no_min_op=
INFO: [BIND 205-110] normalize=
INFO: [BIND 205-110] quiet=
INFO: [BIND 205-110] refine=
INFO: [BIND 205-110] reg_weight=[ 0.0 -- 1.0 ]
INFO: [BIND 205-110] search=
INFO: [BIND 205-110] tight_delay=
INFO: [BIND 205-110] verbose=
INFO: [BIND 205-110] wFF=
INFO: [BIND 205-110] wFU=
INFO: [BIND 205-110] wMUX=
INFO: [BIND 205-110] wNET=
INFO: [BIND 205-100] Starting micro-architecture generation ...
INFO: [BIND 205-101] Performing variable lifetime analysis.
INFO: [BIND 205-101] Exploring resource sharing.
INFO: [BIND 205-101] Binding ...
INFO: [BIND 205-100] Finished micro-architecture generation.
INFO: [HLS 200-100] Command       bind returned 0; 0.017 sec.
INFO: [HLS 200-111]  Elapsed time: 0.076 seconds; current allocated memory: 105.688 MB.
INFO: [HLS 200-100] Execute       report -o C:/Users/User/Desktop/UNI/EmbeddedRealTimeSystem/Assignment2/HLS_labs/lab2/yuv_filter.prj/solution2/.autopilot/db/yuv2rgb.verbose.bind.rpt -verbose -f 
INFO: [HLS 200-100] Command       report returned 0; 0.048 sec.
INFO: [HLS 200-100] Execute       db_write -o C:/Users/User/Desktop/UNI/EmbeddedRealTimeSystem/Assignment2/HLS_labs/lab2/yuv_filter.prj/solution2/.autopilot/db/yuv2rgb.bind.adb -f 
INFO: [HLS 200-100] Command       db_write returned 0; 0.022 sec.
INFO: [HLS 200-0] Finish binding yuv2rgb.
INFO: [HLS 200-10] ----------------------------------------------------------------
INFO: [HLS 200-10] -- Implementing module 'yuv_filter' 
INFO: [HLS 200-10] ----------------------------------------------------------------
INFO: [HLS 200-100] Execute       set_default_model yuv_filter 
INFO: [HLS 200-100] Command       set_default_model returned 0; 0 sec.
INFO: [HLS 200-100] Execute       schedule -model yuv_filter 
INFO: [SCHED 204-11] Starting scheduling ...
INFO: [SCHED 204-11] Finished scheduling.
INFO: [HLS 200-100] Command       schedule returned 0; 0.012 sec.
INFO: [HLS 200-111]  Elapsed time: 0.093 seconds; current allocated memory: 105.846 MB.
INFO: [HLS 200-100] Execute       report -o C:/Users/User/Desktop/UNI/EmbeddedRealTimeSystem/Assignment2/HLS_labs/lab2/yuv_filter.prj/solution2/.autopilot/db/yuv_filter.verbose.sched.rpt -verbose -f 
INFO: [HLS 200-100] Command       report returned 0; 0.005 sec.
INFO: [HLS 200-100] Execute       db_write -o C:/Users/User/Desktop/UNI/EmbeddedRealTimeSystem/Assignment2/HLS_labs/lab2/yuv_filter.prj/solution2/.autopilot/db/yuv_filter.sched.adb -f 
INFO: [HLS 200-100] Command       db_write returned 0; 0.01 sec.
INFO: [HLS 200-0] Finish scheduling yuv_filter.
INFO: [HLS 200-100] Execute       set_default_model yuv_filter 
INFO: [HLS 200-100] Command       set_default_model returned 0; 0 sec.
INFO: [HLS 200-100] Execute       bind -model yuv_filter 
INFO: [BIND 205-110] clear=
INFO: [BIND 205-110] debug=
INFO: [BIND 205-110] drf=
INFO: [BIND 205-110] effort=
INFO: [BIND 205-110] fast_refine=
INFO: [BIND 205-110] fu_weight=[ 0.0 -- 1.0 ]
INFO: [BIND 205-110] global_opt=
INFO: [BIND 205-110] gsearch=
INFO: [BIND 205-110] help=
INFO: [BIND 205-110] help-hidden=
INFO: [BIND 205-110] min_mem_port=
INFO: [BIND 205-110] min_op=
INFO: [BIND 205-110] minreg=
INFO: [BIND 205-110] ml=
INFO: [BIND 205-110] model=yuv_filter
INFO: [BIND 205-110] no_false_path=
INFO: [BIND 205-110] no_min_op=
INFO: [BIND 205-110] normalize=
INFO: [BIND 205-110] quiet=
INFO: [BIND 205-110] refine=
INFO: [BIND 205-110] reg_weight=[ 0.0 -- 1.0 ]
INFO: [BIND 205-110] search=
INFO: [BIND 205-110] tight_delay=
INFO: [BIND 205-110] verbose=
INFO: [BIND 205-110] wFF=
INFO: [BIND 205-110] wFU=
INFO: [BIND 205-110] wMUX=
INFO: [BIND 205-110] wNET=
INFO: [BIND 205-100] Starting micro-architecture generation ...
INFO: [BIND 205-101] Performing variable lifetime analysis.
INFO: [BIND 205-101] Exploring resource sharing.
INFO: [BIND 205-101] Binding ...
INFO: [BIND 205-100] Finished micro-architecture generation.
INFO: [HLS 200-100] Command       bind returned 0; 0.141 sec.
INFO: [HLS 200-111]  Elapsed time: 0.174 seconds; current allocated memory: 106.027 MB.
INFO: [HLS 200-100] Execute       report -o C:/Users/User/Desktop/UNI/EmbeddedRealTimeSystem/Assignment2/HLS_labs/lab2/yuv_filter.prj/solution2/.autopilot/db/yuv_filter.verbose.bind.rpt -verbose -f 
INFO: [HLS 200-100] Command       report returned 0; 0.098 sec.
INFO: [HLS 200-100] Execute       db_write -o C:/Users/User/Desktop/UNI/EmbeddedRealTimeSystem/Assignment2/HLS_labs/lab2/yuv_filter.prj/solution2/.autopilot/db/yuv_filter.bind.adb -f 
INFO: [HLS 200-100] Command       db_write returned 0; 0.012 sec.
INFO: [HLS 200-0] Finish binding yuv_filter.
INFO: [HLS 200-100] Execute       get_model_list yuv_filter -filter all-wo-channel 
INFO: [HLS 200-100] Command       get_model_list returned 0; 0 sec.
INFO: [HLS 200-0] Preprocessing for RTLGen ...
INFO: [HLS 200-100] Execute       rtl_gen_preprocess rgb2yuv 
INFO: [HLS 200-100] Command       rtl_gen_preprocess returned 0; 0 sec.
INFO: [HLS 200-100] Execute       rtl_gen_preprocess yuv_scale 
INFO: [HLS 200-100] Command       rtl_gen_preprocess returned 0; 0.001 sec.
INFO: [HLS 200-100] Execute       rtl_gen_preprocess yuv2rgb 
INFO: [HLS 200-100] Command       rtl_gen_preprocess returned 0; 0.001 sec.
INFO: [HLS 200-100] Execute       rtl_gen_preprocess yuv_filter 
INFO: [HLS 200-100] Command       rtl_gen_preprocess returned 0; 0 sec.
INFO: [HLS 200-0] Model list for RTL generation: rgb2yuv yuv_scale yuv2rgb yuv_filter
INFO: [HLS 200-10] ----------------------------------------------------------------
INFO: [HLS 200-10] -- Generating RTL for module 'rgb2yuv' 
INFO: [HLS 200-10] ----------------------------------------------------------------
INFO: [HLS 200-100] Execute       create_rtl_model rgb2yuv -vendor xilinx -mg_file C:/Users/User/Desktop/UNI/EmbeddedRealTimeSystem/Assignment2/HLS_labs/lab2/yuv_filter.prj/solution2/.autopilot/db/rgb2yuv.compgen.tcl 
INFO: [SYN 201-210] Renamed object name 'yuv_filter_mul_mul_16ns_16ns_32_1' to 'yuv_filter_mul_mubkb' due to the length limit 20
INFO: [SYN 201-210] Renamed object name 'yuv_filter_mac_muladd_6ns_8ns_9ns_13_1' to 'yuv_filter_mac_mucud' due to the length limit 20
INFO: [SYN 201-210] Renamed object name 'yuv_filter_mac_muladd_7s_8ns_16ns_16_1' to 'yuv_filter_mac_mudEe' due to the length limit 20
INFO: [SYN 201-210] Renamed object name 'yuv_filter_mac_muladd_8s_8ns_16ns_16_1' to 'yuv_filter_mac_mueOg' due to the length limit 20
INFO: [RTGEN 206-100] Generating core module 'yuv_filter_mac_mucud': 1 instance(s).
INFO: [RTGEN 206-100] Generating core module 'yuv_filter_mac_mudEe': 1 instance(s).
INFO: [RTGEN 206-100] Generating core module 'yuv_filter_mac_mueOg': 1 instance(s).
INFO: [RTGEN 206-100] Generating core module 'yuv_filter_mul_mubkb': 1 instance(s).
INFO: [RTGEN 206-100] Finished creating RTL model for 'rgb2yuv'.
INFO: [HLS 200-100] Command       create_rtl_model returned 0; 0.043 sec.
INFO: [HLS 200-111]  Elapsed time: 0.182 seconds; current allocated memory: 106.856 MB.
INFO: [HLS 200-100] Execute       source C:/Users/User/Desktop/UNI/EmbeddedRealTimeSystem/Assignment2/HLS_labs/lab2/yuv_filter.prj/solution2/.autopilot/db/yuv_filter.rtl_wrap.cfg.tcl 
INFO: [HLS 200-100] Command       ap_source returned 0; 0.003 sec.
INFO: [HLS 200-100] Execute       gen_rtl rgb2yuv -style xilinx -tracefl mytrace -tracefmt vcd -traceopt all -f -lang sc -o C:/Users/User/Desktop/UNI/EmbeddedRealTimeSystem/Assignment2/HLS_labs/lab2/yuv_filter.prj/solution2/syn/systemc/rgb2yuv -synmodules rgb2yuv yuv_scale yuv2rgb yuv_filter 
INFO: [HLS 200-100] Command       gen_rtl returned 0; 0.005 sec.
INFO: [HLS 200-100] Execute       gen_rtl rgb2yuv -style xilinx -f -lang vhdl -o C:/Users/User/Desktop/UNI/EmbeddedRealTimeSystem/Assignment2/HLS_labs/lab2/yuv_filter.prj/solution2/syn/vhdl/rgb2yuv 
INFO: [HLS 200-100] Command       gen_rtl returned 0; 0.005 sec.
INFO: [HLS 200-100] Execute       gen_rtl rgb2yuv -style xilinx -f -lang vlog -o C:/Users/User/Desktop/UNI/EmbeddedRealTimeSystem/Assignment2/HLS_labs/lab2/yuv_filter.prj/solution2/syn/verilog/rgb2yuv 
INFO: [HLS 200-100] Command       gen_rtl returned 0; 0.008 sec.
INFO: [HLS 200-100] Execute       gen_tb_info rgb2yuv -o C:/Users/User/Desktop/UNI/EmbeddedRealTimeSystem/Assignment2/HLS_labs/lab2/yuv_filter.prj/solution2/.autopilot/db/rgb2yuv -p C:/Users/User/Desktop/UNI/EmbeddedRealTimeSystem/Assignment2/HLS_labs/lab2/yuv_filter.prj/solution2/.autopilot/db 
INFO: [HLS 200-100] Command       gen_tb_info returned 0; 0.023 sec.
INFO: [HLS 200-100] Execute       report -model rgb2yuv -o C:/Users/User/Desktop/UNI/EmbeddedRealTimeSystem/Assignment2/HLS_labs/lab2/yuv_filter.prj/solution2/syn/report/rgb2yuv_csynth.rpt -f 
INFO: [HLS 200-100] Command       report returned 0; 0.032 sec.
INFO: [HLS 200-100] Execute       report -model rgb2yuv -o C:/Users/User/Desktop/UNI/EmbeddedRealTimeSystem/Assignment2/HLS_labs/lab2/yuv_filter.prj/solution2/syn/report/rgb2yuv_csynth.xml -f -x 
INFO: [HLS 200-100] Command       report returned 0; 0.027 sec.
INFO: [HLS 200-100] Execute       report -model rgb2yuv -o C:/Users/User/Desktop/UNI/EmbeddedRealTimeSystem/Assignment2/HLS_labs/lab2/yuv_filter.prj/solution2/.autopilot/db/rgb2yuv.verbose.rpt -verbose -f 
INFO: [HLS 200-100] Command       report returned 0; 0.092 sec.
INFO: [HLS 200-100] Execute       db_write -model rgb2yuv -o C:/Users/User/Desktop/UNI/EmbeddedRealTimeSystem/Assignment2/HLS_labs/lab2/yuv_filter.prj/solution2/.autopilot/db/rgb2yuv.adb -f 
INFO: [HLS 200-100] Command       db_write returned 0; 0.049 sec.
INFO: [HLS 200-10] ----------------------------------------------------------------
INFO: [HLS 200-10] -- Generating RTL for module 'yuv_scale' 
INFO: [HLS 200-10] ----------------------------------------------------------------
INFO: [HLS 200-100] Execute       create_rtl_model yuv_scale -vendor xilinx -mg_file C:/Users/User/Desktop/UNI/EmbeddedRealTimeSystem/Assignment2/HLS_labs/lab2/yuv_filter.prj/solution2/.autopilot/db/yuv_scale.compgen.tcl 
WARNING: [RTGEN 206-101] RTL name 'yuv_filter_mul_mubkb' is changed to 'yuv_filter_mul_mubkb_x' due to conflict.
INFO: [RTGEN 206-100] Generating core module 'yuv_filter_mul_mubkb': 1 instance(s).
INFO: [RTGEN 206-100] Finished creating RTL model for 'yuv_scale'.
INFO: [HLS 200-100] Command       create_rtl_model returned 0; 0.034 sec.
INFO: [HLS 200-111]  Elapsed time: 0.637 seconds; current allocated memory: 107.591 MB.
INFO: [HLS 200-100] Execute       source C:/Users/User/Desktop/UNI/EmbeddedRealTimeSystem/Assignment2/HLS_labs/lab2/yuv_filter.prj/solution2/.autopilot/db/yuv_filter.rtl_wrap.cfg.tcl 
INFO: [HLS 200-100] Command       ap_source returned 0; 0.004 sec.
INFO: [HLS 200-100] Execute       gen_rtl yuv_scale -style xilinx -tracefl mytrace -tracefmt vcd -traceopt all -f -lang sc -o C:/Users/User/Desktop/UNI/EmbeddedRealTimeSystem/Assignment2/HLS_labs/lab2/yuv_filter.prj/solution2/syn/systemc/yuv_scale -synmodules rgb2yuv yuv_scale yuv2rgb yuv_filter 
INFO: [HLS 200-100] Command       gen_rtl returned 0; 0.013 sec.
INFO: [HLS 200-100] Execute       gen_rtl yuv_scale -style xilinx -f -lang vhdl -o C:/Users/User/Desktop/UNI/EmbeddedRealTimeSystem/Assignment2/HLS_labs/lab2/yuv_filter.prj/solution2/syn/vhdl/yuv_scale 
INFO: [HLS 200-100] Command       gen_rtl returned 0; 0.004 sec.
INFO: [HLS 200-100] Execute       gen_rtl yuv_scale -style xilinx -f -lang vlog -o C:/Users/User/Desktop/UNI/EmbeddedRealTimeSystem/Assignment2/HLS_labs/lab2/yuv_filter.prj/solution2/syn/verilog/yuv_scale 
INFO: [HLS 200-100] Command       gen_rtl returned 0; 0.007 sec.
INFO: [HLS 200-100] Execute       gen_tb_info yuv_scale -o C:/Users/User/Desktop/UNI/EmbeddedRealTimeSystem/Assignment2/HLS_labs/lab2/yuv_filter.prj/solution2/.autopilot/db/yuv_scale -p C:/Users/User/Desktop/UNI/EmbeddedRealTimeSystem/Assignment2/HLS_labs/lab2/yuv_filter.prj/solution2/.autopilot/db 
INFO: [HLS 200-100] Command       gen_tb_info returned 0; 0.018 sec.
INFO: [HLS 200-100] Execute       report -model yuv_scale -o C:/Users/User/Desktop/UNI/EmbeddedRealTimeSystem/Assignment2/HLS_labs/lab2/yuv_filter.prj/solution2/syn/report/yuv_scale_csynth.rpt -f 
INFO: [HLS 200-100] Command       report returned 0; 0.019 sec.
INFO: [HLS 200-100] Execute       report -model yuv_scale -o C:/Users/User/Desktop/UNI/EmbeddedRealTimeSystem/Assignment2/HLS_labs/lab2/yuv_filter.prj/solution2/syn/report/yuv_scale_csynth.xml -f -x 
INFO: [HLS 200-100] Command       report returned 0; 0.015 sec.
INFO: [HLS 200-100] Execute       report -model yuv_scale -o C:/Users/User/Desktop/UNI/EmbeddedRealTimeSystem/Assignment2/HLS_labs/lab2/yuv_filter.prj/solution2/.autopilot/db/yuv_scale.verbose.rpt -verbose -f 
INFO: [HLS 200-100] Command       report returned 0; 0.045 sec.
INFO: [HLS 200-100] Execute       db_write -model yuv_scale -o C:/Users/User/Desktop/UNI/EmbeddedRealTimeSystem/Assignment2/HLS_labs/lab2/yuv_filter.prj/solution2/.autopilot/db/yuv_scale.adb -f 
INFO: [HLS 200-100] Command       db_write returned 0; 0.037 sec.
INFO: [HLS 200-10] ----------------------------------------------------------------
INFO: [HLS 200-10] -- Generating RTL for module 'yuv2rgb' 
INFO: [HLS 200-10] ----------------------------------------------------------------
INFO: [HLS 200-100] Execute       create_rtl_model yuv2rgb -vendor xilinx -mg_file C:/Users/User/Desktop/UNI/EmbeddedRealTimeSystem/Assignment2/HLS_labs/lab2/yuv_filter.prj/solution2/.autopilot/db/yuv2rgb.compgen.tcl 
WARNING: [RTGEN 206-101] RTL name 'yuv_filter_mul_mubkb' is changed to 'yuv_filter_mul_mubkb_x' due to conflict.
INFO: [SYN 201-210] Renamed object name 'yuv_filter_ama_addmuladd_5s_8ns_10ns_9ns_18_1' to 'yuv_filter_ama_adfYi' due to the length limit 20
INFO: [SYN 201-210] Renamed object name 'yuv_filter_mac_muladd_8s_8s_17ns_17_1' to 'yuv_filter_mac_mug8j' due to the length limit 20
INFO: [SYN 201-210] Renamed object name 'yuv_filter_mac_muladd_10ns_8s_18s_18_1' to 'yuv_filter_mac_muhbi' due to the length limit 20
INFO: [RTGEN 206-100] Generating core module 'yuv_filter_ama_adfYi': 1 instance(s).
INFO: [RTGEN 206-100] Generating core module 'yuv_filter_mac_mug8j': 1 instance(s).
INFO: [RTGEN 206-100] Generating core module 'yuv_filter_mac_muhbi': 1 instance(s).
INFO: [RTGEN 206-100] Generating core module 'yuv_filter_mul_mubkb': 1 instance(s).
INFO: [RTGEN 206-100] Finished creating RTL model for 'yuv2rgb'.
INFO: [HLS 200-100] Command       create_rtl_model returned 0; 0.039 sec.
INFO: [HLS 200-111]  Elapsed time: 0.446 seconds; current allocated memory: 108.464 MB.
INFO: [HLS 200-100] Execute       source C:/Users/User/Desktop/UNI/EmbeddedRealTimeSystem/Assignment2/HLS_labs/lab2/yuv_filter.prj/solution2/.autopilot/db/yuv_filter.rtl_wrap.cfg.tcl 
INFO: [HLS 200-100] Command       ap_source returned 0; 0.003 sec.
INFO: [HLS 200-100] Execute       gen_rtl yuv2rgb -style xilinx -tracefl mytrace -tracefmt vcd -traceopt all -f -lang sc -o C:/Users/User/Desktop/UNI/EmbeddedRealTimeSystem/Assignment2/HLS_labs/lab2/yuv_filter.prj/solution2/syn/systemc/yuv2rgb -synmodules rgb2yuv yuv_scale yuv2rgb yuv_filter 
INFO: [HLS 200-100] Command       gen_rtl returned 0; 0.007 sec.
INFO: [HLS 200-100] Execute       gen_rtl yuv2rgb -style xilinx -f -lang vhdl -o C:/Users/User/Desktop/UNI/EmbeddedRealTimeSystem/Assignment2/HLS_labs/lab2/yuv_filter.prj/solution2/syn/vhdl/yuv2rgb 
INFO: [HLS 200-100] Command       gen_rtl returned 0; 0.004 sec.
INFO: [HLS 200-100] Execute       gen_rtl yuv2rgb -style xilinx -f -lang vlog -o C:/Users/User/Desktop/UNI/EmbeddedRealTimeSystem/Assignment2/HLS_labs/lab2/yuv_filter.prj/solution2/syn/verilog/yuv2rgb 
INFO: [HLS 200-100] Command       gen_rtl returned 0; 0.006 sec.
INFO: [HLS 200-100] Execute       gen_tb_info yuv2rgb -o C:/Users/User/Desktop/UNI/EmbeddedRealTimeSystem/Assignment2/HLS_labs/lab2/yuv_filter.prj/solution2/.autopilot/db/yuv2rgb -p C:/Users/User/Desktop/UNI/EmbeddedRealTimeSystem/Assignment2/HLS_labs/lab2/yuv_filter.prj/solution2/.autopilot/db 
INFO: [HLS 200-100] Command       gen_tb_info returned 0; 0.019 sec.
INFO: [HLS 200-100] Execute       report -model yuv2rgb -o C:/Users/User/Desktop/UNI/EmbeddedRealTimeSystem/Assignment2/HLS_labs/lab2/yuv_filter.prj/solution2/syn/report/yuv2rgb_csynth.rpt -f 
INFO: [HLS 200-100] Command       report returned 0; 0.019 sec.
INFO: [HLS 200-100] Execute       report -model yuv2rgb -o C:/Users/User/Desktop/UNI/EmbeddedRealTimeSystem/Assignment2/HLS_labs/lab2/yuv_filter.prj/solution2/syn/report/yuv2rgb_csynth.xml -f -x 
INFO: [HLS 200-100] Command       report returned 0; 0.016 sec.
INFO: [HLS 200-100] Execute       report -model yuv2rgb -o C:/Users/User/Desktop/UNI/EmbeddedRealTimeSystem/Assignment2/HLS_labs/lab2/yuv_filter.prj/solution2/.autopilot/db/yuv2rgb.verbose.rpt -verbose -f 
INFO: [HLS 200-100] Command       report returned 0; 0.057 sec.
INFO: [HLS 200-100] Execute       db_write -model yuv2rgb -o C:/Users/User/Desktop/UNI/EmbeddedRealTimeSystem/Assignment2/HLS_labs/lab2/yuv_filter.prj/solution2/.autopilot/db/yuv2rgb.adb -f 
INFO: [HLS 200-100] Command       db_write returned 0; 0.047 sec.
INFO: [HLS 200-10] ----------------------------------------------------------------
INFO: [HLS 200-10] -- Generating RTL for module 'yuv_filter' 
INFO: [HLS 200-10] ----------------------------------------------------------------
INFO: [HLS 200-100] Execute       create_rtl_model yuv_filter -vendor xilinx -mg_file C:/Users/User/Desktop/UNI/EmbeddedRealTimeSystem/Assignment2/HLS_labs/lab2/yuv_filter.prj/solution2/.autopilot/db/yuv_filter.compgen.tcl 
INFO: [RTGEN 206-500] Setting interface mode on port 'yuv_filter/in_channels_ch1' to 'ap_memory'.
INFO: [RTGEN 206-500] Setting interface mode on port 'yuv_filter/in_channels_ch2' to 'ap_memory'.
INFO: [RTGEN 206-500] Setting interface mode on port 'yuv_filter/in_channels_ch3' to 'ap_memory'.
INFO: [RTGEN 206-500] Setting interface mode on port 'yuv_filter/in_width' to 'ap_none'.
INFO: [RTGEN 206-500] Setting interface mode on port 'yuv_filter/in_height' to 'ap_none'.
INFO: [RTGEN 206-500] Setting interface mode on port 'yuv_filter/out_channels_ch1' to 'ap_memory'.
INFO: [RTGEN 206-500] Setting interface mode on port 'yuv_filter/out_channels_ch2' to 'ap_memory'.
INFO: [RTGEN 206-500] Setting interface mode on port 'yuv_filter/out_channels_ch3' to 'ap_memory'.
INFO: [RTGEN 206-500] Setting interface mode on port 'yuv_filter/out_width' to 'ap_vld'.
INFO: [RTGEN 206-500] Setting interface mode on port 'yuv_filter/out_height' to 'ap_vld'.
INFO: [RTGEN 206-500] Setting interface mode on port 'yuv_filter/Y_scale' to 'ap_none'.
INFO: [RTGEN 206-500] Setting interface mode on port 'yuv_filter/U_scale' to 'ap_none'.
INFO: [RTGEN 206-500] Setting interface mode on port 'yuv_filter/V_scale' to 'ap_none'.
INFO: [RTGEN 206-500] Setting interface mode on function 'yuv_filter' to 'ap_ctrl_hs'.
INFO: [SYN 201-210] Renamed object name 'yuv_filter_p_yuv_channels_ch1' to 'yuv_filter_p_yuv_ibs' due to the length limit 20
INFO: [SYN 201-210] Renamed object name 'yuv_filter_p_yuv_channels_ch2' to 'yuv_filter_p_yuv_jbC' due to the length limit 20
INFO: [SYN 201-210] Renamed object name 'yuv_filter_p_yuv_channels_ch3' to 'yuv_filter_p_yuv_kbM' due to the length limit 20
INFO: [SYN 201-210] Renamed object name 'yuv_filter_p_scale_channels_ch1' to 'yuv_filter_p_scallbW' due to the length limit 20
INFO: [SYN 201-210] Renamed object name 'yuv_filter_p_scale_channels_ch2' to 'yuv_filter_p_scalmb6' due to the length limit 20
INFO: [SYN 201-210] Renamed object name 'yuv_filter_p_scale_channels_ch3' to 'yuv_filter_p_scalncg' due to the length limit 20
INFO: [RTGEN 206-100] Finished creating RTL model for 'yuv_filter'.
INFO: [HLS 200-100] Command       create_rtl_model returned 0; 0.036 sec.
INFO: [HLS 200-111]  Elapsed time: 0.559 seconds; current allocated memory: 109.235 MB.
INFO: [HLS 200-100] Execute       source C:/Users/User/Desktop/UNI/EmbeddedRealTimeSystem/Assignment2/HLS_labs/lab2/yuv_filter.prj/solution2/.autopilot/db/yuv_filter.rtl_wrap.cfg.tcl 
INFO: [HLS 200-100] Command       ap_source returned 0; 0.003 sec.
INFO: [HLS 200-100] Execute       gen_rtl yuv_filter -istop -style xilinx -tracefl mytrace -tracefmt vcd -traceopt all -f -lang sc -o C:/Users/User/Desktop/UNI/EmbeddedRealTimeSystem/Assignment2/HLS_labs/lab2/yuv_filter.prj/solution2/syn/systemc/yuv_filter -synmodules rgb2yuv yuv_scale yuv2rgb yuv_filter 
INFO: [HLS 200-100] Command       gen_rtl returned 0; 0.005 sec.
INFO: [HLS 200-100] Execute       gen_rtl yuv_filter -istop -style xilinx -f -lang vhdl -o C:/Users/User/Desktop/UNI/EmbeddedRealTimeSystem/Assignment2/HLS_labs/lab2/yuv_filter.prj/solution2/syn/vhdl/yuv_filter 
INFO: [HLS 200-100] Command       gen_rtl returned 0; 0.021 sec.
INFO: [HLS 200-100] Execute       gen_rtl yuv_filter -istop -style xilinx -f -lang vlog -o C:/Users/User/Desktop/UNI/EmbeddedRealTimeSystem/Assignment2/HLS_labs/lab2/yuv_filter.prj/solution2/syn/verilog/yuv_filter 
INFO: [HLS 200-100] Command       gen_rtl returned 0; 0.012 sec.
INFO: [HLS 200-100] Execute       export_constraint_db -o C:/Users/User/Desktop/UNI/EmbeddedRealTimeSystem/Assignment2/HLS_labs/lab2/yuv_filter.prj/solution2/.autopilot/db/yuv_filter.constraint.tcl -f -tool general 
INFO: [HLS 200-100] Command       export_constraint_db returned 0; 0.001 sec.
INFO: [HLS 200-100] Execute       report -model yuv_filter -o C:/Users/User/Desktop/UNI/EmbeddedRealTimeSystem/Assignment2/HLS_labs/lab2/yuv_filter.prj/solution2/.autopilot/db/yuv_filter.design.xml -verbose -f -dv 
INFO: [HLS 200-100] Command       report returned 0; 0.109 sec.
INFO: [HLS 200-100] Execute       report -model yuv_filter -o C:/Users/User/Desktop/UNI/EmbeddedRealTimeSystem/Assignment2/HLS_labs/lab2/yuv_filter.prj/solution2/.autopilot/db/yuv_filter.sdaccel.xml -verbose -f -sdaccel 
INFO: [HLS 200-100] Command       report returned 0; 0.026 sec.
INFO: [HLS 200-100] Execute       gen_tb_info yuv_filter -o C:/Users/User/Desktop/UNI/EmbeddedRealTimeSystem/Assignment2/HLS_labs/lab2/yuv_filter.prj/solution2/.autopilot/db/yuv_filter -p C:/Users/User/Desktop/UNI/EmbeddedRealTimeSystem/Assignment2/HLS_labs/lab2/yuv_filter.prj/solution2/.autopilot/db 
INFO: [HLS 200-100] Command       gen_tb_info returned 0; 0.007 sec.
INFO: [HLS 200-100] Execute       report -model yuv_filter -o C:/Users/User/Desktop/UNI/EmbeddedRealTimeSystem/Assignment2/HLS_labs/lab2/yuv_filter.prj/solution2/syn/report/yuv_filter_csynth.rpt -f 
INFO: [HLS 200-100] Command       report returned 0; 0.013 sec.
INFO: [HLS 200-100] Execute       report -model yuv_filter -o C:/Users/User/Desktop/UNI/EmbeddedRealTimeSystem/Assignment2/HLS_labs/lab2/yuv_filter.prj/solution2/syn/report/yuv_filter_csynth.xml -f -x 
INFO: [HLS 200-100] Command       report returned 0; 0.011 sec.
INFO: [HLS 200-100] Execute       report -model yuv_filter -o C:/Users/User/Desktop/UNI/EmbeddedRealTimeSystem/Assignment2/HLS_labs/lab2/yuv_filter.prj/solution2/.autopilot/db/yuv_filter.verbose.rpt -verbose -f 
INFO: [HLS 200-100] Command       report returned 0; 0.11 sec.
INFO: [HLS 200-100] Execute       db_write -model yuv_filter -o C:/Users/User/Desktop/UNI/EmbeddedRealTimeSystem/Assignment2/HLS_labs/lab2/yuv_filter.prj/solution2/.autopilot/db/yuv_filter.adb -f 
INFO: [HLS 200-100] Command       db_write returned 0; 0.035 sec.
INFO: [HLS 200-100] Execute       sc_get_clocks yuv_filter 
INFO: [HLS 200-100] Command       sc_get_clocks returned 0; 0 sec.
INFO: [HLS 200-100] Execute       sc_get_portdomain yuv_filter 
INFO: [HLS 200-100] Command       sc_get_portdomain returned 0; 0 sec.
INFO: [HLS 200-0] Model list for RTL component generation: rgb2yuv yuv_scale yuv2rgb yuv_filter
INFO: [HLS 200-0] Handling components in module [rgb2yuv] ... 
INFO: [HLS 200-100] Execute       source C:/Users/User/Desktop/UNI/EmbeddedRealTimeSystem/Assignment2/HLS_labs/lab2/yuv_filter.prj/solution2/.autopilot/db/rgb2yuv.compgen.tcl 
INFO: [HLS 200-0] Found component yuv_filter_mul_mubkb.
INFO: [HLS 200-0] Append model yuv_filter_mul_mubkb
INFO: [HLS 200-0] Found component yuv_filter_mac_mucud.
INFO: [HLS 200-0] Append model yuv_filter_mac_mucud
INFO: [HLS 200-0] Found component yuv_filter_mac_mudEe.
INFO: [HLS 200-0] Append model yuv_filter_mac_mudEe
INFO: [HLS 200-0] Found component yuv_filter_mac_mueOg.
INFO: [HLS 200-0] Append model yuv_filter_mac_mueOg
INFO: [HLS 200-100] Command       ap_source returned 0; 0.006 sec.
INFO: [HLS 200-0] Handling components in module [yuv_scale] ... 
INFO: [HLS 200-100] Execute       source C:/Users/User/Desktop/UNI/EmbeddedRealTimeSystem/Assignment2/HLS_labs/lab2/yuv_filter.prj/solution2/.autopilot/db/yuv_scale.compgen.tcl 
INFO: [HLS 200-100] Command       ap_source returned 0; 0.005 sec.
INFO: [HLS 200-0] Handling components in module [yuv2rgb] ... 
INFO: [HLS 200-100] Execute       source C:/Users/User/Desktop/UNI/EmbeddedRealTimeSystem/Assignment2/HLS_labs/lab2/yuv_filter.prj/solution2/.autopilot/db/yuv2rgb.compgen.tcl 
INFO: [HLS 200-0] Found component yuv_filter_ama_adfYi.
INFO: [HLS 200-0] Append model yuv_filter_ama_adfYi
INFO: [HLS 200-0] Found component yuv_filter_mac_mug8j.
INFO: [HLS 200-0] Append model yuv_filter_mac_mug8j
INFO: [HLS 200-0] Found component yuv_filter_mac_muhbi.
INFO: [HLS 200-0] Append model yuv_filter_mac_muhbi
INFO: [HLS 200-100] Command       ap_source returned 0; 0.005 sec.
INFO: [HLS 200-0] Handling components in module [yuv_filter] ... 
INFO: [HLS 200-100] Execute       source C:/Users/User/Desktop/UNI/EmbeddedRealTimeSystem/Assignment2/HLS_labs/lab2/yuv_filter.prj/solution2/.autopilot/db/yuv_filter.compgen.tcl 
INFO: [HLS 200-0] Found component yuv_filter_p_yuv_ibs.
INFO: [HLS 200-0] Append model yuv_filter_p_yuv_ibs
INFO: [HLS 200-100] Command       ap_source returned 0; 0.005 sec.
INFO: [HLS 200-0] Append model rgb2yuv
INFO: [HLS 200-0] Append model yuv_scale
INFO: [HLS 200-0] Append model yuv2rgb
INFO: [HLS 200-0] Append model yuv_filter
INFO: [HLS 200-0] Generating RTL model list ...
INFO: [HLS 200-0] All models in this session: yuv_filter_mul_mubkb yuv_filter_mac_mucud yuv_filter_mac_mudEe yuv_filter_mac_mueOg yuv_filter_ama_adfYi yuv_filter_mac_mug8j yuv_filter_mac_muhbi yuv_filter_p_yuv_ibs rgb2yuv yuv_scale yuv2rgb yuv_filter
INFO: [HLS 200-0] To file: write model yuv_filter_mul_mubkb
INFO: [HLS 200-0] To file: write model yuv_filter_mac_mucud
INFO: [HLS 200-0] To file: write model yuv_filter_mac_mudEe
INFO: [HLS 200-0] To file: write model yuv_filter_mac_mueOg
INFO: [HLS 200-0] To file: write model yuv_filter_ama_adfYi
INFO: [HLS 200-0] To file: write model yuv_filter_mac_mug8j
INFO: [HLS 200-0] To file: write model yuv_filter_mac_muhbi
INFO: [HLS 200-0] To file: write model yuv_filter_p_yuv_ibs
INFO: [HLS 200-0] To file: write model rgb2yuv
INFO: [HLS 200-0] To file: write model yuv_scale
INFO: [HLS 200-0] To file: write model yuv2rgb
INFO: [HLS 200-0] To file: write model yuv_filter
INFO: [HLS 200-0] Finished generating RTL model list.


INFO: [HLS 200-0] RTL Generation done.
INFO: [HLS 200-0] CAS Generation done.
INFO: [HLS 200-0] CBC Generation done.
INFO: [HLS 200-100] Execute       export_ssdm C:/Users/User/Desktop/UNI/EmbeddedRealTimeSystem/Assignment2/HLS_labs/lab2/yuv_filter.prj/solution2/.autopilot/db/a.export.ll 
INFO: [HLS 200-100] Command       export_ssdm returned 0; 0.001 sec.
INFO: [HLS 200-100] Execute       source C:/Users/User/Desktop/UNI/EmbeddedRealTimeSystem/Assignment2/HLS_labs/lab2/yuv_filter.prj/solution2/.autopilot/db/global.setting.tcl 
INFO: [HLS 200-100] Command       ap_source returned 0; 0.002 sec.
INFO: [HLS 200-100] Execute       source C:/Xilinx/Vivado_HLS/2017.2/common/technology/generic/autopilot/common.gen 
INFO: [HLS 200-100] Execute         source C:/Xilinx/Vivado_HLS/2017.2/common/technology/generic/autopilot/APCoreGen.gen 
INFO: [HLS 200-100] Command         ap_source returned 0; 0 sec.
INFO: [HLS 200-100] Command       ap_source returned 0; 0.002 sec.
INFO: [HLS 200-100] Execute       source C:/Xilinx/Vivado_HLS/2017.2/common/technology/generic/autopilot/op.gen 
INFO: [HLS 200-100] Command       ap_source returned 0; 0.001 sec.
INFO: [HLS 200-100] Execute       source C:/Xilinx/Vivado_HLS/2017.2/common/technology/generic/autopilot/op_simcore.gen 
INFO: [HLS 200-100] Command       ap_source returned 0; 0.001 sec.
INFO: [HLS 200-100] Execute       source C:/Xilinx/Vivado_HLS/2017.2/common/technology/generic/autopilot/interface.gen 
INFO: [HLS 200-100] Command       ap_source returned 0; 0 sec.
INFO: [HLS 200-100] Execute       source C:/Users/User/Desktop/UNI/EmbeddedRealTimeSystem/Assignment2/HLS_labs/lab2/yuv_filter.prj/solution2/.autopilot/db/global.setting.tcl 
INFO: [HLS 200-100] Command       ap_source returned 0; 0.002 sec.
INFO: [HLS 200-100] Execute       source C:/Xilinx/Vivado_HLS/2017.2/common/technology/xilinx/zynq/zynq.gen 
INFO: [HLS 200-100] Execute         source C:/Xilinx/Vivado_HLS/2017.2/common/technology/xilinx/common/virtex.gen 
INFO: [HLS 200-100] Execute           source C:/Xilinx/Vivado_HLS/2017.2/common/technology/xilinx/common/xilinx.gen 
INFO: [HLS 200-100] Execute             source C:/Xilinx/Vivado_HLS/2017.2/common/technology/xilinx/interface/plb46.gen 
INFO: [HLS 200-100] Command             ap_source returned 0; 0.002 sec.
INFO: [HLS 200-100] Execute             source C:/Xilinx/Vivado_HLS/2017.2/common/technology/xilinx/interface/fsl.gen 
INFO: [HLS 200-100] Command             ap_source returned 0; 0.001 sec.
INFO: [HLS 200-100] Execute             source C:/Xilinx/Vivado_HLS/2017.2/common/technology/xilinx/interface/axi4.gen 
INFO: [HLS 200-100] Command             ap_source returned 0; 0.003 sec.
INFO: [HLS 200-100] Execute             source C:/Xilinx/Vivado_HLS/2017.2/common/technology/xilinx/interface/nativeAXI4.gen 
INFO: [HLS 200-100] Execute               source C:/Xilinx/Vivado_HLS/2017.2/common/technology/xilinx/interface/saxilite.gen 
INFO: [HLS 200-100] Command               ap_source returned 0; 0.005 sec.
INFO: [HLS 200-100] Execute               source C:/Xilinx/Vivado_HLS/2017.2/common/technology/xilinx/interface/maxi.gen 
INFO: [HLS 200-100] Command               ap_source returned 0; 0.008 sec.
INFO: [HLS 200-100] Command             ap_source returned 0; 0.014 sec.
INFO: [HLS 200-100] Execute             source C:/Xilinx/Vivado_HLS/2017.2/common/technology/xilinx/scripts/xilinxcoregen.gen 
INFO: [HLS 200-100] Command             ap_source returned 0; 0.011 sec.
INFO: [HLS 200-100] Execute             source C:/Xilinx/Vivado_HLS/2017.2/common/technology/xilinx/interface/XilEDKCoreGen.gen 
INFO: [HLS 200-100] Command             ap_source returned 0; 0.01 sec.
INFO: [HLS 200-100] Execute             source C:/Xilinx/Vivado_HLS/2017.2/common/technology/xilinx/ip/dds_compiler.gen 
INFO: [HLS 200-100] Command             ap_source returned 0; 0.005 sec.
INFO: [HLS 200-100] Execute             source C:/Xilinx/Vivado_HLS/2017.2/common/technology/xilinx/ip/util.gen 
INFO: [HLS 200-100] Command             ap_source returned 0; 0 sec.
INFO: [HLS 200-100] Execute             source C:/Xilinx/Vivado_HLS/2017.2/common/technology/xilinx/ip/xfft.gen 
INFO: [HLS 200-100] Command             ap_source returned 0; 0.115 sec.
INFO: [HLS 200-100] Execute             source C:/Xilinx/Vivado_HLS/2017.2/common/technology/xilinx/ip/xfir.gen 
INFO: [HLS 200-100] Command             ap_source returned 0; 0.001 sec.
INFO: [HLS 200-100] Command           ap_source returned 0; 0.171 sec.
INFO: [HLS 200-100] Execute           source C:/Xilinx/Vivado_HLS/2017.2/common/technology/xilinx/common/dsp48.gen 
INFO: [HLS 200-100] Command           ap_source returned 0; 0 sec.
INFO: [HLS 200-100] Command         ap_source returned 0; 0.175 sec.
INFO: [HLS 200-100] Command       ap_source returned 0; 0.176 sec.
INFO: [HLS 200-100] Execute       source C:/Xilinx/Vivado_HLS/2017.2/common/technology/xilinx/zynq/zynq_fpv6.gen 
INFO: [HLS 200-100] Execute         source C:/Xilinx/Vivado_HLS/2017.2/common/technology/xilinx/common/xilinx_fpv6.gen 
INFO: [HLS 200-100] Command         ap_source returned 0; 0.002 sec.
INFO: [HLS 200-100] Command       ap_source returned 0; 0.003 sec.
INFO: [HLS 200-100] Execute       source C:/Users/User/Desktop/UNI/EmbeddedRealTimeSystem/Assignment2/HLS_labs/lab2/yuv_filter.prj/solution2/.autopilot/db/global.setting.tcl 
INFO: [HLS 200-100] Command       ap_source returned 0; 0.002 sec.
INFO: [HLS 200-100] Execute       source C:/Users/User/Desktop/UNI/EmbeddedRealTimeSystem/Assignment2/HLS_labs/lab2/yuv_filter.prj/solution2/.autopilot/db/global.setting.tcl 
INFO: [HLS 200-100] Command       ap_source returned 0; 0.002 sec.
INFO: [HLS 200-100] Execute       source C:/Users/User/Desktop/UNI/EmbeddedRealTimeSystem/Assignment2/HLS_labs/lab2/yuv_filter.prj/solution2/.autopilot/db/global.setting.tcl 
INFO: [HLS 200-100] Command       ap_source returned 0; 0.001 sec.
INFO: [HLS 200-100] Execute       source C:/Users/User/Desktop/UNI/EmbeddedRealTimeSystem/Assignment2/HLS_labs/lab2/yuv_filter.prj/solution2/.autopilot/db/global.setting.tcl 
INFO: [HLS 200-100] Command       ap_source returned 0; 0.001 sec.
INFO: [HLS 200-100] Execute       source C:/Users/User/Desktop/UNI/EmbeddedRealTimeSystem/Assignment2/HLS_labs/lab2/yuv_filter.prj/solution2/.autopilot/db/rgb2yuv.compgen.tcl 
INFO: [HLS 200-100] Command       ap_source returned 0; 0.202 sec.
INFO: [HLS 200-100] Execute       source C:/Users/User/Desktop/UNI/EmbeddedRealTimeSystem/Assignment2/HLS_labs/lab2/yuv_filter.prj/solution2/.autopilot/db/yuv_scale.compgen.tcl 
INFO: [HLS 200-100] Command       ap_source returned 0; 0.002 sec.
INFO: [HLS 200-100] Execute       source C:/Users/User/Desktop/UNI/EmbeddedRealTimeSystem/Assignment2/HLS_labs/lab2/yuv_filter.prj/solution2/.autopilot/db/yuv2rgb.compgen.tcl 
INFO: [HLS 200-100] Command       ap_source returned 0; 0.104 sec.
INFO: [HLS 200-100] Execute       source C:/Users/User/Desktop/UNI/EmbeddedRealTimeSystem/Assignment2/HLS_labs/lab2/yuv_filter.prj/solution2/.autopilot/db/yuv_filter.compgen.tcl 
INFO: [RTMG 210-278] Implementing memory 'yuv_filter_p_yuv_ibs_ram' using block RAMs.
INFO: [HLS 200-100] Command       ap_source returned 0; 0.035 sec.
INFO: [HLS 200-111] Finished generating all RTL models Time (s): cpu = 00:00:04 ; elapsed = 00:00:09 . Memory (MB): peak = 155.879 ; gain = 106.484
INFO: [SYSC 207-301] Generating SystemC RTL for yuv_filter.
INFO: [VHDL 208-304] Generating VHDL RTL for yuv_filter.
INFO: [VLOG 209-307] Generating Verilog RTL for yuv_filter.
INFO: [HLS 200-100] Command     autosyn returned 0; 4.21 sec.
INFO: [HLS 200-100] Command   csynth_design returned 0; 8.195 sec.
INFO: [HLS 200-100] Command ap_source returned 0; 8.746 sec.
INFO: [HLS 200-100] Execute cleanup_all 
INFO: [HLS 200-100] Command cleanup_all returned 0; 0.01 sec.
