

================================================================
== Vivado HLS Report for 'rgb2yuv'
================================================================
* Date:           Sun Oct  9 14:05:07 2022

* Version:        2017.2 (Build 1909853 on Thu Jun 15 18:55:24 MDT 2017)
* Project:        yuv_filter.prj
* Solution:       solution2
* Product family: zynq
* Target device:  xc7z010clg400-1


================================================================
== Performance Estimates
================================================================
+ Timing (ns): 
    * Summary: 
    +--------+-------+----------+------------+
    |  Clock | Target| Estimated| Uncertainty|
    +--------+-------+----------+------------+
    |ap_clk  |   8.00|      8.77|        1.00|
    +--------+-------+----------+------------+

+ Latency (clock cycles): 
    * Summary: 
    +-------+---------+-------+---------+---------+
    |     Latency     |     Interval    | Pipeline|
    |  min  |   max   |  min  |   max   |   Type  |
    +-------+---------+-------+---------+---------+
    |  40010|  2457610|  40010|  2457610|   none  |
    +-------+---------+-------+---------+---------+

    + Detail: 
        * Instance: 
        N/A

        * Loop: 
        +---------------------------------+-------+---------+----------+-----------+-----------+-----------------+----------+
        |                                 |     Latency     | Iteration|  Initiation Interval  |       Trip      |          |
        |            Loop Name            |  min  |   max   |  Latency |  achieved |   target  |      Count      | Pipelined|
        +---------------------------------+-------+---------+----------+-----------+-----------+-----------------+----------+
        |- RGB2YUV_LOOP_X_RGB2YUV_LOOP_Y  |  40008|  2457608|        10|          1|          1| 40000 ~ 2457600 |    yes   |
        +---------------------------------+-------+---------+----------+-----------+-----------+-----------------+----------+

============================================================
+ Verbose Summary: Synthesis Manager
============================================================
InlineROM: 1
ExposeGlobal: 0
============================================================
+ Verbose Summary: CDFG Model
============================================================
IsTopModel: 0
ResetActiveHigh: 1
IsCombinational: 0
IsDatapathOnly: 0
HasWiredReturn: 1
HasMFsm: 0
HasVarLatency: 1
IsPipeline: 0
IsRtlPipelined: 0
IsInstanceOverlapped: 0
IsDontTouch: 0
HasImplIP: 0
IsGatedGlobalClock: 0

+ Individual pipeline summary: 
  * Pipeline-0: initiation interval (II) = 1, depth = 10


============================================================
+ Verbose Summary: Schedule
============================================================
* Number of FSM states: 12
* Pipeline: 1
  Pipeline-0: II = 1, D = 10, States = { 2 3 4 5 6 7 8 9 10 11 }
* Dataflow Pipeline: 0

* FSM state transitions: 
1 --> 
	2  / true
2 --> 
	12  / (exitcond_flatten)
	3  / (!exitcond_flatten)
3 --> 
	4  / true
4 --> 
	5  / true
5 --> 
	6  / true
6 --> 
	7  / true
7 --> 
	8  / true
8 --> 
	9  / true
9 --> 
	10  / true
10 --> 
	11  / true
11 --> 
	2  / true
12 --> 
* FSM state operations: 

 <State 1>: 6.38ns
ST_1: in_height_read11 (9)  [1/1] 0.00ns
:0  %in_height_read11 = call i16 @_ssdm_op_Read.ap_auto.i16(i16 %in_height_read)

ST_1: in_width_read_3 (10)  [1/1] 0.00ns
:1  %in_width_read_3 = call i16 @_ssdm_op_Read.ap_auto.i16(i16 %in_width_read)

ST_1: cast (11)  [1/1] 0.00ns
:2  %cast = zext i16 %in_width_read_3 to i32

ST_1: cast1 (12)  [1/1] 0.00ns
:3  %cast1 = zext i16 %in_height_read11 to i32

ST_1: bound (13)  [1/1] 6.38ns
:4  %bound = mul i32 %cast1, %cast

ST_1: StgValue_18 (14)  [1/1] 1.59ns  loc: yuv_filter.c:49
:5  br label %1


 <State 2>: 5.10ns
ST_2: indvar_flatten (16)  [1/1] 0.00ns
:0  %indvar_flatten = phi i32 [ 0, %0 ], [ %indvar_flatten_next, %.reset ]

ST_2: x (17)  [1/1] 0.00ns  loc: yuv_filter.c:54
:1  %x = phi i16 [ 0, %0 ], [ %tmp_mid2_v, %.reset ]

ST_2: y (18)  [1/1] 0.00ns
:2  %y = phi i16 [ 0, %0 ], [ %y_3, %.reset ]

ST_2: StgValue_22 (19)  [1/1] 0.00ns  loc: yuv_filter.c:50
:3  call void (...)* @_ssdm_op_SpecPipeline(i32 -1, i32 1, i32 1, i32 0, [1 x i8]* @p_str1) nounwind

ST_2: exitcond_flatten (20)  [1/1] 3.26ns
:4  %exitcond_flatten = icmp eq i32 %indvar_flatten, %bound

ST_2: indvar_flatten_next (21)  [1/1] 2.90ns
:5  %indvar_flatten_next = add i32 %indvar_flatten, 1

ST_2: StgValue_25 (22)  [1/1] 0.00ns
:6  br i1 %exitcond_flatten, label %2, label %.reset

ST_2: x_3 (24)  [1/1] 2.39ns  loc: yuv_filter.c:49
.reset:0  %x_3 = add i16 1, %x

ST_2: exitcond9 (28)  [1/1] 3.03ns  loc: yuv_filter.c:52
.reset:4  %exitcond9 = icmp eq i16 %y, %in_height_read11

ST_2: y_mid2 (29)  [1/1] 2.07ns  loc: yuv_filter.c:52
.reset:5  %y_mid2 = select i1 %exitcond9, i16 0, i16 %y

ST_2: tmp_mid2_v (31)  [1/1] 2.07ns  loc: yuv_filter.c:54
.reset:7  %tmp_mid2_v = select i1 %exitcond9, i16 %x_3, i16 %x

ST_2: tmp (32)  [1/1] 0.00ns  loc: yuv_filter.c:54
.reset:8  %tmp = trunc i16 %tmp_mid2_v to i13

ST_2: tmp_21 (34)  [1/1] 0.00ns  loc: yuv_filter.c:54
.reset:10  %tmp_21 = trunc i16 %tmp_mid2_v to i15


 <State 3>: 4.11ns
ST_3: p_shl_cast (33)  [1/1] 0.00ns  loc: yuv_filter.c:54
.reset:9  %p_shl_cast = call i23 @_ssdm_op_BitConcatenate.i23.i13.i10(i13 %tmp, i10 0)

ST_3: p_shl7_cast (35)  [1/1] 0.00ns  loc: yuv_filter.c:54
.reset:11  %p_shl7_cast = call i23 @_ssdm_op_BitConcatenate.i23.i15.i8(i15 %tmp_21, i8 0)

ST_3: tmp_s (36)  [1/1] 2.05ns  loc: yuv_filter.c:54
.reset:12  %tmp_s = add i23 %p_shl_cast, %p_shl7_cast

ST_3: tmp_cast (38)  [1/1] 0.00ns  loc: yuv_filter.c:54
.reset:14  %tmp_cast = zext i16 %y_mid2 to i23

ST_3: tmp_19 (39)  [1/1] 2.05ns  loc: yuv_filter.c:54
.reset:15  %tmp_19 = add i23 %tmp_cast, %tmp_s

ST_3: y_3 (102)  [1/1] 2.39ns  loc: yuv_filter.c:52
.reset:78  %y_3 = add i16 1, %y_mid2


 <State 4>: 3.25ns
ST_4: tmp_42_cast (40)  [1/1] 0.00ns  loc: yuv_filter.c:54
.reset:16  %tmp_42_cast = zext i23 %tmp_19 to i32

ST_4: in_channels_ch1_addr (41)  [1/1] 0.00ns  loc: yuv_filter.c:54
.reset:17  %in_channels_ch1_addr = getelementptr [2457600 x i8]* %in_channels_ch1, i32 0, i32 %tmp_42_cast

ST_4: in_channels_ch2_addr (42)  [1/1] 0.00ns  loc: yuv_filter.c:55
.reset:18  %in_channels_ch2_addr = getelementptr [2457600 x i8]* %in_channels_ch2, i32 0, i32 %tmp_42_cast

ST_4: in_channels_ch3_addr (43)  [1/1] 0.00ns  loc: yuv_filter.c:56
.reset:19  %in_channels_ch3_addr = getelementptr [2457600 x i8]* %in_channels_ch3, i32 0, i32 %tmp_42_cast

ST_4: R (47)  [4/4] 3.25ns  loc: yuv_filter.c:54
.reset:23  %R = load i8* %in_channels_ch1_addr, align 1

ST_4: G (48)  [4/4] 3.25ns  loc: yuv_filter.c:55
.reset:24  %G = load i8* %in_channels_ch2_addr, align 1

ST_4: B (49)  [4/4] 3.25ns  loc: yuv_filter.c:56
.reset:25  %B = load i8* %in_channels_ch3_addr, align 1


 <State 5>: 3.25ns
ST_5: R (47)  [3/4] 3.25ns  loc: yuv_filter.c:54
.reset:23  %R = load i8* %in_channels_ch1_addr, align 1

ST_5: G (48)  [3/4] 3.25ns  loc: yuv_filter.c:55
.reset:24  %G = load i8* %in_channels_ch2_addr, align 1

ST_5: B (49)  [3/4] 3.25ns  loc: yuv_filter.c:56
.reset:25  %B = load i8* %in_channels_ch3_addr, align 1


 <State 6>: 3.25ns
ST_6: R (47)  [2/4] 3.25ns  loc: yuv_filter.c:54
.reset:23  %R = load i8* %in_channels_ch1_addr, align 1

ST_6: G (48)  [2/4] 3.25ns  loc: yuv_filter.c:55
.reset:24  %G = load i8* %in_channels_ch2_addr, align 1

ST_6: B (49)  [2/4] 3.25ns  loc: yuv_filter.c:56
.reset:25  %B = load i8* %in_channels_ch3_addr, align 1


 <State 7>: 5.58ns
ST_7: R (47)  [1/4] 3.25ns  loc: yuv_filter.c:54
.reset:23  %R = load i8* %in_channels_ch1_addr, align 1

ST_7: G (48)  [1/4] 3.25ns  loc: yuv_filter.c:55
.reset:24  %G = load i8* %in_channels_ch2_addr, align 1

ST_7: B (49)  [1/4] 3.25ns  loc: yuv_filter.c:56
.reset:25  %B = load i8* %in_channels_ch3_addr, align 1

ST_7: tmp_42_cast2 (57)  [1/1] 0.00ns  loc: yuv_filter.c:57
.reset:33  %tmp_42_cast2 = zext i8 %G to i9

ST_7: tmp4 (65)  [1/1] 2.32ns  loc: yuv_filter.c:57
.reset:41  %tmp4 = add i9 128, %tmp_42_cast2


 <State 8>: 8.33ns
ST_8: tmp_40_cast1 (50)  [1/1] 0.00ns  loc: yuv_filter.c:57
.reset:26  %tmp_40_cast1 = zext i8 %R to i16

ST_8: p_shl5 (52)  [1/1] 0.00ns  loc: yuv_filter.c:57
.reset:28  %p_shl5 = call i14 @_ssdm_op_BitConcatenate.i14.i8.i6(i8 %R, i6 0)

ST_8: p_shl5_cast (53)  [1/1] 0.00ns  loc: yuv_filter.c:57
.reset:29  %p_shl5_cast = zext i14 %p_shl5 to i15

ST_8: p_shl6 (54)  [1/1] 0.00ns  loc: yuv_filter.c:57
.reset:30  %p_shl6 = call i9 @_ssdm_op_BitConcatenate.i9.i8.i1(i8 %R, i1 false)

ST_8: p_shl6_cast (55)  [1/1] 0.00ns  loc: yuv_filter.c:57
.reset:31  %p_shl6_cast = zext i9 %p_shl6 to i15

ST_8: tmp_42_cast1 (56)  [1/1] 0.00ns  loc: yuv_filter.c:57
.reset:32  %tmp_42_cast1 = zext i8 %G to i16

ST_8: p_shl4 (58)  [1/1] 0.00ns  loc: yuv_filter.c:57
.reset:34  %p_shl4 = call i15 @_ssdm_op_BitConcatenate.i15.i8.i7(i8 %G, i7 0)

ST_8: p_shl4_cast (59)  [1/1] 0.00ns  loc: yuv_filter.c:57
.reset:35  %p_shl4_cast = zext i15 %p_shl4 to i16

ST_8: tmp_44_cast1 (60)  [1/1] 0.00ns  loc: yuv_filter.c:57
.reset:36  %tmp_44_cast1 = zext i8 %B to i13

ST_8: tmp_20 (61)  [1/1] 3.36ns  loc: yuv_filter.c:57
.reset:37  %tmp_20 = mul i13 25, %tmp_44_cast1

ST_8: tmp2 (62)  [1/1] 2.34ns  loc: yuv_filter.c:57
.reset:38  %tmp2 = add i15 %p_shl6_cast, %p_shl5_cast

ST_8: tmp2_cast (63)  [1/1] 0.00ns  loc: yuv_filter.c:57
.reset:39  %tmp2_cast = zext i15 %tmp2 to i16

ST_8: tmp1 (64)  [1/1] 1.95ns  loc: yuv_filter.c:57
.reset:40  %tmp1 = add i16 %tmp2_cast, %p_shl4_cast

ST_8: tmp4_cast (66)  [1/1] 0.00ns  loc: yuv_filter.c:57
.reset:42  %tmp4_cast = zext i9 %tmp4 to i13

ST_8: tmp3 (67)  [1/1] 3.02ns  loc: yuv_filter.c:57
.reset:43  %tmp3 = add i13 %tmp4_cast, %tmp_20

ST_8: tmp3_cast (68)  [1/1] 0.00ns  loc: yuv_filter.c:57
.reset:44  %tmp3_cast = zext i13 %tmp3 to i16

ST_8: tmp_22 (69)  [1/1] 1.95ns  loc: yuv_filter.c:57
.reset:45  %tmp_22 = add i16 %tmp3_cast, %tmp1

ST_8: tmp_23 (70)  [1/1] 0.00ns  loc: yuv_filter.c:57
.reset:46  %tmp_23 = call i8 @_ssdm_op_PartSelect.i8.i16.i32.i32(i16 %tmp_22, i32 8, i32 15)

ST_8: tmp_25 (74)  [1/1] 6.43ns  loc: yuv_filter.c:58
.reset:50  %tmp_25 = mul i16 -74, %tmp_42_cast1

ST_8: p_shl2 (75)  [1/1] 0.00ns  loc: yuv_filter.c:58
.reset:51  %p_shl2 = call i15 @_ssdm_op_BitConcatenate.i15.i8.i7(i8 %B, i7 0)

ST_8: p_shl2_cast (76)  [1/1] 0.00ns  loc: yuv_filter.c:58
.reset:52  %p_shl2_cast = zext i15 %p_shl2 to i16

ST_8: p_shl3 (77)  [1/1] 0.00ns  loc: yuv_filter.c:58
.reset:53  %p_shl3 = call i12 @_ssdm_op_BitConcatenate.i12.i8.i4(i8 %B, i4 0)

ST_8: p_shl3_cast9 (78)  [1/1] 0.00ns  loc: yuv_filter.c:58
.reset:54  %p_shl3_cast9 = zext i12 %p_shl3 to i13

ST_8: p_shl3_cast (79)  [1/1] 0.00ns  loc: yuv_filter.c:58
.reset:55  %p_shl3_cast = zext i12 %p_shl3 to i16

ST_8: tmp_26 (80)  [1/1] 2.35ns  loc: yuv_filter.c:58
.reset:56  %tmp_26 = sub i16 %p_shl2_cast, %p_shl3_cast

ST_8: tmp_29 (86)  [1/1] 6.43ns  loc: yuv_filter.c:59
.reset:62  %tmp_29 = mul i16 122, %tmp_40_cast1

ST_8: p_neg (88)  [1/1] 2.33ns  loc: yuv_filter.c:58
.reset:64  %p_neg = sub i13 0, %p_shl3_cast9

ST_8: p_neg_cast (89)  [1/1] 0.00ns  loc: yuv_filter.c:58
.reset:65  %p_neg_cast = sext i13 %p_neg to i14

ST_8: p_shl1 (90)  [1/1] 0.00ns  loc: yuv_filter.c:59
.reset:66  %p_shl1 = call i9 @_ssdm_op_BitConcatenate.i9.i8.i1(i8 %B, i1 false)

ST_8: p_shl1_cast (91)  [1/1] 0.00ns  loc: yuv_filter.c:59
.reset:67  %p_shl1_cast = zext i9 %p_shl1 to i14

ST_8: tmp_31 (92)  [1/1] 1.92ns  loc: yuv_filter.c:59
.reset:68  %tmp_31 = sub i14 %p_neg_cast, %p_shl1_cast

ST_8: tmp8 (94)  [1/1] 1.92ns  loc: yuv_filter.c:59
.reset:70  %tmp8 = add i14 128, %tmp_31


 <State 9>: 8.77ns
ST_9: out_channels_ch1_add (44)  [1/1] 0.00ns  loc: yuv_filter.c:60
.reset:20  %out_channels_ch1_add = getelementptr [2457600 x i8]* %out_channels_ch1, i32 0, i32 %tmp_42_cast

ST_9: tmp_40_cast2 (51)  [1/1] 0.00ns  loc: yuv_filter.c:57
.reset:27  %tmp_40_cast2 = zext i8 %R to i15

ST_9: Y (71)  [1/1] 2.32ns  loc: yuv_filter.c:57
.reset:47  %Y = add i8 16, %tmp_23

ST_9: tmp_24 (72)  [1/1] 3.36ns  loc: yuv_filter.c:58
.reset:48  %tmp_24 = mul i15 -38, %tmp_40_cast2

ST_9: tmp_51_cast (73)  [1/1] 0.00ns  loc: yuv_filter.c:58
.reset:49  %tmp_51_cast = sext i15 %tmp_24 to i16

ST_9: tmp5 (81)  [1/1] 3.02ns  loc: yuv_filter.c:58
.reset:57  %tmp5 = add i16 %tmp_51_cast, %tmp_25

ST_9: tmp6 (82)  [1/1] 1.95ns  loc: yuv_filter.c:58
.reset:58  %tmp6 = add i16 128, %tmp_26

ST_9: tmp_27 (83)  [1/1] 1.95ns  loc: yuv_filter.c:58
.reset:59  %tmp_27 = add i16 %tmp6, %tmp5

ST_9: tmp_28 (84)  [1/1] 0.00ns  loc: yuv_filter.c:58
.reset:60  %tmp_28 = call i8 @_ssdm_op_PartSelect.i8.i16.i32.i32(i16 %tmp_27, i32 8, i32 15)

ST_9: tmp_30 (87)  [1/1] 3.36ns  loc: yuv_filter.c:59
.reset:63  %tmp_30 = mul i16 -94, %tmp_42_cast1

ST_9: tmp7 (93)  [1/1] 3.02ns  loc: yuv_filter.c:59
.reset:69  %tmp7 = add i16 %tmp_29, %tmp_30

ST_9: tmp8_cast (95)  [1/1] 0.00ns  loc: yuv_filter.c:59
.reset:71  %tmp8_cast = sext i14 %tmp8 to i16

ST_9: tmp_32 (96)  [1/1] 2.39ns  loc: yuv_filter.c:59
.reset:72  %tmp_32 = add i16 %tmp8_cast, %tmp7

ST_9: tmp_33 (97)  [1/1] 0.00ns  loc: yuv_filter.c:59
.reset:73  %tmp_33 = call i8 @_ssdm_op_PartSelect.i8.i16.i32.i32(i16 %tmp_32, i32 8, i32 15)

ST_9: StgValue_102 (99)  [2/2] 3.25ns  loc: yuv_filter.c:60
.reset:75  store i8 %Y, i8* %out_channels_ch1_add, align 1


 <State 10>: 5.32ns
ST_10: out_channels_ch2_add (45)  [1/1] 0.00ns  loc: yuv_filter.c:61
.reset:21  %out_channels_ch2_add = getelementptr [2457600 x i8]* %out_channels_ch2, i32 0, i32 %tmp_42_cast

ST_10: out_channels_ch3_add (46)  [1/1] 0.00ns  loc: yuv_filter.c:62
.reset:22  %out_channels_ch3_add = getelementptr [2457600 x i8]* %out_channels_ch3, i32 0, i32 %tmp_42_cast

ST_10: U (85)  [1/1] 2.07ns  loc: yuv_filter.c:58
.reset:61  %U = xor i8 %tmp_28, -128

ST_10: V (98)  [1/1] 2.07ns  loc: yuv_filter.c:59
.reset:74  %V = xor i8 %tmp_33, -128

ST_10: StgValue_107 (99)  [1/2] 3.25ns  loc: yuv_filter.c:60
.reset:75  store i8 %Y, i8* %out_channels_ch1_add, align 1

ST_10: StgValue_108 (100)  [2/2] 3.25ns  loc: yuv_filter.c:61
.reset:76  store i8 %U, i8* %out_channels_ch2_add, align 1

ST_10: StgValue_109 (101)  [2/2] 3.25ns  loc: yuv_filter.c:62
.reset:77  store i8 %V, i8* %out_channels_ch3_add, align 1


 <State 11>: 3.25ns
ST_11: StgValue_110 (25)  [1/1] 0.00ns  loc: yuv_filter.c:50
.reset:1  call void (...)* @_ssdm_op_SpecPipeline(i32 -1, i32 1, i32 1, i32 0, [1 x i8]* @p_str1) nounwind

ST_11: StgValue_111 (26)  [1/1] 0.00ns
.reset:2  call void (...)* @_ssdm_op_SpecLoopName([30 x i8]* @RGB2YUV_LOOP_X_RGB2Y)

ST_11: StgValue_112 (27)  [1/1] 0.00ns
.reset:3  call void (...)* @_ssdm_op_SpecLoopTripCount(i64 40000, i64 2457600, i64 784400)

ST_11: StgValue_113 (30)  [1/1] 0.00ns  loc: yuv_filter.c:50
.reset:6  call void (...)* @_ssdm_op_SpecPipeline(i32 -1, i32 1, i32 1, i32 0, [1 x i8]* @p_str1) nounwind

ST_11: StgValue_114 (37)  [1/1] 0.00ns  loc: yuv_filter.c:52
.reset:13  call void (...)* @_ssdm_op_SpecLoopName([15 x i8]* @p_str2) nounwind

ST_11: StgValue_115 (100)  [1/2] 3.25ns  loc: yuv_filter.c:61
.reset:76  store i8 %U, i8* %out_channels_ch2_add, align 1

ST_11: StgValue_116 (101)  [1/2] 3.25ns  loc: yuv_filter.c:62
.reset:77  store i8 %V, i8* %out_channels_ch3_add, align 1

ST_11: StgValue_117 (103)  [1/1] 0.00ns  loc: yuv_filter.c:52
.reset:79  br label %1


 <State 12>: 0.00ns
ST_12: mrv (105)  [1/1] 0.00ns  loc: yuv_filter.c:65
:0  %mrv = insertvalue { i16, i16 } undef, i16 %in_width_read_3, 0

ST_12: mrv_1 (106)  [1/1] 0.00ns  loc: yuv_filter.c:65
:1  %mrv_1 = insertvalue { i16, i16 } %mrv, i16 %in_height_read11, 1

ST_12: StgValue_120 (107)  [1/1] 0.00ns  loc: yuv_filter.c:65
:2  ret { i16, i16 } %mrv_1



============================================================
+ Verbose Summary: Binding
============================================================
STG Binding: 
---------------- STG Properties BEGIN ----------------
- Is combinational: 0
- Is one-state seq: 0
- Is datapath-only: 0
- Is pipelined: 0
- Is top level: 0
Port [ Return ] is wired: 1; IO mode=ap_ctrl_hs:ce=0
Port [ in_channels_ch1]:  wired=1; compound=1; hidden=0; nouse=0; global=0; static=0; extern=0; dir=0; type=1; pingpong=0; private_global=0; MemPort=[13]; IO mode=ap_memory:ce=0
Port [ in_channels_ch2]:  wired=1; compound=1; hidden=0; nouse=0; global=0; static=0; extern=0; dir=0; type=1; pingpong=0; private_global=0; MemPort=[13]; IO mode=ap_memory:ce=0
Port [ in_channels_ch3]:  wired=1; compound=1; hidden=0; nouse=0; global=0; static=0; extern=0; dir=0; type=1; pingpong=0; private_global=0; MemPort=[13]; IO mode=ap_memory:ce=0
Port [ in_width_read]:  wired=1; compound=0; hidden=0; nouse=0; global=0; static=0; extern=0; dir=0; type=0; pingpong=0; private_global=0; IO mode=ap_none:ce=0
Port [ in_height_read]:  wired=1; compound=0; hidden=0; nouse=0; global=0; static=0; extern=0; dir=0; type=0; pingpong=0; private_global=0; IO mode=ap_none:ce=0
Port [ out_channels_ch1]:  wired=1; compound=1; hidden=0; nouse=0; global=0; static=0; extern=0; dir=1; type=1; pingpong=0; private_global=0; MemPort=[03]; IO mode=ap_memory:ce=0
Port [ out_channels_ch2]:  wired=1; compound=1; hidden=0; nouse=0; global=0; static=0; extern=0; dir=1; type=1; pingpong=0; private_global=0; MemPort=[03]; IO mode=ap_memory:ce=0
Port [ out_channels_ch3]:  wired=1; compound=1; hidden=0; nouse=0; global=0; static=0; extern=0; dir=1; type=1; pingpong=0; private_global=0; MemPort=[03]; IO mode=ap_memory:ce=0
---------------- STG Properties END ------------------

---------------- Datapath Model BEGIN ----------------

<LifeTime>
<method=bitvector/>
in_height_read11     (read             ) [ 0011111111111]
in_width_read_3      (read             ) [ 0011111111111]
cast                 (zext             ) [ 0000000000000]
cast1                (zext             ) [ 0000000000000]
bound                (mul              ) [ 0011111111110]
StgValue_18          (br               ) [ 0111111111110]
indvar_flatten       (phi              ) [ 0010000000000]
x                    (phi              ) [ 0010000000000]
y                    (phi              ) [ 0010000000000]
StgValue_22          (specpipeline     ) [ 0000000000000]
exitcond_flatten     (icmp             ) [ 0011111111110]
indvar_flatten_next  (add              ) [ 0111111111110]
StgValue_25          (br               ) [ 0000000000000]
x_3                  (add              ) [ 0000000000000]
exitcond9            (icmp             ) [ 0000000000000]
y_mid2               (select           ) [ 0011000000000]
tmp_mid2_v           (select           ) [ 0111111111110]
tmp                  (trunc            ) [ 0011000000000]
tmp_21               (trunc            ) [ 0011000000000]
p_shl_cast           (bitconcatenate   ) [ 0000000000000]
p_shl7_cast          (bitconcatenate   ) [ 0000000000000]
tmp_s                (add              ) [ 0000000000000]
tmp_cast             (zext             ) [ 0000000000000]
tmp_19               (add              ) [ 0010100000000]
y_3                  (add              ) [ 0110111111110]
tmp_42_cast          (zext             ) [ 0010011111100]
in_channels_ch1_addr (getelementptr    ) [ 0010011100000]
in_channels_ch2_addr (getelementptr    ) [ 0010011100000]
in_channels_ch3_addr (getelementptr    ) [ 0010011100000]
R                    (load             ) [ 0010000011000]
G                    (load             ) [ 0010000010000]
B                    (load             ) [ 0010000010000]
tmp_42_cast2         (zext             ) [ 0000000000000]
tmp4                 (add              ) [ 0010000010000]
tmp_40_cast1         (zext             ) [ 0000000000000]
p_shl5               (bitconcatenate   ) [ 0000000000000]
p_shl5_cast          (zext             ) [ 0000000000000]
p_shl6               (bitconcatenate   ) [ 0000000000000]
p_shl6_cast          (zext             ) [ 0000000000000]
tmp_42_cast1         (zext             ) [ 0010000001000]
p_shl4               (bitconcatenate   ) [ 0000000000000]
p_shl4_cast          (zext             ) [ 0000000000000]
tmp_44_cast1         (zext             ) [ 0000000000000]
tmp_20               (mul              ) [ 0000000000000]
tmp2                 (add              ) [ 0000000000000]
tmp2_cast            (zext             ) [ 0000000000000]
tmp1                 (add              ) [ 0000000000000]
tmp4_cast            (zext             ) [ 0000000000000]
tmp3                 (add              ) [ 0000000000000]
tmp3_cast            (zext             ) [ 0000000000000]
tmp_22               (add              ) [ 0000000000000]
tmp_23               (partselect       ) [ 0010000001000]
tmp_25               (mul              ) [ 0010000001000]
p_shl2               (bitconcatenate   ) [ 0000000000000]
p_shl2_cast          (zext             ) [ 0000000000000]
p_shl3               (bitconcatenate   ) [ 0000000000000]
p_shl3_cast9         (zext             ) [ 0000000000000]
p_shl3_cast          (zext             ) [ 0000000000000]
tmp_26               (sub              ) [ 0010000001000]
tmp_29               (mul              ) [ 0010000001000]
p_neg                (sub              ) [ 0000000000000]
p_neg_cast           (sext             ) [ 0000000000000]
p_shl1               (bitconcatenate   ) [ 0000000000000]
p_shl1_cast          (zext             ) [ 0000000000000]
tmp_31               (sub              ) [ 0000000000000]
tmp8                 (add              ) [ 0010000001000]
out_channels_ch1_add (getelementptr    ) [ 0010000000100]
tmp_40_cast2         (zext             ) [ 0000000000000]
Y                    (add              ) [ 0010000000100]
tmp_24               (mul              ) [ 0000000000000]
tmp_51_cast          (sext             ) [ 0000000000000]
tmp5                 (add              ) [ 0000000000000]
tmp6                 (add              ) [ 0000000000000]
tmp_27               (add              ) [ 0000000000000]
tmp_28               (partselect       ) [ 0010000000100]
tmp_30               (mul              ) [ 0000000000000]
tmp7                 (add              ) [ 0000000000000]
tmp8_cast            (sext             ) [ 0000000000000]
tmp_32               (add              ) [ 0000000000000]
tmp_33               (partselect       ) [ 0010000000100]
out_channels_ch2_add (getelementptr    ) [ 0010000000010]
out_channels_ch3_add (getelementptr    ) [ 0010000000010]
U                    (xor              ) [ 0010000000010]
V                    (xor              ) [ 0010000000010]
StgValue_107         (store            ) [ 0000000000000]
StgValue_110         (specpipeline     ) [ 0000000000000]
StgValue_111         (specloopname     ) [ 0000000000000]
StgValue_112         (speclooptripcount) [ 0000000000000]
StgValue_113         (specpipeline     ) [ 0000000000000]
StgValue_114         (specloopname     ) [ 0000000000000]
StgValue_115         (store            ) [ 0000000000000]
StgValue_116         (store            ) [ 0000000000000]
StgValue_117         (br               ) [ 0111111111110]
mrv                  (insertvalue      ) [ 0000000000000]
mrv_1                (insertvalue      ) [ 0000000000000]
StgValue_120         (ret              ) [ 0000000000000]
</LifeTime>

<model>

<comp_list>
<comp id="0" class="1000" name="in_channels_ch1">
<pin_list>
<pin id="1" dir="1" index="0" bw="1" slack="0"/>
</pin_list>
<bind>
<StgValue><ssdm name="in_channels_ch1"/><MemPortTyVec>1 3 </MemPortTyVec>
</StgValue>
</bind>
</comp>

<comp id="2" class="1000" name="in_channels_ch2">
<pin_list>
<pin id="3" dir="1" index="0" bw="1" slack="0"/>
</pin_list>
<bind>
<StgValue><ssdm name="in_channels_ch2"/><MemPortTyVec>1 3 </MemPortTyVec>
</StgValue>
</bind>
</comp>

<comp id="4" class="1000" name="in_channels_ch3">
<pin_list>
<pin id="5" dir="1" index="0" bw="1" slack="0"/>
</pin_list>
<bind>
<StgValue><ssdm name="in_channels_ch3"/><MemPortTyVec>1 3 </MemPortTyVec>
</StgValue>
</bind>
</comp>

<comp id="6" class="1000" name="in_width_read">
<pin_list>
<pin id="7" dir="1" index="0" bw="1" slack="0"/>
</pin_list>
<bind>
<StgValue><ssdm name="in_width_read"/></StgValue>
</bind>
</comp>

<comp id="8" class="1000" name="in_height_read">
<pin_list>
<pin id="9" dir="1" index="0" bw="1" slack="0"/>
</pin_list>
<bind>
<StgValue><ssdm name="in_height_read"/></StgValue>
</bind>
</comp>

<comp id="10" class="1000" name="out_channels_ch1">
<pin_list>
<pin id="11" dir="1" index="0" bw="1" slack="0"/>
</pin_list>
<bind>
<StgValue><ssdm name="out_channels_ch1"/><MemPortTyVec>0 3 </MemPortTyVec>
</StgValue>
</bind>
</comp>

<comp id="12" class="1000" name="out_channels_ch2">
<pin_list>
<pin id="13" dir="1" index="0" bw="1" slack="0"/>
</pin_list>
<bind>
<StgValue><ssdm name="out_channels_ch2"/><MemPortTyVec>0 3 </MemPortTyVec>
</StgValue>
</bind>
</comp>

<comp id="14" class="1000" name="out_channels_ch3">
<pin_list>
<pin id="15" dir="1" index="0" bw="1" slack="0"/>
</pin_list>
<bind>
<StgValue><ssdm name="out_channels_ch3"/><MemPortTyVec>0 3 </MemPortTyVec>
</StgValue>
</bind>
</comp>

<comp id="16" class="1001" name="const_16">
<pin_list>
<pin id="17" dir="1" index="0" bw="1" slack="0"/>
</pin_list>
<bind>
<StgValue><ssdm name="_ssdm_op_Read.ap_auto.i16"/></StgValue>
</bind>
</comp>

<comp id="18" class="1001" name="const_18">
<pin_list>
<pin id="19" dir="1" index="0" bw="1" slack="0"/>
</pin_list>
<bind>
<StgValue><ssdm name=""/></StgValue>
</bind>
</comp>

<comp id="20" class="1001" name="const_20">
<pin_list>
<pin id="21" dir="1" index="0" bw="1" slack="0"/>
</pin_list>
<bind>
<StgValue><ssdm name=""/></StgValue>
</bind>
</comp>

<comp id="22" class="1001" name="const_22">
<pin_list>
<pin id="23" dir="1" index="0" bw="1" slack="2147483647"/>
</pin_list>
<bind>
<StgValue><ssdm name="_ssdm_op_SpecPipeline"/></StgValue>
</bind>
</comp>

<comp id="24" class="1001" name="const_24">
<pin_list>
<pin id="25" dir="1" index="0" bw="1" slack="2147483647"/>
</pin_list>
<bind>
<StgValue><ssdm name=""/></StgValue>
</bind>
</comp>

<comp id="26" class="1001" name="const_26">
<pin_list>
<pin id="27" dir="1" index="0" bw="1" slack="0"/>
</pin_list>
<bind>
<StgValue><ssdm name=""/></StgValue>
</bind>
</comp>

<comp id="28" class="1001" name="const_28">
<pin_list>
<pin id="29" dir="1" index="0" bw="1" slack="2147483647"/>
</pin_list>
<bind>
<StgValue><ssdm name="p_str1"/></StgValue>
</bind>
</comp>

<comp id="30" class="1001" name="const_30">
<pin_list>
<pin id="31" dir="1" index="0" bw="1" slack="0"/>
</pin_list>
<bind>
<StgValue><ssdm name=""/></StgValue>
</bind>
</comp>

<comp id="32" class="1001" name="const_32">
<pin_list>
<pin id="33" dir="1" index="0" bw="1" slack="0"/>
</pin_list>
<bind>
<StgValue><ssdm name="_ssdm_op_BitConcatenate.i23.i13.i10"/></StgValue>
</bind>
</comp>

<comp id="34" class="1001" name="const_34">
<pin_list>
<pin id="35" dir="1" index="0" bw="1" slack="0"/>
</pin_list>
<bind>
<StgValue><ssdm name=""/></StgValue>
</bind>
</comp>

<comp id="36" class="1001" name="const_36">
<pin_list>
<pin id="37" dir="1" index="0" bw="1" slack="0"/>
</pin_list>
<bind>
<StgValue><ssdm name="_ssdm_op_BitConcatenate.i23.i15.i8"/></StgValue>
</bind>
</comp>

<comp id="38" class="1001" name="const_38">
<pin_list>
<pin id="39" dir="1" index="0" bw="1" slack="0"/>
</pin_list>
<bind>
<StgValue><ssdm name=""/></StgValue>
</bind>
</comp>

<comp id="40" class="1001" name="const_40">
<pin_list>
<pin id="41" dir="1" index="0" bw="1" slack="0"/>
</pin_list>
<bind>
<StgValue><ssdm name=""/></StgValue>
</bind>
</comp>

<comp id="42" class="1001" name="const_42">
<pin_list>
<pin id="43" dir="1" index="0" bw="1" slack="0"/>
</pin_list>
<bind>
<StgValue><ssdm name="_ssdm_op_BitConcatenate.i14.i8.i6"/></StgValue>
</bind>
</comp>

<comp id="44" class="1001" name="const_44">
<pin_list>
<pin id="45" dir="1" index="0" bw="1" slack="0"/>
</pin_list>
<bind>
<StgValue><ssdm name=""/></StgValue>
</bind>
</comp>

<comp id="46" class="1001" name="const_46">
<pin_list>
<pin id="47" dir="1" index="0" bw="1" slack="0"/>
</pin_list>
<bind>
<StgValue><ssdm name="_ssdm_op_BitConcatenate.i9.i8.i1"/></StgValue>
</bind>
</comp>

<comp id="48" class="1001" name="const_48">
<pin_list>
<pin id="49" dir="1" index="0" bw="1" slack="0"/>
</pin_list>
<bind>
<StgValue><ssdm name=""/></StgValue>
</bind>
</comp>

<comp id="50" class="1001" name="const_50">
<pin_list>
<pin id="51" dir="1" index="0" bw="1" slack="0"/>
</pin_list>
<bind>
<StgValue><ssdm name="_ssdm_op_BitConcatenate.i15.i8.i7"/></StgValue>
</bind>
</comp>

<comp id="52" class="1001" name="const_52">
<pin_list>
<pin id="53" dir="1" index="0" bw="1" slack="0"/>
</pin_list>
<bind>
<StgValue><ssdm name=""/></StgValue>
</bind>
</comp>

<comp id="54" class="1001" name="const_54">
<pin_list>
<pin id="55" dir="1" index="0" bw="1" slack="0"/>
</pin_list>
<bind>
<StgValue><ssdm name=""/></StgValue>
</bind>
</comp>

<comp id="56" class="1001" name="const_56">
<pin_list>
<pin id="57" dir="1" index="0" bw="1" slack="0"/>
</pin_list>
<bind>
<StgValue><ssdm name="_ssdm_op_PartSelect.i8.i16.i32.i32"/></StgValue>
</bind>
</comp>

<comp id="58" class="1001" name="const_58">
<pin_list>
<pin id="59" dir="1" index="0" bw="1" slack="0"/>
</pin_list>
<bind>
<StgValue><ssdm name=""/></StgValue>
</bind>
</comp>

<comp id="60" class="1001" name="const_60">
<pin_list>
<pin id="61" dir="1" index="0" bw="1" slack="0"/>
</pin_list>
<bind>
<StgValue><ssdm name=""/></StgValue>
</bind>
</comp>

<comp id="62" class="1001" name="const_62">
<pin_list>
<pin id="63" dir="1" index="0" bw="1" slack="0"/>
</pin_list>
<bind>
<StgValue><ssdm name=""/></StgValue>
</bind>
</comp>

<comp id="64" class="1001" name="const_64">
<pin_list>
<pin id="65" dir="1" index="0" bw="1" slack="0"/>
</pin_list>
<bind>
<StgValue><ssdm name="_ssdm_op_BitConcatenate.i12.i8.i4"/></StgValue>
</bind>
</comp>

<comp id="66" class="1001" name="const_66">
<pin_list>
<pin id="67" dir="1" index="0" bw="1" slack="0"/>
</pin_list>
<bind>
<StgValue><ssdm name=""/></StgValue>
</bind>
</comp>

<comp id="68" class="1001" name="const_68">
<pin_list>
<pin id="69" dir="1" index="0" bw="1" slack="0"/>
</pin_list>
<bind>
<StgValue><ssdm name=""/></StgValue>
</bind>
</comp>

<comp id="70" class="1001" name="const_70">
<pin_list>
<pin id="71" dir="1" index="0" bw="1" slack="0"/>
</pin_list>
<bind>
<StgValue><ssdm name=""/></StgValue>
</bind>
</comp>

<comp id="72" class="1001" name="const_72">
<pin_list>
<pin id="73" dir="1" index="0" bw="1" slack="0"/>
</pin_list>
<bind>
<StgValue><ssdm name=""/></StgValue>
</bind>
</comp>

<comp id="74" class="1001" name="const_74">
<pin_list>
<pin id="75" dir="1" index="0" bw="1" slack="0"/>
</pin_list>
<bind>
<StgValue><ssdm name=""/></StgValue>
</bind>
</comp>

<comp id="76" class="1001" name="const_76">
<pin_list>
<pin id="77" dir="1" index="0" bw="1" slack="0"/>
</pin_list>
<bind>
<StgValue><ssdm name=""/></StgValue>
</bind>
</comp>

<comp id="78" class="1001" name="const_78">
<pin_list>
<pin id="79" dir="1" index="0" bw="1" slack="0"/>
</pin_list>
<bind>
<StgValue><ssdm name=""/></StgValue>
</bind>
</comp>

<comp id="80" class="1001" name="const_80">
<pin_list>
<pin id="81" dir="1" index="0" bw="1" slack="0"/>
</pin_list>
<bind>
<StgValue><ssdm name=""/></StgValue>
</bind>
</comp>

<comp id="82" class="1001" name="const_82">
<pin_list>
<pin id="83" dir="1" index="0" bw="1" slack="0"/>
</pin_list>
<bind>
<StgValue><ssdm name=""/></StgValue>
</bind>
</comp>

<comp id="84" class="1001" name="const_84">
<pin_list>
<pin id="85" dir="1" index="0" bw="1" slack="2147483647"/>
</pin_list>
<bind>
<StgValue><ssdm name="_ssdm_op_SpecLoopName"/></StgValue>
</bind>
</comp>

<comp id="86" class="1001" name="const_86">
<pin_list>
<pin id="87" dir="1" index="0" bw="1" slack="2147483647"/>
</pin_list>
<bind>
<StgValue><ssdm name="RGB2YUV_LOOP_X_RGB2Y"/></StgValue>
</bind>
</comp>

<comp id="88" class="1001" name="const_88">
<pin_list>
<pin id="89" dir="1" index="0" bw="1" slack="2147483647"/>
</pin_list>
<bind>
<StgValue><ssdm name="_ssdm_op_SpecLoopTripCount"/></StgValue>
</bind>
</comp>

<comp id="90" class="1001" name="const_90">
<pin_list>
<pin id="91" dir="1" index="0" bw="1" slack="2147483647"/>
</pin_list>
<bind>
<StgValue><ssdm name=""/></StgValue>
</bind>
</comp>

<comp id="92" class="1001" name="const_92">
<pin_list>
<pin id="93" dir="1" index="0" bw="1" slack="2147483647"/>
</pin_list>
<bind>
<StgValue><ssdm name=""/></StgValue>
</bind>
</comp>

<comp id="94" class="1001" name="const_94">
<pin_list>
<pin id="95" dir="1" index="0" bw="1" slack="2147483647"/>
</pin_list>
<bind>
<StgValue><ssdm name=""/></StgValue>
</bind>
</comp>

<comp id="96" class="1001" name="const_96">
<pin_list>
<pin id="97" dir="1" index="0" bw="1" slack="2147483647"/>
</pin_list>
<bind>
<StgValue><ssdm name="p_str2"/></StgValue>
</bind>
</comp>

<comp id="98" class="1001" name="const_98">
<pin_list>
<pin id="99" dir="1" index="0" bw="1" slack="0"/>
</pin_list>
<bind>
<StgValue><ssdm name=""/></StgValue>
</bind>
</comp>

<comp id="100" class="1004" name="in_height_read11_read_fu_100">
<pin_list>
<pin id="101" dir="0" index="0" bw="16" slack="0"/>
<pin id="102" dir="0" index="1" bw="16" slack="0"/>
<pin id="103" dir="1" index="2" bw="16" slack="0"/>
</pin_list>
<bind>
<opcode="read(1150) " fcode="read"/>
<opset="in_height_read11/1 "/>
</bind>
</comp>

<comp id="106" class="1004" name="in_width_read_3_read_fu_106">
<pin_list>
<pin id="107" dir="0" index="0" bw="16" slack="0"/>
<pin id="108" dir="0" index="1" bw="16" slack="0"/>
<pin id="109" dir="1" index="2" bw="16" slack="0"/>
</pin_list>
<bind>
<opcode="read(1150) " fcode="read"/>
<opset="in_width_read_3/1 "/>
</bind>
</comp>

<comp id="112" class="1004" name="in_channels_ch1_addr_gep_fu_112">
<pin_list>
<pin id="113" dir="0" index="0" bw="8" slack="0"/>
<pin id="114" dir="0" index="1" bw="1" slack="0"/>
<pin id="115" dir="0" index="2" bw="23" slack="0"/>
<pin id="116" dir="1" index="3" bw="22" slack="0"/>
</pin_list>
<bind>
<opcode="getelementptr(29) " fcode="getelementptr"/>
<opset="in_channels_ch1_addr/4 "/>
</bind>
</comp>

<comp id="119" class="1004" name="in_channels_ch2_addr_gep_fu_119">
<pin_list>
<pin id="120" dir="0" index="0" bw="8" slack="0"/>
<pin id="121" dir="0" index="1" bw="1" slack="0"/>
<pin id="122" dir="0" index="2" bw="23" slack="0"/>
<pin id="123" dir="1" index="3" bw="22" slack="0"/>
</pin_list>
<bind>
<opcode="getelementptr(29) " fcode="getelementptr"/>
<opset="in_channels_ch2_addr/4 "/>
</bind>
</comp>

<comp id="126" class="1004" name="in_channels_ch3_addr_gep_fu_126">
<pin_list>
<pin id="127" dir="0" index="0" bw="8" slack="0"/>
<pin id="128" dir="0" index="1" bw="1" slack="0"/>
<pin id="129" dir="0" index="2" bw="23" slack="0"/>
<pin id="130" dir="1" index="3" bw="22" slack="0"/>
</pin_list>
<bind>
<opcode="getelementptr(29) " fcode="getelementptr"/>
<opset="in_channels_ch3_addr/4 "/>
</bind>
</comp>

<comp id="133" class="1004" name="grp_access_fu_133">
<pin_list>
<pin id="134" dir="0" index="0" bw="22" slack="0"/>
<pin id="135" dir="0" index="1" bw="8" slack="2147483647"/>
<pin id="136" dir="1" index="2" bw="8" slack="1"/>
</pin_list>
<bind>
<opcode="load(27) " fcode="load"/>
<opset="R/4 "/>
</bind>
</comp>

<comp id="138" class="1004" name="grp_access_fu_138">
<pin_list>
<pin id="139" dir="0" index="0" bw="22" slack="0"/>
<pin id="140" dir="0" index="1" bw="8" slack="2147483647"/>
<pin id="141" dir="1" index="2" bw="8" slack="0"/>
</pin_list>
<bind>
<opcode="load(27) " fcode="load"/>
<opset="G/4 "/>
</bind>
</comp>

<comp id="143" class="1004" name="grp_access_fu_143">
<pin_list>
<pin id="144" dir="0" index="0" bw="22" slack="0"/>
<pin id="145" dir="0" index="1" bw="8" slack="2147483647"/>
<pin id="146" dir="1" index="2" bw="8" slack="1"/>
</pin_list>
<bind>
<opcode="load(27) " fcode="load"/>
<opset="B/4 "/>
</bind>
</comp>

<comp id="148" class="1004" name="out_channels_ch1_add_gep_fu_148">
<pin_list>
<pin id="149" dir="0" index="0" bw="8" slack="0"/>
<pin id="150" dir="0" index="1" bw="1" slack="0"/>
<pin id="151" dir="0" index="2" bw="23" slack="5"/>
<pin id="152" dir="1" index="3" bw="22" slack="0"/>
</pin_list>
<bind>
<opcode="getelementptr(29) " fcode="getelementptr"/>
<opset="out_channels_ch1_add/9 "/>
</bind>
</comp>

<comp id="155" class="1004" name="grp_access_fu_155">
<pin_list>
<pin id="156" dir="0" index="0" bw="22" slack="0"/>
<pin id="157" dir="0" index="1" bw="8" slack="0"/>
<pin id="158" dir="1" index="2" bw="8" slack="2147483647"/>
</pin_list>
<bind>
<opcode="store(28) " fcode="store"/>
<opset="StgValue_102/9 "/>
</bind>
</comp>

<comp id="160" class="1004" name="out_channels_ch2_add_gep_fu_160">
<pin_list>
<pin id="161" dir="0" index="0" bw="8" slack="0"/>
<pin id="162" dir="0" index="1" bw="1" slack="0"/>
<pin id="163" dir="0" index="2" bw="23" slack="6"/>
<pin id="164" dir="1" index="3" bw="22" slack="0"/>
</pin_list>
<bind>
<opcode="getelementptr(29) " fcode="getelementptr"/>
<opset="out_channels_ch2_add/10 "/>
</bind>
</comp>

<comp id="167" class="1004" name="out_channels_ch3_add_gep_fu_167">
<pin_list>
<pin id="168" dir="0" index="0" bw="8" slack="0"/>
<pin id="169" dir="0" index="1" bw="1" slack="0"/>
<pin id="170" dir="0" index="2" bw="23" slack="6"/>
<pin id="171" dir="1" index="3" bw="22" slack="0"/>
</pin_list>
<bind>
<opcode="getelementptr(29) " fcode="getelementptr"/>
<opset="out_channels_ch3_add/10 "/>
</bind>
</comp>

<comp id="174" class="1004" name="grp_access_fu_174">
<pin_list>
<pin id="175" dir="0" index="0" bw="22" slack="0"/>
<pin id="176" dir="0" index="1" bw="8" slack="0"/>
<pin id="177" dir="1" index="2" bw="8" slack="2147483647"/>
</pin_list>
<bind>
<opcode="store(28) " fcode="store"/>
<opset="StgValue_108/10 "/>
</bind>
</comp>

<comp id="179" class="1004" name="grp_access_fu_179">
<pin_list>
<pin id="180" dir="0" index="0" bw="22" slack="0"/>
<pin id="181" dir="0" index="1" bw="8" slack="0"/>
<pin id="182" dir="1" index="2" bw="8" slack="2147483647"/>
</pin_list>
<bind>
<opcode="store(28) " fcode="store"/>
<opset="StgValue_109/10 "/>
</bind>
</comp>

<comp id="184" class="1005" name="indvar_flatten_reg_184">
<pin_list>
<pin id="185" dir="0" index="0" bw="32" slack="1"/>
<pin id="186" dir="1" index="1" bw="32" slack="1"/>
</pin_list>
<bind>
<opset="indvar_flatten (phireg) "/>
</bind>
</comp>

<comp id="188" class="1004" name="indvar_flatten_phi_fu_188">
<pin_list>
<pin id="189" dir="0" index="0" bw="1" slack="1"/>
<pin id="190" dir="0" index="1" bw="0" slack="2147483647"/>
<pin id="191" dir="0" index="2" bw="32" slack="0"/>
<pin id="192" dir="0" index="3" bw="0" slack="2147483647"/>
<pin id="193" dir="1" index="4" bw="32" slack="0"/>
</pin_list>
<bind>
<opcode="phi(47) " fcode="phi"/>
<opset="indvar_flatten/2 "/>
</bind>
</comp>

<comp id="195" class="1005" name="x_reg_195">
<pin_list>
<pin id="196" dir="0" index="0" bw="16" slack="1"/>
<pin id="197" dir="1" index="1" bw="16" slack="1"/>
</pin_list>
<bind>
<opset="x (phireg) "/>
</bind>
</comp>

<comp id="199" class="1004" name="x_phi_fu_199">
<pin_list>
<pin id="200" dir="0" index="0" bw="1" slack="1"/>
<pin id="201" dir="0" index="1" bw="0" slack="2147483647"/>
<pin id="202" dir="0" index="2" bw="16" slack="0"/>
<pin id="203" dir="0" index="3" bw="0" slack="2147483647"/>
<pin id="204" dir="1" index="4" bw="16" slack="0"/>
</pin_list>
<bind>
<opcode="phi(47) " fcode="phi"/>
<opset="x/2 "/>
</bind>
</comp>

<comp id="206" class="1005" name="y_reg_206">
<pin_list>
<pin id="207" dir="0" index="0" bw="16" slack="1"/>
<pin id="208" dir="1" index="1" bw="16" slack="1"/>
</pin_list>
<bind>
<opset="y (phireg) "/>
</bind>
</comp>

<comp id="210" class="1004" name="y_phi_fu_210">
<pin_list>
<pin id="211" dir="0" index="0" bw="1" slack="1"/>
<pin id="212" dir="0" index="1" bw="0" slack="2147483647"/>
<pin id="213" dir="0" index="2" bw="16" slack="1"/>
<pin id="214" dir="0" index="3" bw="0" slack="2147483647"/>
<pin id="215" dir="1" index="4" bw="16" slack="0"/>
</pin_list>
<bind>
<opcode="phi(47) " fcode="phi"/>
<opset="y/2 "/>
</bind>
</comp>

<comp id="217" class="1004" name="cast_fu_217">
<pin_list>
<pin id="218" dir="0" index="0" bw="16" slack="0"/>
<pin id="219" dir="1" index="1" bw="32" slack="0"/>
</pin_list>
<bind>
<opcode="zext(34) " fcode="zext"/>
<opset="cast/1 "/>
</bind>
</comp>

<comp id="221" class="1004" name="cast1_fu_221">
<pin_list>
<pin id="222" dir="0" index="0" bw="16" slack="0"/>
<pin id="223" dir="1" index="1" bw="32" slack="0"/>
</pin_list>
<bind>
<opcode="zext(34) " fcode="zext"/>
<opset="cast1/1 "/>
</bind>
</comp>

<comp id="225" class="1004" name="exitcond_flatten_fu_225">
<pin_list>
<pin id="226" dir="0" index="0" bw="32" slack="0"/>
<pin id="227" dir="0" index="1" bw="32" slack="1"/>
<pin id="228" dir="1" index="2" bw="1" slack="1"/>
</pin_list>
<bind>
<opcode="icmp(45) " fcode="icmp"/>
<opset="exitcond_flatten/2 "/>
</bind>
</comp>

<comp id="230" class="1004" name="indvar_flatten_next_fu_230">
<pin_list>
<pin id="231" dir="0" index="0" bw="32" slack="0"/>
<pin id="232" dir="0" index="1" bw="1" slack="0"/>
<pin id="233" dir="1" index="2" bw="32" slack="0"/>
</pin_list>
<bind>
<opcode="add(8) " fcode="add"/>
<opset="indvar_flatten_next/2 "/>
</bind>
</comp>

<comp id="236" class="1004" name="x_3_fu_236">
<pin_list>
<pin id="237" dir="0" index="0" bw="1" slack="0"/>
<pin id="238" dir="0" index="1" bw="16" slack="0"/>
<pin id="239" dir="1" index="2" bw="16" slack="0"/>
</pin_list>
<bind>
<opcode="add(8) " fcode="add"/>
<opset="x_3/2 "/>
</bind>
</comp>

<comp id="242" class="1004" name="exitcond9_fu_242">
<pin_list>
<pin id="243" dir="0" index="0" bw="16" slack="0"/>
<pin id="244" dir="0" index="1" bw="16" slack="1"/>
<pin id="245" dir="1" index="2" bw="1" slack="0"/>
</pin_list>
<bind>
<opcode="icmp(45) " fcode="icmp"/>
<opset="exitcond9/2 "/>
</bind>
</comp>

<comp id="247" class="1004" name="y_mid2_fu_247">
<pin_list>
<pin id="248" dir="0" index="0" bw="1" slack="0"/>
<pin id="249" dir="0" index="1" bw="1" slack="0"/>
<pin id="250" dir="0" index="2" bw="16" slack="0"/>
<pin id="251" dir="1" index="3" bw="16" slack="1"/>
</pin_list>
<bind>
<opcode="select(49) " fcode="select"/>
<opset="y_mid2/2 "/>
</bind>
</comp>

<comp id="255" class="1004" name="tmp_mid2_v_fu_255">
<pin_list>
<pin id="256" dir="0" index="0" bw="1" slack="0"/>
<pin id="257" dir="0" index="1" bw="16" slack="0"/>
<pin id="258" dir="0" index="2" bw="16" slack="0"/>
<pin id="259" dir="1" index="3" bw="16" slack="0"/>
</pin_list>
<bind>
<opcode="select(49) " fcode="select"/>
<opset="tmp_mid2_v/2 "/>
</bind>
</comp>

<comp id="263" class="1004" name="tmp_fu_263">
<pin_list>
<pin id="264" dir="0" index="0" bw="16" slack="0"/>
<pin id="265" dir="1" index="1" bw="13" slack="1"/>
</pin_list>
<bind>
<opcode="trunc(33) " fcode="trunc"/>
<opset="tmp/2 "/>
</bind>
</comp>

<comp id="267" class="1004" name="tmp_21_fu_267">
<pin_list>
<pin id="268" dir="0" index="0" bw="16" slack="0"/>
<pin id="269" dir="1" index="1" bw="15" slack="1"/>
</pin_list>
<bind>
<opcode="trunc(33) " fcode="trunc"/>
<opset="tmp_21/2 "/>
</bind>
</comp>

<comp id="271" class="1004" name="p_shl_cast_fu_271">
<pin_list>
<pin id="272" dir="0" index="0" bw="23" slack="0"/>
<pin id="273" dir="0" index="1" bw="13" slack="1"/>
<pin id="274" dir="0" index="2" bw="1" slack="0"/>
<pin id="275" dir="1" index="3" bw="23" slack="0"/>
</pin_list>
<bind>
<opcode="bitconcatenate(1004) " fcode="bitconcatenate"/>
<opset="p_shl_cast/3 "/>
</bind>
</comp>

<comp id="278" class="1004" name="p_shl7_cast_fu_278">
<pin_list>
<pin id="279" dir="0" index="0" bw="23" slack="0"/>
<pin id="280" dir="0" index="1" bw="15" slack="1"/>
<pin id="281" dir="0" index="2" bw="1" slack="0"/>
<pin id="282" dir="1" index="3" bw="23" slack="0"/>
</pin_list>
<bind>
<opcode="bitconcatenate(1004) " fcode="bitconcatenate"/>
<opset="p_shl7_cast/3 "/>
</bind>
</comp>

<comp id="285" class="1004" name="tmp_s_fu_285">
<pin_list>
<pin id="286" dir="0" index="0" bw="23" slack="0"/>
<pin id="287" dir="0" index="1" bw="23" slack="0"/>
<pin id="288" dir="1" index="2" bw="23" slack="0"/>
</pin_list>
<bind>
<opcode="add(8) " fcode="add"/>
<opset="tmp_s/3 "/>
</bind>
</comp>

<comp id="291" class="1004" name="tmp_cast_fu_291">
<pin_list>
<pin id="292" dir="0" index="0" bw="16" slack="1"/>
<pin id="293" dir="1" index="1" bw="23" slack="0"/>
</pin_list>
<bind>
<opcode="zext(34) " fcode="zext"/>
<opset="tmp_cast/3 "/>
</bind>
</comp>

<comp id="294" class="1004" name="tmp_19_fu_294">
<pin_list>
<pin id="295" dir="0" index="0" bw="16" slack="0"/>
<pin id="296" dir="0" index="1" bw="23" slack="0"/>
<pin id="297" dir="1" index="2" bw="23" slack="1"/>
</pin_list>
<bind>
<opcode="add(8) " fcode="add"/>
<opset="tmp_19/3 "/>
</bind>
</comp>

<comp id="300" class="1004" name="y_3_fu_300">
<pin_list>
<pin id="301" dir="0" index="0" bw="1" slack="0"/>
<pin id="302" dir="0" index="1" bw="16" slack="1"/>
<pin id="303" dir="1" index="2" bw="16" slack="1"/>
</pin_list>
<bind>
<opcode="add(8) " fcode="add"/>
<opset="y_3/3 "/>
</bind>
</comp>

<comp id="305" class="1004" name="tmp_42_cast_fu_305">
<pin_list>
<pin id="306" dir="0" index="0" bw="23" slack="1"/>
<pin id="307" dir="1" index="1" bw="32" slack="0"/>
</pin_list>
<bind>
<opcode="zext(34) " fcode="zext"/>
<opset="tmp_42_cast/4 "/>
</bind>
</comp>

<comp id="311" class="1004" name="tmp_42_cast2_fu_311">
<pin_list>
<pin id="312" dir="0" index="0" bw="8" slack="0"/>
<pin id="313" dir="1" index="1" bw="9" slack="0"/>
</pin_list>
<bind>
<opcode="zext(34) " fcode="zext"/>
<opset="tmp_42_cast2/7 "/>
</bind>
</comp>

<comp id="315" class="1004" name="tmp4_fu_315">
<pin_list>
<pin id="316" dir="0" index="0" bw="9" slack="0"/>
<pin id="317" dir="0" index="1" bw="8" slack="0"/>
<pin id="318" dir="1" index="2" bw="9" slack="1"/>
</pin_list>
<bind>
<opcode="add(8) " fcode="add"/>
<opset="tmp4/7 "/>
</bind>
</comp>

<comp id="321" class="1004" name="tmp_40_cast1_fu_321">
<pin_list>
<pin id="322" dir="0" index="0" bw="8" slack="1"/>
<pin id="323" dir="1" index="1" bw="16" slack="0"/>
</pin_list>
<bind>
<opcode="zext(34) " fcode="zext"/>
<opset="tmp_40_cast1/8 "/>
</bind>
</comp>

<comp id="324" class="1004" name="p_shl5_fu_324">
<pin_list>
<pin id="325" dir="0" index="0" bw="14" slack="0"/>
<pin id="326" dir="0" index="1" bw="8" slack="1"/>
<pin id="327" dir="0" index="2" bw="1" slack="0"/>
<pin id="328" dir="1" index="3" bw="14" slack="0"/>
</pin_list>
<bind>
<opcode="bitconcatenate(1004) " fcode="bitconcatenate"/>
<opset="p_shl5/8 "/>
</bind>
</comp>

<comp id="331" class="1004" name="p_shl5_cast_fu_331">
<pin_list>
<pin id="332" dir="0" index="0" bw="14" slack="0"/>
<pin id="333" dir="1" index="1" bw="15" slack="0"/>
</pin_list>
<bind>
<opcode="zext(34) " fcode="zext"/>
<opset="p_shl5_cast/8 "/>
</bind>
</comp>

<comp id="335" class="1004" name="p_shl6_fu_335">
<pin_list>
<pin id="336" dir="0" index="0" bw="9" slack="0"/>
<pin id="337" dir="0" index="1" bw="8" slack="1"/>
<pin id="338" dir="0" index="2" bw="1" slack="0"/>
<pin id="339" dir="1" index="3" bw="9" slack="0"/>
</pin_list>
<bind>
<opcode="bitconcatenate(1004) " fcode="bitconcatenate"/>
<opset="p_shl6/8 "/>
</bind>
</comp>

<comp id="342" class="1004" name="p_shl6_cast_fu_342">
<pin_list>
<pin id="343" dir="0" index="0" bw="9" slack="0"/>
<pin id="344" dir="1" index="1" bw="15" slack="0"/>
</pin_list>
<bind>
<opcode="zext(34) " fcode="zext"/>
<opset="p_shl6_cast/8 "/>
</bind>
</comp>

<comp id="346" class="1004" name="tmp_42_cast1_fu_346">
<pin_list>
<pin id="347" dir="0" index="0" bw="8" slack="1"/>
<pin id="348" dir="1" index="1" bw="16" slack="0"/>
</pin_list>
<bind>
<opcode="zext(34) " fcode="zext"/>
<opset="tmp_42_cast1/8 "/>
</bind>
</comp>

<comp id="349" class="1004" name="p_shl4_fu_349">
<pin_list>
<pin id="350" dir="0" index="0" bw="15" slack="0"/>
<pin id="351" dir="0" index="1" bw="8" slack="1"/>
<pin id="352" dir="0" index="2" bw="1" slack="0"/>
<pin id="353" dir="1" index="3" bw="15" slack="0"/>
</pin_list>
<bind>
<opcode="bitconcatenate(1004) " fcode="bitconcatenate"/>
<opset="p_shl4/8 "/>
</bind>
</comp>

<comp id="356" class="1004" name="p_shl4_cast_fu_356">
<pin_list>
<pin id="357" dir="0" index="0" bw="15" slack="0"/>
<pin id="358" dir="1" index="1" bw="16" slack="0"/>
</pin_list>
<bind>
<opcode="zext(34) " fcode="zext"/>
<opset="p_shl4_cast/8 "/>
</bind>
</comp>

<comp id="360" class="1004" name="tmp_44_cast1_fu_360">
<pin_list>
<pin id="361" dir="0" index="0" bw="8" slack="1"/>
<pin id="362" dir="1" index="1" bw="13" slack="0"/>
</pin_list>
<bind>
<opcode="zext(34) " fcode="zext"/>
<opset="tmp_44_cast1/8 "/>
</bind>
</comp>

<comp id="363" class="1004" name="tmp2_fu_363">
<pin_list>
<pin id="364" dir="0" index="0" bw="9" slack="0"/>
<pin id="365" dir="0" index="1" bw="14" slack="0"/>
<pin id="366" dir="1" index="2" bw="15" slack="0"/>
</pin_list>
<bind>
<opcode="add(8) " fcode="add"/>
<opset="tmp2/8 "/>
</bind>
</comp>

<comp id="369" class="1004" name="tmp2_cast_fu_369">
<pin_list>
<pin id="370" dir="0" index="0" bw="15" slack="0"/>
<pin id="371" dir="1" index="1" bw="16" slack="0"/>
</pin_list>
<bind>
<opcode="zext(34) " fcode="zext"/>
<opset="tmp2_cast/8 "/>
</bind>
</comp>

<comp id="373" class="1004" name="tmp1_fu_373">
<pin_list>
<pin id="374" dir="0" index="0" bw="15" slack="0"/>
<pin id="375" dir="0" index="1" bw="15" slack="0"/>
<pin id="376" dir="1" index="2" bw="16" slack="0"/>
</pin_list>
<bind>
<opcode="add(8) " fcode="add"/>
<opset="tmp1/8 "/>
</bind>
</comp>

<comp id="379" class="1004" name="tmp4_cast_fu_379">
<pin_list>
<pin id="380" dir="0" index="0" bw="9" slack="1"/>
<pin id="381" dir="1" index="1" bw="13" slack="0"/>
</pin_list>
<bind>
<opcode="zext(34) " fcode="zext"/>
<opset="tmp4_cast/8 "/>
</bind>
</comp>

<comp id="382" class="1004" name="tmp3_cast_fu_382">
<pin_list>
<pin id="383" dir="0" index="0" bw="13" slack="0"/>
<pin id="384" dir="1" index="1" bw="16" slack="0"/>
</pin_list>
<bind>
<opcode="zext(34) " fcode="zext"/>
<opset="tmp3_cast/8 "/>
</bind>
</comp>

<comp id="385" class="1004" name="tmp_22_fu_385">
<pin_list>
<pin id="386" dir="0" index="0" bw="13" slack="0"/>
<pin id="387" dir="0" index="1" bw="16" slack="0"/>
<pin id="388" dir="1" index="2" bw="16" slack="0"/>
</pin_list>
<bind>
<opcode="add(8) " fcode="add"/>
<opset="tmp_22/8 "/>
</bind>
</comp>

<comp id="391" class="1004" name="tmp_23_fu_391">
<pin_list>
<pin id="392" dir="0" index="0" bw="8" slack="0"/>
<pin id="393" dir="0" index="1" bw="16" slack="0"/>
<pin id="394" dir="0" index="2" bw="5" slack="0"/>
<pin id="395" dir="0" index="3" bw="5" slack="0"/>
<pin id="396" dir="1" index="4" bw="8" slack="1"/>
</pin_list>
<bind>
<opcode="partselect(1002) " fcode="partselect"/>
<opset="tmp_23/8 "/>
</bind>
</comp>

<comp id="401" class="1004" name="tmp_25_fu_401">
<pin_list>
<pin id="402" dir="0" index="0" bw="8" slack="0"/>
<pin id="403" dir="0" index="1" bw="8" slack="0"/>
<pin id="404" dir="1" index="2" bw="16" slack="1"/>
</pin_list>
<bind>
<opcode="mul(12) " fcode="mul"/>
<opset="tmp_25/8 "/>
</bind>
</comp>

<comp id="407" class="1004" name="p_shl2_fu_407">
<pin_list>
<pin id="408" dir="0" index="0" bw="15" slack="0"/>
<pin id="409" dir="0" index="1" bw="8" slack="1"/>
<pin id="410" dir="0" index="2" bw="1" slack="0"/>
<pin id="411" dir="1" index="3" bw="15" slack="0"/>
</pin_list>
<bind>
<opcode="bitconcatenate(1004) " fcode="bitconcatenate"/>
<opset="p_shl2/8 "/>
</bind>
</comp>

<comp id="414" class="1004" name="p_shl2_cast_fu_414">
<pin_list>
<pin id="415" dir="0" index="0" bw="15" slack="0"/>
<pin id="416" dir="1" index="1" bw="16" slack="0"/>
</pin_list>
<bind>
<opcode="zext(34) " fcode="zext"/>
<opset="p_shl2_cast/8 "/>
</bind>
</comp>

<comp id="418" class="1004" name="p_shl3_fu_418">
<pin_list>
<pin id="419" dir="0" index="0" bw="12" slack="0"/>
<pin id="420" dir="0" index="1" bw="8" slack="1"/>
<pin id="421" dir="0" index="2" bw="1" slack="0"/>
<pin id="422" dir="1" index="3" bw="12" slack="0"/>
</pin_list>
<bind>
<opcode="bitconcatenate(1004) " fcode="bitconcatenate"/>
<opset="p_shl3/8 "/>
</bind>
</comp>

<comp id="425" class="1004" name="p_shl3_cast9_fu_425">
<pin_list>
<pin id="426" dir="0" index="0" bw="12" slack="0"/>
<pin id="427" dir="1" index="1" bw="13" slack="0"/>
</pin_list>
<bind>
<opcode="zext(34) " fcode="zext"/>
<opset="p_shl3_cast9/8 "/>
</bind>
</comp>

<comp id="429" class="1004" name="p_shl3_cast_fu_429">
<pin_list>
<pin id="430" dir="0" index="0" bw="12" slack="0"/>
<pin id="431" dir="1" index="1" bw="16" slack="0"/>
</pin_list>
<bind>
<opcode="zext(34) " fcode="zext"/>
<opset="p_shl3_cast/8 "/>
</bind>
</comp>

<comp id="433" class="1004" name="tmp_26_fu_433">
<pin_list>
<pin id="434" dir="0" index="0" bw="15" slack="0"/>
<pin id="435" dir="0" index="1" bw="12" slack="0"/>
<pin id="436" dir="1" index="2" bw="16" slack="1"/>
</pin_list>
<bind>
<opcode="sub(10) " fcode="sub"/>
<opset="tmp_26/8 "/>
</bind>
</comp>

<comp id="439" class="1004" name="tmp_29_fu_439">
<pin_list>
<pin id="440" dir="0" index="0" bw="8" slack="0"/>
<pin id="441" dir="0" index="1" bw="8" slack="0"/>
<pin id="442" dir="1" index="2" bw="16" slack="1"/>
</pin_list>
<bind>
<opcode="mul(12) " fcode="mul"/>
<opset="tmp_29/8 "/>
</bind>
</comp>

<comp id="445" class="1004" name="p_neg_fu_445">
<pin_list>
<pin id="446" dir="0" index="0" bw="1" slack="0"/>
<pin id="447" dir="0" index="1" bw="12" slack="0"/>
<pin id="448" dir="1" index="2" bw="13" slack="0"/>
</pin_list>
<bind>
<opcode="sub(10) " fcode="sub"/>
<opset="p_neg/8 "/>
</bind>
</comp>

<comp id="451" class="1004" name="p_neg_cast_fu_451">
<pin_list>
<pin id="452" dir="0" index="0" bw="13" slack="0"/>
<pin id="453" dir="1" index="1" bw="14" slack="0"/>
</pin_list>
<bind>
<opcode="sext(35) " fcode="sext"/>
<opset="p_neg_cast/8 "/>
</bind>
</comp>

<comp id="455" class="1004" name="p_shl1_fu_455">
<pin_list>
<pin id="456" dir="0" index="0" bw="9" slack="0"/>
<pin id="457" dir="0" index="1" bw="8" slack="1"/>
<pin id="458" dir="0" index="2" bw="1" slack="0"/>
<pin id="459" dir="1" index="3" bw="9" slack="0"/>
</pin_list>
<bind>
<opcode="bitconcatenate(1004) " fcode="bitconcatenate"/>
<opset="p_shl1/8 "/>
</bind>
</comp>

<comp id="462" class="1004" name="p_shl1_cast_fu_462">
<pin_list>
<pin id="463" dir="0" index="0" bw="9" slack="0"/>
<pin id="464" dir="1" index="1" bw="14" slack="0"/>
</pin_list>
<bind>
<opcode="zext(34) " fcode="zext"/>
<opset="p_shl1_cast/8 "/>
</bind>
</comp>

<comp id="466" class="1004" name="tmp_31_fu_466">
<pin_list>
<pin id="467" dir="0" index="0" bw="13" slack="0"/>
<pin id="468" dir="0" index="1" bw="9" slack="0"/>
<pin id="469" dir="1" index="2" bw="14" slack="0"/>
</pin_list>
<bind>
<opcode="sub(10) " fcode="sub"/>
<opset="tmp_31/8 "/>
</bind>
</comp>

<comp id="472" class="1004" name="tmp8_fu_472">
<pin_list>
<pin id="473" dir="0" index="0" bw="9" slack="0"/>
<pin id="474" dir="0" index="1" bw="14" slack="0"/>
<pin id="475" dir="1" index="2" bw="14" slack="1"/>
</pin_list>
<bind>
<opcode="add(8) " fcode="add"/>
<opset="tmp8/8 "/>
</bind>
</comp>

<comp id="478" class="1004" name="tmp_40_cast2_fu_478">
<pin_list>
<pin id="479" dir="0" index="0" bw="8" slack="2"/>
<pin id="480" dir="1" index="1" bw="15" slack="0"/>
</pin_list>
<bind>
<opcode="zext(34) " fcode="zext"/>
<opset="tmp_40_cast2/9 "/>
</bind>
</comp>

<comp id="481" class="1004" name="Y_fu_481">
<pin_list>
<pin id="482" dir="0" index="0" bw="6" slack="0"/>
<pin id="483" dir="0" index="1" bw="8" slack="1"/>
<pin id="484" dir="1" index="2" bw="8" slack="0"/>
</pin_list>
<bind>
<opcode="add(8) " fcode="add"/>
<opset="Y/9 "/>
</bind>
</comp>

<comp id="487" class="1004" name="tmp6_fu_487">
<pin_list>
<pin id="488" dir="0" index="0" bw="9" slack="0"/>
<pin id="489" dir="0" index="1" bw="16" slack="1"/>
<pin id="490" dir="1" index="2" bw="16" slack="0"/>
</pin_list>
<bind>
<opcode="add(8) " fcode="add"/>
<opset="tmp6/9 "/>
</bind>
</comp>

<comp id="492" class="1004" name="tmp_27_fu_492">
<pin_list>
<pin id="493" dir="0" index="0" bw="16" slack="0"/>
<pin id="494" dir="0" index="1" bw="16" slack="0"/>
<pin id="495" dir="1" index="2" bw="16" slack="0"/>
</pin_list>
<bind>
<opcode="add(8) " fcode="add"/>
<opset="tmp_27/9 "/>
</bind>
</comp>

<comp id="497" class="1004" name="tmp_28_fu_497">
<pin_list>
<pin id="498" dir="0" index="0" bw="8" slack="0"/>
<pin id="499" dir="0" index="1" bw="16" slack="0"/>
<pin id="500" dir="0" index="2" bw="5" slack="0"/>
<pin id="501" dir="0" index="3" bw="5" slack="0"/>
<pin id="502" dir="1" index="4" bw="8" slack="1"/>
</pin_list>
<bind>
<opcode="partselect(1002) " fcode="partselect"/>
<opset="tmp_28/9 "/>
</bind>
</comp>

<comp id="507" class="1004" name="tmp8_cast_fu_507">
<pin_list>
<pin id="508" dir="0" index="0" bw="14" slack="1"/>
<pin id="509" dir="1" index="1" bw="16" slack="0"/>
</pin_list>
<bind>
<opcode="sext(35) " fcode="sext"/>
<opset="tmp8_cast/9 "/>
</bind>
</comp>

<comp id="510" class="1004" name="tmp_32_fu_510">
<pin_list>
<pin id="511" dir="0" index="0" bw="14" slack="0"/>
<pin id="512" dir="0" index="1" bw="16" slack="0"/>
<pin id="513" dir="1" index="2" bw="16" slack="0"/>
</pin_list>
<bind>
<opcode="add(8) " fcode="add"/>
<opset="tmp_32/9 "/>
</bind>
</comp>

<comp id="515" class="1004" name="tmp_33_fu_515">
<pin_list>
<pin id="516" dir="0" index="0" bw="8" slack="0"/>
<pin id="517" dir="0" index="1" bw="16" slack="0"/>
<pin id="518" dir="0" index="2" bw="5" slack="0"/>
<pin id="519" dir="0" index="3" bw="5" slack="0"/>
<pin id="520" dir="1" index="4" bw="8" slack="1"/>
</pin_list>
<bind>
<opcode="partselect(1002) " fcode="partselect"/>
<opset="tmp_33/9 "/>
</bind>
</comp>

<comp id="525" class="1004" name="U_fu_525">
<pin_list>
<pin id="526" dir="0" index="0" bw="8" slack="1"/>
<pin id="527" dir="0" index="1" bw="8" slack="0"/>
<pin id="528" dir="1" index="2" bw="8" slack="0"/>
</pin_list>
<bind>
<opcode="xor(25) " fcode="xor"/>
<opset="U/10 "/>
</bind>
</comp>

<comp id="531" class="1004" name="V_fu_531">
<pin_list>
<pin id="532" dir="0" index="0" bw="8" slack="1"/>
<pin id="533" dir="0" index="1" bw="8" slack="0"/>
<pin id="534" dir="1" index="2" bw="8" slack="0"/>
</pin_list>
<bind>
<opcode="xor(25) " fcode="xor"/>
<opset="V/10 "/>
</bind>
</comp>

<comp id="537" class="1004" name="mrv_fu_537">
<pin_list>
<pin id="538" dir="0" index="0" bw="32" slack="0"/>
<pin id="539" dir="0" index="1" bw="16" slack="2"/>
<pin id="540" dir="1" index="2" bw="32" slack="0"/>
</pin_list>
<bind>
<opcode="insertvalue(57) " fcode="insertvalue"/>
<opset="mrv/12 "/>
</bind>
</comp>

<comp id="542" class="1004" name="mrv_1_fu_542">
<pin_list>
<pin id="543" dir="0" index="0" bw="32" slack="0"/>
<pin id="544" dir="0" index="1" bw="16" slack="2"/>
<pin id="545" dir="1" index="2" bw="32" slack="2147483647"/>
</pin_list>
<bind>
<opcode="insertvalue(57) " fcode="insertvalue"/>
<opset="mrv_1/12 "/>
</bind>
</comp>

<comp id="547" class="1007" name="bound_fu_547">
<pin_list>
<pin id="548" dir="0" index="0" bw="16" slack="0"/>
<pin id="549" dir="0" index="1" bw="16" slack="0"/>
<pin id="550" dir="1" index="2" bw="32" slack="1"/>
</pin_list>
<bind>
<opcode="mul(12) " fcode="mul"/>
<opset="bound/1 "/>
</bind>
</comp>

<comp id="553" class="1007" name="grp_fu_553">
<pin_list>
<pin id="554" dir="0" index="0" bw="13" slack="0"/>
<pin id="555" dir="0" index="1" bw="8" slack="0"/>
<pin id="556" dir="0" index="2" bw="9" slack="0"/>
<pin id="557" dir="1" index="3" bw="13" slack="0"/>
</pin_list>
<bind>
<opcode="muladd(1172) " fcode="muladd"/>
<opset="tmp_20/8 tmp3/8 "/>
</bind>
</comp>

<comp id="562" class="1007" name="grp_fu_562">
<pin_list>
<pin id="563" dir="0" index="0" bw="15" slack="0"/>
<pin id="564" dir="0" index="1" bw="8" slack="0"/>
<pin id="565" dir="0" index="2" bw="16" slack="2147483647"/>
<pin id="566" dir="1" index="3" bw="16" slack="0"/>
</pin_list>
<bind>
<opcode="muladd(1172) " fcode="muladd"/>
<opset="tmp_24/9 tmp_51_cast/9 tmp5/9 "/>
</bind>
</comp>

<comp id="570" class="1007" name="grp_fu_570">
<pin_list>
<pin id="571" dir="0" index="0" bw="16" slack="0"/>
<pin id="572" dir="0" index="1" bw="8" slack="1"/>
<pin id="573" dir="0" index="2" bw="16" slack="2147483647"/>
<pin id="574" dir="1" index="3" bw="16" slack="0"/>
</pin_list>
<bind>
<opcode="muladd(1172) " fcode="muladd"/>
<opset="tmp_30/9 tmp7/9 "/>
</bind>
</comp>

<comp id="577" class="1005" name="in_height_read11_reg_577">
<pin_list>
<pin id="578" dir="0" index="0" bw="16" slack="1"/>
<pin id="579" dir="1" index="1" bw="16" slack="1"/>
</pin_list>
<bind>
<opset="in_height_read11 "/>
</bind>
</comp>

<comp id="583" class="1005" name="in_width_read_3_reg_583">
<pin_list>
<pin id="584" dir="0" index="0" bw="16" slack="2"/>
<pin id="585" dir="1" index="1" bw="16" slack="2"/>
</pin_list>
<bind>
<opset="in_width_read_3 "/>
</bind>
</comp>

<comp id="588" class="1005" name="bound_reg_588">
<pin_list>
<pin id="589" dir="0" index="0" bw="32" slack="1"/>
<pin id="590" dir="1" index="1" bw="32" slack="1"/>
</pin_list>
<bind>
<opset="bound "/>
</bind>
</comp>

<comp id="593" class="1005" name="exitcond_flatten_reg_593">
<pin_list>
<pin id="594" dir="0" index="0" bw="1" slack="1"/>
<pin id="595" dir="1" index="1" bw="1" slack="2147483647"/>
</pin_list>
<bind>
<opset="exitcond_flatten "/>
</bind>
</comp>

<comp id="597" class="1005" name="indvar_flatten_next_reg_597">
<pin_list>
<pin id="598" dir="0" index="0" bw="32" slack="0"/>
<pin id="599" dir="1" index="1" bw="32" slack="0"/>
</pin_list>
<bind>
<opset="indvar_flatten_next "/>
</bind>
</comp>

<comp id="602" class="1005" name="y_mid2_reg_602">
<pin_list>
<pin id="603" dir="0" index="0" bw="16" slack="1"/>
<pin id="604" dir="1" index="1" bw="16" slack="1"/>
</pin_list>
<bind>
<opset="y_mid2 "/>
</bind>
</comp>

<comp id="608" class="1005" name="tmp_mid2_v_reg_608">
<pin_list>
<pin id="609" dir="0" index="0" bw="16" slack="0"/>
<pin id="610" dir="1" index="1" bw="16" slack="0"/>
</pin_list>
<bind>
<opset="tmp_mid2_v "/>
</bind>
</comp>

<comp id="613" class="1005" name="tmp_reg_613">
<pin_list>
<pin id="614" dir="0" index="0" bw="13" slack="1"/>
<pin id="615" dir="1" index="1" bw="13" slack="1"/>
</pin_list>
<bind>
<opset="tmp "/>
</bind>
</comp>

<comp id="618" class="1005" name="tmp_21_reg_618">
<pin_list>
<pin id="619" dir="0" index="0" bw="15" slack="1"/>
<pin id="620" dir="1" index="1" bw="15" slack="1"/>
</pin_list>
<bind>
<opset="tmp_21 "/>
</bind>
</comp>

<comp id="623" class="1005" name="tmp_19_reg_623">
<pin_list>
<pin id="624" dir="0" index="0" bw="23" slack="1"/>
<pin id="625" dir="1" index="1" bw="23" slack="1"/>
</pin_list>
<bind>
<opset="tmp_19 "/>
</bind>
</comp>

<comp id="628" class="1005" name="y_3_reg_628">
<pin_list>
<pin id="629" dir="0" index="0" bw="16" slack="1"/>
<pin id="630" dir="1" index="1" bw="16" slack="1"/>
</pin_list>
<bind>
<opset="y_3 "/>
</bind>
</comp>

<comp id="633" class="1005" name="tmp_42_cast_reg_633">
<pin_list>
<pin id="634" dir="0" index="0" bw="32" slack="5"/>
<pin id="635" dir="1" index="1" bw="32" slack="5"/>
</pin_list>
<bind>
<opset="tmp_42_cast "/>
</bind>
</comp>

<comp id="640" class="1005" name="in_channels_ch1_addr_reg_640">
<pin_list>
<pin id="641" dir="0" index="0" bw="22" slack="1"/>
<pin id="642" dir="1" index="1" bw="22" slack="1"/>
</pin_list>
<bind>
<opset="in_channels_ch1_addr "/>
</bind>
</comp>

<comp id="645" class="1005" name="in_channels_ch2_addr_reg_645">
<pin_list>
<pin id="646" dir="0" index="0" bw="22" slack="1"/>
<pin id="647" dir="1" index="1" bw="22" slack="1"/>
</pin_list>
<bind>
<opset="in_channels_ch2_addr "/>
</bind>
</comp>

<comp id="650" class="1005" name="in_channels_ch3_addr_reg_650">
<pin_list>
<pin id="651" dir="0" index="0" bw="22" slack="1"/>
<pin id="652" dir="1" index="1" bw="22" slack="1"/>
</pin_list>
<bind>
<opset="in_channels_ch3_addr "/>
</bind>
</comp>

<comp id="655" class="1005" name="R_reg_655">
<pin_list>
<pin id="656" dir="0" index="0" bw="8" slack="1"/>
<pin id="657" dir="1" index="1" bw="8" slack="1"/>
</pin_list>
<bind>
<opset="R "/>
</bind>
</comp>

<comp id="663" class="1005" name="G_reg_663">
<pin_list>
<pin id="664" dir="0" index="0" bw="8" slack="1"/>
<pin id="665" dir="1" index="1" bw="8" slack="1"/>
</pin_list>
<bind>
<opset="G "/>
</bind>
</comp>

<comp id="669" class="1005" name="B_reg_669">
<pin_list>
<pin id="670" dir="0" index="0" bw="8" slack="1"/>
<pin id="671" dir="1" index="1" bw="8" slack="1"/>
</pin_list>
<bind>
<opset="B "/>
</bind>
</comp>

<comp id="677" class="1005" name="tmp4_reg_677">
<pin_list>
<pin id="678" dir="0" index="0" bw="9" slack="1"/>
<pin id="679" dir="1" index="1" bw="9" slack="1"/>
</pin_list>
<bind>
<opset="tmp4 "/>
</bind>
</comp>

<comp id="682" class="1005" name="tmp_42_cast1_reg_682">
<pin_list>
<pin id="683" dir="0" index="0" bw="16" slack="1"/>
<pin id="684" dir="1" index="1" bw="16" slack="1"/>
</pin_list>
<bind>
<opset="tmp_42_cast1 "/>
</bind>
</comp>

<comp id="687" class="1005" name="tmp_23_reg_687">
<pin_list>
<pin id="688" dir="0" index="0" bw="8" slack="1"/>
<pin id="689" dir="1" index="1" bw="8" slack="1"/>
</pin_list>
<bind>
<opset="tmp_23 "/>
</bind>
</comp>

<comp id="692" class="1005" name="tmp_25_reg_692">
<pin_list>
<pin id="693" dir="0" index="0" bw="16" slack="1"/>
<pin id="694" dir="1" index="1" bw="16" slack="1"/>
</pin_list>
<bind>
<opset="tmp_25 "/>
</bind>
</comp>

<comp id="697" class="1005" name="tmp_26_reg_697">
<pin_list>
<pin id="698" dir="0" index="0" bw="16" slack="1"/>
<pin id="699" dir="1" index="1" bw="16" slack="1"/>
</pin_list>
<bind>
<opset="tmp_26 "/>
</bind>
</comp>

<comp id="702" class="1005" name="tmp_29_reg_702">
<pin_list>
<pin id="703" dir="0" index="0" bw="16" slack="1"/>
<pin id="704" dir="1" index="1" bw="16" slack="1"/>
</pin_list>
<bind>
<opset="tmp_29 "/>
</bind>
</comp>

<comp id="707" class="1005" name="tmp8_reg_707">
<pin_list>
<pin id="708" dir="0" index="0" bw="14" slack="1"/>
<pin id="709" dir="1" index="1" bw="14" slack="1"/>
</pin_list>
<bind>
<opset="tmp8 "/>
</bind>
</comp>

<comp id="712" class="1005" name="out_channels_ch1_add_reg_712">
<pin_list>
<pin id="713" dir="0" index="0" bw="22" slack="1"/>
<pin id="714" dir="1" index="1" bw="22" slack="1"/>
</pin_list>
<bind>
<opset="out_channels_ch1_add "/>
</bind>
</comp>

<comp id="717" class="1005" name="Y_reg_717">
<pin_list>
<pin id="718" dir="0" index="0" bw="8" slack="1"/>
<pin id="719" dir="1" index="1" bw="8" slack="1"/>
</pin_list>
<bind>
<opset="Y "/>
</bind>
</comp>

<comp id="722" class="1005" name="tmp_28_reg_722">
<pin_list>
<pin id="723" dir="0" index="0" bw="8" slack="1"/>
<pin id="724" dir="1" index="1" bw="8" slack="1"/>
</pin_list>
<bind>
<opset="tmp_28 "/>
</bind>
</comp>

<comp id="727" class="1005" name="tmp_33_reg_727">
<pin_list>
<pin id="728" dir="0" index="0" bw="8" slack="1"/>
<pin id="729" dir="1" index="1" bw="8" slack="1"/>
</pin_list>
<bind>
<opset="tmp_33 "/>
</bind>
</comp>

<comp id="732" class="1005" name="out_channels_ch2_add_reg_732">
<pin_list>
<pin id="733" dir="0" index="0" bw="22" slack="1"/>
<pin id="734" dir="1" index="1" bw="22" slack="1"/>
</pin_list>
<bind>
<opset="out_channels_ch2_add "/>
</bind>
</comp>

<comp id="737" class="1005" name="out_channels_ch3_add_reg_737">
<pin_list>
<pin id="738" dir="0" index="0" bw="22" slack="1"/>
<pin id="739" dir="1" index="1" bw="22" slack="1"/>
</pin_list>
<bind>
<opset="out_channels_ch3_add "/>
</bind>
</comp>

<comp id="742" class="1005" name="U_reg_742">
<pin_list>
<pin id="743" dir="0" index="0" bw="8" slack="1"/>
<pin id="744" dir="1" index="1" bw="8" slack="1"/>
</pin_list>
<bind>
<opset="U "/>
</bind>
</comp>

<comp id="747" class="1005" name="V_reg_747">
<pin_list>
<pin id="748" dir="0" index="0" bw="8" slack="1"/>
<pin id="749" dir="1" index="1" bw="8" slack="1"/>
</pin_list>
<bind>
<opset="V "/>
</bind>
</comp>

</comp_list>

<net_list>
<net id="104"><net_src comp="16" pin="0"/><net_sink comp="100" pin=0"/></net>

<net id="105"><net_src comp="8" pin="0"/><net_sink comp="100" pin=1"/></net>

<net id="110"><net_src comp="16" pin="0"/><net_sink comp="106" pin=0"/></net>

<net id="111"><net_src comp="6" pin="0"/><net_sink comp="106" pin=1"/></net>

<net id="117"><net_src comp="0" pin="0"/><net_sink comp="112" pin=0"/></net>

<net id="118"><net_src comp="18" pin="0"/><net_sink comp="112" pin=1"/></net>

<net id="124"><net_src comp="2" pin="0"/><net_sink comp="119" pin=0"/></net>

<net id="125"><net_src comp="18" pin="0"/><net_sink comp="119" pin=1"/></net>

<net id="131"><net_src comp="4" pin="0"/><net_sink comp="126" pin=0"/></net>

<net id="132"><net_src comp="18" pin="0"/><net_sink comp="126" pin=1"/></net>

<net id="137"><net_src comp="112" pin="3"/><net_sink comp="133" pin=0"/></net>

<net id="142"><net_src comp="119" pin="3"/><net_sink comp="138" pin=0"/></net>

<net id="147"><net_src comp="126" pin="3"/><net_sink comp="143" pin=0"/></net>

<net id="153"><net_src comp="10" pin="0"/><net_sink comp="148" pin=0"/></net>

<net id="154"><net_src comp="18" pin="0"/><net_sink comp="148" pin=1"/></net>

<net id="159"><net_src comp="148" pin="3"/><net_sink comp="155" pin=0"/></net>

<net id="165"><net_src comp="12" pin="0"/><net_sink comp="160" pin=0"/></net>

<net id="166"><net_src comp="18" pin="0"/><net_sink comp="160" pin=1"/></net>

<net id="172"><net_src comp="14" pin="0"/><net_sink comp="167" pin=0"/></net>

<net id="173"><net_src comp="18" pin="0"/><net_sink comp="167" pin=1"/></net>

<net id="178"><net_src comp="160" pin="3"/><net_sink comp="174" pin=0"/></net>

<net id="183"><net_src comp="167" pin="3"/><net_sink comp="179" pin=0"/></net>

<net id="187"><net_src comp="18" pin="0"/><net_sink comp="184" pin=0"/></net>

<net id="194"><net_src comp="184" pin="1"/><net_sink comp="188" pin=0"/></net>

<net id="198"><net_src comp="20" pin="0"/><net_sink comp="195" pin=0"/></net>

<net id="205"><net_src comp="195" pin="1"/><net_sink comp="199" pin=0"/></net>

<net id="209"><net_src comp="20" pin="0"/><net_sink comp="206" pin=0"/></net>

<net id="216"><net_src comp="206" pin="1"/><net_sink comp="210" pin=0"/></net>

<net id="220"><net_src comp="106" pin="2"/><net_sink comp="217" pin=0"/></net>

<net id="224"><net_src comp="100" pin="2"/><net_sink comp="221" pin=0"/></net>

<net id="229"><net_src comp="188" pin="4"/><net_sink comp="225" pin=0"/></net>

<net id="234"><net_src comp="188" pin="4"/><net_sink comp="230" pin=0"/></net>

<net id="235"><net_src comp="26" pin="0"/><net_sink comp="230" pin=1"/></net>

<net id="240"><net_src comp="30" pin="0"/><net_sink comp="236" pin=0"/></net>

<net id="241"><net_src comp="199" pin="4"/><net_sink comp="236" pin=1"/></net>

<net id="246"><net_src comp="210" pin="4"/><net_sink comp="242" pin=0"/></net>

<net id="252"><net_src comp="242" pin="2"/><net_sink comp="247" pin=0"/></net>

<net id="253"><net_src comp="20" pin="0"/><net_sink comp="247" pin=1"/></net>

<net id="254"><net_src comp="210" pin="4"/><net_sink comp="247" pin=2"/></net>

<net id="260"><net_src comp="242" pin="2"/><net_sink comp="255" pin=0"/></net>

<net id="261"><net_src comp="236" pin="2"/><net_sink comp="255" pin=1"/></net>

<net id="262"><net_src comp="199" pin="4"/><net_sink comp="255" pin=2"/></net>

<net id="266"><net_src comp="255" pin="3"/><net_sink comp="263" pin=0"/></net>

<net id="270"><net_src comp="255" pin="3"/><net_sink comp="267" pin=0"/></net>

<net id="276"><net_src comp="32" pin="0"/><net_sink comp="271" pin=0"/></net>

<net id="277"><net_src comp="34" pin="0"/><net_sink comp="271" pin=2"/></net>

<net id="283"><net_src comp="36" pin="0"/><net_sink comp="278" pin=0"/></net>

<net id="284"><net_src comp="38" pin="0"/><net_sink comp="278" pin=2"/></net>

<net id="289"><net_src comp="271" pin="3"/><net_sink comp="285" pin=0"/></net>

<net id="290"><net_src comp="278" pin="3"/><net_sink comp="285" pin=1"/></net>

<net id="298"><net_src comp="291" pin="1"/><net_sink comp="294" pin=0"/></net>

<net id="299"><net_src comp="285" pin="2"/><net_sink comp="294" pin=1"/></net>

<net id="304"><net_src comp="30" pin="0"/><net_sink comp="300" pin=0"/></net>

<net id="308"><net_src comp="305" pin="1"/><net_sink comp="112" pin=2"/></net>

<net id="309"><net_src comp="305" pin="1"/><net_sink comp="119" pin=2"/></net>

<net id="310"><net_src comp="305" pin="1"/><net_sink comp="126" pin=2"/></net>

<net id="314"><net_src comp="138" pin="2"/><net_sink comp="311" pin=0"/></net>

<net id="319"><net_src comp="40" pin="0"/><net_sink comp="315" pin=0"/></net>

<net id="320"><net_src comp="311" pin="1"/><net_sink comp="315" pin=1"/></net>

<net id="329"><net_src comp="42" pin="0"/><net_sink comp="324" pin=0"/></net>

<net id="330"><net_src comp="44" pin="0"/><net_sink comp="324" pin=2"/></net>

<net id="334"><net_src comp="324" pin="3"/><net_sink comp="331" pin=0"/></net>

<net id="340"><net_src comp="46" pin="0"/><net_sink comp="335" pin=0"/></net>

<net id="341"><net_src comp="48" pin="0"/><net_sink comp="335" pin=2"/></net>

<net id="345"><net_src comp="335" pin="3"/><net_sink comp="342" pin=0"/></net>

<net id="354"><net_src comp="50" pin="0"/><net_sink comp="349" pin=0"/></net>

<net id="355"><net_src comp="52" pin="0"/><net_sink comp="349" pin=2"/></net>

<net id="359"><net_src comp="349" pin="3"/><net_sink comp="356" pin=0"/></net>

<net id="367"><net_src comp="342" pin="1"/><net_sink comp="363" pin=0"/></net>

<net id="368"><net_src comp="331" pin="1"/><net_sink comp="363" pin=1"/></net>

<net id="372"><net_src comp="363" pin="2"/><net_sink comp="369" pin=0"/></net>

<net id="377"><net_src comp="369" pin="1"/><net_sink comp="373" pin=0"/></net>

<net id="378"><net_src comp="356" pin="1"/><net_sink comp="373" pin=1"/></net>

<net id="389"><net_src comp="382" pin="1"/><net_sink comp="385" pin=0"/></net>

<net id="390"><net_src comp="373" pin="2"/><net_sink comp="385" pin=1"/></net>

<net id="397"><net_src comp="56" pin="0"/><net_sink comp="391" pin=0"/></net>

<net id="398"><net_src comp="385" pin="2"/><net_sink comp="391" pin=1"/></net>

<net id="399"><net_src comp="58" pin="0"/><net_sink comp="391" pin=2"/></net>

<net id="400"><net_src comp="60" pin="0"/><net_sink comp="391" pin=3"/></net>

<net id="405"><net_src comp="62" pin="0"/><net_sink comp="401" pin=0"/></net>

<net id="406"><net_src comp="346" pin="1"/><net_sink comp="401" pin=1"/></net>

<net id="412"><net_src comp="50" pin="0"/><net_sink comp="407" pin=0"/></net>

<net id="413"><net_src comp="52" pin="0"/><net_sink comp="407" pin=2"/></net>

<net id="417"><net_src comp="407" pin="3"/><net_sink comp="414" pin=0"/></net>

<net id="423"><net_src comp="64" pin="0"/><net_sink comp="418" pin=0"/></net>

<net id="424"><net_src comp="66" pin="0"/><net_sink comp="418" pin=2"/></net>

<net id="428"><net_src comp="418" pin="3"/><net_sink comp="425" pin=0"/></net>

<net id="432"><net_src comp="418" pin="3"/><net_sink comp="429" pin=0"/></net>

<net id="437"><net_src comp="414" pin="1"/><net_sink comp="433" pin=0"/></net>

<net id="438"><net_src comp="429" pin="1"/><net_sink comp="433" pin=1"/></net>

<net id="443"><net_src comp="68" pin="0"/><net_sink comp="439" pin=0"/></net>

<net id="444"><net_src comp="321" pin="1"/><net_sink comp="439" pin=1"/></net>

<net id="449"><net_src comp="70" pin="0"/><net_sink comp="445" pin=0"/></net>

<net id="450"><net_src comp="425" pin="1"/><net_sink comp="445" pin=1"/></net>

<net id="454"><net_src comp="445" pin="2"/><net_sink comp="451" pin=0"/></net>

<net id="460"><net_src comp="46" pin="0"/><net_sink comp="455" pin=0"/></net>

<net id="461"><net_src comp="48" pin="0"/><net_sink comp="455" pin=2"/></net>

<net id="465"><net_src comp="455" pin="3"/><net_sink comp="462" pin=0"/></net>

<net id="470"><net_src comp="451" pin="1"/><net_sink comp="466" pin=0"/></net>

<net id="471"><net_src comp="462" pin="1"/><net_sink comp="466" pin=1"/></net>

<net id="476"><net_src comp="72" pin="0"/><net_sink comp="472" pin=0"/></net>

<net id="477"><net_src comp="466" pin="2"/><net_sink comp="472" pin=1"/></net>

<net id="485"><net_src comp="74" pin="0"/><net_sink comp="481" pin=0"/></net>

<net id="486"><net_src comp="481" pin="2"/><net_sink comp="155" pin=1"/></net>

<net id="491"><net_src comp="78" pin="0"/><net_sink comp="487" pin=0"/></net>

<net id="496"><net_src comp="487" pin="2"/><net_sink comp="492" pin=0"/></net>

<net id="503"><net_src comp="56" pin="0"/><net_sink comp="497" pin=0"/></net>

<net id="504"><net_src comp="492" pin="2"/><net_sink comp="497" pin=1"/></net>

<net id="505"><net_src comp="58" pin="0"/><net_sink comp="497" pin=2"/></net>

<net id="506"><net_src comp="60" pin="0"/><net_sink comp="497" pin=3"/></net>

<net id="514"><net_src comp="507" pin="1"/><net_sink comp="510" pin=0"/></net>

<net id="521"><net_src comp="56" pin="0"/><net_sink comp="515" pin=0"/></net>

<net id="522"><net_src comp="510" pin="2"/><net_sink comp="515" pin=1"/></net>

<net id="523"><net_src comp="58" pin="0"/><net_sink comp="515" pin=2"/></net>

<net id="524"><net_src comp="60" pin="0"/><net_sink comp="515" pin=3"/></net>

<net id="529"><net_src comp="82" pin="0"/><net_sink comp="525" pin=1"/></net>

<net id="530"><net_src comp="525" pin="2"/><net_sink comp="174" pin=1"/></net>

<net id="535"><net_src comp="82" pin="0"/><net_sink comp="531" pin=1"/></net>

<net id="536"><net_src comp="531" pin="2"/><net_sink comp="179" pin=1"/></net>

<net id="541"><net_src comp="98" pin="0"/><net_sink comp="537" pin=0"/></net>

<net id="546"><net_src comp="537" pin="2"/><net_sink comp="542" pin=0"/></net>

<net id="551"><net_src comp="221" pin="1"/><net_sink comp="547" pin=0"/></net>

<net id="552"><net_src comp="217" pin="1"/><net_sink comp="547" pin=1"/></net>

<net id="558"><net_src comp="54" pin="0"/><net_sink comp="553" pin=0"/></net>

<net id="559"><net_src comp="360" pin="1"/><net_sink comp="553" pin=1"/></net>

<net id="560"><net_src comp="379" pin="1"/><net_sink comp="553" pin=2"/></net>

<net id="561"><net_src comp="553" pin="3"/><net_sink comp="382" pin=0"/></net>

<net id="567"><net_src comp="76" pin="0"/><net_sink comp="562" pin=0"/></net>

<net id="568"><net_src comp="478" pin="1"/><net_sink comp="562" pin=1"/></net>

<net id="569"><net_src comp="562" pin="3"/><net_sink comp="492" pin=1"/></net>

<net id="575"><net_src comp="80" pin="0"/><net_sink comp="570" pin=0"/></net>

<net id="576"><net_src comp="570" pin="3"/><net_sink comp="510" pin=1"/></net>

<net id="580"><net_src comp="100" pin="2"/><net_sink comp="577" pin=0"/></net>

<net id="581"><net_src comp="577" pin="1"/><net_sink comp="242" pin=1"/></net>

<net id="582"><net_src comp="577" pin="1"/><net_sink comp="542" pin=1"/></net>

<net id="586"><net_src comp="106" pin="2"/><net_sink comp="583" pin=0"/></net>

<net id="587"><net_src comp="583" pin="1"/><net_sink comp="537" pin=1"/></net>

<net id="591"><net_src comp="547" pin="2"/><net_sink comp="588" pin=0"/></net>

<net id="592"><net_src comp="588" pin="1"/><net_sink comp="225" pin=1"/></net>

<net id="596"><net_src comp="225" pin="2"/><net_sink comp="593" pin=0"/></net>

<net id="600"><net_src comp="230" pin="2"/><net_sink comp="597" pin=0"/></net>

<net id="601"><net_src comp="597" pin="1"/><net_sink comp="188" pin=2"/></net>

<net id="605"><net_src comp="247" pin="3"/><net_sink comp="602" pin=0"/></net>

<net id="606"><net_src comp="602" pin="1"/><net_sink comp="291" pin=0"/></net>

<net id="607"><net_src comp="602" pin="1"/><net_sink comp="300" pin=1"/></net>

<net id="611"><net_src comp="255" pin="3"/><net_sink comp="608" pin=0"/></net>

<net id="612"><net_src comp="608" pin="1"/><net_sink comp="199" pin=2"/></net>

<net id="616"><net_src comp="263" pin="1"/><net_sink comp="613" pin=0"/></net>

<net id="617"><net_src comp="613" pin="1"/><net_sink comp="271" pin=1"/></net>

<net id="621"><net_src comp="267" pin="1"/><net_sink comp="618" pin=0"/></net>

<net id="622"><net_src comp="618" pin="1"/><net_sink comp="278" pin=1"/></net>

<net id="626"><net_src comp="294" pin="2"/><net_sink comp="623" pin=0"/></net>

<net id="627"><net_src comp="623" pin="1"/><net_sink comp="305" pin=0"/></net>

<net id="631"><net_src comp="300" pin="2"/><net_sink comp="628" pin=0"/></net>

<net id="632"><net_src comp="628" pin="1"/><net_sink comp="210" pin=2"/></net>

<net id="636"><net_src comp="305" pin="1"/><net_sink comp="633" pin=0"/></net>

<net id="637"><net_src comp="633" pin="1"/><net_sink comp="148" pin=2"/></net>

<net id="638"><net_src comp="633" pin="1"/><net_sink comp="160" pin=2"/></net>

<net id="639"><net_src comp="633" pin="1"/><net_sink comp="167" pin=2"/></net>

<net id="643"><net_src comp="112" pin="3"/><net_sink comp="640" pin=0"/></net>

<net id="644"><net_src comp="640" pin="1"/><net_sink comp="133" pin=0"/></net>

<net id="648"><net_src comp="119" pin="3"/><net_sink comp="645" pin=0"/></net>

<net id="649"><net_src comp="645" pin="1"/><net_sink comp="138" pin=0"/></net>

<net id="653"><net_src comp="126" pin="3"/><net_sink comp="650" pin=0"/></net>

<net id="654"><net_src comp="650" pin="1"/><net_sink comp="143" pin=0"/></net>

<net id="658"><net_src comp="133" pin="2"/><net_sink comp="655" pin=0"/></net>

<net id="659"><net_src comp="655" pin="1"/><net_sink comp="321" pin=0"/></net>

<net id="660"><net_src comp="655" pin="1"/><net_sink comp="324" pin=1"/></net>

<net id="661"><net_src comp="655" pin="1"/><net_sink comp="335" pin=1"/></net>

<net id="662"><net_src comp="655" pin="1"/><net_sink comp="478" pin=0"/></net>

<net id="666"><net_src comp="138" pin="2"/><net_sink comp="663" pin=0"/></net>

<net id="667"><net_src comp="663" pin="1"/><net_sink comp="346" pin=0"/></net>

<net id="668"><net_src comp="663" pin="1"/><net_sink comp="349" pin=1"/></net>

<net id="672"><net_src comp="143" pin="2"/><net_sink comp="669" pin=0"/></net>

<net id="673"><net_src comp="669" pin="1"/><net_sink comp="360" pin=0"/></net>

<net id="674"><net_src comp="669" pin="1"/><net_sink comp="407" pin=1"/></net>

<net id="675"><net_src comp="669" pin="1"/><net_sink comp="418" pin=1"/></net>

<net id="676"><net_src comp="669" pin="1"/><net_sink comp="455" pin=1"/></net>

<net id="680"><net_src comp="315" pin="2"/><net_sink comp="677" pin=0"/></net>

<net id="681"><net_src comp="677" pin="1"/><net_sink comp="379" pin=0"/></net>

<net id="685"><net_src comp="346" pin="1"/><net_sink comp="682" pin=0"/></net>

<net id="686"><net_src comp="682" pin="1"/><net_sink comp="570" pin=1"/></net>

<net id="690"><net_src comp="391" pin="4"/><net_sink comp="687" pin=0"/></net>

<net id="691"><net_src comp="687" pin="1"/><net_sink comp="481" pin=1"/></net>

<net id="695"><net_src comp="401" pin="2"/><net_sink comp="692" pin=0"/></net>

<net id="696"><net_src comp="692" pin="1"/><net_sink comp="562" pin=1"/></net>

<net id="700"><net_src comp="433" pin="2"/><net_sink comp="697" pin=0"/></net>

<net id="701"><net_src comp="697" pin="1"/><net_sink comp="487" pin=1"/></net>

<net id="705"><net_src comp="439" pin="2"/><net_sink comp="702" pin=0"/></net>

<net id="706"><net_src comp="702" pin="1"/><net_sink comp="570" pin=0"/></net>

<net id="710"><net_src comp="472" pin="2"/><net_sink comp="707" pin=0"/></net>

<net id="711"><net_src comp="707" pin="1"/><net_sink comp="507" pin=0"/></net>

<net id="715"><net_src comp="148" pin="3"/><net_sink comp="712" pin=0"/></net>

<net id="716"><net_src comp="712" pin="1"/><net_sink comp="155" pin=0"/></net>

<net id="720"><net_src comp="481" pin="2"/><net_sink comp="717" pin=0"/></net>

<net id="721"><net_src comp="717" pin="1"/><net_sink comp="155" pin=1"/></net>

<net id="725"><net_src comp="497" pin="4"/><net_sink comp="722" pin=0"/></net>

<net id="726"><net_src comp="722" pin="1"/><net_sink comp="525" pin=0"/></net>

<net id="730"><net_src comp="515" pin="4"/><net_sink comp="727" pin=0"/></net>

<net id="731"><net_src comp="727" pin="1"/><net_sink comp="531" pin=0"/></net>

<net id="735"><net_src comp="160" pin="3"/><net_sink comp="732" pin=0"/></net>

<net id="736"><net_src comp="732" pin="1"/><net_sink comp="174" pin=0"/></net>

<net id="740"><net_src comp="167" pin="3"/><net_sink comp="737" pin=0"/></net>

<net id="741"><net_src comp="737" pin="1"/><net_sink comp="179" pin=0"/></net>

<net id="745"><net_src comp="525" pin="2"/><net_sink comp="742" pin=0"/></net>

<net id="746"><net_src comp="742" pin="1"/><net_sink comp="174" pin=1"/></net>

<net id="750"><net_src comp="531" pin="2"/><net_sink comp="747" pin=0"/></net>

<net id="751"><net_src comp="747" pin="1"/><net_sink comp="179" pin=1"/></net>

</net_list>

</model> 
---------------- Datapath Model END ------------------

* FSMD analyzer results:
  - Output states:
	Port: out_channels_ch1 | {9 10 }
	Port: out_channels_ch2 | {10 11 }
	Port: out_channels_ch3 | {10 11 }
 - Input state : 
	Port: rgb2yuv : in_channels_ch1 | {4 5 6 7 }
	Port: rgb2yuv : in_channels_ch2 | {4 5 6 7 }
	Port: rgb2yuv : in_channels_ch3 | {4 5 6 7 }
	Port: rgb2yuv : in_width_read | {1 }
	Port: rgb2yuv : in_height_read | {1 }
  - Chain level:
	State 1
		bound : 1
	State 2
		exitcond_flatten : 1
		indvar_flatten_next : 1
		StgValue_25 : 2
		x_3 : 1
		exitcond9 : 1
		y_mid2 : 2
		tmp_mid2_v : 2
		tmp : 3
		tmp_21 : 3
	State 3
		tmp_s : 1
		tmp_19 : 2
	State 4
		in_channels_ch1_addr : 1
		in_channels_ch2_addr : 1
		in_channels_ch3_addr : 1
		R : 2
		G : 2
		B : 2
	State 5
	State 6
	State 7
		tmp_42_cast2 : 1
		tmp4 : 2
	State 8
		p_shl5_cast : 1
		p_shl6_cast : 1
		p_shl4_cast : 1
		tmp_20 : 1
		tmp2 : 2
		tmp2_cast : 3
		tmp1 : 4
		tmp3 : 2
		tmp3_cast : 3
		tmp_22 : 5
		tmp_23 : 6
		tmp_25 : 1
		p_shl2_cast : 1
		p_shl3_cast9 : 1
		p_shl3_cast : 1
		tmp_26 : 2
		tmp_29 : 1
		p_neg : 2
		p_neg_cast : 3
		p_shl1_cast : 1
		tmp_31 : 4
		tmp8 : 5
	State 9
		tmp_24 : 1
		tmp_51_cast : 2
		tmp5 : 3
		tmp_27 : 4
		tmp_28 : 5
		tmp7 : 1
		tmp_32 : 2
		tmp_33 : 3
		StgValue_102 : 1
	State 10
	State 11
	State 12
		mrv_1 : 1
		StgValue_120 : 2


============================================================
+ Verbose Summary: Datapath Resource usage 
============================================================

* Functional unit list:
|----------|------------------------------|---------|---------|---------|
| Operation|        Functional Unit       |  DSP48E |    FF   |   LUT   |
|----------|------------------------------|---------|---------|---------|
|          |  indvar_flatten_next_fu_230  |    0    |   101   |    37   |
|          |          x_3_fu_236          |    0    |    53   |    21   |
|          |         tmp_s_fu_285         |    0    |    0    |    14   |
|          |         tmp_19_fu_294        |    0    |    0    |    14   |
|          |          y_3_fu_300          |    0    |    53   |    21   |
|          |          tmp4_fu_315         |    0    |    32   |    14   |
|    add   |          tmp2_fu_363         |    0    |    47   |    19   |
|          |          tmp1_fu_373         |    0    |    0    |    14   |
|          |         tmp_22_fu_385        |    0    |    0    |    14   |
|          |          tmp8_fu_472         |    0    |    0    |    14   |
|          |           Y_fu_481           |    0    |    29   |    13   |
|          |          tmp6_fu_487         |    0    |    0    |    14   |
|          |         tmp_27_fu_492        |    0    |    0    |    14   |
|          |         tmp_32_fu_510        |    0    |    53   |    21   |
|----------|------------------------------|---------|---------|---------|
|          |         tmp_26_fu_433        |    0    |    50   |    20   |
|    sub   |         p_neg_fu_445         |    0    |    41   |    17   |
|          |         tmp_31_fu_466        |    0    |    0    |    14   |
|----------|------------------------------|---------|---------|---------|
|          |         tmp_25_fu_401        |    0    |    0    |    62   |
|    mul   |         tmp_29_fu_439        |    0    |    0    |    62   |
|          |         bound_fu_547         |    1    |    0    |    0    |
|----------|------------------------------|---------|---------|---------|
|  select  |         y_mid2_fu_247        |    0    |    0    |    16   |
|          |       tmp_mid2_v_fu_255      |    0    |    0    |    16   |
|----------|------------------------------|---------|---------|---------|
|   icmp   |    exitcond_flatten_fu_225   |    0    |    0    |    16   |
|          |       exitcond9_fu_242       |    0    |    0    |    8    |
|----------|------------------------------|---------|---------|---------|
|    xor   |           U_fu_525           |    0    |    0    |    8    |
|          |           V_fu_531           |    0    |    0    |    8    |
|----------|------------------------------|---------|---------|---------|
|          |          grp_fu_553          |    1    |    0    |    0    |
|  muladd  |          grp_fu_562          |    1    |    0    |    0    |
|          |          grp_fu_570          |    1    |    0    |    0    |
|----------|------------------------------|---------|---------|---------|
|   read   | in_height_read11_read_fu_100 |    0    |    0    |    0    |
|          |  in_width_read_3_read_fu_106 |    0    |    0    |    0    |
|----------|------------------------------|---------|---------|---------|
|          |          cast_fu_217         |    0    |    0    |    0    |
|          |         cast1_fu_221         |    0    |    0    |    0    |
|          |        tmp_cast_fu_291       |    0    |    0    |    0    |
|          |      tmp_42_cast_fu_305      |    0    |    0    |    0    |
|          |      tmp_42_cast2_fu_311     |    0    |    0    |    0    |
|          |      tmp_40_cast1_fu_321     |    0    |    0    |    0    |
|          |      p_shl5_cast_fu_331      |    0    |    0    |    0    |
|          |      p_shl6_cast_fu_342      |    0    |    0    |    0    |
|          |      tmp_42_cast1_fu_346     |    0    |    0    |    0    |
|   zext   |      p_shl4_cast_fu_356      |    0    |    0    |    0    |
|          |      tmp_44_cast1_fu_360     |    0    |    0    |    0    |
|          |       tmp2_cast_fu_369       |    0    |    0    |    0    |
|          |       tmp4_cast_fu_379       |    0    |    0    |    0    |
|          |       tmp3_cast_fu_382       |    0    |    0    |    0    |
|          |      p_shl2_cast_fu_414      |    0    |    0    |    0    |
|          |      p_shl3_cast9_fu_425     |    0    |    0    |    0    |
|          |      p_shl3_cast_fu_429      |    0    |    0    |    0    |
|          |      p_shl1_cast_fu_462      |    0    |    0    |    0    |
|          |      tmp_40_cast2_fu_478     |    0    |    0    |    0    |
|----------|------------------------------|---------|---------|---------|
|   trunc  |          tmp_fu_263          |    0    |    0    |    0    |
|          |         tmp_21_fu_267        |    0    |    0    |    0    |
|----------|------------------------------|---------|---------|---------|
|          |       p_shl_cast_fu_271      |    0    |    0    |    0    |
|          |      p_shl7_cast_fu_278      |    0    |    0    |    0    |
|          |         p_shl5_fu_324        |    0    |    0    |    0    |
|bitconcatenate|         p_shl6_fu_335        |    0    |    0    |    0    |
|          |         p_shl4_fu_349        |    0    |    0    |    0    |
|          |         p_shl2_fu_407        |    0    |    0    |    0    |
|          |         p_shl3_fu_418        |    0    |    0    |    0    |
|          |         p_shl1_fu_455        |    0    |    0    |    0    |
|----------|------------------------------|---------|---------|---------|
|          |         tmp_23_fu_391        |    0    |    0    |    0    |
|partselect|         tmp_28_fu_497        |    0    |    0    |    0    |
|          |         tmp_33_fu_515        |    0    |    0    |    0    |
|----------|------------------------------|---------|---------|---------|
|   sext   |       p_neg_cast_fu_451      |    0    |    0    |    0    |
|          |       tmp8_cast_fu_507       |    0    |    0    |    0    |
|----------|------------------------------|---------|---------|---------|
|insertvalue|          mrv_fu_537          |    0    |    0    |    0    |
|          |         mrv_1_fu_542         |    0    |    0    |    0    |
|----------|------------------------------|---------|---------|---------|
|   Total  |                              |    4    |   459   |   491   |
|----------|------------------------------|---------|---------|---------|

Memories:
N/A

* Register list:
+----------------------------+--------+
|                            |   FF   |
+----------------------------+--------+
|          B_reg_669         |    8   |
|          G_reg_663         |    8   |
|          R_reg_655         |    8   |
|          U_reg_742         |    8   |
|          V_reg_747         |    8   |
|          Y_reg_717         |    8   |
|        bound_reg_588       |   32   |
|  exitcond_flatten_reg_593  |    1   |
|in_channels_ch1_addr_reg_640|   22   |
|in_channels_ch2_addr_reg_645|   22   |
|in_channels_ch3_addr_reg_650|   22   |
|  in_height_read11_reg_577  |   16   |
|   in_width_read_3_reg_583  |   16   |
| indvar_flatten_next_reg_597|   32   |
|   indvar_flatten_reg_184   |   32   |
|out_channels_ch1_add_reg_712|   22   |
|out_channels_ch2_add_reg_732|   22   |
|out_channels_ch3_add_reg_737|   22   |
|        tmp4_reg_677        |    9   |
|        tmp8_reg_707        |   14   |
|       tmp_19_reg_623       |   23   |
|       tmp_21_reg_618       |   15   |
|       tmp_23_reg_687       |    8   |
|       tmp_25_reg_692       |   16   |
|       tmp_26_reg_697       |   16   |
|       tmp_28_reg_722       |    8   |
|       tmp_29_reg_702       |   16   |
|       tmp_33_reg_727       |    8   |
|    tmp_42_cast1_reg_682    |   16   |
|     tmp_42_cast_reg_633    |   32   |
|     tmp_mid2_v_reg_608     |   16   |
|         tmp_reg_613        |   13   |
|          x_reg_195         |   16   |
|         y_3_reg_628        |   16   |
|       y_mid2_reg_602       |   16   |
|          y_reg_206         |   16   |
+----------------------------+--------+
|            Total           |   583  |
+----------------------------+--------+

* Multiplexer (MUX) list: 
|-------------------|------|------|------|--------||---------||---------|
|        Comp       |  Pin | Size |  BW  | S x BW ||  Delay  ||   LUT   |
|-------------------|------|------|------|--------||---------||---------|
| grp_access_fu_133 |  p0  |   2  |  22  |   44   ||    9    |
| grp_access_fu_138 |  p0  |   2  |  22  |   44   ||    9    |
| grp_access_fu_143 |  p0  |   2  |  22  |   44   ||    9    |
| grp_access_fu_155 |  p0  |   2  |  22  |   44   ||    9    |
| grp_access_fu_155 |  p1  |   2  |   8  |   16   ||    9    |
| grp_access_fu_174 |  p0  |   2  |  22  |   44   ||    9    |
| grp_access_fu_174 |  p1  |   2  |   8  |   16   ||    9    |
| grp_access_fu_179 |  p0  |   2  |  22  |   44   ||    9    |
| grp_access_fu_179 |  p1  |   2  |   8  |   16   ||    9    |
|     grp_fu_562    |  p1  |   2  |   8  |   16   ||    9    |
|     grp_fu_570    |  p0  |   2  |  16  |   32   ||    9    |
|-------------------|------|------|------|--------||---------||---------|
|       Total       |      |      |      |   360  ||  17.468 ||    99   |
|-------------------|------|------|------|--------||---------||---------|



* Summary:
+-----------+--------+--------+--------+--------+
|           | DSP48E |  Delay |   FF   |   LUT  |
+-----------+--------+--------+--------+--------+
|  Function |    4   |    -   |   459  |   491  |
|   Memory  |    -   |    -   |    -   |    -   |
|Multiplexer|    -   |   17   |    -   |   99   |
|  Register |    -   |    -   |   583  |    -   |
+-----------+--------+--------+--------+--------+
|   Total   |    4   |   17   |  1042  |   590  |
+-----------+--------+--------+--------+--------+
