

================================================================
== Vivado HLS Report for 'yuv_scale'
================================================================
* Date:           Sun Oct  9 14:05:07 2022

* Version:        2017.2 (Build 1909853 on Thu Jun 15 18:55:24 MDT 2017)
* Project:        yuv_filter.prj
* Solution:       solution2
* Product family: zynq
* Target device:  xc7z010clg400-1


================================================================
== Performance Estimates
================================================================
+ Timing (ns): 
    * Summary: 
    +--------+-------+----------+------------+
    |  Clock | Target| Estimated| Uncertainty|
    +--------+-------+----------+------------+
    |ap_clk  |   8.00|      6.43|        1.00|
    +--------+-------+----------+------------+

+ Latency (clock cycles): 
    * Summary: 
    +-------+---------+-------+---------+---------+
    |     Latency     |     Interval    | Pipeline|
    |  min  |   max   |  min  |   max   |   Type  |
    +-------+---------+-------+---------+---------+
    |  40009|  2457609|  40009|  2457609|   none  |
    +-------+---------+-------+---------+---------+

    + Detail: 
        * Instance: 
        N/A

        * Loop: 
        +-------------------------------------+-------+---------+----------+-----------+-----------+-----------------+----------+
        |                                     |     Latency     | Iteration|  Initiation Interval  |       Trip      |          |
        |              Loop Name              |  min  |   max   |  Latency |  achieved |   target  |      Count      | Pipelined|
        +-------------------------------------+-------+---------+----------+-----------+-----------+-----------------+----------+
        |- YUV_SCALE_LOOP_X_YUV_SCALE_LOOP_Y  |  40007|  2457607|         9|          1|          1| 40000 ~ 2457600 |    yes   |
        +-------------------------------------+-------+---------+----------+-----------+-----------+-----------------+----------+

============================================================
+ Verbose Summary: Synthesis Manager
============================================================
InlineROM: 1
ExposeGlobal: 0
============================================================
+ Verbose Summary: CDFG Model
============================================================
IsTopModel: 0
ResetActiveHigh: 1
IsCombinational: 0
IsDatapathOnly: 0
HasWiredReturn: 1
HasMFsm: 0
HasVarLatency: 1
IsPipeline: 0
IsRtlPipelined: 0
IsInstanceOverlapped: 0
IsDontTouch: 0
HasImplIP: 0
IsGatedGlobalClock: 0

+ Individual pipeline summary: 
  * Pipeline-0: initiation interval (II) = 1, depth = 9


============================================================
+ Verbose Summary: Schedule
============================================================
* Number of FSM states: 11
* Pipeline: 1
  Pipeline-0: II = 1, D = 9, States = { 2 3 4 5 6 7 8 9 10 }
* Dataflow Pipeline: 0

* FSM state transitions: 
1 --> 
	2  / true
2 --> 
	11  / (exitcond_flatten)
	3  / (!exitcond_flatten)
3 --> 
	4  / true
4 --> 
	5  / true
5 --> 
	6  / true
6 --> 
	7  / true
7 --> 
	8  / true
8 --> 
	9  / true
9 --> 
	10  / true
10 --> 
	2  / true
11 --> 
* FSM state operations: 

 <State 1>: 6.38ns
ST_1: V_scale_read (12)  [1/1] 0.00ns
:0  %V_scale_read = call i8 @_ssdm_op_Read.ap_auto.i8(i8 %V_scale)

ST_1: U_scale_read (13)  [1/1] 0.00ns
:1  %U_scale_read = call i8 @_ssdm_op_Read.ap_auto.i8(i8 %U_scale)

ST_1: Y_scale_read (14)  [1/1] 0.00ns
:2  %Y_scale_read = call i8 @_ssdm_op_Read.ap_auto.i8(i8 %Y_scale)

ST_1: in_height_read_1 (15)  [1/1] 0.00ns
:3  %in_height_read_1 = call i16 @_ssdm_op_Read.ap_auto.i16(i16 %in_height_read)

ST_1: in_width_read_1 (16)  [1/1] 0.00ns
:4  %in_width_read_1 = call i16 @_ssdm_op_Read.ap_auto.i16(i16 %in_width_read)

ST_1: tmp_cast (17)  [1/1] 0.00ns  loc: yuv_filter.c:138
:5  %tmp_cast = zext i8 %Y_scale_read to i15

ST_1: tmp_1_cast (18)  [1/1] 0.00ns  loc: yuv_filter.c:139
:6  %tmp_1_cast = zext i8 %U_scale_read to i15

ST_1: tmp_2_cast (19)  [1/1] 0.00ns  loc: yuv_filter.c:129
:7  %tmp_2_cast = zext i8 %V_scale_read to i15

ST_1: cast (20)  [1/1] 0.00ns
:8  %cast = zext i16 %in_width_read_1 to i32

ST_1: cast1 (21)  [1/1] 0.00ns
:9  %cast1 = zext i16 %in_height_read_1 to i32

ST_1: bound (22)  [1/1] 6.38ns
:10  %bound = mul i32 %cast1, %cast

ST_1: StgValue_23 (23)  [1/1] 1.59ns  loc: yuv_filter.c:129
:11  br label %1


 <State 2>: 5.10ns
ST_2: indvar_flatten (25)  [1/1] 0.00ns
:0  %indvar_flatten = phi i32 [ 0, %0 ], [ %indvar_flatten_next, %.reset ]

ST_2: x (26)  [1/1] 0.00ns  loc: yuv_filter.c:134
:1  %x = phi i16 [ 0, %0 ], [ %tmp_3_mid2_v, %.reset ]

ST_2: y (27)  [1/1] 0.00ns
:2  %y = phi i16 [ 0, %0 ], [ %y_1, %.reset ]

ST_2: exitcond_flatten (28)  [1/1] 3.26ns
:3  %exitcond_flatten = icmp eq i32 %indvar_flatten, %bound

ST_2: indvar_flatten_next (29)  [1/1] 2.90ns
:4  %indvar_flatten_next = add i32 %indvar_flatten, 1

ST_2: StgValue_29 (30)  [1/1] 0.00ns
:5  br i1 %exitcond_flatten, label %2, label %.reset

ST_2: x_1 (32)  [1/1] 2.39ns  loc: yuv_filter.c:129
.reset:0  %x_1 = add i16 1, %x

ST_2: exitcond3 (35)  [1/1] 3.03ns  loc: yuv_filter.c:132
.reset:3  %exitcond3 = icmp eq i16 %y, %in_height_read_1

ST_2: y_mid2 (36)  [1/1] 2.07ns  loc: yuv_filter.c:132
.reset:4  %y_mid2 = select i1 %exitcond3, i16 0, i16 %y

ST_2: tmp_3_mid2_v (37)  [1/1] 2.07ns  loc: yuv_filter.c:134
.reset:5  %tmp_3_mid2_v = select i1 %exitcond3, i16 %x_1, i16 %x

ST_2: tmp (38)  [1/1] 0.00ns  loc: yuv_filter.c:134
.reset:6  %tmp = trunc i16 %tmp_3_mid2_v to i13

ST_2: tmp_1 (40)  [1/1] 0.00ns  loc: yuv_filter.c:134
.reset:8  %tmp_1 = trunc i16 %tmp_3_mid2_v to i15


 <State 3>: 4.11ns
ST_3: p_shl_cast (39)  [1/1] 0.00ns  loc: yuv_filter.c:134
.reset:7  %p_shl_cast = call i23 @_ssdm_op_BitConcatenate.i23.i13.i10(i13 %tmp, i10 0)

ST_3: p_shl1_cast (41)  [1/1] 0.00ns  loc: yuv_filter.c:134
.reset:9  %p_shl1_cast = call i23 @_ssdm_op_BitConcatenate.i23.i15.i8(i15 %tmp_1, i8 0)

ST_3: tmp_3 (42)  [1/1] 2.05ns  loc: yuv_filter.c:134
.reset:10  %tmp_3 = add i23 %p_shl_cast, %p_shl1_cast

ST_3: tmp_5_cast (46)  [1/1] 0.00ns  loc: yuv_filter.c:134
.reset:14  %tmp_5_cast = zext i16 %y_mid2 to i23

ST_3: tmp_5 (47)  [1/1] 2.05ns  loc: yuv_filter.c:134
.reset:15  %tmp_5 = add i23 %tmp_5_cast, %tmp_3

ST_3: y_1 (71)  [1/1] 2.39ns  loc: yuv_filter.c:132
.reset:39  %y_1 = add i16 1, %y_mid2


 <State 4>: 3.25ns
ST_4: tmp_10_cast (48)  [1/1] 0.00ns  loc: yuv_filter.c:134
.reset:16  %tmp_10_cast = zext i23 %tmp_5 to i32

ST_4: in_channels_ch1_addr (49)  [1/1] 0.00ns  loc: yuv_filter.c:134
.reset:17  %in_channels_ch1_addr = getelementptr [2457600 x i8]* %in_channels_ch1, i32 0, i32 %tmp_10_cast

ST_4: in_channels_ch2_addr (50)  [1/1] 0.00ns  loc: yuv_filter.c:135
.reset:18  %in_channels_ch2_addr = getelementptr [2457600 x i8]* %in_channels_ch2, i32 0, i32 %tmp_10_cast

ST_4: in_channels_ch3_addr (51)  [1/1] 0.00ns  loc: yuv_filter.c:136
.reset:19  %in_channels_ch3_addr = getelementptr [2457600 x i8]* %in_channels_ch3, i32 0, i32 %tmp_10_cast

ST_4: Y (55)  [4/4] 3.25ns  loc: yuv_filter.c:134
.reset:23  %Y = load i8* %in_channels_ch1_addr, align 1

ST_4: U (56)  [4/4] 3.25ns  loc: yuv_filter.c:135
.reset:24  %U = load i8* %in_channels_ch2_addr, align 1

ST_4: V (57)  [4/4] 3.25ns  loc: yuv_filter.c:136
.reset:25  %V = load i8* %in_channels_ch3_addr, align 1


 <State 5>: 3.25ns
ST_5: Y (55)  [3/4] 3.25ns  loc: yuv_filter.c:134
.reset:23  %Y = load i8* %in_channels_ch1_addr, align 1

ST_5: U (56)  [3/4] 3.25ns  loc: yuv_filter.c:135
.reset:24  %U = load i8* %in_channels_ch2_addr, align 1

ST_5: V (57)  [3/4] 3.25ns  loc: yuv_filter.c:136
.reset:25  %V = load i8* %in_channels_ch3_addr, align 1


 <State 6>: 3.25ns
ST_6: Y (55)  [2/4] 3.25ns  loc: yuv_filter.c:134
.reset:23  %Y = load i8* %in_channels_ch1_addr, align 1

ST_6: U (56)  [2/4] 3.25ns  loc: yuv_filter.c:135
.reset:24  %U = load i8* %in_channels_ch2_addr, align 1

ST_6: V (57)  [2/4] 3.25ns  loc: yuv_filter.c:136
.reset:25  %V = load i8* %in_channels_ch3_addr, align 1


 <State 7>: 3.25ns
ST_7: Y (55)  [1/4] 3.25ns  loc: yuv_filter.c:134
.reset:23  %Y = load i8* %in_channels_ch1_addr, align 1

ST_7: U (56)  [1/4] 3.25ns  loc: yuv_filter.c:135
.reset:24  %U = load i8* %in_channels_ch2_addr, align 1

ST_7: V (57)  [1/4] 3.25ns  loc: yuv_filter.c:136
.reset:25  %V = load i8* %in_channels_ch3_addr, align 1


 <State 8>: 6.43ns
ST_8: tmp_6_cast (58)  [1/1] 0.00ns  loc: yuv_filter.c:137
.reset:26  %tmp_6_cast = zext i8 %Y to i15

ST_8: tmp_7 (59)  [1/1] 6.43ns  loc: yuv_filter.c:137
.reset:27  %tmp_7 = mul i15 %tmp_6_cast, %tmp_cast

ST_8: tmp_9_cast (60)  [1/1] 0.00ns  loc: yuv_filter.c:138
.reset:28  %tmp_9_cast = zext i8 %U to i15

ST_8: tmp_s (61)  [1/1] 6.43ns  loc: yuv_filter.c:138
.reset:29  %tmp_s = mul i15 %tmp_9_cast, %tmp_1_cast

ST_8: tmp_4_cast (62)  [1/1] 0.00ns  loc: yuv_filter.c:139
.reset:30  %tmp_4_cast = zext i8 %V to i15

ST_8: tmp_8 (63)  [1/1] 6.43ns  loc: yuv_filter.c:139
.reset:31  %tmp_8 = mul i15 %tmp_4_cast, %tmp_2_cast

ST_8: tmp_4 (64)  [1/1] 0.00ns  loc: yuv_filter.c:140
.reset:32  %tmp_4 = call i8 @_ssdm_op_PartSelect.i8.i15.i32.i32(i15 %tmp_7, i32 7, i32 14)

ST_8: tmp_6 (66)  [1/1] 0.00ns  loc: yuv_filter.c:141
.reset:34  %tmp_6 = call i8 @_ssdm_op_PartSelect.i8.i15.i32.i32(i15 %tmp_s, i32 7, i32 14)

ST_8: tmp_9 (68)  [1/1] 0.00ns  loc: yuv_filter.c:142
.reset:36  %tmp_9 = call i8 @_ssdm_op_PartSelect.i8.i15.i32.i32(i15 %tmp_8, i32 7, i32 14)


 <State 9>: 3.25ns
ST_9: out_channels_ch1_add (52)  [1/1] 0.00ns  loc: yuv_filter.c:140
.reset:20  %out_channels_ch1_add = getelementptr [2457600 x i8]* %out_channels_ch1, i32 0, i32 %tmp_10_cast

ST_9: out_channels_ch2_add (53)  [1/1] 0.00ns  loc: yuv_filter.c:141
.reset:21  %out_channels_ch2_add = getelementptr [2457600 x i8]* %out_channels_ch2, i32 0, i32 %tmp_10_cast

ST_9: out_channels_ch3_add (54)  [1/1] 0.00ns  loc: yuv_filter.c:142
.reset:22  %out_channels_ch3_add = getelementptr [2457600 x i8]* %out_channels_ch3, i32 0, i32 %tmp_10_cast

ST_9: StgValue_70 (65)  [2/2] 3.25ns  loc: yuv_filter.c:140
.reset:33  store i8 %tmp_4, i8* %out_channels_ch1_add, align 1

ST_9: StgValue_71 (67)  [2/2] 3.25ns  loc: yuv_filter.c:141
.reset:35  store i8 %tmp_6, i8* %out_channels_ch2_add, align 1

ST_9: StgValue_72 (69)  [2/2] 3.25ns  loc: yuv_filter.c:142
.reset:37  store i8 %tmp_9, i8* %out_channels_ch3_add, align 1


 <State 10>: 3.25ns
ST_10: StgValue_73 (33)  [1/1] 0.00ns
.reset:1  call void (...)* @_ssdm_op_SpecLoopName([34 x i8]* @YUV_SCALE_LOOP_X_YUV)

ST_10: StgValue_74 (34)  [1/1] 0.00ns
.reset:2  call void (...)* @_ssdm_op_SpecLoopTripCount(i64 40000, i64 2457600, i64 784400)

ST_10: StgValue_75 (43)  [1/1] 0.00ns  loc: yuv_filter.c:132
.reset:11  call void (...)* @_ssdm_op_SpecLoopName([17 x i8]* @p_str6) nounwind

ST_10: tmp_2 (44)  [1/1] 0.00ns  loc: yuv_filter.c:132
.reset:12  %tmp_2 = call i32 (...)* @_ssdm_op_SpecRegionBegin([17 x i8]* @p_str6)

ST_10: StgValue_77 (45)  [1/1] 0.00ns  loc: yuv_filter.c:133
.reset:13  call void (...)* @_ssdm_op_SpecPipeline(i32 -1, i32 1, i32 1, i32 0, [1 x i8]* @p_str1) nounwind

ST_10: StgValue_78 (65)  [1/2] 3.25ns  loc: yuv_filter.c:140
.reset:33  store i8 %tmp_4, i8* %out_channels_ch1_add, align 1

ST_10: StgValue_79 (67)  [1/2] 3.25ns  loc: yuv_filter.c:141
.reset:35  store i8 %tmp_6, i8* %out_channels_ch2_add, align 1

ST_10: StgValue_80 (69)  [1/2] 3.25ns  loc: yuv_filter.c:142
.reset:37  store i8 %tmp_9, i8* %out_channels_ch3_add, align 1

ST_10: empty (70)  [1/1] 0.00ns  loc: yuv_filter.c:143
.reset:38  %empty = call i32 (...)* @_ssdm_op_SpecRegionEnd([17 x i8]* @p_str6, i32 %tmp_2)

ST_10: StgValue_82 (72)  [1/1] 0.00ns  loc: yuv_filter.c:132
.reset:40  br label %1


 <State 11>: 0.00ns
ST_11: mrv (74)  [1/1] 0.00ns  loc: yuv_filter.c:145
:0  %mrv = insertvalue { i16, i16 } undef, i16 %in_width_read_1, 0

ST_11: mrv_1 (75)  [1/1] 0.00ns  loc: yuv_filter.c:145
:1  %mrv_1 = insertvalue { i16, i16 } %mrv, i16 %in_height_read_1, 1

ST_11: StgValue_85 (76)  [1/1] 0.00ns  loc: yuv_filter.c:145
:2  ret { i16, i16 } %mrv_1



============================================================
+ Verbose Summary: Binding
============================================================
STG Binding: 
---------------- STG Properties BEGIN ----------------
- Is combinational: 0
- Is one-state seq: 0
- Is datapath-only: 0
- Is pipelined: 0
- Is top level: 0
Port [ Return ] is wired: 1; IO mode=ap_ctrl_hs:ce=0
Port [ in_channels_ch1]:  wired=1; compound=1; hidden=0; nouse=0; global=0; static=0; extern=0; dir=0; type=1; pingpong=0; private_global=0; MemPort=[13]; IO mode=ap_memory:ce=0
Port [ in_channels_ch2]:  wired=1; compound=1; hidden=0; nouse=0; global=0; static=0; extern=0; dir=0; type=1; pingpong=0; private_global=0; MemPort=[13]; IO mode=ap_memory:ce=0
Port [ in_channels_ch3]:  wired=1; compound=1; hidden=0; nouse=0; global=0; static=0; extern=0; dir=0; type=1; pingpong=0; private_global=0; MemPort=[13]; IO mode=ap_memory:ce=0
Port [ in_width_read]:  wired=1; compound=0; hidden=0; nouse=0; global=0; static=0; extern=0; dir=0; type=0; pingpong=0; private_global=0; IO mode=ap_none:ce=0
Port [ in_height_read]:  wired=1; compound=0; hidden=0; nouse=0; global=0; static=0; extern=0; dir=0; type=0; pingpong=0; private_global=0; IO mode=ap_none:ce=0
Port [ out_channels_ch1]:  wired=1; compound=1; hidden=0; nouse=0; global=0; static=0; extern=0; dir=1; type=1; pingpong=0; private_global=0; MemPort=[03]; IO mode=ap_memory:ce=0
Port [ out_channels_ch2]:  wired=1; compound=1; hidden=0; nouse=0; global=0; static=0; extern=0; dir=1; type=1; pingpong=0; private_global=0; MemPort=[03]; IO mode=ap_memory:ce=0
Port [ out_channels_ch3]:  wired=1; compound=1; hidden=0; nouse=0; global=0; static=0; extern=0; dir=1; type=1; pingpong=0; private_global=0; MemPort=[03]; IO mode=ap_memory:ce=0
Port [ Y_scale]:  wired=1; compound=0; hidden=0; nouse=0; global=0; static=0; extern=0; dir=0; type=0; pingpong=0; private_global=0; IO mode=ap_none:ce=0
Port [ U_scale]:  wired=1; compound=0; hidden=0; nouse=0; global=0; static=0; extern=0; dir=0; type=0; pingpong=0; private_global=0; IO mode=ap_none:ce=0
Port [ V_scale]:  wired=1; compound=0; hidden=0; nouse=0; global=0; static=0; extern=0; dir=0; type=0; pingpong=0; private_global=0; IO mode=ap_none:ce=0
---------------- STG Properties END ------------------

---------------- Datapath Model BEGIN ----------------

<LifeTime>
<method=bitvector/>
V_scale_read         (read             ) [ 000000000000]
U_scale_read         (read             ) [ 000000000000]
Y_scale_read         (read             ) [ 000000000000]
in_height_read_1     (read             ) [ 001111111111]
in_width_read_1      (read             ) [ 001111111111]
tmp_cast             (zext             ) [ 001111111110]
tmp_1_cast           (zext             ) [ 001111111110]
tmp_2_cast           (zext             ) [ 001111111110]
cast                 (zext             ) [ 000000000000]
cast1                (zext             ) [ 000000000000]
bound                (mul              ) [ 001111111110]
StgValue_23          (br               ) [ 011111111110]
indvar_flatten       (phi              ) [ 001000000000]
x                    (phi              ) [ 001000000000]
y                    (phi              ) [ 001000000000]
exitcond_flatten     (icmp             ) [ 001111111110]
indvar_flatten_next  (add              ) [ 011111111110]
StgValue_29          (br               ) [ 000000000000]
x_1                  (add              ) [ 000000000000]
exitcond3            (icmp             ) [ 000000000000]
y_mid2               (select           ) [ 001100000000]
tmp_3_mid2_v         (select           ) [ 011111111110]
tmp                  (trunc            ) [ 001100000000]
tmp_1                (trunc            ) [ 001100000000]
p_shl_cast           (bitconcatenate   ) [ 000000000000]
p_shl1_cast          (bitconcatenate   ) [ 000000000000]
tmp_3                (add              ) [ 000000000000]
tmp_5_cast           (zext             ) [ 000000000000]
tmp_5                (add              ) [ 001010000000]
y_1                  (add              ) [ 011011111110]
tmp_10_cast          (zext             ) [ 001001111100]
in_channels_ch1_addr (getelementptr    ) [ 001001110000]
in_channels_ch2_addr (getelementptr    ) [ 001001110000]
in_channels_ch3_addr (getelementptr    ) [ 001001110000]
Y                    (load             ) [ 001000001000]
U                    (load             ) [ 001000001000]
V                    (load             ) [ 001000001000]
tmp_6_cast           (zext             ) [ 000000000000]
tmp_7                (mul              ) [ 000000000000]
tmp_9_cast           (zext             ) [ 000000000000]
tmp_s                (mul              ) [ 000000000000]
tmp_4_cast           (zext             ) [ 000000000000]
tmp_8                (mul              ) [ 000000000000]
tmp_4                (partselect       ) [ 001000000110]
tmp_6                (partselect       ) [ 001000000110]
tmp_9                (partselect       ) [ 001000000110]
out_channels_ch1_add (getelementptr    ) [ 001000000010]
out_channels_ch2_add (getelementptr    ) [ 001000000010]
out_channels_ch3_add (getelementptr    ) [ 001000000010]
StgValue_73          (specloopname     ) [ 000000000000]
StgValue_74          (speclooptripcount) [ 000000000000]
StgValue_75          (specloopname     ) [ 000000000000]
tmp_2                (specregionbegin  ) [ 000000000000]
StgValue_77          (specpipeline     ) [ 000000000000]
StgValue_78          (store            ) [ 000000000000]
StgValue_79          (store            ) [ 000000000000]
StgValue_80          (store            ) [ 000000000000]
empty                (specregionend    ) [ 000000000000]
StgValue_82          (br               ) [ 011111111110]
mrv                  (insertvalue      ) [ 000000000000]
mrv_1                (insertvalue      ) [ 000000000000]
StgValue_85          (ret              ) [ 000000000000]
</LifeTime>

<model>

<comp_list>
<comp id="0" class="1000" name="in_channels_ch1">
<pin_list>
<pin id="1" dir="1" index="0" bw="1" slack="0"/>
</pin_list>
<bind>
<StgValue><ssdm name="in_channels_ch1"/><MemPortTyVec>1 3 </MemPortTyVec>
</StgValue>
</bind>
</comp>

<comp id="2" class="1000" name="in_channels_ch2">
<pin_list>
<pin id="3" dir="1" index="0" bw="1" slack="0"/>
</pin_list>
<bind>
<StgValue><ssdm name="in_channels_ch2"/><MemPortTyVec>1 3 </MemPortTyVec>
</StgValue>
</bind>
</comp>

<comp id="4" class="1000" name="in_channels_ch3">
<pin_list>
<pin id="5" dir="1" index="0" bw="1" slack="0"/>
</pin_list>
<bind>
<StgValue><ssdm name="in_channels_ch3"/><MemPortTyVec>1 3 </MemPortTyVec>
</StgValue>
</bind>
</comp>

<comp id="6" class="1000" name="in_width_read">
<pin_list>
<pin id="7" dir="1" index="0" bw="1" slack="0"/>
</pin_list>
<bind>
<StgValue><ssdm name="in_width_read"/></StgValue>
</bind>
</comp>

<comp id="8" class="1000" name="in_height_read">
<pin_list>
<pin id="9" dir="1" index="0" bw="1" slack="0"/>
</pin_list>
<bind>
<StgValue><ssdm name="in_height_read"/></StgValue>
</bind>
</comp>

<comp id="10" class="1000" name="out_channels_ch1">
<pin_list>
<pin id="11" dir="1" index="0" bw="1" slack="0"/>
</pin_list>
<bind>
<StgValue><ssdm name="out_channels_ch1"/><MemPortTyVec>0 3 </MemPortTyVec>
</StgValue>
</bind>
</comp>

<comp id="12" class="1000" name="out_channels_ch2">
<pin_list>
<pin id="13" dir="1" index="0" bw="1" slack="0"/>
</pin_list>
<bind>
<StgValue><ssdm name="out_channels_ch2"/><MemPortTyVec>0 3 </MemPortTyVec>
</StgValue>
</bind>
</comp>

<comp id="14" class="1000" name="out_channels_ch3">
<pin_list>
<pin id="15" dir="1" index="0" bw="1" slack="0"/>
</pin_list>
<bind>
<StgValue><ssdm name="out_channels_ch3"/><MemPortTyVec>0 3 </MemPortTyVec>
</StgValue>
</bind>
</comp>

<comp id="16" class="1000" name="Y_scale">
<pin_list>
<pin id="17" dir="1" index="0" bw="1" slack="0"/>
</pin_list>
<bind>
<StgValue><ssdm name="Y_scale"/></StgValue>
</bind>
</comp>

<comp id="18" class="1000" name="U_scale">
<pin_list>
<pin id="19" dir="1" index="0" bw="1" slack="0"/>
</pin_list>
<bind>
<StgValue><ssdm name="U_scale"/></StgValue>
</bind>
</comp>

<comp id="20" class="1000" name="V_scale">
<pin_list>
<pin id="21" dir="1" index="0" bw="1" slack="0"/>
</pin_list>
<bind>
<StgValue><ssdm name="V_scale"/></StgValue>
</bind>
</comp>

<comp id="22" class="1001" name="const_22">
<pin_list>
<pin id="23" dir="1" index="0" bw="1" slack="0"/>
</pin_list>
<bind>
<StgValue><ssdm name="_ssdm_op_Read.ap_auto.i8"/></StgValue>
</bind>
</comp>

<comp id="24" class="1001" name="const_24">
<pin_list>
<pin id="25" dir="1" index="0" bw="1" slack="0"/>
</pin_list>
<bind>
<StgValue><ssdm name="_ssdm_op_Read.ap_auto.i16"/></StgValue>
</bind>
</comp>

<comp id="26" class="1001" name="const_26">
<pin_list>
<pin id="27" dir="1" index="0" bw="1" slack="0"/>
</pin_list>
<bind>
<StgValue><ssdm name=""/></StgValue>
</bind>
</comp>

<comp id="28" class="1001" name="const_28">
<pin_list>
<pin id="29" dir="1" index="0" bw="1" slack="0"/>
</pin_list>
<bind>
<StgValue><ssdm name=""/></StgValue>
</bind>
</comp>

<comp id="30" class="1001" name="const_30">
<pin_list>
<pin id="31" dir="1" index="0" bw="1" slack="0"/>
</pin_list>
<bind>
<StgValue><ssdm name=""/></StgValue>
</bind>
</comp>

<comp id="32" class="1001" name="const_32">
<pin_list>
<pin id="33" dir="1" index="0" bw="1" slack="0"/>
</pin_list>
<bind>
<StgValue><ssdm name=""/></StgValue>
</bind>
</comp>

<comp id="34" class="1001" name="const_34">
<pin_list>
<pin id="35" dir="1" index="0" bw="1" slack="0"/>
</pin_list>
<bind>
<StgValue><ssdm name="_ssdm_op_BitConcatenate.i23.i13.i10"/></StgValue>
</bind>
</comp>

<comp id="36" class="1001" name="const_36">
<pin_list>
<pin id="37" dir="1" index="0" bw="1" slack="0"/>
</pin_list>
<bind>
<StgValue><ssdm name=""/></StgValue>
</bind>
</comp>

<comp id="38" class="1001" name="const_38">
<pin_list>
<pin id="39" dir="1" index="0" bw="1" slack="0"/>
</pin_list>
<bind>
<StgValue><ssdm name="_ssdm_op_BitConcatenate.i23.i15.i8"/></StgValue>
</bind>
</comp>

<comp id="40" class="1001" name="const_40">
<pin_list>
<pin id="41" dir="1" index="0" bw="1" slack="0"/>
</pin_list>
<bind>
<StgValue><ssdm name=""/></StgValue>
</bind>
</comp>

<comp id="42" class="1001" name="const_42">
<pin_list>
<pin id="43" dir="1" index="0" bw="1" slack="0"/>
</pin_list>
<bind>
<StgValue><ssdm name="_ssdm_op_PartSelect.i8.i15.i32.i32"/></StgValue>
</bind>
</comp>

<comp id="44" class="1001" name="const_44">
<pin_list>
<pin id="45" dir="1" index="0" bw="1" slack="0"/>
</pin_list>
<bind>
<StgValue><ssdm name=""/></StgValue>
</bind>
</comp>

<comp id="46" class="1001" name="const_46">
<pin_list>
<pin id="47" dir="1" index="0" bw="1" slack="0"/>
</pin_list>
<bind>
<StgValue><ssdm name=""/></StgValue>
</bind>
</comp>

<comp id="48" class="1001" name="const_48">
<pin_list>
<pin id="49" dir="1" index="0" bw="1" slack="2147483647"/>
</pin_list>
<bind>
<StgValue><ssdm name="_ssdm_op_SpecLoopName"/></StgValue>
</bind>
</comp>

<comp id="50" class="1001" name="const_50">
<pin_list>
<pin id="51" dir="1" index="0" bw="1" slack="2147483647"/>
</pin_list>
<bind>
<StgValue><ssdm name="YUV_SCALE_LOOP_X_YUV"/></StgValue>
</bind>
</comp>

<comp id="52" class="1001" name="const_52">
<pin_list>
<pin id="53" dir="1" index="0" bw="1" slack="2147483647"/>
</pin_list>
<bind>
<StgValue><ssdm name="_ssdm_op_SpecLoopTripCount"/></StgValue>
</bind>
</comp>

<comp id="54" class="1001" name="const_54">
<pin_list>
<pin id="55" dir="1" index="0" bw="1" slack="2147483647"/>
</pin_list>
<bind>
<StgValue><ssdm name=""/></StgValue>
</bind>
</comp>

<comp id="56" class="1001" name="const_56">
<pin_list>
<pin id="57" dir="1" index="0" bw="1" slack="2147483647"/>
</pin_list>
<bind>
<StgValue><ssdm name=""/></StgValue>
</bind>
</comp>

<comp id="58" class="1001" name="const_58">
<pin_list>
<pin id="59" dir="1" index="0" bw="1" slack="2147483647"/>
</pin_list>
<bind>
<StgValue><ssdm name=""/></StgValue>
</bind>
</comp>

<comp id="60" class="1001" name="const_60">
<pin_list>
<pin id="61" dir="1" index="0" bw="1" slack="2147483647"/>
</pin_list>
<bind>
<StgValue><ssdm name="p_str6"/></StgValue>
</bind>
</comp>

<comp id="62" class="1001" name="const_62">
<pin_list>
<pin id="63" dir="1" index="0" bw="1" slack="2147483647"/>
</pin_list>
<bind>
<StgValue><ssdm name="_ssdm_op_SpecRegionBegin"/></StgValue>
</bind>
</comp>

<comp id="64" class="1001" name="const_64">
<pin_list>
<pin id="65" dir="1" index="0" bw="1" slack="2147483647"/>
</pin_list>
<bind>
<StgValue><ssdm name="_ssdm_op_SpecPipeline"/></StgValue>
</bind>
</comp>

<comp id="66" class="1001" name="const_66">
<pin_list>
<pin id="67" dir="1" index="0" bw="1" slack="2147483647"/>
</pin_list>
<bind>
<StgValue><ssdm name=""/></StgValue>
</bind>
</comp>

<comp id="68" class="1001" name="const_68">
<pin_list>
<pin id="69" dir="1" index="0" bw="1" slack="2147483647"/>
</pin_list>
<bind>
<StgValue><ssdm name="p_str1"/></StgValue>
</bind>
</comp>

<comp id="70" class="1001" name="const_70">
<pin_list>
<pin id="71" dir="1" index="0" bw="1" slack="2147483647"/>
</pin_list>
<bind>
<StgValue><ssdm name="_ssdm_op_SpecRegionEnd"/></StgValue>
</bind>
</comp>

<comp id="72" class="1001" name="const_72">
<pin_list>
<pin id="73" dir="1" index="0" bw="1" slack="0"/>
</pin_list>
<bind>
<StgValue><ssdm name=""/></StgValue>
</bind>
</comp>

<comp id="74" class="1004" name="V_scale_read_read_fu_74">
<pin_list>
<pin id="75" dir="0" index="0" bw="8" slack="0"/>
<pin id="76" dir="0" index="1" bw="8" slack="0"/>
<pin id="77" dir="1" index="2" bw="8" slack="0"/>
</pin_list>
<bind>
<opcode="read(1150) " fcode="read"/>
<opset="V_scale_read/1 "/>
</bind>
</comp>

<comp id="80" class="1004" name="U_scale_read_read_fu_80">
<pin_list>
<pin id="81" dir="0" index="0" bw="8" slack="0"/>
<pin id="82" dir="0" index="1" bw="8" slack="0"/>
<pin id="83" dir="1" index="2" bw="8" slack="0"/>
</pin_list>
<bind>
<opcode="read(1150) " fcode="read"/>
<opset="U_scale_read/1 "/>
</bind>
</comp>

<comp id="86" class="1004" name="Y_scale_read_read_fu_86">
<pin_list>
<pin id="87" dir="0" index="0" bw="8" slack="0"/>
<pin id="88" dir="0" index="1" bw="8" slack="0"/>
<pin id="89" dir="1" index="2" bw="8" slack="0"/>
</pin_list>
<bind>
<opcode="read(1150) " fcode="read"/>
<opset="Y_scale_read/1 "/>
</bind>
</comp>

<comp id="92" class="1004" name="in_height_read_1_read_fu_92">
<pin_list>
<pin id="93" dir="0" index="0" bw="16" slack="0"/>
<pin id="94" dir="0" index="1" bw="16" slack="0"/>
<pin id="95" dir="1" index="2" bw="16" slack="0"/>
</pin_list>
<bind>
<opcode="read(1150) " fcode="read"/>
<opset="in_height_read_1/1 "/>
</bind>
</comp>

<comp id="98" class="1004" name="in_width_read_1_read_fu_98">
<pin_list>
<pin id="99" dir="0" index="0" bw="16" slack="0"/>
<pin id="100" dir="0" index="1" bw="16" slack="0"/>
<pin id="101" dir="1" index="2" bw="16" slack="0"/>
</pin_list>
<bind>
<opcode="read(1150) " fcode="read"/>
<opset="in_width_read_1/1 "/>
</bind>
</comp>

<comp id="104" class="1004" name="in_channels_ch1_addr_gep_fu_104">
<pin_list>
<pin id="105" dir="0" index="0" bw="8" slack="0"/>
<pin id="106" dir="0" index="1" bw="1" slack="0"/>
<pin id="107" dir="0" index="2" bw="23" slack="0"/>
<pin id="108" dir="1" index="3" bw="22" slack="0"/>
</pin_list>
<bind>
<opcode="getelementptr(29) " fcode="getelementptr"/>
<opset="in_channels_ch1_addr/4 "/>
</bind>
</comp>

<comp id="111" class="1004" name="in_channels_ch2_addr_gep_fu_111">
<pin_list>
<pin id="112" dir="0" index="0" bw="8" slack="0"/>
<pin id="113" dir="0" index="1" bw="1" slack="0"/>
<pin id="114" dir="0" index="2" bw="23" slack="0"/>
<pin id="115" dir="1" index="3" bw="22" slack="0"/>
</pin_list>
<bind>
<opcode="getelementptr(29) " fcode="getelementptr"/>
<opset="in_channels_ch2_addr/4 "/>
</bind>
</comp>

<comp id="118" class="1004" name="in_channels_ch3_addr_gep_fu_118">
<pin_list>
<pin id="119" dir="0" index="0" bw="8" slack="0"/>
<pin id="120" dir="0" index="1" bw="1" slack="0"/>
<pin id="121" dir="0" index="2" bw="23" slack="0"/>
<pin id="122" dir="1" index="3" bw="22" slack="0"/>
</pin_list>
<bind>
<opcode="getelementptr(29) " fcode="getelementptr"/>
<opset="in_channels_ch3_addr/4 "/>
</bind>
</comp>

<comp id="125" class="1004" name="grp_access_fu_125">
<pin_list>
<pin id="126" dir="0" index="0" bw="22" slack="0"/>
<pin id="127" dir="0" index="1" bw="8" slack="2147483647"/>
<pin id="128" dir="1" index="2" bw="8" slack="1"/>
</pin_list>
<bind>
<opcode="load(27) " fcode="load"/>
<opset="Y/4 "/>
</bind>
</comp>

<comp id="130" class="1004" name="grp_access_fu_130">
<pin_list>
<pin id="131" dir="0" index="0" bw="22" slack="0"/>
<pin id="132" dir="0" index="1" bw="8" slack="2147483647"/>
<pin id="133" dir="1" index="2" bw="8" slack="1"/>
</pin_list>
<bind>
<opcode="load(27) " fcode="load"/>
<opset="U/4 "/>
</bind>
</comp>

<comp id="135" class="1004" name="grp_access_fu_135">
<pin_list>
<pin id="136" dir="0" index="0" bw="22" slack="0"/>
<pin id="137" dir="0" index="1" bw="8" slack="2147483647"/>
<pin id="138" dir="1" index="2" bw="8" slack="1"/>
</pin_list>
<bind>
<opcode="load(27) " fcode="load"/>
<opset="V/4 "/>
</bind>
</comp>

<comp id="140" class="1004" name="out_channels_ch1_add_gep_fu_140">
<pin_list>
<pin id="141" dir="0" index="0" bw="8" slack="0"/>
<pin id="142" dir="0" index="1" bw="1" slack="0"/>
<pin id="143" dir="0" index="2" bw="23" slack="5"/>
<pin id="144" dir="1" index="3" bw="22" slack="0"/>
</pin_list>
<bind>
<opcode="getelementptr(29) " fcode="getelementptr"/>
<opset="out_channels_ch1_add/9 "/>
</bind>
</comp>

<comp id="147" class="1004" name="out_channels_ch2_add_gep_fu_147">
<pin_list>
<pin id="148" dir="0" index="0" bw="8" slack="0"/>
<pin id="149" dir="0" index="1" bw="1" slack="0"/>
<pin id="150" dir="0" index="2" bw="23" slack="5"/>
<pin id="151" dir="1" index="3" bw="22" slack="0"/>
</pin_list>
<bind>
<opcode="getelementptr(29) " fcode="getelementptr"/>
<opset="out_channels_ch2_add/9 "/>
</bind>
</comp>

<comp id="154" class="1004" name="out_channels_ch3_add_gep_fu_154">
<pin_list>
<pin id="155" dir="0" index="0" bw="8" slack="0"/>
<pin id="156" dir="0" index="1" bw="1" slack="0"/>
<pin id="157" dir="0" index="2" bw="23" slack="5"/>
<pin id="158" dir="1" index="3" bw="22" slack="0"/>
</pin_list>
<bind>
<opcode="getelementptr(29) " fcode="getelementptr"/>
<opset="out_channels_ch3_add/9 "/>
</bind>
</comp>

<comp id="161" class="1004" name="grp_access_fu_161">
<pin_list>
<pin id="162" dir="0" index="0" bw="22" slack="0"/>
<pin id="163" dir="0" index="1" bw="8" slack="1"/>
<pin id="164" dir="1" index="2" bw="8" slack="2147483647"/>
</pin_list>
<bind>
<opcode="store(28) " fcode="store"/>
<opset="StgValue_70/9 "/>
</bind>
</comp>

<comp id="166" class="1004" name="grp_access_fu_166">
<pin_list>
<pin id="167" dir="0" index="0" bw="22" slack="0"/>
<pin id="168" dir="0" index="1" bw="8" slack="1"/>
<pin id="169" dir="1" index="2" bw="8" slack="2147483647"/>
</pin_list>
<bind>
<opcode="store(28) " fcode="store"/>
<opset="StgValue_71/9 "/>
</bind>
</comp>

<comp id="171" class="1004" name="grp_access_fu_171">
<pin_list>
<pin id="172" dir="0" index="0" bw="22" slack="0"/>
<pin id="173" dir="0" index="1" bw="8" slack="1"/>
<pin id="174" dir="1" index="2" bw="8" slack="2147483647"/>
</pin_list>
<bind>
<opcode="store(28) " fcode="store"/>
<opset="StgValue_72/9 "/>
</bind>
</comp>

<comp id="176" class="1005" name="indvar_flatten_reg_176">
<pin_list>
<pin id="177" dir="0" index="0" bw="32" slack="1"/>
<pin id="178" dir="1" index="1" bw="32" slack="1"/>
</pin_list>
<bind>
<opset="indvar_flatten (phireg) "/>
</bind>
</comp>

<comp id="180" class="1004" name="indvar_flatten_phi_fu_180">
<pin_list>
<pin id="181" dir="0" index="0" bw="1" slack="1"/>
<pin id="182" dir="0" index="1" bw="0" slack="2147483647"/>
<pin id="183" dir="0" index="2" bw="32" slack="0"/>
<pin id="184" dir="0" index="3" bw="0" slack="2147483647"/>
<pin id="185" dir="1" index="4" bw="32" slack="0"/>
</pin_list>
<bind>
<opcode="phi(47) " fcode="phi"/>
<opset="indvar_flatten/2 "/>
</bind>
</comp>

<comp id="187" class="1005" name="x_reg_187">
<pin_list>
<pin id="188" dir="0" index="0" bw="16" slack="1"/>
<pin id="189" dir="1" index="1" bw="16" slack="1"/>
</pin_list>
<bind>
<opset="x (phireg) "/>
</bind>
</comp>

<comp id="191" class="1004" name="x_phi_fu_191">
<pin_list>
<pin id="192" dir="0" index="0" bw="1" slack="1"/>
<pin id="193" dir="0" index="1" bw="0" slack="2147483647"/>
<pin id="194" dir="0" index="2" bw="16" slack="0"/>
<pin id="195" dir="0" index="3" bw="0" slack="2147483647"/>
<pin id="196" dir="1" index="4" bw="16" slack="0"/>
</pin_list>
<bind>
<opcode="phi(47) " fcode="phi"/>
<opset="x/2 "/>
</bind>
</comp>

<comp id="198" class="1005" name="y_reg_198">
<pin_list>
<pin id="199" dir="0" index="0" bw="16" slack="1"/>
<pin id="200" dir="1" index="1" bw="16" slack="1"/>
</pin_list>
<bind>
<opset="y (phireg) "/>
</bind>
</comp>

<comp id="202" class="1004" name="y_phi_fu_202">
<pin_list>
<pin id="203" dir="0" index="0" bw="1" slack="1"/>
<pin id="204" dir="0" index="1" bw="0" slack="2147483647"/>
<pin id="205" dir="0" index="2" bw="16" slack="1"/>
<pin id="206" dir="0" index="3" bw="0" slack="2147483647"/>
<pin id="207" dir="1" index="4" bw="16" slack="0"/>
</pin_list>
<bind>
<opcode="phi(47) " fcode="phi"/>
<opset="y/2 "/>
</bind>
</comp>

<comp id="209" class="1004" name="tmp_cast_fu_209">
<pin_list>
<pin id="210" dir="0" index="0" bw="8" slack="0"/>
<pin id="211" dir="1" index="1" bw="15" slack="7"/>
</pin_list>
<bind>
<opcode="zext(34) " fcode="zext"/>
<opset="tmp_cast/1 "/>
</bind>
</comp>

<comp id="213" class="1004" name="tmp_1_cast_fu_213">
<pin_list>
<pin id="214" dir="0" index="0" bw="8" slack="0"/>
<pin id="215" dir="1" index="1" bw="15" slack="7"/>
</pin_list>
<bind>
<opcode="zext(34) " fcode="zext"/>
<opset="tmp_1_cast/1 "/>
</bind>
</comp>

<comp id="217" class="1004" name="tmp_2_cast_fu_217">
<pin_list>
<pin id="218" dir="0" index="0" bw="8" slack="0"/>
<pin id="219" dir="1" index="1" bw="15" slack="7"/>
</pin_list>
<bind>
<opcode="zext(34) " fcode="zext"/>
<opset="tmp_2_cast/1 "/>
</bind>
</comp>

<comp id="221" class="1004" name="cast_fu_221">
<pin_list>
<pin id="222" dir="0" index="0" bw="16" slack="0"/>
<pin id="223" dir="1" index="1" bw="32" slack="0"/>
</pin_list>
<bind>
<opcode="zext(34) " fcode="zext"/>
<opset="cast/1 "/>
</bind>
</comp>

<comp id="225" class="1004" name="cast1_fu_225">
<pin_list>
<pin id="226" dir="0" index="0" bw="16" slack="0"/>
<pin id="227" dir="1" index="1" bw="32" slack="0"/>
</pin_list>
<bind>
<opcode="zext(34) " fcode="zext"/>
<opset="cast1/1 "/>
</bind>
</comp>

<comp id="229" class="1004" name="exitcond_flatten_fu_229">
<pin_list>
<pin id="230" dir="0" index="0" bw="32" slack="0"/>
<pin id="231" dir="0" index="1" bw="32" slack="1"/>
<pin id="232" dir="1" index="2" bw="1" slack="1"/>
</pin_list>
<bind>
<opcode="icmp(45) " fcode="icmp"/>
<opset="exitcond_flatten/2 "/>
</bind>
</comp>

<comp id="234" class="1004" name="indvar_flatten_next_fu_234">
<pin_list>
<pin id="235" dir="0" index="0" bw="32" slack="0"/>
<pin id="236" dir="0" index="1" bw="1" slack="0"/>
<pin id="237" dir="1" index="2" bw="32" slack="0"/>
</pin_list>
<bind>
<opcode="add(8) " fcode="add"/>
<opset="indvar_flatten_next/2 "/>
</bind>
</comp>

<comp id="240" class="1004" name="x_1_fu_240">
<pin_list>
<pin id="241" dir="0" index="0" bw="1" slack="0"/>
<pin id="242" dir="0" index="1" bw="16" slack="0"/>
<pin id="243" dir="1" index="2" bw="16" slack="0"/>
</pin_list>
<bind>
<opcode="add(8) " fcode="add"/>
<opset="x_1/2 "/>
</bind>
</comp>

<comp id="246" class="1004" name="exitcond3_fu_246">
<pin_list>
<pin id="247" dir="0" index="0" bw="16" slack="0"/>
<pin id="248" dir="0" index="1" bw="16" slack="1"/>
<pin id="249" dir="1" index="2" bw="1" slack="0"/>
</pin_list>
<bind>
<opcode="icmp(45) " fcode="icmp"/>
<opset="exitcond3/2 "/>
</bind>
</comp>

<comp id="251" class="1004" name="y_mid2_fu_251">
<pin_list>
<pin id="252" dir="0" index="0" bw="1" slack="0"/>
<pin id="253" dir="0" index="1" bw="1" slack="0"/>
<pin id="254" dir="0" index="2" bw="16" slack="0"/>
<pin id="255" dir="1" index="3" bw="16" slack="1"/>
</pin_list>
<bind>
<opcode="select(49) " fcode="select"/>
<opset="y_mid2/2 "/>
</bind>
</comp>

<comp id="259" class="1004" name="tmp_3_mid2_v_fu_259">
<pin_list>
<pin id="260" dir="0" index="0" bw="1" slack="0"/>
<pin id="261" dir="0" index="1" bw="16" slack="0"/>
<pin id="262" dir="0" index="2" bw="16" slack="0"/>
<pin id="263" dir="1" index="3" bw="16" slack="0"/>
</pin_list>
<bind>
<opcode="select(49) " fcode="select"/>
<opset="tmp_3_mid2_v/2 "/>
</bind>
</comp>

<comp id="267" class="1004" name="tmp_fu_267">
<pin_list>
<pin id="268" dir="0" index="0" bw="16" slack="0"/>
<pin id="269" dir="1" index="1" bw="13" slack="1"/>
</pin_list>
<bind>
<opcode="trunc(33) " fcode="trunc"/>
<opset="tmp/2 "/>
</bind>
</comp>

<comp id="271" class="1004" name="tmp_1_fu_271">
<pin_list>
<pin id="272" dir="0" index="0" bw="16" slack="0"/>
<pin id="273" dir="1" index="1" bw="15" slack="1"/>
</pin_list>
<bind>
<opcode="trunc(33) " fcode="trunc"/>
<opset="tmp_1/2 "/>
</bind>
</comp>

<comp id="275" class="1004" name="p_shl_cast_fu_275">
<pin_list>
<pin id="276" dir="0" index="0" bw="23" slack="0"/>
<pin id="277" dir="0" index="1" bw="13" slack="1"/>
<pin id="278" dir="0" index="2" bw="1" slack="0"/>
<pin id="279" dir="1" index="3" bw="23" slack="0"/>
</pin_list>
<bind>
<opcode="bitconcatenate(1004) " fcode="bitconcatenate"/>
<opset="p_shl_cast/3 "/>
</bind>
</comp>

<comp id="282" class="1004" name="p_shl1_cast_fu_282">
<pin_list>
<pin id="283" dir="0" index="0" bw="23" slack="0"/>
<pin id="284" dir="0" index="1" bw="15" slack="1"/>
<pin id="285" dir="0" index="2" bw="1" slack="0"/>
<pin id="286" dir="1" index="3" bw="23" slack="0"/>
</pin_list>
<bind>
<opcode="bitconcatenate(1004) " fcode="bitconcatenate"/>
<opset="p_shl1_cast/3 "/>
</bind>
</comp>

<comp id="289" class="1004" name="tmp_3_fu_289">
<pin_list>
<pin id="290" dir="0" index="0" bw="23" slack="0"/>
<pin id="291" dir="0" index="1" bw="23" slack="0"/>
<pin id="292" dir="1" index="2" bw="23" slack="0"/>
</pin_list>
<bind>
<opcode="add(8) " fcode="add"/>
<opset="tmp_3/3 "/>
</bind>
</comp>

<comp id="295" class="1004" name="tmp_5_cast_fu_295">
<pin_list>
<pin id="296" dir="0" index="0" bw="16" slack="1"/>
<pin id="297" dir="1" index="1" bw="23" slack="0"/>
</pin_list>
<bind>
<opcode="zext(34) " fcode="zext"/>
<opset="tmp_5_cast/3 "/>
</bind>
</comp>

<comp id="298" class="1004" name="tmp_5_fu_298">
<pin_list>
<pin id="299" dir="0" index="0" bw="16" slack="0"/>
<pin id="300" dir="0" index="1" bw="23" slack="0"/>
<pin id="301" dir="1" index="2" bw="23" slack="1"/>
</pin_list>
<bind>
<opcode="add(8) " fcode="add"/>
<opset="tmp_5/3 "/>
</bind>
</comp>

<comp id="304" class="1004" name="y_1_fu_304">
<pin_list>
<pin id="305" dir="0" index="0" bw="1" slack="0"/>
<pin id="306" dir="0" index="1" bw="16" slack="1"/>
<pin id="307" dir="1" index="2" bw="16" slack="1"/>
</pin_list>
<bind>
<opcode="add(8) " fcode="add"/>
<opset="y_1/3 "/>
</bind>
</comp>

<comp id="309" class="1004" name="tmp_10_cast_fu_309">
<pin_list>
<pin id="310" dir="0" index="0" bw="23" slack="1"/>
<pin id="311" dir="1" index="1" bw="32" slack="0"/>
</pin_list>
<bind>
<opcode="zext(34) " fcode="zext"/>
<opset="tmp_10_cast/4 "/>
</bind>
</comp>

<comp id="315" class="1004" name="tmp_6_cast_fu_315">
<pin_list>
<pin id="316" dir="0" index="0" bw="8" slack="1"/>
<pin id="317" dir="1" index="1" bw="15" slack="0"/>
</pin_list>
<bind>
<opcode="zext(34) " fcode="zext"/>
<opset="tmp_6_cast/8 "/>
</bind>
</comp>

<comp id="318" class="1004" name="tmp_7_fu_318">
<pin_list>
<pin id="319" dir="0" index="0" bw="8" slack="0"/>
<pin id="320" dir="0" index="1" bw="8" slack="7"/>
<pin id="321" dir="1" index="2" bw="15" slack="0"/>
</pin_list>
<bind>
<opcode="mul(12) " fcode="mul"/>
<opset="tmp_7/8 "/>
</bind>
</comp>

<comp id="323" class="1004" name="tmp_9_cast_fu_323">
<pin_list>
<pin id="324" dir="0" index="0" bw="8" slack="1"/>
<pin id="325" dir="1" index="1" bw="15" slack="0"/>
</pin_list>
<bind>
<opcode="zext(34) " fcode="zext"/>
<opset="tmp_9_cast/8 "/>
</bind>
</comp>

<comp id="326" class="1004" name="tmp_s_fu_326">
<pin_list>
<pin id="327" dir="0" index="0" bw="8" slack="0"/>
<pin id="328" dir="0" index="1" bw="8" slack="7"/>
<pin id="329" dir="1" index="2" bw="15" slack="0"/>
</pin_list>
<bind>
<opcode="mul(12) " fcode="mul"/>
<opset="tmp_s/8 "/>
</bind>
</comp>

<comp id="331" class="1004" name="tmp_4_cast_fu_331">
<pin_list>
<pin id="332" dir="0" index="0" bw="8" slack="1"/>
<pin id="333" dir="1" index="1" bw="15" slack="0"/>
</pin_list>
<bind>
<opcode="zext(34) " fcode="zext"/>
<opset="tmp_4_cast/8 "/>
</bind>
</comp>

<comp id="334" class="1004" name="tmp_8_fu_334">
<pin_list>
<pin id="335" dir="0" index="0" bw="8" slack="0"/>
<pin id="336" dir="0" index="1" bw="8" slack="7"/>
<pin id="337" dir="1" index="2" bw="15" slack="0"/>
</pin_list>
<bind>
<opcode="mul(12) " fcode="mul"/>
<opset="tmp_8/8 "/>
</bind>
</comp>

<comp id="339" class="1004" name="tmp_4_fu_339">
<pin_list>
<pin id="340" dir="0" index="0" bw="8" slack="0"/>
<pin id="341" dir="0" index="1" bw="15" slack="0"/>
<pin id="342" dir="0" index="2" bw="4" slack="0"/>
<pin id="343" dir="0" index="3" bw="5" slack="0"/>
<pin id="344" dir="1" index="4" bw="8" slack="1"/>
</pin_list>
<bind>
<opcode="partselect(1002) " fcode="partselect"/>
<opset="tmp_4/8 "/>
</bind>
</comp>

<comp id="349" class="1004" name="tmp_6_fu_349">
<pin_list>
<pin id="350" dir="0" index="0" bw="8" slack="0"/>
<pin id="351" dir="0" index="1" bw="15" slack="0"/>
<pin id="352" dir="0" index="2" bw="4" slack="0"/>
<pin id="353" dir="0" index="3" bw="5" slack="0"/>
<pin id="354" dir="1" index="4" bw="8" slack="1"/>
</pin_list>
<bind>
<opcode="partselect(1002) " fcode="partselect"/>
<opset="tmp_6/8 "/>
</bind>
</comp>

<comp id="359" class="1004" name="tmp_9_fu_359">
<pin_list>
<pin id="360" dir="0" index="0" bw="8" slack="0"/>
<pin id="361" dir="0" index="1" bw="15" slack="0"/>
<pin id="362" dir="0" index="2" bw="4" slack="0"/>
<pin id="363" dir="0" index="3" bw="5" slack="0"/>
<pin id="364" dir="1" index="4" bw="8" slack="1"/>
</pin_list>
<bind>
<opcode="partselect(1002) " fcode="partselect"/>
<opset="tmp_9/8 "/>
</bind>
</comp>

<comp id="369" class="1004" name="mrv_fu_369">
<pin_list>
<pin id="370" dir="0" index="0" bw="32" slack="0"/>
<pin id="371" dir="0" index="1" bw="16" slack="2"/>
<pin id="372" dir="1" index="2" bw="32" slack="0"/>
</pin_list>
<bind>
<opcode="insertvalue(57) " fcode="insertvalue"/>
<opset="mrv/11 "/>
</bind>
</comp>

<comp id="374" class="1004" name="mrv_1_fu_374">
<pin_list>
<pin id="375" dir="0" index="0" bw="32" slack="0"/>
<pin id="376" dir="0" index="1" bw="16" slack="2"/>
<pin id="377" dir="1" index="2" bw="32" slack="2147483647"/>
</pin_list>
<bind>
<opcode="insertvalue(57) " fcode="insertvalue"/>
<opset="mrv_1/11 "/>
</bind>
</comp>

<comp id="379" class="1007" name="bound_fu_379">
<pin_list>
<pin id="380" dir="0" index="0" bw="16" slack="0"/>
<pin id="381" dir="0" index="1" bw="16" slack="0"/>
<pin id="382" dir="1" index="2" bw="32" slack="1"/>
</pin_list>
<bind>
<opcode="mul(12) " fcode="mul"/>
<opset="bound/1 "/>
</bind>
</comp>

<comp id="385" class="1005" name="in_height_read_1_reg_385">
<pin_list>
<pin id="386" dir="0" index="0" bw="16" slack="1"/>
<pin id="387" dir="1" index="1" bw="16" slack="1"/>
</pin_list>
<bind>
<opset="in_height_read_1 "/>
</bind>
</comp>

<comp id="391" class="1005" name="in_width_read_1_reg_391">
<pin_list>
<pin id="392" dir="0" index="0" bw="16" slack="2"/>
<pin id="393" dir="1" index="1" bw="16" slack="2"/>
</pin_list>
<bind>
<opset="in_width_read_1 "/>
</bind>
</comp>

<comp id="396" class="1005" name="tmp_cast_reg_396">
<pin_list>
<pin id="397" dir="0" index="0" bw="15" slack="7"/>
<pin id="398" dir="1" index="1" bw="15" slack="7"/>
</pin_list>
<bind>
<opset="tmp_cast "/>
</bind>
</comp>

<comp id="401" class="1005" name="tmp_1_cast_reg_401">
<pin_list>
<pin id="402" dir="0" index="0" bw="15" slack="7"/>
<pin id="403" dir="1" index="1" bw="15" slack="7"/>
</pin_list>
<bind>
<opset="tmp_1_cast "/>
</bind>
</comp>

<comp id="406" class="1005" name="tmp_2_cast_reg_406">
<pin_list>
<pin id="407" dir="0" index="0" bw="15" slack="7"/>
<pin id="408" dir="1" index="1" bw="15" slack="7"/>
</pin_list>
<bind>
<opset="tmp_2_cast "/>
</bind>
</comp>

<comp id="411" class="1005" name="bound_reg_411">
<pin_list>
<pin id="412" dir="0" index="0" bw="32" slack="1"/>
<pin id="413" dir="1" index="1" bw="32" slack="1"/>
</pin_list>
<bind>
<opset="bound "/>
</bind>
</comp>

<comp id="416" class="1005" name="exitcond_flatten_reg_416">
<pin_list>
<pin id="417" dir="0" index="0" bw="1" slack="1"/>
<pin id="418" dir="1" index="1" bw="1" slack="2147483647"/>
</pin_list>
<bind>
<opset="exitcond_flatten "/>
</bind>
</comp>

<comp id="420" class="1005" name="indvar_flatten_next_reg_420">
<pin_list>
<pin id="421" dir="0" index="0" bw="32" slack="0"/>
<pin id="422" dir="1" index="1" bw="32" slack="0"/>
</pin_list>
<bind>
<opset="indvar_flatten_next "/>
</bind>
</comp>

<comp id="425" class="1005" name="y_mid2_reg_425">
<pin_list>
<pin id="426" dir="0" index="0" bw="16" slack="1"/>
<pin id="427" dir="1" index="1" bw="16" slack="1"/>
</pin_list>
<bind>
<opset="y_mid2 "/>
</bind>
</comp>

<comp id="431" class="1005" name="tmp_3_mid2_v_reg_431">
<pin_list>
<pin id="432" dir="0" index="0" bw="16" slack="0"/>
<pin id="433" dir="1" index="1" bw="16" slack="0"/>
</pin_list>
<bind>
<opset="tmp_3_mid2_v "/>
</bind>
</comp>

<comp id="436" class="1005" name="tmp_reg_436">
<pin_list>
<pin id="437" dir="0" index="0" bw="13" slack="1"/>
<pin id="438" dir="1" index="1" bw="13" slack="1"/>
</pin_list>
<bind>
<opset="tmp "/>
</bind>
</comp>

<comp id="441" class="1005" name="tmp_1_reg_441">
<pin_list>
<pin id="442" dir="0" index="0" bw="15" slack="1"/>
<pin id="443" dir="1" index="1" bw="15" slack="1"/>
</pin_list>
<bind>
<opset="tmp_1 "/>
</bind>
</comp>

<comp id="446" class="1005" name="tmp_5_reg_446">
<pin_list>
<pin id="447" dir="0" index="0" bw="23" slack="1"/>
<pin id="448" dir="1" index="1" bw="23" slack="1"/>
</pin_list>
<bind>
<opset="tmp_5 "/>
</bind>
</comp>

<comp id="451" class="1005" name="y_1_reg_451">
<pin_list>
<pin id="452" dir="0" index="0" bw="16" slack="1"/>
<pin id="453" dir="1" index="1" bw="16" slack="1"/>
</pin_list>
<bind>
<opset="y_1 "/>
</bind>
</comp>

<comp id="456" class="1005" name="tmp_10_cast_reg_456">
<pin_list>
<pin id="457" dir="0" index="0" bw="32" slack="5"/>
<pin id="458" dir="1" index="1" bw="32" slack="5"/>
</pin_list>
<bind>
<opset="tmp_10_cast "/>
</bind>
</comp>

<comp id="463" class="1005" name="in_channels_ch1_addr_reg_463">
<pin_list>
<pin id="464" dir="0" index="0" bw="22" slack="1"/>
<pin id="465" dir="1" index="1" bw="22" slack="1"/>
</pin_list>
<bind>
<opset="in_channels_ch1_addr "/>
</bind>
</comp>

<comp id="468" class="1005" name="in_channels_ch2_addr_reg_468">
<pin_list>
<pin id="469" dir="0" index="0" bw="22" slack="1"/>
<pin id="470" dir="1" index="1" bw="22" slack="1"/>
</pin_list>
<bind>
<opset="in_channels_ch2_addr "/>
</bind>
</comp>

<comp id="473" class="1005" name="in_channels_ch3_addr_reg_473">
<pin_list>
<pin id="474" dir="0" index="0" bw="22" slack="1"/>
<pin id="475" dir="1" index="1" bw="22" slack="1"/>
</pin_list>
<bind>
<opset="in_channels_ch3_addr "/>
</bind>
</comp>

<comp id="478" class="1005" name="Y_reg_478">
<pin_list>
<pin id="479" dir="0" index="0" bw="8" slack="1"/>
<pin id="480" dir="1" index="1" bw="8" slack="1"/>
</pin_list>
<bind>
<opset="Y "/>
</bind>
</comp>

<comp id="483" class="1005" name="U_reg_483">
<pin_list>
<pin id="484" dir="0" index="0" bw="8" slack="1"/>
<pin id="485" dir="1" index="1" bw="8" slack="1"/>
</pin_list>
<bind>
<opset="U "/>
</bind>
</comp>

<comp id="488" class="1005" name="V_reg_488">
<pin_list>
<pin id="489" dir="0" index="0" bw="8" slack="1"/>
<pin id="490" dir="1" index="1" bw="8" slack="1"/>
</pin_list>
<bind>
<opset="V "/>
</bind>
</comp>

<comp id="493" class="1005" name="tmp_4_reg_493">
<pin_list>
<pin id="494" dir="0" index="0" bw="8" slack="1"/>
<pin id="495" dir="1" index="1" bw="8" slack="1"/>
</pin_list>
<bind>
<opset="tmp_4 "/>
</bind>
</comp>

<comp id="498" class="1005" name="tmp_6_reg_498">
<pin_list>
<pin id="499" dir="0" index="0" bw="8" slack="1"/>
<pin id="500" dir="1" index="1" bw="8" slack="1"/>
</pin_list>
<bind>
<opset="tmp_6 "/>
</bind>
</comp>

<comp id="503" class="1005" name="tmp_9_reg_503">
<pin_list>
<pin id="504" dir="0" index="0" bw="8" slack="1"/>
<pin id="505" dir="1" index="1" bw="8" slack="1"/>
</pin_list>
<bind>
<opset="tmp_9 "/>
</bind>
</comp>

<comp id="508" class="1005" name="out_channels_ch1_add_reg_508">
<pin_list>
<pin id="509" dir="0" index="0" bw="22" slack="1"/>
<pin id="510" dir="1" index="1" bw="22" slack="1"/>
</pin_list>
<bind>
<opset="out_channels_ch1_add "/>
</bind>
</comp>

<comp id="513" class="1005" name="out_channels_ch2_add_reg_513">
<pin_list>
<pin id="514" dir="0" index="0" bw="22" slack="1"/>
<pin id="515" dir="1" index="1" bw="22" slack="1"/>
</pin_list>
<bind>
<opset="out_channels_ch2_add "/>
</bind>
</comp>

<comp id="518" class="1005" name="out_channels_ch3_add_reg_518">
<pin_list>
<pin id="519" dir="0" index="0" bw="22" slack="1"/>
<pin id="520" dir="1" index="1" bw="22" slack="1"/>
</pin_list>
<bind>
<opset="out_channels_ch3_add "/>
</bind>
</comp>

</comp_list>

<net_list>
<net id="78"><net_src comp="22" pin="0"/><net_sink comp="74" pin=0"/></net>

<net id="79"><net_src comp="20" pin="0"/><net_sink comp="74" pin=1"/></net>

<net id="84"><net_src comp="22" pin="0"/><net_sink comp="80" pin=0"/></net>

<net id="85"><net_src comp="18" pin="0"/><net_sink comp="80" pin=1"/></net>

<net id="90"><net_src comp="22" pin="0"/><net_sink comp="86" pin=0"/></net>

<net id="91"><net_src comp="16" pin="0"/><net_sink comp="86" pin=1"/></net>

<net id="96"><net_src comp="24" pin="0"/><net_sink comp="92" pin=0"/></net>

<net id="97"><net_src comp="8" pin="0"/><net_sink comp="92" pin=1"/></net>

<net id="102"><net_src comp="24" pin="0"/><net_sink comp="98" pin=0"/></net>

<net id="103"><net_src comp="6" pin="0"/><net_sink comp="98" pin=1"/></net>

<net id="109"><net_src comp="0" pin="0"/><net_sink comp="104" pin=0"/></net>

<net id="110"><net_src comp="26" pin="0"/><net_sink comp="104" pin=1"/></net>

<net id="116"><net_src comp="2" pin="0"/><net_sink comp="111" pin=0"/></net>

<net id="117"><net_src comp="26" pin="0"/><net_sink comp="111" pin=1"/></net>

<net id="123"><net_src comp="4" pin="0"/><net_sink comp="118" pin=0"/></net>

<net id="124"><net_src comp="26" pin="0"/><net_sink comp="118" pin=1"/></net>

<net id="129"><net_src comp="104" pin="3"/><net_sink comp="125" pin=0"/></net>

<net id="134"><net_src comp="111" pin="3"/><net_sink comp="130" pin=0"/></net>

<net id="139"><net_src comp="118" pin="3"/><net_sink comp="135" pin=0"/></net>

<net id="145"><net_src comp="10" pin="0"/><net_sink comp="140" pin=0"/></net>

<net id="146"><net_src comp="26" pin="0"/><net_sink comp="140" pin=1"/></net>

<net id="152"><net_src comp="12" pin="0"/><net_sink comp="147" pin=0"/></net>

<net id="153"><net_src comp="26" pin="0"/><net_sink comp="147" pin=1"/></net>

<net id="159"><net_src comp="14" pin="0"/><net_sink comp="154" pin=0"/></net>

<net id="160"><net_src comp="26" pin="0"/><net_sink comp="154" pin=1"/></net>

<net id="165"><net_src comp="140" pin="3"/><net_sink comp="161" pin=0"/></net>

<net id="170"><net_src comp="147" pin="3"/><net_sink comp="166" pin=0"/></net>

<net id="175"><net_src comp="154" pin="3"/><net_sink comp="171" pin=0"/></net>

<net id="179"><net_src comp="26" pin="0"/><net_sink comp="176" pin=0"/></net>

<net id="186"><net_src comp="176" pin="1"/><net_sink comp="180" pin=0"/></net>

<net id="190"><net_src comp="28" pin="0"/><net_sink comp="187" pin=0"/></net>

<net id="197"><net_src comp="187" pin="1"/><net_sink comp="191" pin=0"/></net>

<net id="201"><net_src comp="28" pin="0"/><net_sink comp="198" pin=0"/></net>

<net id="208"><net_src comp="198" pin="1"/><net_sink comp="202" pin=0"/></net>

<net id="212"><net_src comp="86" pin="2"/><net_sink comp="209" pin=0"/></net>

<net id="216"><net_src comp="80" pin="2"/><net_sink comp="213" pin=0"/></net>

<net id="220"><net_src comp="74" pin="2"/><net_sink comp="217" pin=0"/></net>

<net id="224"><net_src comp="98" pin="2"/><net_sink comp="221" pin=0"/></net>

<net id="228"><net_src comp="92" pin="2"/><net_sink comp="225" pin=0"/></net>

<net id="233"><net_src comp="180" pin="4"/><net_sink comp="229" pin=0"/></net>

<net id="238"><net_src comp="180" pin="4"/><net_sink comp="234" pin=0"/></net>

<net id="239"><net_src comp="30" pin="0"/><net_sink comp="234" pin=1"/></net>

<net id="244"><net_src comp="32" pin="0"/><net_sink comp="240" pin=0"/></net>

<net id="245"><net_src comp="191" pin="4"/><net_sink comp="240" pin=1"/></net>

<net id="250"><net_src comp="202" pin="4"/><net_sink comp="246" pin=0"/></net>

<net id="256"><net_src comp="246" pin="2"/><net_sink comp="251" pin=0"/></net>

<net id="257"><net_src comp="28" pin="0"/><net_sink comp="251" pin=1"/></net>

<net id="258"><net_src comp="202" pin="4"/><net_sink comp="251" pin=2"/></net>

<net id="264"><net_src comp="246" pin="2"/><net_sink comp="259" pin=0"/></net>

<net id="265"><net_src comp="240" pin="2"/><net_sink comp="259" pin=1"/></net>

<net id="266"><net_src comp="191" pin="4"/><net_sink comp="259" pin=2"/></net>

<net id="270"><net_src comp="259" pin="3"/><net_sink comp="267" pin=0"/></net>

<net id="274"><net_src comp="259" pin="3"/><net_sink comp="271" pin=0"/></net>

<net id="280"><net_src comp="34" pin="0"/><net_sink comp="275" pin=0"/></net>

<net id="281"><net_src comp="36" pin="0"/><net_sink comp="275" pin=2"/></net>

<net id="287"><net_src comp="38" pin="0"/><net_sink comp="282" pin=0"/></net>

<net id="288"><net_src comp="40" pin="0"/><net_sink comp="282" pin=2"/></net>

<net id="293"><net_src comp="275" pin="3"/><net_sink comp="289" pin=0"/></net>

<net id="294"><net_src comp="282" pin="3"/><net_sink comp="289" pin=1"/></net>

<net id="302"><net_src comp="295" pin="1"/><net_sink comp="298" pin=0"/></net>

<net id="303"><net_src comp="289" pin="2"/><net_sink comp="298" pin=1"/></net>

<net id="308"><net_src comp="32" pin="0"/><net_sink comp="304" pin=0"/></net>

<net id="312"><net_src comp="309" pin="1"/><net_sink comp="104" pin=2"/></net>

<net id="313"><net_src comp="309" pin="1"/><net_sink comp="111" pin=2"/></net>

<net id="314"><net_src comp="309" pin="1"/><net_sink comp="118" pin=2"/></net>

<net id="322"><net_src comp="315" pin="1"/><net_sink comp="318" pin=0"/></net>

<net id="330"><net_src comp="323" pin="1"/><net_sink comp="326" pin=0"/></net>

<net id="338"><net_src comp="331" pin="1"/><net_sink comp="334" pin=0"/></net>

<net id="345"><net_src comp="42" pin="0"/><net_sink comp="339" pin=0"/></net>

<net id="346"><net_src comp="318" pin="2"/><net_sink comp="339" pin=1"/></net>

<net id="347"><net_src comp="44" pin="0"/><net_sink comp="339" pin=2"/></net>

<net id="348"><net_src comp="46" pin="0"/><net_sink comp="339" pin=3"/></net>

<net id="355"><net_src comp="42" pin="0"/><net_sink comp="349" pin=0"/></net>

<net id="356"><net_src comp="326" pin="2"/><net_sink comp="349" pin=1"/></net>

<net id="357"><net_src comp="44" pin="0"/><net_sink comp="349" pin=2"/></net>

<net id="358"><net_src comp="46" pin="0"/><net_sink comp="349" pin=3"/></net>

<net id="365"><net_src comp="42" pin="0"/><net_sink comp="359" pin=0"/></net>

<net id="366"><net_src comp="334" pin="2"/><net_sink comp="359" pin=1"/></net>

<net id="367"><net_src comp="44" pin="0"/><net_sink comp="359" pin=2"/></net>

<net id="368"><net_src comp="46" pin="0"/><net_sink comp="359" pin=3"/></net>

<net id="373"><net_src comp="72" pin="0"/><net_sink comp="369" pin=0"/></net>

<net id="378"><net_src comp="369" pin="2"/><net_sink comp="374" pin=0"/></net>

<net id="383"><net_src comp="225" pin="1"/><net_sink comp="379" pin=0"/></net>

<net id="384"><net_src comp="221" pin="1"/><net_sink comp="379" pin=1"/></net>

<net id="388"><net_src comp="92" pin="2"/><net_sink comp="385" pin=0"/></net>

<net id="389"><net_src comp="385" pin="1"/><net_sink comp="246" pin=1"/></net>

<net id="390"><net_src comp="385" pin="1"/><net_sink comp="374" pin=1"/></net>

<net id="394"><net_src comp="98" pin="2"/><net_sink comp="391" pin=0"/></net>

<net id="395"><net_src comp="391" pin="1"/><net_sink comp="369" pin=1"/></net>

<net id="399"><net_src comp="209" pin="1"/><net_sink comp="396" pin=0"/></net>

<net id="400"><net_src comp="396" pin="1"/><net_sink comp="318" pin=1"/></net>

<net id="404"><net_src comp="213" pin="1"/><net_sink comp="401" pin=0"/></net>

<net id="405"><net_src comp="401" pin="1"/><net_sink comp="326" pin=1"/></net>

<net id="409"><net_src comp="217" pin="1"/><net_sink comp="406" pin=0"/></net>

<net id="410"><net_src comp="406" pin="1"/><net_sink comp="334" pin=1"/></net>

<net id="414"><net_src comp="379" pin="2"/><net_sink comp="411" pin=0"/></net>

<net id="415"><net_src comp="411" pin="1"/><net_sink comp="229" pin=1"/></net>

<net id="419"><net_src comp="229" pin="2"/><net_sink comp="416" pin=0"/></net>

<net id="423"><net_src comp="234" pin="2"/><net_sink comp="420" pin=0"/></net>

<net id="424"><net_src comp="420" pin="1"/><net_sink comp="180" pin=2"/></net>

<net id="428"><net_src comp="251" pin="3"/><net_sink comp="425" pin=0"/></net>

<net id="429"><net_src comp="425" pin="1"/><net_sink comp="295" pin=0"/></net>

<net id="430"><net_src comp="425" pin="1"/><net_sink comp="304" pin=1"/></net>

<net id="434"><net_src comp="259" pin="3"/><net_sink comp="431" pin=0"/></net>

<net id="435"><net_src comp="431" pin="1"/><net_sink comp="191" pin=2"/></net>

<net id="439"><net_src comp="267" pin="1"/><net_sink comp="436" pin=0"/></net>

<net id="440"><net_src comp="436" pin="1"/><net_sink comp="275" pin=1"/></net>

<net id="444"><net_src comp="271" pin="1"/><net_sink comp="441" pin=0"/></net>

<net id="445"><net_src comp="441" pin="1"/><net_sink comp="282" pin=1"/></net>

<net id="449"><net_src comp="298" pin="2"/><net_sink comp="446" pin=0"/></net>

<net id="450"><net_src comp="446" pin="1"/><net_sink comp="309" pin=0"/></net>

<net id="454"><net_src comp="304" pin="2"/><net_sink comp="451" pin=0"/></net>

<net id="455"><net_src comp="451" pin="1"/><net_sink comp="202" pin=2"/></net>

<net id="459"><net_src comp="309" pin="1"/><net_sink comp="456" pin=0"/></net>

<net id="460"><net_src comp="456" pin="1"/><net_sink comp="140" pin=2"/></net>

<net id="461"><net_src comp="456" pin="1"/><net_sink comp="147" pin=2"/></net>

<net id="462"><net_src comp="456" pin="1"/><net_sink comp="154" pin=2"/></net>

<net id="466"><net_src comp="104" pin="3"/><net_sink comp="463" pin=0"/></net>

<net id="467"><net_src comp="463" pin="1"/><net_sink comp="125" pin=0"/></net>

<net id="471"><net_src comp="111" pin="3"/><net_sink comp="468" pin=0"/></net>

<net id="472"><net_src comp="468" pin="1"/><net_sink comp="130" pin=0"/></net>

<net id="476"><net_src comp="118" pin="3"/><net_sink comp="473" pin=0"/></net>

<net id="477"><net_src comp="473" pin="1"/><net_sink comp="135" pin=0"/></net>

<net id="481"><net_src comp="125" pin="2"/><net_sink comp="478" pin=0"/></net>

<net id="482"><net_src comp="478" pin="1"/><net_sink comp="315" pin=0"/></net>

<net id="486"><net_src comp="130" pin="2"/><net_sink comp="483" pin=0"/></net>

<net id="487"><net_src comp="483" pin="1"/><net_sink comp="323" pin=0"/></net>

<net id="491"><net_src comp="135" pin="2"/><net_sink comp="488" pin=0"/></net>

<net id="492"><net_src comp="488" pin="1"/><net_sink comp="331" pin=0"/></net>

<net id="496"><net_src comp="339" pin="4"/><net_sink comp="493" pin=0"/></net>

<net id="497"><net_src comp="493" pin="1"/><net_sink comp="161" pin=1"/></net>

<net id="501"><net_src comp="349" pin="4"/><net_sink comp="498" pin=0"/></net>

<net id="502"><net_src comp="498" pin="1"/><net_sink comp="166" pin=1"/></net>

<net id="506"><net_src comp="359" pin="4"/><net_sink comp="503" pin=0"/></net>

<net id="507"><net_src comp="503" pin="1"/><net_sink comp="171" pin=1"/></net>

<net id="511"><net_src comp="140" pin="3"/><net_sink comp="508" pin=0"/></net>

<net id="512"><net_src comp="508" pin="1"/><net_sink comp="161" pin=0"/></net>

<net id="516"><net_src comp="147" pin="3"/><net_sink comp="513" pin=0"/></net>

<net id="517"><net_src comp="513" pin="1"/><net_sink comp="166" pin=0"/></net>

<net id="521"><net_src comp="154" pin="3"/><net_sink comp="518" pin=0"/></net>

<net id="522"><net_src comp="518" pin="1"/><net_sink comp="171" pin=0"/></net>

</net_list>

</model> 
---------------- Datapath Model END ------------------

* FSMD analyzer results:
  - Output states:
	Port: out_channels_ch1 | {9 10 }
	Port: out_channels_ch2 | {9 10 }
	Port: out_channels_ch3 | {9 10 }
 - Input state : 
	Port: yuv_scale : in_channels_ch1 | {4 5 6 7 }
	Port: yuv_scale : in_channels_ch2 | {4 5 6 7 }
	Port: yuv_scale : in_channels_ch3 | {4 5 6 7 }
	Port: yuv_scale : in_width_read | {1 }
	Port: yuv_scale : in_height_read | {1 }
	Port: yuv_scale : Y_scale | {1 }
	Port: yuv_scale : U_scale | {1 }
	Port: yuv_scale : V_scale | {1 }
  - Chain level:
	State 1
		bound : 1
	State 2
		exitcond_flatten : 1
		indvar_flatten_next : 1
		StgValue_29 : 2
		x_1 : 1
		exitcond3 : 1
		y_mid2 : 2
		tmp_3_mid2_v : 2
		tmp : 3
		tmp_1 : 3
	State 3
		tmp_3 : 1
		tmp_5 : 2
	State 4
		in_channels_ch1_addr : 1
		in_channels_ch2_addr : 1
		in_channels_ch3_addr : 1
		Y : 2
		U : 2
		V : 2
	State 5
	State 6
	State 7
	State 8
		tmp_7 : 1
		tmp_s : 1
		tmp_8 : 1
		tmp_4 : 2
		tmp_6 : 2
		tmp_9 : 2
	State 9
		StgValue_70 : 1
		StgValue_71 : 1
		StgValue_72 : 1
	State 10
		empty : 1
	State 11
		mrv_1 : 1
		StgValue_85 : 2


============================================================
+ Verbose Summary: Datapath Resource usage 
============================================================

* Functional unit list:
|----------|-----------------------------|---------|---------|---------|
| Operation|       Functional Unit       |  DSP48E |    FF   |   LUT   |
|----------|-----------------------------|---------|---------|---------|
|          |  indvar_flatten_next_fu_234 |    0    |   101   |    37   |
|          |          x_1_fu_240         |    0    |    53   |    21   |
|    add   |         tmp_3_fu_289        |    0    |    0    |    23   |
|          |         tmp_5_fu_298        |    0    |    0    |    23   |
|          |          y_1_fu_304         |    0    |    53   |    21   |
|----------|-----------------------------|---------|---------|---------|
|          |         tmp_7_fu_318        |    0    |    0    |    62   |
|    mul   |         tmp_s_fu_326        |    0    |    0    |    62   |
|          |         tmp_8_fu_334        |    0    |    0    |    62   |
|          |         bound_fu_379        |    1    |    0    |    0    |
|----------|-----------------------------|---------|---------|---------|
|  select  |        y_mid2_fu_251        |    0    |    0    |    16   |
|          |     tmp_3_mid2_v_fu_259     |    0    |    0    |    16   |
|----------|-----------------------------|---------|---------|---------|
|   icmp   |   exitcond_flatten_fu_229   |    0    |    0    |    16   |
|          |       exitcond3_fu_246      |    0    |    0    |    8    |
|----------|-----------------------------|---------|---------|---------|
|          |   V_scale_read_read_fu_74   |    0    |    0    |    0    |
|          |   U_scale_read_read_fu_80   |    0    |    0    |    0    |
|   read   |   Y_scale_read_read_fu_86   |    0    |    0    |    0    |
|          | in_height_read_1_read_fu_92 |    0    |    0    |    0    |
|          |  in_width_read_1_read_fu_98 |    0    |    0    |    0    |
|----------|-----------------------------|---------|---------|---------|
|          |       tmp_cast_fu_209       |    0    |    0    |    0    |
|          |      tmp_1_cast_fu_213      |    0    |    0    |    0    |
|          |      tmp_2_cast_fu_217      |    0    |    0    |    0    |
|          |         cast_fu_221         |    0    |    0    |    0    |
|   zext   |         cast1_fu_225        |    0    |    0    |    0    |
|          |      tmp_5_cast_fu_295      |    0    |    0    |    0    |
|          |      tmp_10_cast_fu_309     |    0    |    0    |    0    |
|          |      tmp_6_cast_fu_315      |    0    |    0    |    0    |
|          |      tmp_9_cast_fu_323      |    0    |    0    |    0    |
|          |      tmp_4_cast_fu_331      |    0    |    0    |    0    |
|----------|-----------------------------|---------|---------|---------|
|   trunc  |          tmp_fu_267         |    0    |    0    |    0    |
|          |         tmp_1_fu_271        |    0    |    0    |    0    |
|----------|-----------------------------|---------|---------|---------|
|bitconcatenate|      p_shl_cast_fu_275      |    0    |    0    |    0    |
|          |      p_shl1_cast_fu_282     |    0    |    0    |    0    |
|----------|-----------------------------|---------|---------|---------|
|          |         tmp_4_fu_339        |    0    |    0    |    0    |
|partselect|         tmp_6_fu_349        |    0    |    0    |    0    |
|          |         tmp_9_fu_359        |    0    |    0    |    0    |
|----------|-----------------------------|---------|---------|---------|
|insertvalue|          mrv_fu_369         |    0    |    0    |    0    |
|          |         mrv_1_fu_374        |    0    |    0    |    0    |
|----------|-----------------------------|---------|---------|---------|
|   Total  |                             |    1    |   207   |   367   |
|----------|-----------------------------|---------|---------|---------|

Memories:
N/A

* Register list:
+----------------------------+--------+
|                            |   FF   |
+----------------------------+--------+
|          U_reg_483         |    8   |
|          V_reg_488         |    8   |
|          Y_reg_478         |    8   |
|        bound_reg_411       |   32   |
|  exitcond_flatten_reg_416  |    1   |
|in_channels_ch1_addr_reg_463|   22   |
|in_channels_ch2_addr_reg_468|   22   |
|in_channels_ch3_addr_reg_473|   22   |
|  in_height_read_1_reg_385  |   16   |
|   in_width_read_1_reg_391  |   16   |
| indvar_flatten_next_reg_420|   32   |
|   indvar_flatten_reg_176   |   32   |
|out_channels_ch1_add_reg_508|   22   |
|out_channels_ch2_add_reg_513|   22   |
|out_channels_ch3_add_reg_518|   22   |
|     tmp_10_cast_reg_456    |   32   |
|     tmp_1_cast_reg_401     |   15   |
|        tmp_1_reg_441       |   15   |
|     tmp_2_cast_reg_406     |   15   |
|    tmp_3_mid2_v_reg_431    |   16   |
|        tmp_4_reg_493       |    8   |
|        tmp_5_reg_446       |   23   |
|        tmp_6_reg_498       |    8   |
|        tmp_9_reg_503       |    8   |
|      tmp_cast_reg_396      |   15   |
|         tmp_reg_436        |   13   |
|          x_reg_187         |   16   |
|         y_1_reg_451        |   16   |
|       y_mid2_reg_425       |   16   |
|          y_reg_198         |   16   |
+----------------------------+--------+
|            Total           |   517  |
+----------------------------+--------+

* Multiplexer (MUX) list: 
|-------------------|------|------|------|--------||---------||---------|
|        Comp       |  Pin | Size |  BW  | S x BW ||  Delay  ||   LUT   |
|-------------------|------|------|------|--------||---------||---------|
| grp_access_fu_125 |  p0  |   2  |  22  |   44   ||    9    |
| grp_access_fu_130 |  p0  |   2  |  22  |   44   ||    9    |
| grp_access_fu_135 |  p0  |   2  |  22  |   44   ||    9    |
| grp_access_fu_161 |  p0  |   2  |  22  |   44   ||    9    |
| grp_access_fu_166 |  p0  |   2  |  22  |   44   ||    9    |
| grp_access_fu_171 |  p0  |   2  |  22  |   44   ||    9    |
|-------------------|------|------|------|--------||---------||---------|
|       Total       |      |      |      |   264  ||  9.528  ||    54   |
|-------------------|------|------|------|--------||---------||---------|



* Summary:
+-----------+--------+--------+--------+--------+
|           | DSP48E |  Delay |   FF   |   LUT  |
+-----------+--------+--------+--------+--------+
|  Function |    1   |    -   |   207  |   367  |
|   Memory  |    -   |    -   |    -   |    -   |
|Multiplexer|    -   |    9   |    -   |   54   |
|  Register |    -   |    -   |   517  |    -   |
+-----------+--------+--------+--------+--------+
|   Total   |    1   |    9   |   724  |   421  |
+-----------+--------+--------+--------+--------+
