
*** Running vivado
    with args -log hdmi_in_wrapper.vdi -applog -m64 -product Vivado -messageDb vivado.pb -mode batch -source hdmi_in_wrapper.tcl -notrace



****** Vivado v2022.2 (64-bit)
  **** SW Build 3671981 on Fri Oct 14 05:00:03 MDT 2022
  **** IP Build 3669848 on Fri Oct 14 08:30:02 MDT 2022
    ** Copyright 1986-2022 Xilinx, Inc. All Rights Reserved.

source hdmi_in_wrapper.tcl -notrace
INFO: [IP_Flow 19-234] Refreshing IP repositories
INFO: [IP_Flow 19-1700] Loaded user IP repository 'c:/Users/krist/Desktop/Zybo-hdmi-in/repo'.
INFO: [IP_Flow 19-1700] Loaded user IP repository 'c:/git/erts2022/hls/ip'.
INFO: [IP_Flow 19-2313] Loaded Vivado IP repository 'C:/Xilinx/Vivado/2022.2/data/ip'.
Command: link_design -top hdmi_in_wrapper -part xc7z010clg400-1
Design is defaulting to srcset: sources_1
Design is defaulting to constrset: constrs_1
INFO: [Device 21-403] Loading part xc7z010clg400-1
Netlist sorting complete. Time (s): cpu = 00:00:00 ; elapsed = 00:00:00.691 . Memory (MB): peak = 904.664 ; gain = 0.000
INFO: [Netlist 29-17] Analyzing 809 Unisim elements for replacement
INFO: [Netlist 29-28] Unisim Transformation completed in 0 CPU seconds
INFO: [Project 1-479] Netlist was created with Vivado 2022.2
INFO: [Project 1-570] Preparing netlist for logic optimization
Parsing XDC File [c:/git/erts2022/vivado/CAT.gen/sources_1/bd/hdmi_in/ip/hdmi_in_dvi2rgb_0_0/src/dvi2rgb.xdc] for cell 'hdmi_in_i/dvi2rgb_0/U0'
Finished Parsing XDC File [c:/git/erts2022/vivado/CAT.gen/sources_1/bd/hdmi_in/ip/hdmi_in_dvi2rgb_0_0/src/dvi2rgb.xdc] for cell 'hdmi_in_i/dvi2rgb_0/U0'
Parsing XDC File [c:/git/erts2022/vivado/CAT.gen/sources_1/bd/hdmi_in/ip/hdmi_in_axi_gpio_btn_0/hdmi_in_axi_gpio_btn_0_board.xdc] for cell 'hdmi_in_i/axi_gpio_btn/U0'
Finished Parsing XDC File [c:/git/erts2022/vivado/CAT.gen/sources_1/bd/hdmi_in/ip/hdmi_in_axi_gpio_btn_0/hdmi_in_axi_gpio_btn_0_board.xdc] for cell 'hdmi_in_i/axi_gpio_btn/U0'
Parsing XDC File [c:/git/erts2022/vivado/CAT.gen/sources_1/bd/hdmi_in/ip/hdmi_in_axi_gpio_btn_0/hdmi_in_axi_gpio_btn_0.xdc] for cell 'hdmi_in_i/axi_gpio_btn/U0'
Finished Parsing XDC File [c:/git/erts2022/vivado/CAT.gen/sources_1/bd/hdmi_in/ip/hdmi_in_axi_gpio_btn_0/hdmi_in_axi_gpio_btn_0.xdc] for cell 'hdmi_in_i/axi_gpio_btn/U0'
Parsing XDC File [c:/git/erts2022/vivado/CAT.gen/sources_1/bd/hdmi_in/ip/hdmi_in_axi_gpio_led_0/hdmi_in_axi_gpio_led_0_board.xdc] for cell 'hdmi_in_i/axi_gpio_led/U0'
Finished Parsing XDC File [c:/git/erts2022/vivado/CAT.gen/sources_1/bd/hdmi_in/ip/hdmi_in_axi_gpio_led_0/hdmi_in_axi_gpio_led_0_board.xdc] for cell 'hdmi_in_i/axi_gpio_led/U0'
Parsing XDC File [c:/git/erts2022/vivado/CAT.gen/sources_1/bd/hdmi_in/ip/hdmi_in_axi_gpio_led_0/hdmi_in_axi_gpio_led_0.xdc] for cell 'hdmi_in_i/axi_gpio_led/U0'
Finished Parsing XDC File [c:/git/erts2022/vivado/CAT.gen/sources_1/bd/hdmi_in/ip/hdmi_in_axi_gpio_led_0/hdmi_in_axi_gpio_led_0.xdc] for cell 'hdmi_in_i/axi_gpio_led/U0'
Parsing XDC File [c:/git/erts2022/vivado/CAT.gen/sources_1/bd/hdmi_in/ip/hdmi_in_axi_gpio_sw_0/hdmi_in_axi_gpio_sw_0_board.xdc] for cell 'hdmi_in_i/axi_gpio_sw/U0'
Finished Parsing XDC File [c:/git/erts2022/vivado/CAT.gen/sources_1/bd/hdmi_in/ip/hdmi_in_axi_gpio_sw_0/hdmi_in_axi_gpio_sw_0_board.xdc] for cell 'hdmi_in_i/axi_gpio_sw/U0'
Parsing XDC File [c:/git/erts2022/vivado/CAT.gen/sources_1/bd/hdmi_in/ip/hdmi_in_axi_gpio_sw_0/hdmi_in_axi_gpio_sw_0.xdc] for cell 'hdmi_in_i/axi_gpio_sw/U0'
Finished Parsing XDC File [c:/git/erts2022/vivado/CAT.gen/sources_1/bd/hdmi_in/ip/hdmi_in_axi_gpio_sw_0/hdmi_in_axi_gpio_sw_0.xdc] for cell 'hdmi_in_i/axi_gpio_sw/U0'
Parsing XDC File [c:/git/erts2022/vivado/CAT.gen/sources_1/bd/hdmi_in/ip/hdmi_in_axi_gpio_video_0/hdmi_in_axi_gpio_video_0_board.xdc] for cell 'hdmi_in_i/axi_gpio_video/U0'
Finished Parsing XDC File [c:/git/erts2022/vivado/CAT.gen/sources_1/bd/hdmi_in/ip/hdmi_in_axi_gpio_video_0/hdmi_in_axi_gpio_video_0_board.xdc] for cell 'hdmi_in_i/axi_gpio_video/U0'
Parsing XDC File [c:/git/erts2022/vivado/CAT.gen/sources_1/bd/hdmi_in/ip/hdmi_in_axi_gpio_video_0/hdmi_in_axi_gpio_video_0.xdc] for cell 'hdmi_in_i/axi_gpio_video/U0'
Finished Parsing XDC File [c:/git/erts2022/vivado/CAT.gen/sources_1/bd/hdmi_in/ip/hdmi_in_axi_gpio_video_0/hdmi_in_axi_gpio_video_0.xdc] for cell 'hdmi_in_i/axi_gpio_video/U0'
Parsing XDC File [c:/git/erts2022/vivado/CAT.gen/sources_1/bd/hdmi_in/ip/hdmi_in_axi_vdma_0_0/hdmi_in_axi_vdma_0_0.xdc] for cell 'hdmi_in_i/axi_vdma_0/U0'
WARNING: [Vivado_Tcl 4-921] Waiver ID 'CDC-4' -to list should not be empty. [c:/git/erts2022/vivado/CAT.gen/sources_1/bd/hdmi_in/ip/hdmi_in_axi_vdma_0_0/hdmi_in_axi_vdma_0_0.xdc:76]
WARNING: [Vivado_Tcl 4-921] Waiver ID 'CDC-4' -to list should not be empty. [c:/git/erts2022/vivado/CAT.gen/sources_1/bd/hdmi_in/ip/hdmi_in_axi_vdma_0_0/hdmi_in_axi_vdma_0_0.xdc:80]
WARNING: [Vivado_Tcl 4-921] Waiver ID 'CDC-4' -to list should not be empty. [c:/git/erts2022/vivado/CAT.gen/sources_1/bd/hdmi_in/ip/hdmi_in_axi_vdma_0_0/hdmi_in_axi_vdma_0_0.xdc:84]
WARNING: [Vivado_Tcl 4-921] Waiver ID 'CDC-4' -to list should not be empty. [c:/git/erts2022/vivado/CAT.gen/sources_1/bd/hdmi_in/ip/hdmi_in_axi_vdma_0_0/hdmi_in_axi_vdma_0_0.xdc:88]
WARNING: [Vivado_Tcl 4-921] Waiver ID 'CDC-1' -to list should not be empty. [c:/git/erts2022/vivado/CAT.gen/sources_1/bd/hdmi_in/ip/hdmi_in_axi_vdma_0_0/hdmi_in_axi_vdma_0_0.xdc:92]
WARNING: [Vivado_Tcl 4-921] Waiver ID 'CDC-4' -to list should not be empty. [c:/git/erts2022/vivado/CAT.gen/sources_1/bd/hdmi_in/ip/hdmi_in_axi_vdma_0_0/hdmi_in_axi_vdma_0_0.xdc:96]
WARNING: [Vivado_Tcl 4-921] Waiver ID 'CDC-4' -to list should not be empty. [c:/git/erts2022/vivado/CAT.gen/sources_1/bd/hdmi_in/ip/hdmi_in_axi_vdma_0_0/hdmi_in_axi_vdma_0_0.xdc:100]
WARNING: [Vivado_Tcl 4-921] Waiver ID 'CDC-4' -to list should not be empty. [c:/git/erts2022/vivado/CAT.gen/sources_1/bd/hdmi_in/ip/hdmi_in_axi_vdma_0_0/hdmi_in_axi_vdma_0_0.xdc:104]
WARNING: [Vivado_Tcl 4-921] Waiver ID 'CDC-4' -to list should not be empty. [c:/git/erts2022/vivado/CAT.gen/sources_1/bd/hdmi_in/ip/hdmi_in_axi_vdma_0_0/hdmi_in_axi_vdma_0_0.xdc:108]
WARNING: [Vivado_Tcl 4-921] Waiver ID 'CDC-4' -to list should not be empty. [c:/git/erts2022/vivado/CAT.gen/sources_1/bd/hdmi_in/ip/hdmi_in_axi_vdma_0_0/hdmi_in_axi_vdma_0_0.xdc:112]
WARNING: [Vivado_Tcl 4-921] Waiver ID 'CDC-1' -to list should not be empty. [c:/git/erts2022/vivado/CAT.gen/sources_1/bd/hdmi_in/ip/hdmi_in_axi_vdma_0_0/hdmi_in_axi_vdma_0_0.xdc:116]
WARNING: [Vivado_Tcl 4-921] Waiver ID 'CDC-6' -to list should not be empty. [c:/git/erts2022/vivado/CAT.gen/sources_1/bd/hdmi_in/ip/hdmi_in_axi_vdma_0_0/hdmi_in_axi_vdma_0_0.xdc:200]
WARNING: [Vivado_Tcl 4-921] Waiver ID 'CDC-6' -to list should not be empty. [c:/git/erts2022/vivado/CAT.gen/sources_1/bd/hdmi_in/ip/hdmi_in_axi_vdma_0_0/hdmi_in_axi_vdma_0_0.xdc:208]
WARNING: [Vivado_Tcl 4-921] Waiver ID 'CDC-6' -to list should not be empty. [c:/git/erts2022/vivado/CAT.gen/sources_1/bd/hdmi_in/ip/hdmi_in_axi_vdma_0_0/hdmi_in_axi_vdma_0_0.xdc:224]
WARNING: [Vivado_Tcl 4-921] Waiver ID 'CDC-6' -to list should not be empty. [c:/git/erts2022/vivado/CAT.gen/sources_1/bd/hdmi_in/ip/hdmi_in_axi_vdma_0_0/hdmi_in_axi_vdma_0_0.xdc:228]
Finished Parsing XDC File [c:/git/erts2022/vivado/CAT.gen/sources_1/bd/hdmi_in/ip/hdmi_in_axi_vdma_0_0/hdmi_in_axi_vdma_0_0.xdc] for cell 'hdmi_in_i/axi_vdma_0/U0'
Parsing XDC File [c:/git/erts2022/vivado/CAT.gen/sources_1/bd/hdmi_in/ip/hdmi_in_proc_sys_reset_0_0/hdmi_in_proc_sys_reset_0_0_board.xdc] for cell 'hdmi_in_i/proc_sys_reset_0/U0'
Finished Parsing XDC File [c:/git/erts2022/vivado/CAT.gen/sources_1/bd/hdmi_in/ip/hdmi_in_proc_sys_reset_0_0/hdmi_in_proc_sys_reset_0_0_board.xdc] for cell 'hdmi_in_i/proc_sys_reset_0/U0'
Parsing XDC File [c:/git/erts2022/vivado/CAT.gen/sources_1/bd/hdmi_in/ip/hdmi_in_proc_sys_reset_0_0/hdmi_in_proc_sys_reset_0_0.xdc] for cell 'hdmi_in_i/proc_sys_reset_0/U0'
Finished Parsing XDC File [c:/git/erts2022/vivado/CAT.gen/sources_1/bd/hdmi_in/ip/hdmi_in_proc_sys_reset_0_0/hdmi_in_proc_sys_reset_0_0.xdc] for cell 'hdmi_in_i/proc_sys_reset_0/U0'
Parsing XDC File [c:/git/erts2022/vivado/CAT.gen/sources_1/bd/hdmi_in/ip/hdmi_in_processing_system7_0_0/hdmi_in_processing_system7_0_0.xdc] for cell 'hdmi_in_i/processing_system7_0/inst'
Finished Parsing XDC File [c:/git/erts2022/vivado/CAT.gen/sources_1/bd/hdmi_in/ip/hdmi_in_processing_system7_0_0/hdmi_in_processing_system7_0_0.xdc] for cell 'hdmi_in_i/processing_system7_0/inst'
Parsing XDC File [c:/git/erts2022/vivado/CAT.gen/sources_1/bd/hdmi_in/ip/hdmi_in_rst_processing_system7_0_100M_0/hdmi_in_rst_processing_system7_0_100M_0_board.xdc] for cell 'hdmi_in_i/rst_processing_system7_0_100M/U0'
Finished Parsing XDC File [c:/git/erts2022/vivado/CAT.gen/sources_1/bd/hdmi_in/ip/hdmi_in_rst_processing_system7_0_100M_0/hdmi_in_rst_processing_system7_0_100M_0_board.xdc] for cell 'hdmi_in_i/rst_processing_system7_0_100M/U0'
Parsing XDC File [c:/git/erts2022/vivado/CAT.gen/sources_1/bd/hdmi_in/ip/hdmi_in_rst_processing_system7_0_100M_0/hdmi_in_rst_processing_system7_0_100M_0.xdc] for cell 'hdmi_in_i/rst_processing_system7_0_100M/U0'
Finished Parsing XDC File [c:/git/erts2022/vivado/CAT.gen/sources_1/bd/hdmi_in/ip/hdmi_in_rst_processing_system7_0_100M_0/hdmi_in_rst_processing_system7_0_100M_0.xdc] for cell 'hdmi_in_i/rst_processing_system7_0_100M/U0'
Parsing XDC File [c:/git/erts2022/vivado/CAT.gen/sources_1/bd/hdmi_in/ip/hdmi_in_rst_processing_system7_0_150M_0/hdmi_in_rst_processing_system7_0_150M_0_board.xdc] for cell 'hdmi_in_i/rst_processing_system7_0_150M/U0'
Finished Parsing XDC File [c:/git/erts2022/vivado/CAT.gen/sources_1/bd/hdmi_in/ip/hdmi_in_rst_processing_system7_0_150M_0/hdmi_in_rst_processing_system7_0_150M_0_board.xdc] for cell 'hdmi_in_i/rst_processing_system7_0_150M/U0'
Parsing XDC File [c:/git/erts2022/vivado/CAT.gen/sources_1/bd/hdmi_in/ip/hdmi_in_rst_processing_system7_0_150M_0/hdmi_in_rst_processing_system7_0_150M_0.xdc] for cell 'hdmi_in_i/rst_processing_system7_0_150M/U0'
Finished Parsing XDC File [c:/git/erts2022/vivado/CAT.gen/sources_1/bd/hdmi_in/ip/hdmi_in_rst_processing_system7_0_150M_0/hdmi_in_rst_processing_system7_0_150M_0.xdc] for cell 'hdmi_in_i/rst_processing_system7_0_150M/U0'
Parsing XDC File [C:/git/erts2022/vivado/CAT.srcs/constrs_1/imports/constraints/ZYBO_Master.xdc]
Finished Parsing XDC File [C:/git/erts2022/vivado/CAT.srcs/constrs_1/imports/constraints/ZYBO_Master.xdc]
Parsing XDC File [c:/git/erts2022/vivado/CAT.gen/sources_1/bd/hdmi_in/ip/hdmi_in_s00_regslice_0/hdmi_in_s00_regslice_0_clocks.xdc] for cell 'hdmi_in_i/axi_mem_intercon/s00_couplers/s00_regslice/inst'
WARNING: [Vivado_Tcl 4-921] Waiver ID 'CDC-7' -to list should not be empty. [c:/git/erts2022/vivado/CAT.gen/sources_1/bd/hdmi_in/ip/hdmi_in_s00_regslice_0/hdmi_in_s00_regslice_0_clocks.xdc:10]
Finished Parsing XDC File [c:/git/erts2022/vivado/CAT.gen/sources_1/bd/hdmi_in/ip/hdmi_in_s00_regslice_0/hdmi_in_s00_regslice_0_clocks.xdc] for cell 'hdmi_in_i/axi_mem_intercon/s00_couplers/s00_regslice/inst'
Parsing XDC File [c:/git/erts2022/vivado/CAT.gen/sources_1/bd/hdmi_in/ip/hdmi_in_s00_data_fifo_0/hdmi_in_s00_data_fifo_0_clocks.xdc] for cell 'hdmi_in_i/axi_mem_intercon/s00_couplers/s00_data_fifo/inst'
WARNING: [Vivado_Tcl 4-939] Waiver ID 'LUTAR-1' object list should not be empty (perhaps an invalid wildcard was used or only unsupported objects). [c:/git/erts2022/vivado/CAT.gen/sources_1/bd/hdmi_in/ip/hdmi_in_s00_data_fifo_0/hdmi_in_s00_data_fifo_0_clocks.xdc:2]
WARNING: [Vivado_Tcl 4-939] Waiver ID 'LUTAR-1' object list should not be empty (perhaps an invalid wildcard was used or only unsupported objects). [c:/git/erts2022/vivado/CAT.gen/sources_1/bd/hdmi_in/ip/hdmi_in_s00_data_fifo_0/hdmi_in_s00_data_fifo_0_clocks.xdc:6]
Finished Parsing XDC File [c:/git/erts2022/vivado/CAT.gen/sources_1/bd/hdmi_in/ip/hdmi_in_s00_data_fifo_0/hdmi_in_s00_data_fifo_0_clocks.xdc] for cell 'hdmi_in_i/axi_mem_intercon/s00_couplers/s00_data_fifo/inst'
Parsing XDC File [c:/git/erts2022/vivado/CAT.gen/sources_1/bd/hdmi_in/ip/hdmi_in_s01_regslice_0/hdmi_in_s01_regslice_0_clocks.xdc] for cell 'hdmi_in_i/axi_mem_intercon/s01_couplers/s01_regslice/inst'
WARNING: [Vivado_Tcl 4-921] Waiver ID 'CDC-7' -to list should not be empty. [c:/git/erts2022/vivado/CAT.gen/sources_1/bd/hdmi_in/ip/hdmi_in_s01_regslice_0/hdmi_in_s01_regslice_0_clocks.xdc:10]
Finished Parsing XDC File [c:/git/erts2022/vivado/CAT.gen/sources_1/bd/hdmi_in/ip/hdmi_in_s01_regslice_0/hdmi_in_s01_regslice_0_clocks.xdc] for cell 'hdmi_in_i/axi_mem_intercon/s01_couplers/s01_regslice/inst'
Parsing XDC File [c:/git/erts2022/vivado/CAT.gen/sources_1/bd/hdmi_in/ip/hdmi_in_auto_us_df_0/hdmi_in_auto_us_df_0_clocks.xdc] for cell 'hdmi_in_i/axi_mem_intercon/s01_couplers/auto_us_df/inst'
Finished Parsing XDC File [c:/git/erts2022/vivado/CAT.gen/sources_1/bd/hdmi_in/ip/hdmi_in_auto_us_df_0/hdmi_in_auto_us_df_0_clocks.xdc] for cell 'hdmi_in_i/axi_mem_intercon/s01_couplers/auto_us_df/inst'
Parsing XDC File [c:/git/erts2022/vivado/CAT.gen/sources_1/bd/hdmi_in/ip/hdmi_in_auto_us_0/hdmi_in_auto_us_0_clocks.xdc] for cell 'hdmi_in_i/axi_mem_intercon/s02_couplers/auto_us/inst'
Finished Parsing XDC File [c:/git/erts2022/vivado/CAT.gen/sources_1/bd/hdmi_in/ip/hdmi_in_auto_us_0/hdmi_in_auto_us_0_clocks.xdc] for cell 'hdmi_in_i/axi_mem_intercon/s02_couplers/auto_us/inst'
Parsing XDC File [c:/git/erts2022/vivado/CAT.gen/sources_1/bd/hdmi_in/ip/hdmi_in_auto_us_1/hdmi_in_auto_us_1_clocks.xdc] for cell 'hdmi_in_i/axi_mem_intercon/s03_couplers/auto_us/inst'
Finished Parsing XDC File [c:/git/erts2022/vivado/CAT.gen/sources_1/bd/hdmi_in/ip/hdmi_in_auto_us_1/hdmi_in_auto_us_1_clocks.xdc] for cell 'hdmi_in_i/axi_mem_intercon/s03_couplers/auto_us/inst'
Parsing XDC File [c:/git/erts2022/vivado/CAT.gen/sources_1/bd/hdmi_in/ip/hdmi_in_auto_us_2/hdmi_in_auto_us_2_clocks.xdc] for cell 'hdmi_in_i/axi_mem_intercon/s04_couplers/auto_us/inst'
Finished Parsing XDC File [c:/git/erts2022/vivado/CAT.gen/sources_1/bd/hdmi_in/ip/hdmi_in_auto_us_2/hdmi_in_auto_us_2_clocks.xdc] for cell 'hdmi_in_i/axi_mem_intercon/s04_couplers/auto_us/inst'
Parsing XDC File [c:/git/erts2022/vivado/CAT.gen/sources_1/bd/hdmi_in/ip/hdmi_in_m00_data_fifo_0/hdmi_in_m00_data_fifo_0_clocks.xdc] for cell 'hdmi_in_i/axi_mem_intercon/m00_couplers/m00_data_fifo/inst'
WARNING: [Vivado_Tcl 4-939] Waiver ID 'LUTAR-1' object list should not be empty (perhaps an invalid wildcard was used or only unsupported objects). [c:/git/erts2022/vivado/CAT.gen/sources_1/bd/hdmi_in/ip/hdmi_in_m00_data_fifo_0/hdmi_in_m00_data_fifo_0_clocks.xdc:2]
WARNING: [Vivado_Tcl 4-939] Waiver ID 'LUTAR-1' object list should not be empty (perhaps an invalid wildcard was used or only unsupported objects). [c:/git/erts2022/vivado/CAT.gen/sources_1/bd/hdmi_in/ip/hdmi_in_m00_data_fifo_0/hdmi_in_m00_data_fifo_0_clocks.xdc:6]
Finished Parsing XDC File [c:/git/erts2022/vivado/CAT.gen/sources_1/bd/hdmi_in/ip/hdmi_in_m00_data_fifo_0/hdmi_in_m00_data_fifo_0_clocks.xdc] for cell 'hdmi_in_i/axi_mem_intercon/m00_couplers/m00_data_fifo/inst'
Parsing XDC File [c:/git/erts2022/vivado/CAT.gen/sources_1/bd/hdmi_in/ip/hdmi_in_m00_regslice_0/hdmi_in_m00_regslice_0_clocks.xdc] for cell 'hdmi_in_i/axi_mem_intercon/m00_couplers/m00_regslice/inst'
WARNING: [Vivado_Tcl 4-921] Waiver ID 'CDC-7' -to list should not be empty. [c:/git/erts2022/vivado/CAT.gen/sources_1/bd/hdmi_in/ip/hdmi_in_m00_regslice_0/hdmi_in_m00_regslice_0_clocks.xdc:10]
Finished Parsing XDC File [c:/git/erts2022/vivado/CAT.gen/sources_1/bd/hdmi_in/ip/hdmi_in_m00_regslice_0/hdmi_in_m00_regslice_0_clocks.xdc] for cell 'hdmi_in_i/axi_mem_intercon/m00_couplers/m00_regslice/inst'
Parsing XDC File [c:/git/erts2022/vivado/CAT.gen/sources_1/bd/hdmi_in/ip/hdmi_in_axi_vdma_0_0/hdmi_in_axi_vdma_0_0_clocks.xdc] for cell 'hdmi_in_i/axi_vdma_0/U0'
Finished Parsing XDC File [c:/git/erts2022/vivado/CAT.gen/sources_1/bd/hdmi_in/ip/hdmi_in_axi_vdma_0_0/hdmi_in_axi_vdma_0_0_clocks.xdc] for cell 'hdmi_in_i/axi_vdma_0/U0'
Parsing XDC File [c:/git/erts2022/vivado/CAT.gen/sources_1/bd/hdmi_in/ip/hdmi_in_auto_cc_0/hdmi_in_auto_cc_0_clocks.xdc] for cell 'hdmi_in_i/processing_system7_0_axi_periph/m08_couplers/auto_cc/inst'
WARNING: [Vivado_Tcl 4-921] Waiver ID 'CDC-10' -to list should not be empty. [c:/git/erts2022/vivado/CAT.gen/sources_1/bd/hdmi_in/ip/hdmi_in_auto_cc_0/hdmi_in_auto_cc_0_clocks.xdc:7]
WARNING: [Vivado_Tcl 4-921] Waiver ID 'CDC-11' -to list should not be empty. [c:/git/erts2022/vivado/CAT.gen/sources_1/bd/hdmi_in/ip/hdmi_in_auto_cc_0/hdmi_in_auto_cc_0_clocks.xdc:10]
WARNING: [Vivado_Tcl 4-921] Waiver ID 'CDC-15' -to list should not be empty. [c:/git/erts2022/vivado/CAT.gen/sources_1/bd/hdmi_in/ip/hdmi_in_auto_cc_0/hdmi_in_auto_cc_0_clocks.xdc:13]
WARNING: [Vivado_Tcl 4-939] Waiver ID 'LUTAR-1' object list should not be empty (perhaps an invalid wildcard was used or only unsupported objects). [c:/git/erts2022/vivado/CAT.gen/sources_1/bd/hdmi_in/ip/hdmi_in_auto_cc_0/hdmi_in_auto_cc_0_clocks.xdc:17]
Finished Parsing XDC File [c:/git/erts2022/vivado/CAT.gen/sources_1/bd/hdmi_in/ip/hdmi_in_auto_cc_0/hdmi_in_auto_cc_0_clocks.xdc] for cell 'hdmi_in_i/processing_system7_0_axi_periph/m08_couplers/auto_cc/inst'
Parsing XDC File [c:/git/erts2022/vivado/CAT.gen/sources_1/bd/hdmi_in/ip/hdmi_in_v_axi4s_vid_out_0_0/hdmi_in_v_axi4s_vid_out_0_0_clocks.xdc] for cell 'hdmi_in_i/v_axi4s_vid_out_0/inst'
Finished Parsing XDC File [c:/git/erts2022/vivado/CAT.gen/sources_1/bd/hdmi_in/ip/hdmi_in_v_axi4s_vid_out_0_0/hdmi_in_v_axi4s_vid_out_0_0_clocks.xdc] for cell 'hdmi_in_i/v_axi4s_vid_out_0/inst'
Parsing XDC File [c:/git/erts2022/vivado/CAT.gen/sources_1/bd/hdmi_in/ip/hdmi_in_v_tc_0_0/hdmi_in_v_tc_0_0_clocks.xdc] for cell 'hdmi_in_i/v_tc_0/U0'
INFO: [Timing 38-35] Done setting XDC timing constraints. [c:/git/erts2022/vivado/CAT.gen/sources_1/bd/hdmi_in/ip/hdmi_in_v_tc_0_0/hdmi_in_v_tc_0_0_clocks.xdc:2]
INFO: [Timing 38-2] Deriving generated clocks [c:/git/erts2022/vivado/CAT.gen/sources_1/bd/hdmi_in/ip/hdmi_in_v_tc_0_0/hdmi_in_v_tc_0_0_clocks.xdc:2]
get_clocks: Time (s): cpu = 00:00:05 ; elapsed = 00:00:08 . Memory (MB): peak = 1670.438 ; gain = 563.371
Finished Parsing XDC File [c:/git/erts2022/vivado/CAT.gen/sources_1/bd/hdmi_in/ip/hdmi_in_v_tc_0_0/hdmi_in_v_tc_0_0_clocks.xdc] for cell 'hdmi_in_i/v_tc_0/U0'
Parsing XDC File [c:/git/erts2022/vivado/CAT.gen/sources_1/bd/hdmi_in/ip/hdmi_in_v_tc_1_0/hdmi_in_v_tc_1_0_clocks.xdc] for cell 'hdmi_in_i/v_tc_1/U0'
Finished Parsing XDC File [c:/git/erts2022/vivado/CAT.gen/sources_1/bd/hdmi_in/ip/hdmi_in_v_tc_1_0/hdmi_in_v_tc_1_0_clocks.xdc] for cell 'hdmi_in_i/v_tc_1/U0'
Parsing XDC File [c:/git/erts2022/vivado/CAT.gen/sources_1/bd/hdmi_in/ip/hdmi_in_v_vid_in_axi4s_0_0/hdmi_in_v_vid_in_axi4s_0_0_clocks.xdc] for cell 'hdmi_in_i/v_vid_in_axi4s_0/inst'
Finished Parsing XDC File [c:/git/erts2022/vivado/CAT.gen/sources_1/bd/hdmi_in/ip/hdmi_in_v_vid_in_axi4s_0_0/hdmi_in_v_vid_in_axi4s_0_0_clocks.xdc] for cell 'hdmi_in_i/v_vid_in_axi4s_0/inst'
WARNING: [Vivado_Tcl 4-919] Waiver ID 'CDC-15' -from list should not be empty. [C:/Xilinx/Vivado/2022.2/data/ip/xpm/xpm_cdc/tcl/xpm_cdc_handshake.tcl:30]
INFO: [Project 1-1714] 46 XPM XDC files have been applied to the design.
INFO: [Opt 31-138] Pushed 0 inverter(s) to 0 load pin(s).
INFO: [Project 1-1687] 15 scoped IP constraints or related sub-commands were skipped due to synthesis logic optimizations usually triggered by constant connectivity or unconnected output pins. To review the skipped constraints and messages, run the command 'set_param netlist.IPMsgFiltering false' before opening the design.
Netlist sorting complete. Time (s): cpu = 00:00:00 ; elapsed = 00:00:00.012 . Memory (MB): peak = 1670.438 ; gain = 0.000
INFO: [Project 1-111] Unisim Transformation Summary:
  A total of 80 instances were transformed.
  IOBUF => IOBUF (IBUF, OBUFT): 8 instances
  RAM32M => RAM32M (RAMD32(x6), RAMS32(x2)): 58 instances
  RAM32X1D => RAM32X1D (RAMD32(x2)): 6 instances
  RAM64M => RAM64M (RAMD64E(x4)): 8 instances

15 Infos, 27 Warnings, 0 Critical Warnings and 0 Errors encountered.
link_design completed successfully
link_design: Time (s): cpu = 00:00:13 ; elapsed = 00:00:26 . Memory (MB): peak = 1670.438 ; gain = 1222.402
Command: opt_design -directive RuntimeOptimized
INFO: [Vivado_Tcl 4-136] Directive used for opt_design is: RuntimeOptimized
Attempting to get a license for feature 'Implementation' and/or device 'xc7z010'
INFO: [Common 17-349] Got license for feature 'Implementation' and/or device 'xc7z010'
Running DRC as a precondition to command opt_design

Starting DRC Task
INFO: [DRC 23-27] Running DRC with 2 threads
INFO: [Project 1-461] DRC finished with 0 Errors
INFO: [Project 1-462] Please refer to the DRC report (report_drc) for more information.

Time (s): cpu = 00:00:01 ; elapsed = 00:00:01 . Memory (MB): peak = 1670.438 ; gain = 0.000

Starting Logic Optimization Task
INFO: [Timing 38-35] Done setting XDC timing constraints.

Phase 1 Retarget
INFO: [Opt 31-1287] Pulled Inverter hdmi_in_i/axi_mem_intercon/m00_couplers/auto_pc/inst/gen_axi4_axi3.axi3_conv_inst/USE_READ.USE_SPLIT_R.read_addr_inst/M_AXI_AVALID_INST_0 into driver instance hdmi_in_i/axi_mem_intercon/m00_couplers/auto_pc/inst/gen_axi4_axi3.axi3_conv_inst/USE_READ.USE_SPLIT_R.read_addr_inst/M_AXI_AVALID_INST_0_i_1, which resulted in an inversion of 2 pins
INFO: [Opt 31-1287] Pulled Inverter hdmi_in_i/axi_mem_intercon/m00_couplers/auto_pc/inst/gen_axi4_axi3.axi3_conv_inst/USE_READ.USE_SPLIT_R.read_addr_inst/USE_R_CHANNEL.cmd_queue_i_2 into driver instance hdmi_in_i/axi_mem_intercon/m00_couplers/auto_pc/inst/gen_axi4_axi3.axi3_conv_inst/USE_READ.USE_SPLIT_R.read_addr_inst/USE_R_CHANNEL.cmd_queue_i_4, which resulted in an inversion of 10 pins
INFO: [Opt 31-1287] Pulled Inverter hdmi_in_i/axi_mem_intercon/s01_couplers/auto_us_df/inst/gen_upsizer.gen_full_upsizer.axi_upsizer_inst/si_register_slice_inst/ar.ar_pipe/aresetn_d[0]_i_1 into driver instance hdmi_in_i/axi_mem_intercon/s01_couplers/auto_us_df/inst/gen_upsizer.gen_full_upsizer.axi_upsizer_inst/si_register_slice_inst/ar.ar_pipe_i_1, which resulted in an inversion of 2 pins
INFO: [Opt 31-1287] Pulled Inverter hdmi_in_i/axi_mem_intercon/s02_couplers/auto_us/inst/gen_upsizer.gen_full_upsizer.axi_upsizer_inst/USE_READ.gen_non_fifo_r_upsizer.mi_register_slice_inst/r.r_pipe/aresetn_d[0]_i_1 into driver instance hdmi_in_i/axi_mem_intercon/s02_couplers/auto_us/inst/gen_upsizer.gen_full_upsizer.axi_upsizer_inst/USE_READ.gen_non_fifo_r_upsizer.mi_register_slice_inst/r.r_pipe_i_1, which resulted in an inversion of 2 pins
INFO: [Opt 31-1287] Pulled Inverter hdmi_in_i/axi_mem_intercon/s02_couplers/auto_us/inst/gen_upsizer.gen_full_upsizer.axi_upsizer_inst/si_register_slice_inst/ar.ar_pipe/aresetn_d[0]_i_1 into driver instance hdmi_in_i/axi_mem_intercon/s02_couplers/auto_us/inst/gen_upsizer.gen_full_upsizer.axi_upsizer_inst/si_register_slice_inst/ar.ar_pipe_i_1, which resulted in an inversion of 2 pins
INFO: [Opt 31-1287] Pulled Inverter hdmi_in_i/axi_mem_intercon/s03_couplers/auto_us/inst/gen_upsizer.gen_full_upsizer.axi_upsizer_inst/USE_READ.gen_non_fifo_r_upsizer.mi_register_slice_inst/r.r_pipe/aresetn_d[0]_i_1 into driver instance hdmi_in_i/axi_mem_intercon/s03_couplers/auto_us/inst/gen_upsizer.gen_full_upsizer.axi_upsizer_inst/USE_READ.gen_non_fifo_r_upsizer.mi_register_slice_inst/r.r_pipe_i_1, which resulted in an inversion of 2 pins
INFO: [Opt 31-1287] Pulled Inverter hdmi_in_i/axi_mem_intercon/s03_couplers/auto_us/inst/gen_upsizer.gen_full_upsizer.axi_upsizer_inst/si_register_slice_inst/ar.ar_pipe/aresetn_d[0]_i_1 into driver instance hdmi_in_i/axi_mem_intercon/s03_couplers/auto_us/inst/gen_upsizer.gen_full_upsizer.axi_upsizer_inst/si_register_slice_inst/ar.ar_pipe_i_1, which resulted in an inversion of 2 pins
INFO: [Opt 31-1287] Pulled Inverter hdmi_in_i/axi_mem_intercon/s04_couplers/auto_us/inst/gen_upsizer.gen_full_upsizer.axi_upsizer_inst/si_register_slice_inst/aw.aw_pipe/aresetn_d[0]_i_1 into driver instance hdmi_in_i/axi_mem_intercon/s04_couplers/auto_us/inst/gen_upsizer.gen_full_upsizer.axi_upsizer_inst/si_register_slice_inst/aw.aw_pipe_i_1, which resulted in an inversion of 2 pins
INFO: [Opt 31-1287] Pulled Inverter hdmi_in_i/axi_mem_intercon/xbar/inst/gen_samd.crossbar_samd/gen_slave_slots[0].gen_si_write.si_transactor_aw/M_ATARGET_HOT[1]_INST_0 into driver instance hdmi_in_i/axi_mem_intercon/xbar/inst/gen_samd.crossbar_samd/gen_slave_slots[0].gen_si_write.si_transactor_aw/gen_addr_decoder.addr_decoder_inst/gen_target[0].gen_region[0].gen_comparator_static.gen_addr_range.addr_decode_comparator/COUT_INST_0, which resulted in an inversion of 7 pins
INFO: [Opt 31-1287] Pulled Inverter hdmi_in_i/axi_mem_intercon/xbar/inst/gen_samd.crossbar_samd/gen_slave_slots[1].gen_si_read.si_transactor_ar/M_ATARGET_HOT[1]_INST_0 into driver instance hdmi_in_i/axi_mem_intercon/xbar/inst/gen_samd.crossbar_samd/gen_slave_slots[1].gen_si_read.si_transactor_ar/gen_addr_decoder.addr_decoder_inst/gen_target[0].gen_region[0].gen_comparator_static.gen_addr_range.addr_decode_comparator/COUT_INST_0, which resulted in an inversion of 8 pins
INFO: [Opt 31-1287] Pulled Inverter hdmi_in_i/axi_vdma_0/U0/GEN_SPRT_FOR_MM2S.GEN_AXIS_MM2S_DWIDTH_CONV.AXIS_MM2S_DWIDTH_CONVERTER_I/GEN_DWIDTH_NO_SOF.MM2S_AXIS_DWIDTH_CONVERTER_I/areset_r_i_1 into driver instance hdmi_in_i/axi_vdma_0/U0/GEN_SPRT_FOR_MM2S.MM2S_LINEBUFFER_I/mm2s_axis_linebuf_reset_out_INST_0, which resulted in an inversion of 5 pins
INFO: [Opt 31-1287] Pulled Inverter hdmi_in_i/axi_vdma_0/U0/GEN_SPRT_FOR_MM2S.MM2S_LINEBUFFER_I/GEN_LINEBUF_NO_SOF.GEN_LINEBUFFER.I_MSTR_SKID_i_2 into driver instance hdmi_in_i/axi_vdma_0/U0/GEN_SPRT_FOR_MM2S.MM2S_LINEBUFFER_I/GEN_LINEBUF_NO_SOF.GEN_LINEBUFFER.GEN_ASYNC_FIFO.LB_BUILT_IN.I_LINEBUFFER_FIFO/fg_builtin_fifo_inst/inst_fifo_gen/gconvfifo.rf/gbi.bi/v7_bi_fifo.fblk/EMPTY_INST_0, which resulted in an inversion of 2 pins
INFO: [Opt 31-1287] Pulled Inverter hdmi_in_i/axi_vdma_0/U0/GEN_SPRT_FOR_S2MM.GEN_AXIS_S2MM_DWIDTH_CONV.AXIS_S2MM_DWIDTH_CONVERTER_I/GEN_DWIDTH_FLUSH_SOF.S2MM_AXIS_DWIDTH_CONVERTER_I/areset_r_i_1 into driver instance hdmi_in_i/axi_vdma_0/U0/GEN_SPRT_FOR_S2MM.S2MM_LINEBUFFER_I/s2mm_axis_linebuf_reset_out_INST_0, which resulted in an inversion of 3 pins
INFO: [Opt 31-1287] Pulled Inverter hdmi_in_i/axi_vdma_0/U0/GEN_SPRT_FOR_S2MM.S2MM_LINEBUFFER_I/m_axis_tvalid_INST_0 into driver instance hdmi_in_i/axi_vdma_0/U0/GEN_SPRT_FOR_S2MM.S2MM_LINEBUFFER_I/GEN_S2MM_FLUSH_SOF_LOGIC.GEN_LINEBUFFER_FLUSH_SOF.GEN_ASYNC_FIFO_FLUSH_SOF.LB_BUILT_IN.I_LINEBUFFER_FIFO/fg_builtin_fifo_inst/inst_fifo_gen/gconvfifo.rf/gbi.bi/v7_bi_fifo.fblk/EMPTY_INST_0, which resulted in an inversion of 4 pins
INFO: [Opt 31-1287] Pulled Inverter hdmi_in_i/axi_vdma_0/U0/I_PRMRY_DATAMOVER/GEN_MM2S_FULL.I_MM2S_FULL_WRAPPER/I_MSTR_PCC/sig_brst_cnt_eq_zero_ireg1_i_1 into driver instance hdmi_in_i/axi_vdma_0/U0/I_PRMRY_DATAMOVER/GEN_MM2S_FULL.I_MM2S_FULL_WRAPPER/I_MSTR_PCC/sig_btt_lt_b2mbaa_ireg1_i_3, which resulted in an inversion of 3 pins
INFO: [Opt 31-1287] Pulled Inverter hdmi_in_i/dvi2rgb_0/U0/DataDecoders[0].DecoderX/PhaseAlignX/pState[0]_i_1 into driver instance hdmi_in_i/dvi2rgb_0/U0/DataDecoders[0].DecoderX/PhaseAlignX/pState[10]_i_6, which resulted in an inversion of 11 pins
INFO: [Opt 31-1287] Pulled Inverter hdmi_in_i/dvi2rgb_0/U0/DataDecoders[1].DecoderX/PhaseAlignX/pState[0]_i_1 into driver instance hdmi_in_i/dvi2rgb_0/U0/DataDecoders[1].DecoderX/PhaseAlignX/pState[10]_i_6, which resulted in an inversion of 11 pins
INFO: [Opt 31-1287] Pulled Inverter hdmi_in_i/dvi2rgb_0/U0/DataDecoders[2].DecoderX/PhaseAlignX/pState[0]_i_1 into driver instance hdmi_in_i/dvi2rgb_0/U0/DataDecoders[2].DecoderX/PhaseAlignX/pState[10]_i_6, which resulted in an inversion of 11 pins
INFO: [Opt 31-1287] Pulled Inverter hdmi_in_i/processing_system7_0_axi_periph/s00_couplers/auto_pc/inst/gen_axilite.gen_b2s_conv.axilite_b2s/RD.ar_channel_0/ar_cmd_fsm_0_i_1 into driver instance hdmi_in_i/processing_system7_0_axi_periph/s00_couplers/auto_pc/inst/gen_axilite.gen_b2s_conv.axilite_b2s/RD.r_channel_0/r_full_INST_0, which resulted in an inversion of 1 pins
INFO: [Opt 31-1287] Pulled Inverter hdmi_in_i/processing_system7_0_axi_periph/s00_couplers/auto_pc/inst/gen_axilite.gen_b2s_conv.axilite_b2s/RD.ar_channel_0/r_rlast_INST_0 into driver instance hdmi_in_i/processing_system7_0_axi_periph/s00_couplers/auto_pc/inst/gen_axilite.gen_b2s_conv.axilite_b2s/RD.ar_channel_0/cmd_translator_0/next_pending_INST_0, which resulted in an inversion of 3 pins
INFO: [Opt 31-1287] Pulled Inverter hdmi_in_i/processing_system7_0_axi_periph/s00_couplers/auto_pc/inst/gen_axilite.gen_b2s_conv.axilite_b2s/RD.r_channel_0/m_rready_INST_0 into driver instance hdmi_in_i/processing_system7_0_axi_periph/s00_couplers/auto_pc/inst/gen_axilite.gen_b2s_conv.axilite_b2s/RD.r_channel_0/rd_data_fifo_0/a_full_INST_0, which resulted in an inversion of 3 pins
INFO: [Opt 31-138] Pushed 54 inverter(s) to 294 load pin(s).
INFO: [Opt 31-49] Retargeted 0 cell(s).
Phase 1 Retarget | Checksum: 1c1c1f8c7

Time (s): cpu = 00:00:01 ; elapsed = 00:00:02 . Memory (MB): peak = 1972.590 ; gain = 49.441
INFO: [Opt 31-389] Phase Retarget created 459 cells and removed 802 cells
INFO: [Opt 31-1021] In phase Retarget, 228 netlist objects are constrained preventing optimization. Please run opt_design with -debug_log to get more detail. 

Phase 2 Constant propagation
INFO: [Opt 31-138] Pushed 0 inverter(s) to 0 load pin(s).
Phase 2 Constant propagation | Checksum: 1a562f374

Time (s): cpu = 00:00:01 ; elapsed = 00:00:03 . Memory (MB): peak = 1972.590 ; gain = 49.441
INFO: [Opt 31-389] Phase Constant propagation created 11 cells and removed 699 cells
INFO: [Opt 31-1021] In phase Constant propagation, 791 netlist objects are constrained preventing optimization. Please run opt_design with -debug_log to get more detail. 

Phase 3 Sweep
Phase 3 Sweep | Checksum: 177d1d8d9

Time (s): cpu = 00:00:02 ; elapsed = 00:00:04 . Memory (MB): peak = 1972.590 ; gain = 49.441
INFO: [Opt 31-389] Phase Sweep created 0 cells and removed 2214 cells
INFO: [Opt 31-1021] In phase Sweep, 487 netlist objects are constrained preventing optimization. Please run opt_design with -debug_log to get more detail. 

Phase 4 BUFG optimization
Phase 4 BUFG optimization | Checksum: 177d1d8d9

Time (s): cpu = 00:00:02 ; elapsed = 00:00:04 . Memory (MB): peak = 1972.590 ; gain = 49.441
INFO: [Opt 31-662] Phase BUFG optimization created 0 cells of which 0 are BUFGs and removed 0 cells.

Phase 5 Shift Register Optimization
INFO: [Opt 31-1064] SRL Remap converted 0 SRLs to 0 registers and converted 0 registers of register chains to 0 SRLs
Phase 5 Shift Register Optimization | Checksum: 177d1d8d9

Time (s): cpu = 00:00:02 ; elapsed = 00:00:04 . Memory (MB): peak = 1972.590 ; gain = 49.441
INFO: [Opt 31-389] Phase Shift Register Optimization created 0 cells and removed 0 cells

Phase 6 Post Processing Netlist
Phase 6 Post Processing Netlist | Checksum: df3f7ef7

Time (s): cpu = 00:00:02 ; elapsed = 00:00:04 . Memory (MB): peak = 1972.590 ; gain = 49.441
INFO: [Opt 31-389] Phase Post Processing Netlist created 0 cells and removed 0 cells
INFO: [Opt 31-1021] In phase Post Processing Netlist, 148 netlist objects are constrained preventing optimization. Please run opt_design with -debug_log to get more detail. 
Opt_design Change Summary
=========================


-------------------------------------------------------------------------------------------------------------------------
|  Phase                        |  #Cells created  |  #Cells Removed  |  #Constrained objects preventing optimizations  |
-------------------------------------------------------------------------------------------------------------------------
|  Retarget                     |             459  |             802  |                                            228  |
|  Constant propagation         |              11  |             699  |                                            791  |
|  Sweep                        |               0  |            2214  |                                            487  |
|  BUFG optimization            |               0  |               0  |                                              0  |
|  Shift Register Optimization  |               0  |               0  |                                              0  |
|  Post Processing Netlist      |               0  |               0  |                                            148  |
-------------------------------------------------------------------------------------------------------------------------



Starting Connectivity Check Task

Time (s): cpu = 00:00:00 ; elapsed = 00:00:00.037 . Memory (MB): peak = 1972.590 ; gain = 0.000
Ending Logic Optimization Task | Checksum: 1b02beb38

Time (s): cpu = 00:00:02 ; elapsed = 00:00:05 . Memory (MB): peak = 1972.590 ; gain = 49.441

Starting Netlist Obfuscation Task
Netlist sorting complete. Time (s): cpu = 00:00:00 ; elapsed = 00:00:00.013 . Memory (MB): peak = 1972.590 ; gain = 0.000
Ending Netlist Obfuscation Task | Checksum: 1b02beb38

Time (s): cpu = 00:00:00 ; elapsed = 00:00:00.018 . Memory (MB): peak = 1972.590 ; gain = 0.000
INFO: [Common 17-83] Releasing license: Implementation
57 Infos, 27 Warnings, 0 Critical Warnings and 0 Errors encountered.
opt_design completed successfully
opt_design: Time (s): cpu = 00:00:05 ; elapsed = 00:00:09 . Memory (MB): peak = 1972.590 ; gain = 302.152
INFO: [Timing 38-35] Done setting XDC timing constraints.
INFO: [Timing 38-480] Writing timing data to binary archive.
Writing XDEF routing.
Writing XDEF routing logical nets.
Writing XDEF routing special nets.
Write XDEF Complete: Time (s): cpu = 00:00:00 ; elapsed = 00:00:00.084 . Memory (MB): peak = 1985.656 ; gain = 11.059
INFO: [Common 17-1381] The checkpoint 'C:/git/erts2022/vivado/CAT.runs/impl_1/hdmi_in_wrapper_opt.dcp' has been generated.
write_checkpoint: Time (s): cpu = 00:00:04 ; elapsed = 00:00:06 . Memory (MB): peak = 1989.555 ; gain = 16.965
INFO: [runtcl-4] Executing : report_drc -file hdmi_in_wrapper_drc_opted.rpt -pb hdmi_in_wrapper_drc_opted.pb -rpx hdmi_in_wrapper_drc_opted.rpx
Command: report_drc -file hdmi_in_wrapper_drc_opted.rpt -pb hdmi_in_wrapper_drc_opted.pb -rpx hdmi_in_wrapper_drc_opted.rpx
INFO: [IP_Flow 19-1839] IP Catalog is up to date.
INFO: [DRC 23-27] Running DRC with 2 threads
INFO: [Vivado_Tcl 2-168] The results of DRC are in file C:/git/erts2022/vivado/CAT.runs/impl_1/hdmi_in_wrapper_drc_opted.rpt.
report_drc completed successfully
Command: place_design -directive RuntimeOptimized
Attempting to get a license for feature 'Implementation' and/or device 'xc7z010'
INFO: [Common 17-349] Got license for feature 'Implementation' and/or device 'xc7z010'
INFO: [DRC 23-27] Running DRC with 2 threads
INFO: [Vivado_Tcl 4-198] DRC finished with 0 Errors
INFO: [Vivado_Tcl 4-199] Please refer to the DRC report (report_drc) for more information.
Running DRC as a precondition to command place_design
INFO: [DRC 23-27] Running DRC with 2 threads
INFO: [Vivado_Tcl 4-198] DRC finished with 0 Errors, 11 Warnings
INFO: [Vivado_Tcl 4-199] Please refer to the DRC report (report_drc) for more information.

Starting Placer Task
INFO: [Place 46-5] The placer was invoked with the 'RuntimeOptimized' directive.
INFO: [Place 30-611] Multithreading enabled for place_design using a maximum of 2 CPUs

Phase 1 Placer Initialization

Phase 1.1 Placer Initialization Netlist Sorting
Netlist sorting complete. Time (s): cpu = 00:00:00 ; elapsed = 00:00:00.011 . Memory (MB): peak = 1998.098 ; gain = 0.000
Phase 1.1 Placer Initialization Netlist Sorting | Checksum: 1440abaa1

Time (s): cpu = 00:00:00 ; elapsed = 00:00:00.023 . Memory (MB): peak = 1998.098 ; gain = 0.000
Netlist sorting complete. Time (s): cpu = 00:00:00 ; elapsed = 00:00:00.011 . Memory (MB): peak = 1998.098 ; gain = 0.000

Phase 1.2 IO Placement/ Clock Placement/ Build Placer Device
Phase 1.2 IO Placement/ Clock Placement/ Build Placer Device | Checksum: 2841cf60

Time (s): cpu = 00:00:02 ; elapsed = 00:00:03 . Memory (MB): peak = 1998.098 ; gain = 0.000

Phase 1.3 Build Placer Netlist Model
Phase 1.3 Build Placer Netlist Model | Checksum: b446656b

Time (s): cpu = 00:00:04 ; elapsed = 00:00:07 . Memory (MB): peak = 2051.367 ; gain = 53.270

Phase 1.4 Constrain Clocks/Macros
Phase 1.4 Constrain Clocks/Macros | Checksum: b446656b

Time (s): cpu = 00:00:04 ; elapsed = 00:00:07 . Memory (MB): peak = 2051.367 ; gain = 53.270
Phase 1 Placer Initialization | Checksum: b446656b

Time (s): cpu = 00:00:04 ; elapsed = 00:00:07 . Memory (MB): peak = 2051.367 ; gain = 53.270

Phase 2 Global Placement

Phase 2.1 Floorplanning
Phase 2.1 Floorplanning | Checksum: 12300dbe7

Time (s): cpu = 00:00:04 ; elapsed = 00:00:08 . Memory (MB): peak = 2051.367 ; gain = 53.270

Phase 2.2 Update Timing before SLR Path Opt
Phase 2.2 Update Timing before SLR Path Opt | Checksum: bfe54f4c

Time (s): cpu = 00:00:04 ; elapsed = 00:00:09 . Memory (MB): peak = 2051.367 ; gain = 53.270

Phase 2.3 Post-Processing in Floorplanning
Phase 2.3 Post-Processing in Floorplanning | Checksum: 10c6f9295

Time (s): cpu = 00:00:04 ; elapsed = 00:00:09 . Memory (MB): peak = 2051.367 ; gain = 53.270

Phase 2.4 Global Placement Core
Phase 2.4 Global Placement Core | Checksum: 179932fd4

Time (s): cpu = 00:00:09 ; elapsed = 00:00:19 . Memory (MB): peak = 2051.367 ; gain = 53.270
Phase 2 Global Placement | Checksum: 179932fd4

Time (s): cpu = 00:00:09 ; elapsed = 00:00:19 . Memory (MB): peak = 2051.367 ; gain = 53.270

Phase 3 Detail Placement

Phase 3.1 Commit Multi Column Macros
Phase 3.1 Commit Multi Column Macros | Checksum: 20e4000a0

Time (s): cpu = 00:00:10 ; elapsed = 00:00:20 . Memory (MB): peak = 2051.367 ; gain = 53.270

Phase 3.2 Commit Most Macros & LUTRAMs
Phase 3.2 Commit Most Macros & LUTRAMs | Checksum: 155d821da

Time (s): cpu = 00:00:10 ; elapsed = 00:00:22 . Memory (MB): peak = 2051.367 ; gain = 53.270

Phase 3.3 Area Swap Optimization
Phase 3.3 Area Swap Optimization | Checksum: 1b0d42da4

Time (s): cpu = 00:00:11 ; elapsed = 00:00:22 . Memory (MB): peak = 2051.367 ; gain = 53.270

Phase 3.4 Pipeline Register Optimization
Phase 3.4 Pipeline Register Optimization | Checksum: 13881b136

Time (s): cpu = 00:00:11 ; elapsed = 00:00:22 . Memory (MB): peak = 2051.367 ; gain = 53.270

Phase 3.5 Fast Optimization
Phase 3.5 Fast Optimization | Checksum: 11ad929ea

Time (s): cpu = 00:00:12 ; elapsed = 00:00:25 . Memory (MB): peak = 2051.367 ; gain = 53.270

Phase 3.6 Small Shape Detail Placement
Phase 3.6 Small Shape Detail Placement | Checksum: 73581e25

Time (s): cpu = 00:00:15 ; elapsed = 00:00:32 . Memory (MB): peak = 2051.367 ; gain = 53.270

Phase 3.7 Re-assign LUT pins
Phase 3.7 Re-assign LUT pins | Checksum: 157f68d9d

Time (s): cpu = 00:00:15 ; elapsed = 00:00:33 . Memory (MB): peak = 2051.367 ; gain = 53.270

Phase 3.8 Pipeline Register Optimization
Phase 3.8 Pipeline Register Optimization | Checksum: beec2794

Time (s): cpu = 00:00:16 ; elapsed = 00:00:33 . Memory (MB): peak = 2051.367 ; gain = 53.270
Phase 3 Detail Placement | Checksum: beec2794

Time (s): cpu = 00:00:16 ; elapsed = 00:00:33 . Memory (MB): peak = 2051.367 ; gain = 53.270

Phase 4 Post Placement Optimization and Clean-Up

Phase 4.1 Post Commit Optimization
INFO: [Timing 38-35] Done setting XDC timing constraints.

Phase 4.1.1 Post Placement Optimization
Post Placement Optimization Initialization | Checksum: 12026cdf0

Phase 4.1.1.1 BUFG Insertion

Starting Physical Synthesis Task

Phase 1 Physical Synthesis Initialization
INFO: [Physopt 32-721] Multithreading enabled for phys_opt_design using a maximum of 2 CPUs
INFO: [Physopt 32-619] Estimated Timing Summary | WNS=-0.540 | TNS=-5.736 |
Phase 1 Physical Synthesis Initialization | Checksum: 13d97ac49

Time (s): cpu = 00:00:01 ; elapsed = 00:00:01 . Memory (MB): peak = 2081.055 ; gain = 1.035
INFO: [Place 46-33] Processed net hdmi_in_i/v_tc_0/U0/U_VIDEO_CTRL/GEN_HAS_IRQ.irq_i_1_n_0, BUFG insertion was skipped due to placement/routing conflicts.
INFO: [Place 46-56] BUFG insertion identified 1 candidate nets. Inserted BUFG: 0, Replicated BUFG Driver: 0, Skipped due to Placement/Routing Conflicts: 1, Skipped due to Timing Degradation: 0, Skipped due to Illegal Netlist: 0.
Ending Physical Synthesis Task | Checksum: e9cebaf4

Time (s): cpu = 00:00:01 ; elapsed = 00:00:01 . Memory (MB): peak = 2081.055 ; gain = 1.035
Phase 4.1.1.1 BUFG Insertion | Checksum: 12026cdf0

Time (s): cpu = 00:00:18 ; elapsed = 00:00:39 . Memory (MB): peak = 2081.055 ; gain = 82.957

Phase 4.1.1.2 Post Placement Timing Optimization
INFO: [Place 30-746] Post Placement Timing Summary WNS=0.500. For the most accurate timing information please run report_timing.
Phase 4.1.1.2 Post Placement Timing Optimization | Checksum: 1b591f3de

Time (s): cpu = 00:00:19 ; elapsed = 00:00:42 . Memory (MB): peak = 2081.055 ; gain = 82.957

Time (s): cpu = 00:00:19 ; elapsed = 00:00:42 . Memory (MB): peak = 2081.055 ; gain = 82.957
Phase 4.1 Post Commit Optimization | Checksum: 1b591f3de

Time (s): cpu = 00:00:19 ; elapsed = 00:00:42 . Memory (MB): peak = 2081.055 ; gain = 82.957

Phase 4.2 Post Placement Cleanup
Phase 4.2 Post Placement Cleanup | Checksum: 1b591f3de

Time (s): cpu = 00:00:19 ; elapsed = 00:00:42 . Memory (MB): peak = 2081.055 ; gain = 82.957

Phase 4.3 Placer Reporting

Phase 4.3.1 Print Estimated Congestion
INFO: [Place 30-612] Post-Placement Estimated Congestion 
 ____________________________________________________
|           | Global Congestion | Short Congestion  |
| Direction | Region Size       | Region Size       |
|___________|___________________|___________________|
|      North|                1x1|                1x1|
|___________|___________________|___________________|
|      South|                1x1|                2x2|
|___________|___________________|___________________|
|       East|                1x1|                1x1|
|___________|___________________|___________________|
|       West|                1x1|                1x1|
|___________|___________________|___________________|

Phase 4.3.1 Print Estimated Congestion | Checksum: 1b591f3de

Time (s): cpu = 00:00:19 ; elapsed = 00:00:42 . Memory (MB): peak = 2081.055 ; gain = 82.957
Phase 4.3 Placer Reporting | Checksum: 1b591f3de

Time (s): cpu = 00:00:19 ; elapsed = 00:00:42 . Memory (MB): peak = 2081.055 ; gain = 82.957

Phase 4.4 Final Placement Cleanup
Netlist sorting complete. Time (s): cpu = 00:00:00 ; elapsed = 00:00:00.016 . Memory (MB): peak = 2081.055 ; gain = 0.000

Time (s): cpu = 00:00:19 ; elapsed = 00:00:42 . Memory (MB): peak = 2081.055 ; gain = 82.957
Phase 4 Post Placement Optimization and Clean-Up | Checksum: 1dc86357c

Time (s): cpu = 00:00:19 ; elapsed = 00:00:42 . Memory (MB): peak = 2081.055 ; gain = 82.957
Ending Placer Task | Checksum: 128a8698f

Time (s): cpu = 00:00:19 ; elapsed = 00:00:42 . Memory (MB): peak = 2081.055 ; gain = 82.957
INFO: [Common 17-83] Releasing license: Implementation
81 Infos, 27 Warnings, 0 Critical Warnings and 0 Errors encountered.
place_design completed successfully
place_design: Time (s): cpu = 00:00:20 ; elapsed = 00:00:44 . Memory (MB): peak = 2081.055 ; gain = 84.910
INFO: [Timing 38-480] Writing timing data to binary archive.
Writing XDEF routing.
Writing XDEF routing logical nets.
Writing XDEF routing special nets.
Write XDEF Complete: Time (s): cpu = 00:00:02 ; elapsed = 00:00:02 . Memory (MB): peak = 2088.098 ; gain = 7.043
INFO: [Common 17-1381] The checkpoint 'C:/git/erts2022/vivado/CAT.runs/impl_1/hdmi_in_wrapper_placed.dcp' has been generated.
write_checkpoint: Time (s): cpu = 00:00:05 ; elapsed = 00:00:07 . Memory (MB): peak = 2088.098 ; gain = 7.043
INFO: [runtcl-4] Executing : report_io -file hdmi_in_wrapper_io_placed.rpt
report_io: Time (s): cpu = 00:00:00 ; elapsed = 00:00:00.070 . Memory (MB): peak = 2088.098 ; gain = 0.000
INFO: [runtcl-4] Executing : report_utilization -file hdmi_in_wrapper_utilization_placed.rpt -pb hdmi_in_wrapper_utilization_placed.pb
INFO: [runtcl-4] Executing : report_control_sets -verbose -file hdmi_in_wrapper_control_sets_placed.rpt
report_control_sets: Time (s): cpu = 00:00:00 ; elapsed = 00:00:00.085 . Memory (MB): peak = 2088.098 ; gain = 0.000
Command: route_design -directive RuntimeOptimized
Attempting to get a license for feature 'Implementation' and/or device 'xc7z010'
INFO: [Common 17-349] Got license for feature 'Implementation' and/or device 'xc7z010'
Running DRC as a precondition to command route_design
INFO: [DRC 23-27] Running DRC with 2 threads
INFO: [Vivado_Tcl 4-198] DRC finished with 0 Errors
INFO: [Vivado_Tcl 4-199] Please refer to the DRC report (report_drc) for more information.


Starting Routing Task
INFO: [Route 35-270] Using Router directive 'RuntimeOptimized'.
INFO: [Route 35-254] Multithreading enabled for route_design using a maximum of 2 CPUs

Phase 1 Build RT Design
Checksum: PlaceDB: d2b6efd2 ConstDB: 0 ShapeSum: 55f179bd RouteDB: 0
Post Restoration Checksum: NetGraph: c58d4362 NumContArr: b50374d7 Constraints: 0 Timing: 0
Phase 1 Build RT Design | Checksum: 17a90b839

Time (s): cpu = 00:00:08 ; elapsed = 00:00:14 . Memory (MB): peak = 2158.695 ; gain = 52.516

Phase 2 Router Initialization

Phase 2.1 Fix Topology Constraints
Phase 2.1 Fix Topology Constraints | Checksum: 17a90b839

Time (s): cpu = 00:00:08 ; elapsed = 00:00:15 . Memory (MB): peak = 2163.699 ; gain = 57.520

Phase 2.2 Pre Route Cleanup
Phase 2.2 Pre Route Cleanup | Checksum: 17a90b839

Time (s): cpu = 00:00:08 ; elapsed = 00:00:15 . Memory (MB): peak = 2163.699 ; gain = 57.520
 Number of Nodes with overlaps = 0

Phase 2.3 Update Timing
Phase 2.3 Update Timing | Checksum: 121636a56

Time (s): cpu = 00:00:10 ; elapsed = 00:00:21 . Memory (MB): peak = 2200.359 ; gain = 94.180
INFO: [Route 35-416] Intermediate Timing Summary | WNS=0.428  | TNS=0.000  | WHS=-0.356 | THS=-352.669|


Phase 2.4 Update Timing for Bus Skew

Phase 2.4.1 Update Timing
Phase 2.4.1 Update Timing | Checksum: 1cb7b5f4b

Time (s): cpu = 00:00:12 ; elapsed = 00:00:25 . Memory (MB): peak = 2219.461 ; gain = 113.281
INFO: [Route 35-416] Intermediate Timing Summary | WNS=0.428  | TNS=0.000  | WHS=N/A    | THS=N/A    |

Phase 2.4 Update Timing for Bus Skew | Checksum: 12c9af498

Time (s): cpu = 00:00:12 ; elapsed = 00:00:25 . Memory (MB): peak = 2231.547 ; gain = 125.367

Router Utilization Summary
  Global Vertical Routing Utilization    = 0.00154842 %
  Global Horizontal Routing Utilization  = 0.00137868 %
  Routable Net Status*
  *Does not include unroutable nets such as driverless and loadless.
  Run report_route_status for detailed report.
  Number of Failed Nets               = 20345
    (Failed Nets is the sum of unrouted and partially routed nets)
  Number of Unrouted Nets             = 20345
  Number of Partially Routed Nets     = 0
  Number of Node Overlaps             = 0

Phase 2 Router Initialization | Checksum: 139cf30b4

Time (s): cpu = 00:00:12 ; elapsed = 00:00:25 . Memory (MB): peak = 2231.547 ; gain = 125.367

Phase 3 Initial Routing

Phase 3.1 Global Routing
Phase 3.1 Global Routing | Checksum: 139cf30b4

Time (s): cpu = 00:00:12 ; elapsed = 00:00:25 . Memory (MB): peak = 2231.547 ; gain = 125.367
Phase 3 Initial Routing | Checksum: 243c94048

Time (s): cpu = 00:00:13 ; elapsed = 00:00:27 . Memory (MB): peak = 2231.547 ; gain = 125.367

Phase 4 Rip-up And Reroute

Phase 4.1 Global Iteration 0
 Number of Nodes with overlaps = 1489
 Number of Nodes with overlaps = 239
 Number of Nodes with overlaps = 83
 Number of Nodes with overlaps = 25
 Number of Nodes with overlaps = 11
 Number of Nodes with overlaps = 2
 Number of Nodes with overlaps = 1
 Number of Nodes with overlaps = 0
INFO: [Route 35-416] Intermediate Timing Summary | WNS=0.369  | TNS=0.000  | WHS=N/A    | THS=N/A    |

Phase 4.1 Global Iteration 0 | Checksum: 1f83d016c

Time (s): cpu = 00:00:18 ; elapsed = 00:00:38 . Memory (MB): peak = 2231.547 ; gain = 125.367

Phase 4.2 Global Iteration 1
 Number of Nodes with overlaps = 19
 Number of Nodes with overlaps = 0
INFO: [Route 35-416] Intermediate Timing Summary | WNS=0.369  | TNS=0.000  | WHS=N/A    | THS=N/A    |

Phase 4.2 Global Iteration 1 | Checksum: 19dc17889

Time (s): cpu = 00:00:19 ; elapsed = 00:00:39 . Memory (MB): peak = 2231.547 ; gain = 125.367
Phase 4 Rip-up And Reroute | Checksum: 19dc17889

Time (s): cpu = 00:00:19 ; elapsed = 00:00:39 . Memory (MB): peak = 2231.547 ; gain = 125.367

Phase 5 Delay and Skew Optimization

Phase 5.1 Delay CleanUp
Phase 5.1 Delay CleanUp | Checksum: 19dc17889

Time (s): cpu = 00:00:19 ; elapsed = 00:00:39 . Memory (MB): peak = 2231.547 ; gain = 125.367

Phase 5.2 Clock Skew Optimization
Phase 5.2 Clock Skew Optimization | Checksum: 19dc17889

Time (s): cpu = 00:00:19 ; elapsed = 00:00:39 . Memory (MB): peak = 2231.547 ; gain = 125.367
Phase 5 Delay and Skew Optimization | Checksum: 19dc17889

Time (s): cpu = 00:00:19 ; elapsed = 00:00:39 . Memory (MB): peak = 2231.547 ; gain = 125.367

Phase 6 Post Hold Fix

Phase 6.1 Hold Fix Iter

Phase 6.1.1 Update Timing
Phase 6.1.1 Update Timing | Checksum: 13317c2b7

Time (s): cpu = 00:00:20 ; elapsed = 00:00:41 . Memory (MB): peak = 2231.547 ; gain = 125.367
INFO: [Route 35-416] Intermediate Timing Summary | WNS=0.401  | TNS=0.000  | WHS=0.028  | THS=0.000  |

Phase 6.1 Hold Fix Iter | Checksum: eb0d731a

Time (s): cpu = 00:00:20 ; elapsed = 00:00:41 . Memory (MB): peak = 2231.547 ; gain = 125.367
Phase 6 Post Hold Fix | Checksum: eb0d731a

Time (s): cpu = 00:00:20 ; elapsed = 00:00:41 . Memory (MB): peak = 2231.547 ; gain = 125.367

Phase 7 Route finalize

Router Utilization Summary
  Global Vertical Routing Utilization    = 10.4383 %
  Global Horizontal Routing Utilization  = 11.5156 %
  Routable Net Status*
  *Does not include unroutable nets such as driverless and loadless.
  Run report_route_status for detailed report.
  Number of Failed Nets               = 0
    (Failed Nets is the sum of unrouted and partially routed nets)
  Number of Unrouted Nets             = 0
  Number of Partially Routed Nets     = 0
  Number of Node Overlaps             = 0

Phase 7 Route finalize | Checksum: f3515bb4

Time (s): cpu = 00:00:20 ; elapsed = 00:00:41 . Memory (MB): peak = 2231.547 ; gain = 125.367

Phase 8 Verifying routed nets

 Verification completed successfully
Phase 8 Verifying routed nets | Checksum: f3515bb4

Time (s): cpu = 00:00:20 ; elapsed = 00:00:41 . Memory (MB): peak = 2231.547 ; gain = 125.367

Phase 9 Depositing Routes
Phase 9 Depositing Routes | Checksum: 12542011d

Time (s): cpu = 00:00:20 ; elapsed = 00:00:43 . Memory (MB): peak = 2231.547 ; gain = 125.367

Phase 10 Post Router Timing
INFO: [Route 35-57] Estimated Timing Summary | WNS=0.401  | TNS=0.000  | WHS=0.028  | THS=0.000  |

INFO: [Route 35-327] The final timing numbers are based on the router estimated timing analysis. For a complete and accurate timing signoff, please run report_timing_summary.
Phase 10 Post Router Timing | Checksum: 12542011d

Time (s): cpu = 00:00:21 ; elapsed = 00:00:44 . Memory (MB): peak = 2231.547 ; gain = 125.367
INFO: [Route 35-16] Router Completed Successfully

Time (s): cpu = 00:00:21 ; elapsed = 00:00:44 . Memory (MB): peak = 2231.547 ; gain = 125.367

Routing Is Done.
INFO: [Common 17-83] Releasing license: Implementation
101 Infos, 27 Warnings, 0 Critical Warnings and 0 Errors encountered.
route_design completed successfully
route_design: Time (s): cpu = 00:00:23 ; elapsed = 00:00:47 . Memory (MB): peak = 2231.547 ; gain = 143.449
INFO: [Timing 38-480] Writing timing data to binary archive.
Writing XDEF routing.
Writing XDEF routing logical nets.
Writing XDEF routing special nets.
Write XDEF Complete: Time (s): cpu = 00:00:04 ; elapsed = 00:00:03 . Memory (MB): peak = 2238.176 ; gain = 6.629
INFO: [Common 17-1381] The checkpoint 'C:/git/erts2022/vivado/CAT.runs/impl_1/hdmi_in_wrapper_routed.dcp' has been generated.
write_checkpoint: Time (s): cpu = 00:00:06 ; elapsed = 00:00:08 . Memory (MB): peak = 2238.176 ; gain = 6.629
INFO: [runtcl-4] Executing : report_drc -file hdmi_in_wrapper_drc_routed.rpt -pb hdmi_in_wrapper_drc_routed.pb -rpx hdmi_in_wrapper_drc_routed.rpx
Command: report_drc -file hdmi_in_wrapper_drc_routed.rpt -pb hdmi_in_wrapper_drc_routed.pb -rpx hdmi_in_wrapper_drc_routed.rpx
INFO: [IP_Flow 19-1839] IP Catalog is up to date.
INFO: [DRC 23-27] Running DRC with 2 threads
INFO: [Vivado_Tcl 2-168] The results of DRC are in file C:/git/erts2022/vivado/CAT.runs/impl_1/hdmi_in_wrapper_drc_routed.rpt.
report_drc completed successfully
INFO: [runtcl-4] Executing : report_methodology -file hdmi_in_wrapper_methodology_drc_routed.rpt -pb hdmi_in_wrapper_methodology_drc_routed.pb -rpx hdmi_in_wrapper_methodology_drc_routed.rpx
Command: report_methodology -file hdmi_in_wrapper_methodology_drc_routed.rpt -pb hdmi_in_wrapper_methodology_drc_routed.pb -rpx hdmi_in_wrapper_methodology_drc_routed.rpx
INFO: [Timing 38-35] Done setting XDC timing constraints.
INFO: [DRC 23-133] Running Methodology with 2 threads
INFO: [Vivado_Tcl 2-1520] The results of Report Methodology are in file C:/git/erts2022/vivado/CAT.runs/impl_1/hdmi_in_wrapper_methodology_drc_routed.rpt.
report_methodology completed successfully
report_methodology: Time (s): cpu = 00:00:05 ; elapsed = 00:00:09 . Memory (MB): peak = 2264.848 ; gain = 2.969
INFO: [runtcl-4] Executing : report_power -file hdmi_in_wrapper_power_routed.rpt -pb hdmi_in_wrapper_power_summary_routed.pb -rpx hdmi_in_wrapper_power_routed.rpx
Command: report_power -file hdmi_in_wrapper_power_routed.rpt -pb hdmi_in_wrapper_power_summary_routed.pb -rpx hdmi_in_wrapper_power_routed.rpx
INFO: [Timing 38-35] Done setting XDC timing constraints.
Running Vector-less Activity Propagation...

Finished Running Vector-less Activity Propagation
WARNING: [Power 33-332] Found switching activity that implies high-fanout reset nets being asserted for excessive periods of time which may result in inaccurate power analysis.
Resolution: To review and fix problems, please run Power Constraints Advisor in the GUI from Tools > Power Constraints Advisor or run report_power with the -advisory option to generate a text report.
113 Infos, 28 Warnings, 0 Critical Warnings and 0 Errors encountered.
report_power completed successfully
report_power: Time (s): cpu = 00:00:04 ; elapsed = 00:00:06 . Memory (MB): peak = 2302.008 ; gain = 37.160
INFO: [runtcl-4] Executing : report_route_status -file hdmi_in_wrapper_route_status.rpt -pb hdmi_in_wrapper_route_status.pb
INFO: [runtcl-4] Executing : report_timing_summary -max_paths 10 -file hdmi_in_wrapper_timing_summary_routed.rpt -pb hdmi_in_wrapper_timing_summary_routed.pb -rpx hdmi_in_wrapper_timing_summary_routed.rpx -warn_on_violation 
INFO: [Timing 38-91] UpdateTimingParams: Speed grade: -1, Delay Type: min_max.
INFO: [Timing 38-191] Multithreading enabled for timing update using a maximum of 2 CPUs
WARNING: [Timing 38-436] There are set_bus_skew constraint(s) in this design. Please run report_bus_skew to ensure that bus skew requirements are met.
INFO: [runtcl-4] Executing : report_incremental_reuse -file hdmi_in_wrapper_incremental_reuse_routed.rpt
INFO: [Vivado_Tcl 4-1062] Incremental flow is disabled. No incremental reuse Info to report.
INFO: [runtcl-4] Executing : report_clock_utilization -file hdmi_in_wrapper_clock_utilization_routed.rpt
INFO: [runtcl-4] Executing : report_bus_skew -warn_on_violation -file hdmi_in_wrapper_bus_skew_routed.rpt -pb hdmi_in_wrapper_bus_skew_routed.pb -rpx hdmi_in_wrapper_bus_skew_routed.rpx
INFO: [Timing 38-91] UpdateTimingParams: Speed grade: -1, Delay Type: min_max.
INFO: [Timing 38-191] Multithreading enabled for timing update using a maximum of 2 CPUs
INFO: [Memdata 28-208] The XPM instance: <hdmi_in_i/v_vid_in_axi4s_0/inst/COUPLER_INST/generate_async_fifo.FIFO_INST/XPM_FIFO_ASYNC_INST/gnuram_async_fifo.xpm_fifo_base_inst/gen_sdpram.xpm_memory_base_inst> is part of IP: <hdmi_in_i/v_vid_in_axi4s_0>. This XPM instance will be excluded from the .mmi because updatemem is prohibited from making changes to an XPM that is part of an IP.
INFO: [Memdata 28-167] Found XPM memory block hdmi_in_i/v_axi4s_vid_out_0/inst/COUPLER_INST/generate_sync_fifo.FIFO_INST/XPM_FIFO_SYNC_INST/xpm_fifo_base_inst/gen_sdpram.xpm_memory_base_inst with a P_MEMORY_PRIMITIVE property set to auto. A value of block is required. You will not be able to use the updatemem program to update the bitstream with new data for the hdmi_in_i/v_axi4s_vid_out_0/inst/COUPLER_INST/generate_sync_fifo.FIFO_INST/XPM_FIFO_SYNC_INST/xpm_fifo_base_inst/gen_sdpram.xpm_memory_base_inst block.
INFO: [Memdata 28-167] Found XPM memory block hdmi_in_i/axi_vdma_0/U0/I_PRMRY_DATAMOVER/GEN_S2MM_FULL.I_S2MM_FULL_WRAPPER/GEN_ENABLE_INDET_BTT_SF.I_INDET_BTT/I_XD_FIFO/NON_BLK_MEM.I_SYNC_FIFOGEN_FIFO/xpm_fifo_instance.xpm_fifo_sync_inst/xpm_fifo_base_inst/gen_sdpram.xpm_memory_base_inst with a P_MEMORY_PRIMITIVE property set to auto. A value of block is required. You will not be able to use the updatemem program to update the bitstream with new data for the hdmi_in_i/axi_vdma_0/U0/I_PRMRY_DATAMOVER/GEN_S2MM_FULL.I_S2MM_FULL_WRAPPER/GEN_ENABLE_INDET_BTT_SF.I_INDET_BTT/I_XD_FIFO/NON_BLK_MEM.I_SYNC_FIFOGEN_FIFO/xpm_fifo_instance.xpm_fifo_sync_inst/xpm_fifo_base_inst/gen_sdpram.xpm_memory_base_inst block.
INFO: [Memdata 28-208] The XPM instance: <hdmi_in_i/axi_vdma_0/U0/I_PRMRY_DATAMOVER/GEN_S2MM_FULL.I_S2MM_FULL_WRAPPER/GEN_ENABLE_INDET_BTT_SF.I_INDET_BTT/I_DATA_FIFO/BLK_MEM.I_SYNC_FIFOGEN_FIFO/xpm_fifo_instance.xpm_fifo_sync_inst/xpm_fifo_base_inst/gen_sdpram.xpm_memory_base_inst> is part of IP: <hdmi_in_i/axi_vdma_0>. This XPM instance will be excluded from the .mmi because updatemem is prohibited from making changes to an XPM that is part of an IP.
Command: write_bitstream -force hdmi_in_wrapper.bit
Attempting to get a license for feature 'Implementation' and/or device 'xc7z010'
INFO: [Common 17-349] Got license for feature 'Implementation' and/or device 'xc7z010'
Running DRC as a precondition to command write_bitstream
INFO: [IP_Flow 19-1839] IP Catalog is up to date.
INFO: [DRC 23-27] Running DRC with 2 threads
WARNING: [DRC REQP-1839] RAMB36 async control check: The RAMB36E1 hdmi_in_i/axi_mem_intercon/m00_couplers/m00_data_fifo/inst/gen_fifo.fifo_gen_inst/inst_fifo_gen/gaxi_full_lite.gread_ch.grdch2.axi_rdch/grf.rf/gntv_or_sync_fifo.mem/gbm.gbmg.gbmga.ngecc.bmg/inst_blk_mem_gen/gnbram.gnativebmg.native_blk_mem_gen/valid.cstr/ramloop[0].ram.r/prim_noinit.ram/DEVICE_7SERIES.NO_BMM_INFO.SDP.WIDE_PRIM36_NO_ECC.ram has an input control pin hdmi_in_i/axi_mem_intercon/m00_couplers/m00_data_fifo/inst/gen_fifo.fifo_gen_inst/inst_fifo_gen/gaxi_full_lite.gread_ch.grdch2.axi_rdch/grf.rf/gntv_or_sync_fifo.mem/gbm.gbmg.gbmga.ngecc.bmg/inst_blk_mem_gen/gnbram.gnativebmg.native_blk_mem_gen/valid.cstr/ramloop[0].ram.r/prim_noinit.ram/DEVICE_7SERIES.NO_BMM_INFO.SDP.WIDE_PRIM36_NO_ECC.ram/ENBWREN (net: hdmi_in_i/axi_mem_intercon/m00_couplers/m00_data_fifo/inst/gen_fifo.fifo_gen_inst/inst_fifo_gen/gaxi_full_lite.gread_ch.grdch2.axi_rdch/grf.rf/gntv_or_sync_fifo.mem/gbm.gbmg.gbmga.ngecc.bmg/inst_blk_mem_gen/gnbram.gnativebmg.native_blk_mem_gen/valid.cstr/ramloop[0].ram.r/prim_noinit.ram/ENA) which is driven by a register (hdmi_in_i/axi_mem_intercon/m00_couplers/auto_pc/inst/gen_axi4_axi3.axi3_conv_inst/USE_READ.USE_SPLIT_R.read_addr_inst/USE_R_CHANNEL.cmd_queue/inst/fifo_gen_inst/inst_fifo_gen/gconvfifo.rf/grf.rf/gntv_or_sync_fifo.gl0.rd/gr1.gr1_int.rfwft/empty_fwft_i_reg) that has an active asychronous set or reset. This may cause corruption of the memory contents and/or read values when the set/reset is asserted and is not analyzed by the default static timing analysis. It is suggested to eliminate the use of a set/reset to registers driving this RAMB pin or else use a synchronous reset in which the assertion of the reset is timed by default.
WARNING: [DRC REQP-1839] RAMB36 async control check: The RAMB36E1 hdmi_in_i/axi_mem_intercon/m00_couplers/m00_data_fifo/inst/gen_fifo.fifo_gen_inst/inst_fifo_gen/gaxi_full_lite.gread_ch.grdch2.axi_rdch/grf.rf/gntv_or_sync_fifo.mem/gbm.gbmg.gbmga.ngecc.bmg/inst_blk_mem_gen/gnbram.gnativebmg.native_blk_mem_gen/valid.cstr/ramloop[0].ram.r/prim_noinit.ram/DEVICE_7SERIES.NO_BMM_INFO.SDP.WIDE_PRIM36_NO_ECC.ram has an input control pin hdmi_in_i/axi_mem_intercon/m00_couplers/m00_data_fifo/inst/gen_fifo.fifo_gen_inst/inst_fifo_gen/gaxi_full_lite.gread_ch.grdch2.axi_rdch/grf.rf/gntv_or_sync_fifo.mem/gbm.gbmg.gbmga.ngecc.bmg/inst_blk_mem_gen/gnbram.gnativebmg.native_blk_mem_gen/valid.cstr/ramloop[0].ram.r/prim_noinit.ram/DEVICE_7SERIES.NO_BMM_INFO.SDP.WIDE_PRIM36_NO_ECC.ram/WEBWE[0] (net: hdmi_in_i/axi_mem_intercon/m00_couplers/m00_data_fifo/inst/gen_fifo.fifo_gen_inst/inst_fifo_gen/gaxi_full_lite.gread_ch.grdch2.axi_rdch/grf.rf/gntv_or_sync_fifo.mem/gbm.gbmg.gbmga.ngecc.bmg/inst_blk_mem_gen/gnbram.gnativebmg.native_blk_mem_gen/valid.cstr/ramloop[0].ram.r/prim_noinit.ram/WEA[0]) which is driven by a register (hdmi_in_i/axi_mem_intercon/m00_couplers/auto_pc/inst/gen_axi4_axi3.axi3_conv_inst/USE_READ.USE_SPLIT_R.read_addr_inst/USE_R_CHANNEL.cmd_queue/inst/fifo_gen_inst/inst_fifo_gen/gconvfifo.rf/grf.rf/gntv_or_sync_fifo.gl0.rd/gr1.gr1_int.rfwft/empty_fwft_i_reg) that has an active asychronous set or reset. This may cause corruption of the memory contents and/or read values when the set/reset is asserted and is not analyzed by the default static timing analysis. It is suggested to eliminate the use of a set/reset to registers driving this RAMB pin or else use a synchronous reset in which the assertion of the reset is timed by default.
WARNING: [DRC REQP-1839] RAMB36 async control check: The RAMB36E1 hdmi_in_i/axi_mem_intercon/m00_couplers/m00_data_fifo/inst/gen_fifo.fifo_gen_inst/inst_fifo_gen/gaxi_full_lite.gread_ch.grdch2.axi_rdch/grf.rf/gntv_or_sync_fifo.mem/gbm.gbmg.gbmga.ngecc.bmg/inst_blk_mem_gen/gnbram.gnativebmg.native_blk_mem_gen/valid.cstr/ramloop[0].ram.r/prim_noinit.ram/DEVICE_7SERIES.NO_BMM_INFO.SDP.WIDE_PRIM36_NO_ECC.ram has an input control pin hdmi_in_i/axi_mem_intercon/m00_couplers/m00_data_fifo/inst/gen_fifo.fifo_gen_inst/inst_fifo_gen/gaxi_full_lite.gread_ch.grdch2.axi_rdch/grf.rf/gntv_or_sync_fifo.mem/gbm.gbmg.gbmga.ngecc.bmg/inst_blk_mem_gen/gnbram.gnativebmg.native_blk_mem_gen/valid.cstr/ramloop[0].ram.r/prim_noinit.ram/DEVICE_7SERIES.NO_BMM_INFO.SDP.WIDE_PRIM36_NO_ECC.ram/WEBWE[1] (net: hdmi_in_i/axi_mem_intercon/m00_couplers/m00_data_fifo/inst/gen_fifo.fifo_gen_inst/inst_fifo_gen/gaxi_full_lite.gread_ch.grdch2.axi_rdch/grf.rf/gntv_or_sync_fifo.mem/gbm.gbmg.gbmga.ngecc.bmg/inst_blk_mem_gen/gnbram.gnativebmg.native_blk_mem_gen/valid.cstr/ramloop[0].ram.r/prim_noinit.ram/WEA[0]) which is driven by a register (hdmi_in_i/axi_mem_intercon/m00_couplers/auto_pc/inst/gen_axi4_axi3.axi3_conv_inst/USE_READ.USE_SPLIT_R.read_addr_inst/USE_R_CHANNEL.cmd_queue/inst/fifo_gen_inst/inst_fifo_gen/gconvfifo.rf/grf.rf/gntv_or_sync_fifo.gl0.rd/gr1.gr1_int.rfwft/empty_fwft_i_reg) that has an active asychronous set or reset. This may cause corruption of the memory contents and/or read values when the set/reset is asserted and is not analyzed by the default static timing analysis. It is suggested to eliminate the use of a set/reset to registers driving this RAMB pin or else use a synchronous reset in which the assertion of the reset is timed by default.
WARNING: [DRC REQP-1839] RAMB36 async control check: The RAMB36E1 hdmi_in_i/axi_mem_intercon/m00_couplers/m00_data_fifo/inst/gen_fifo.fifo_gen_inst/inst_fifo_gen/gaxi_full_lite.gread_ch.grdch2.axi_rdch/grf.rf/gntv_or_sync_fifo.mem/gbm.gbmg.gbmga.ngecc.bmg/inst_blk_mem_gen/gnbram.gnativebmg.native_blk_mem_gen/valid.cstr/ramloop[0].ram.r/prim_noinit.ram/DEVICE_7SERIES.NO_BMM_INFO.SDP.WIDE_PRIM36_NO_ECC.ram has an input control pin hdmi_in_i/axi_mem_intercon/m00_couplers/m00_data_fifo/inst/gen_fifo.fifo_gen_inst/inst_fifo_gen/gaxi_full_lite.gread_ch.grdch2.axi_rdch/grf.rf/gntv_or_sync_fifo.mem/gbm.gbmg.gbmga.ngecc.bmg/inst_blk_mem_gen/gnbram.gnativebmg.native_blk_mem_gen/valid.cstr/ramloop[0].ram.r/prim_noinit.ram/DEVICE_7SERIES.NO_BMM_INFO.SDP.WIDE_PRIM36_NO_ECC.ram/WEBWE[2] (net: hdmi_in_i/axi_mem_intercon/m00_couplers/m00_data_fifo/inst/gen_fifo.fifo_gen_inst/inst_fifo_gen/gaxi_full_lite.gread_ch.grdch2.axi_rdch/grf.rf/gntv_or_sync_fifo.mem/gbm.gbmg.gbmga.ngecc.bmg/inst_blk_mem_gen/gnbram.gnativebmg.native_blk_mem_gen/valid.cstr/ramloop[0].ram.r/prim_noinit.ram/WEA[0]) which is driven by a register (hdmi_in_i/axi_mem_intercon/m00_couplers/auto_pc/inst/gen_axi4_axi3.axi3_conv_inst/USE_READ.USE_SPLIT_R.read_addr_inst/USE_R_CHANNEL.cmd_queue/inst/fifo_gen_inst/inst_fifo_gen/gconvfifo.rf/grf.rf/gntv_or_sync_fifo.gl0.rd/gr1.gr1_int.rfwft/empty_fwft_i_reg) that has an active asychronous set or reset. This may cause corruption of the memory contents and/or read values when the set/reset is asserted and is not analyzed by the default static timing analysis. It is suggested to eliminate the use of a set/reset to registers driving this RAMB pin or else use a synchronous reset in which the assertion of the reset is timed by default.
WARNING: [DRC REQP-1839] RAMB36 async control check: The RAMB36E1 hdmi_in_i/axi_mem_intercon/m00_couplers/m00_data_fifo/inst/gen_fifo.fifo_gen_inst/inst_fifo_gen/gaxi_full_lite.gread_ch.grdch2.axi_rdch/grf.rf/gntv_or_sync_fifo.mem/gbm.gbmg.gbmga.ngecc.bmg/inst_blk_mem_gen/gnbram.gnativebmg.native_blk_mem_gen/valid.cstr/ramloop[0].ram.r/prim_noinit.ram/DEVICE_7SERIES.NO_BMM_INFO.SDP.WIDE_PRIM36_NO_ECC.ram has an input control pin hdmi_in_i/axi_mem_intercon/m00_couplers/m00_data_fifo/inst/gen_fifo.fifo_gen_inst/inst_fifo_gen/gaxi_full_lite.gread_ch.grdch2.axi_rdch/grf.rf/gntv_or_sync_fifo.mem/gbm.gbmg.gbmga.ngecc.bmg/inst_blk_mem_gen/gnbram.gnativebmg.native_blk_mem_gen/valid.cstr/ramloop[0].ram.r/prim_noinit.ram/DEVICE_7SERIES.NO_BMM_INFO.SDP.WIDE_PRIM36_NO_ECC.ram/WEBWE[3] (net: hdmi_in_i/axi_mem_intercon/m00_couplers/m00_data_fifo/inst/gen_fifo.fifo_gen_inst/inst_fifo_gen/gaxi_full_lite.gread_ch.grdch2.axi_rdch/grf.rf/gntv_or_sync_fifo.mem/gbm.gbmg.gbmga.ngecc.bmg/inst_blk_mem_gen/gnbram.gnativebmg.native_blk_mem_gen/valid.cstr/ramloop[0].ram.r/prim_noinit.ram/WEA[0]) which is driven by a register (hdmi_in_i/axi_mem_intercon/m00_couplers/auto_pc/inst/gen_axi4_axi3.axi3_conv_inst/USE_READ.USE_SPLIT_R.read_addr_inst/USE_R_CHANNEL.cmd_queue/inst/fifo_gen_inst/inst_fifo_gen/gconvfifo.rf/grf.rf/gntv_or_sync_fifo.gl0.rd/gr1.gr1_int.rfwft/empty_fwft_i_reg) that has an active asychronous set or reset. This may cause corruption of the memory contents and/or read values when the set/reset is asserted and is not analyzed by the default static timing analysis. It is suggested to eliminate the use of a set/reset to registers driving this RAMB pin or else use a synchronous reset in which the assertion of the reset is timed by default.
WARNING: [DRC REQP-1839] RAMB36 async control check: The RAMB36E1 hdmi_in_i/axi_mem_intercon/m00_couplers/m00_data_fifo/inst/gen_fifo.fifo_gen_inst/inst_fifo_gen/gaxi_full_lite.gread_ch.grdch2.axi_rdch/grf.rf/gntv_or_sync_fifo.mem/gbm.gbmg.gbmga.ngecc.bmg/inst_blk_mem_gen/gnbram.gnativebmg.native_blk_mem_gen/valid.cstr/ramloop[0].ram.r/prim_noinit.ram/DEVICE_7SERIES.NO_BMM_INFO.SDP.WIDE_PRIM36_NO_ECC.ram has an input control pin hdmi_in_i/axi_mem_intercon/m00_couplers/m00_data_fifo/inst/gen_fifo.fifo_gen_inst/inst_fifo_gen/gaxi_full_lite.gread_ch.grdch2.axi_rdch/grf.rf/gntv_or_sync_fifo.mem/gbm.gbmg.gbmga.ngecc.bmg/inst_blk_mem_gen/gnbram.gnativebmg.native_blk_mem_gen/valid.cstr/ramloop[0].ram.r/prim_noinit.ram/DEVICE_7SERIES.NO_BMM_INFO.SDP.WIDE_PRIM36_NO_ECC.ram/WEBWE[4] (net: hdmi_in_i/axi_mem_intercon/m00_couplers/m00_data_fifo/inst/gen_fifo.fifo_gen_inst/inst_fifo_gen/gaxi_full_lite.gread_ch.grdch2.axi_rdch/grf.rf/gntv_or_sync_fifo.mem/gbm.gbmg.gbmga.ngecc.bmg/inst_blk_mem_gen/gnbram.gnativebmg.native_blk_mem_gen/valid.cstr/ramloop[0].ram.r/prim_noinit.ram/WEA[0]) which is driven by a register (hdmi_in_i/axi_mem_intercon/m00_couplers/auto_pc/inst/gen_axi4_axi3.axi3_conv_inst/USE_READ.USE_SPLIT_R.read_addr_inst/USE_R_CHANNEL.cmd_queue/inst/fifo_gen_inst/inst_fifo_gen/gconvfifo.rf/grf.rf/gntv_or_sync_fifo.gl0.rd/gr1.gr1_int.rfwft/empty_fwft_i_reg) that has an active asychronous set or reset. This may cause corruption of the memory contents and/or read values when the set/reset is asserted and is not analyzed by the default static timing analysis. It is suggested to eliminate the use of a set/reset to registers driving this RAMB pin or else use a synchronous reset in which the assertion of the reset is timed by default.
WARNING: [DRC REQP-1839] RAMB36 async control check: The RAMB36E1 hdmi_in_i/axi_mem_intercon/m00_couplers/m00_data_fifo/inst/gen_fifo.fifo_gen_inst/inst_fifo_gen/gaxi_full_lite.gread_ch.grdch2.axi_rdch/grf.rf/gntv_or_sync_fifo.mem/gbm.gbmg.gbmga.ngecc.bmg/inst_blk_mem_gen/gnbram.gnativebmg.native_blk_mem_gen/valid.cstr/ramloop[0].ram.r/prim_noinit.ram/DEVICE_7SERIES.NO_BMM_INFO.SDP.WIDE_PRIM36_NO_ECC.ram has an input control pin hdmi_in_i/axi_mem_intercon/m00_couplers/m00_data_fifo/inst/gen_fifo.fifo_gen_inst/inst_fifo_gen/gaxi_full_lite.gread_ch.grdch2.axi_rdch/grf.rf/gntv_or_sync_fifo.mem/gbm.gbmg.gbmga.ngecc.bmg/inst_blk_mem_gen/gnbram.gnativebmg.native_blk_mem_gen/valid.cstr/ramloop[0].ram.r/prim_noinit.ram/DEVICE_7SERIES.NO_BMM_INFO.SDP.WIDE_PRIM36_NO_ECC.ram/WEBWE[5] (net: hdmi_in_i/axi_mem_intercon/m00_couplers/m00_data_fifo/inst/gen_fifo.fifo_gen_inst/inst_fifo_gen/gaxi_full_lite.gread_ch.grdch2.axi_rdch/grf.rf/gntv_or_sync_fifo.mem/gbm.gbmg.gbmga.ngecc.bmg/inst_blk_mem_gen/gnbram.gnativebmg.native_blk_mem_gen/valid.cstr/ramloop[0].ram.r/prim_noinit.ram/WEA[0]) which is driven by a register (hdmi_in_i/axi_mem_intercon/m00_couplers/auto_pc/inst/gen_axi4_axi3.axi3_conv_inst/USE_READ.USE_SPLIT_R.read_addr_inst/USE_R_CHANNEL.cmd_queue/inst/fifo_gen_inst/inst_fifo_gen/gconvfifo.rf/grf.rf/gntv_or_sync_fifo.gl0.rd/gr1.gr1_int.rfwft/empty_fwft_i_reg) that has an active asychronous set or reset. This may cause corruption of the memory contents and/or read values when the set/reset is asserted and is not analyzed by the default static timing analysis. It is suggested to eliminate the use of a set/reset to registers driving this RAMB pin or else use a synchronous reset in which the assertion of the reset is timed by default.
WARNING: [DRC REQP-1839] RAMB36 async control check: The RAMB36E1 hdmi_in_i/axi_mem_intercon/m00_couplers/m00_data_fifo/inst/gen_fifo.fifo_gen_inst/inst_fifo_gen/gaxi_full_lite.gread_ch.grdch2.axi_rdch/grf.rf/gntv_or_sync_fifo.mem/gbm.gbmg.gbmga.ngecc.bmg/inst_blk_mem_gen/gnbram.gnativebmg.native_blk_mem_gen/valid.cstr/ramloop[0].ram.r/prim_noinit.ram/DEVICE_7SERIES.NO_BMM_INFO.SDP.WIDE_PRIM36_NO_ECC.ram has an input control pin hdmi_in_i/axi_mem_intercon/m00_couplers/m00_data_fifo/inst/gen_fifo.fifo_gen_inst/inst_fifo_gen/gaxi_full_lite.gread_ch.grdch2.axi_rdch/grf.rf/gntv_or_sync_fifo.mem/gbm.gbmg.gbmga.ngecc.bmg/inst_blk_mem_gen/gnbram.gnativebmg.native_blk_mem_gen/valid.cstr/ramloop[0].ram.r/prim_noinit.ram/DEVICE_7SERIES.NO_BMM_INFO.SDP.WIDE_PRIM36_NO_ECC.ram/WEBWE[6] (net: hdmi_in_i/axi_mem_intercon/m00_couplers/m00_data_fifo/inst/gen_fifo.fifo_gen_inst/inst_fifo_gen/gaxi_full_lite.gread_ch.grdch2.axi_rdch/grf.rf/gntv_or_sync_fifo.mem/gbm.gbmg.gbmga.ngecc.bmg/inst_blk_mem_gen/gnbram.gnativebmg.native_blk_mem_gen/valid.cstr/ramloop[0].ram.r/prim_noinit.ram/WEA[0]) which is driven by a register (hdmi_in_i/axi_mem_intercon/m00_couplers/auto_pc/inst/gen_axi4_axi3.axi3_conv_inst/USE_READ.USE_SPLIT_R.read_addr_inst/USE_R_CHANNEL.cmd_queue/inst/fifo_gen_inst/inst_fifo_gen/gconvfifo.rf/grf.rf/gntv_or_sync_fifo.gl0.rd/gr1.gr1_int.rfwft/empty_fwft_i_reg) that has an active asychronous set or reset. This may cause corruption of the memory contents and/or read values when the set/reset is asserted and is not analyzed by the default static timing analysis. It is suggested to eliminate the use of a set/reset to registers driving this RAMB pin or else use a synchronous reset in which the assertion of the reset is timed by default.
WARNING: [DRC REQP-1839] RAMB36 async control check: The RAMB36E1 hdmi_in_i/axi_mem_intercon/m00_couplers/m00_data_fifo/inst/gen_fifo.fifo_gen_inst/inst_fifo_gen/gaxi_full_lite.gread_ch.grdch2.axi_rdch/grf.rf/gntv_or_sync_fifo.mem/gbm.gbmg.gbmga.ngecc.bmg/inst_blk_mem_gen/gnbram.gnativebmg.native_blk_mem_gen/valid.cstr/ramloop[0].ram.r/prim_noinit.ram/DEVICE_7SERIES.NO_BMM_INFO.SDP.WIDE_PRIM36_NO_ECC.ram has an input control pin hdmi_in_i/axi_mem_intercon/m00_couplers/m00_data_fifo/inst/gen_fifo.fifo_gen_inst/inst_fifo_gen/gaxi_full_lite.gread_ch.grdch2.axi_rdch/grf.rf/gntv_or_sync_fifo.mem/gbm.gbmg.gbmga.ngecc.bmg/inst_blk_mem_gen/gnbram.gnativebmg.native_blk_mem_gen/valid.cstr/ramloop[0].ram.r/prim_noinit.ram/DEVICE_7SERIES.NO_BMM_INFO.SDP.WIDE_PRIM36_NO_ECC.ram/WEBWE[7] (net: hdmi_in_i/axi_mem_intercon/m00_couplers/m00_data_fifo/inst/gen_fifo.fifo_gen_inst/inst_fifo_gen/gaxi_full_lite.gread_ch.grdch2.axi_rdch/grf.rf/gntv_or_sync_fifo.mem/gbm.gbmg.gbmga.ngecc.bmg/inst_blk_mem_gen/gnbram.gnativebmg.native_blk_mem_gen/valid.cstr/ramloop[0].ram.r/prim_noinit.ram/WEA[0]) which is driven by a register (hdmi_in_i/axi_mem_intercon/m00_couplers/auto_pc/inst/gen_axi4_axi3.axi3_conv_inst/USE_READ.USE_SPLIT_R.read_addr_inst/USE_R_CHANNEL.cmd_queue/inst/fifo_gen_inst/inst_fifo_gen/gconvfifo.rf/grf.rf/gntv_or_sync_fifo.gl0.rd/gr1.gr1_int.rfwft/empty_fwft_i_reg) that has an active asychronous set or reset. This may cause corruption of the memory contents and/or read values when the set/reset is asserted and is not analyzed by the default static timing analysis. It is suggested to eliminate the use of a set/reset to registers driving this RAMB pin or else use a synchronous reset in which the assertion of the reset is timed by default.
WARNING: [DRC REQP-1839] RAMB36 async control check: The RAMB36E1 hdmi_in_i/axi_mem_intercon/m00_couplers/m00_data_fifo/inst/gen_fifo.fifo_gen_inst/inst_fifo_gen/gaxi_full_lite.gwrite_ch.gwdch2.axi_wdch/grf.rf/gntv_or_sync_fifo.mem/gbm.gbmg.gbmga.ngecc.bmg/inst_blk_mem_gen/gnbram.gnativebmg.native_blk_mem_gen/valid.cstr/ramloop[1].ram.r/prim_noinit.ram/DEVICE_7SERIES.NO_BMM_INFO.SDP.WIDE_PRIM36_NO_ECC.ram has an input control pin hdmi_in_i/axi_mem_intercon/m00_couplers/m00_data_fifo/inst/gen_fifo.fifo_gen_inst/inst_fifo_gen/gaxi_full_lite.gwrite_ch.gwdch2.axi_wdch/grf.rf/gntv_or_sync_fifo.mem/gbm.gbmg.gbmga.ngecc.bmg/inst_blk_mem_gen/gnbram.gnativebmg.native_blk_mem_gen/valid.cstr/ramloop[1].ram.r/prim_noinit.ram/DEVICE_7SERIES.NO_BMM_INFO.SDP.WIDE_PRIM36_NO_ECC.ram/ENARDEN (net: hdmi_in_i/axi_mem_intercon/m00_couplers/m00_data_fifo/inst/gen_fifo.fifo_gen_inst/inst_fifo_gen/gaxi_full_lite.gwrite_ch.gwdch2.axi_wdch/grf.rf/gntv_or_sync_fifo.mem/gbm.gbmg.gbmga.ngecc.bmg/inst_blk_mem_gen/gnbram.gnativebmg.native_blk_mem_gen/valid.cstr/ramloop[1].ram.r/prim_noinit.ram/ENB) which is driven by a register (hdmi_in_i/axi_mem_intercon/m00_couplers/auto_pc/inst/gen_axi4_axi3.axi3_conv_inst/USE_WRITE.write_addr_inst/USE_BURSTS.cmd_queue/inst/fifo_gen_inst/inst_fifo_gen/gconvfifo.rf/grf.rf/gntv_or_sync_fifo.gl0.rd/gr1.gr1_int.rfwft/empty_fwft_i_reg) that has an active asychronous set or reset. This may cause corruption of the memory contents and/or read values when the set/reset is asserted and is not analyzed by the default static timing analysis. It is suggested to eliminate the use of a set/reset to registers driving this RAMB pin or else use a synchronous reset in which the assertion of the reset is timed by default.
WARNING: [DRC REQP-1840] RAMB18 async control check: The RAMB18E1 hdmi_in_i/axi_mem_intercon/m00_couplers/m00_data_fifo/inst/gen_fifo.fifo_gen_inst/inst_fifo_gen/gaxi_full_lite.gwrite_ch.gwdch2.axi_wdch/grf.rf/gntv_or_sync_fifo.mem/gbm.gbmg.gbmga.ngecc.bmg/inst_blk_mem_gen/gnbram.gnativebmg.native_blk_mem_gen/valid.cstr/ramloop[0].ram.r/prim_noinit.ram/DEVICE_7SERIES.NO_BMM_INFO.SDP.WIDE_PRIM18.ram has an input control pin hdmi_in_i/axi_mem_intercon/m00_couplers/m00_data_fifo/inst/gen_fifo.fifo_gen_inst/inst_fifo_gen/gaxi_full_lite.gwrite_ch.gwdch2.axi_wdch/grf.rf/gntv_or_sync_fifo.mem/gbm.gbmg.gbmga.ngecc.bmg/inst_blk_mem_gen/gnbram.gnativebmg.native_blk_mem_gen/valid.cstr/ramloop[0].ram.r/prim_noinit.ram/DEVICE_7SERIES.NO_BMM_INFO.SDP.WIDE_PRIM18.ram/ENARDEN (net: hdmi_in_i/axi_mem_intercon/m00_couplers/m00_data_fifo/inst/gen_fifo.fifo_gen_inst/inst_fifo_gen/gaxi_full_lite.gwrite_ch.gwdch2.axi_wdch/grf.rf/gntv_or_sync_fifo.mem/gbm.gbmg.gbmga.ngecc.bmg/inst_blk_mem_gen/gnbram.gnativebmg.native_blk_mem_gen/valid.cstr/ramloop[0].ram.r/prim_noinit.ram/ENB) which is driven by a register (hdmi_in_i/axi_mem_intercon/m00_couplers/auto_pc/inst/gen_axi4_axi3.axi3_conv_inst/USE_WRITE.write_addr_inst/USE_BURSTS.cmd_queue/inst/fifo_gen_inst/inst_fifo_gen/gconvfifo.rf/grf.rf/gntv_or_sync_fifo.gl0.rd/gr1.gr1_int.rfwft/empty_fwft_i_reg) that has an active asychronous set or reset. This may cause corruption of the memory contents and/or read values when the set/reset is asserted and is not analyzed by the default static timing analysis. It is suggested to eliminate the use of a set/reset to registers driving this RAMB pin or else use a synchronous reset in which the assertion of the reset is timed by default.
WARNING: [DRC RTSTAT-10] No routable loads: 148 net(s) have no routable loads. The problem bus(es) and/or net(s) are hdmi_in_i/axi_mem_intercon/m00_couplers/m00_data_fifo/inst/gen_fifo.fifo_gen_inst/inst_fifo_gen/gaxi_full_lite.gread_ch.grach2.axi_rach/grf.rf/gntv_or_sync_fifo.gl0.rd/gr1.gr1_int.rfwft/aempty_fwft_i, hdmi_in_i/axi_mem_intercon/m00_couplers/auto_pc/inst/gen_axi4_axi3.axi3_conv_inst/USE_WRITE.write_addr_inst/USE_B_CHANNEL.cmd_b_queue/inst/fifo_gen_inst/inst_fifo_gen/gconvfifo.rf/grf.rf/gntv_or_sync_fifo.gl0.rd/gr1.gr1_int.rfwft/aempty_fwft_i, hdmi_in_i/axi_mem_intercon/s01_couplers/auto_us_df/inst/gen_upsizer.gen_full_upsizer.axi_upsizer_inst/USE_READ.gen_pktfifo_r_upsizer.pktfifo_read_data_inst/s_cmd_fifo/inst_fifo_gen/gconvfifo.rf/grf.rf/gntv_or_sync_fifo.gl0.rd/gr1.gr1_int.rfwft/aempty_fwft_i, hdmi_in_i/axi_mem_intercon/s01_couplers/auto_us_df/inst/gen_upsizer.gen_full_upsizer.axi_upsizer_inst/USE_READ.gen_pktfifo_r_upsizer.pktfifo_read_data_inst/m_cmd_fifo/inst_fifo_gen/gconvfifo.rf/grf.rf/gntv_or_sync_fifo.gl0.rd/gr1.gr1_int.rfwft/aempty_fwft_i, hdmi_in_i/axi_mem_intercon/s01_couplers/auto_us_df/inst/gen_upsizer.gen_full_upsizer.axi_upsizer_inst/USE_READ.gen_pktfifo_r_upsizer.pktfifo_read_data_inst/dw_fifogen_ar/inst_fifo_gen/gaxi_full_lite.gread_ch.grach2.axi_rach/grf.rf/gntv_or_sync_fifo.gl0.rd/gr1.gr1_int.rfwft/aempty_fwft_i, hdmi_in_i/axi_mem_intercon/m00_couplers/auto_pc/inst/gen_axi4_axi3.axi3_conv_inst/USE_WRITE.write_addr_inst/USE_BURSTS.cmd_queue/inst/fifo_gen_inst/inst_fifo_gen/gconvfifo.rf/grf.rf/gntv_or_sync_fifo.gl0.rd/gr1.gr1_int.rfwft/aempty_fwft_i, hdmi_in_i/axi_mem_intercon/s00_couplers/s00_data_fifo/inst/gen_fifo.fifo_gen_inst/inst_fifo_gen/gaxi_full_lite.gwrite_ch.gwdch2.axi_wdch/grf.rf/gntv_or_sync_fifo.gl0.rd/gr1.gr1_int.rfwft/aempty_fwft_i, hdmi_in_i/axi_mem_intercon/s00_couplers/s00_data_fifo/inst/gen_fifo.fifo_gen_inst/inst_fifo_gen/gaxi_full_lite.gwrite_ch.gwach2.axi_wach/grf.rf/gntv_or_sync_fifo.gl0.rd/gr1.gr1_int.rfwft/aempty_fwft_i, hdmi_in_i/axi_mem_intercon/s01_couplers/auto_us_df/inst/gen_upsizer.gen_full_upsizer.axi_upsizer_inst/USE_READ.gen_pktfifo_r_upsizer.pktfifo_read_data_inst/dw_fifogen_rresp/inst_fifo_gen/gconvfifo.rf/grf.rf/gntv_or_sync_fifo.gl0.rd/gr1.gr1_int.rfwft/aempty_fwft_i, hdmi_in_i/axi_mem_intercon/m00_couplers/m00_data_fifo/inst/gen_fifo.fifo_gen_inst/inst_fifo_gen/gaxi_full_lite.gread_ch.grdch2.axi_rdch/grf.rf/gntv_or_sync_fifo.gl0.rd/gr1.gr1_int.rfwft/aempty_fwft_i, hdmi_in_i/axi_mem_intercon/m00_couplers/auto_pc/inst/gen_axi4_axi3.axi3_conv_inst/USE_READ.USE_SPLIT_R.read_addr_inst/USE_R_CHANNEL.cmd_queue/inst/fifo_gen_inst/inst_fifo_gen/gconvfifo.rf/grf.rf/gntv_or_sync_fifo.gl0.rd/gr1.gr1_int.rfwft/aempty_fwft_i, hdmi_in_i/axi_mem_intercon/m00_couplers/m00_data_fifo/inst/gen_fifo.fifo_gen_inst/inst_fifo_gen/gaxi_full_lite.gwrite_ch.gwach2.axi_wach/grf.rf/gntv_or_sync_fifo.gl0.rd/gr1.gr1_int.rfwft/aempty_fwft_i, hdmi_in_i/axi_mem_intercon/m00_couplers/m00_data_fifo/inst/gen_fifo.fifo_gen_inst/inst_fifo_gen/gaxi_full_lite.gwrite_ch.gwdch2.axi_wdch/grf.rf/gntv_or_sync_fifo.gl0.rd/gr1.gr1_int.rfwft/aempty_fwft_i, hdmi_in_i/axi_mem_intercon/m00_couplers/m00_data_fifo/inst/gen_fifo.fifo_gen_inst/inst_fifo_gen/gaxi_full_lite.gread_ch.grdch2.axi_rdch/grf.rf/rstblk/ngwrdrst.grst.rd_rst_reg[2:0], hdmi_in_i/axi_mem_intercon/s00_couplers/s00_data_fifo/inst/gen_fifo.fifo_gen_inst/inst_fifo_gen/gaxi_full_lite.gwrite_ch.gwdch2.axi_wdch/grf.rf/rstblk/ngwrdrst.grst.rd_rst_reg[2:0]... and (the first 15 of 95 listed).
INFO: [DRC REQP-165] writefirst: Synchronous clocking is detected for BRAM (hdmi_in_i/axi_mem_intercon/s01_couplers/auto_us_df/inst/gen_upsizer.gen_full_upsizer.axi_upsizer_inst/USE_READ.gen_pktfifo_r_upsizer.pktfifo_read_data_inst/gen_ramb[0].ramb_inst) in SDP mode with WRITE_FIRST write-mode. This is the preferred mode for best power characteristics, however it may exhibit address collisions if the same address appears on both read and write ports resulting in unknown or corrupted read data. It is suggested to confirm via simulation that an address collision never occurs and if so it is suggested to try and avoid this situation. If address collisions cannot be avoided, the write-mode may be set to READ_FIRST which guarantees that the read data is the prior contents of the memory at the cost of additional power in the design. See the FPGA Memory Resources User Guide for additional information.
INFO: [DRC REQP-165] writefirst: Synchronous clocking is detected for BRAM (hdmi_in_i/axi_mem_intercon/s01_couplers/auto_us_df/inst/gen_upsizer.gen_full_upsizer.axi_upsizer_inst/USE_READ.gen_pktfifo_r_upsizer.pktfifo_read_data_inst/gen_ramb[1].ramb_inst) in SDP mode with WRITE_FIRST write-mode. This is the preferred mode for best power characteristics, however it may exhibit address collisions if the same address appears on both read and write ports resulting in unknown or corrupted read data. It is suggested to confirm via simulation that an address collision never occurs and if so it is suggested to try and avoid this situation. If address collisions cannot be avoided, the write-mode may be set to READ_FIRST which guarantees that the read data is the prior contents of the memory at the cost of additional power in the design. See the FPGA Memory Resources User Guide for additional information.
INFO: [DRC REQP-165] writefirst: Synchronous clocking is detected for BRAM (hdmi_in_i/axi_vdma_0/U0/I_PRMRY_DATAMOVER/GEN_S2MM_FULL.I_S2MM_FULL_WRAPPER/GEN_ENABLE_INDET_BTT_SF.I_INDET_BTT/I_DATA_FIFO/BLK_MEM.I_SYNC_FIFOGEN_FIFO/xpm_fifo_instance.xpm_fifo_sync_inst/xpm_fifo_base_inst/gen_sdpram.xpm_memory_base_inst/gen_wr_a.gen_word_narrow.mem_reg_1) in SDP mode with WRITE_FIRST write-mode. This is the preferred mode for best power characteristics, however it may exhibit address collisions if the same address appears on both read and write ports resulting in unknown or corrupted read data. It is suggested to confirm via simulation that an address collision never occurs and if so it is suggested to try and avoid this situation. If address collisions cannot be avoided, the write-mode may be set to READ_FIRST which guarantees that the read data is the prior contents of the memory at the cost of additional power in the design. See the FPGA Memory Resources User Guide for additional information.
INFO: [DRC REQP-181] writefirst: Synchronous clocking is detected for BRAM (hdmi_in_i/axi_vdma_0/U0/I_PRMRY_DATAMOVER/GEN_S2MM_FULL.I_S2MM_FULL_WRAPPER/GEN_ENABLE_INDET_BTT_SF.I_INDET_BTT/I_DATA_FIFO/BLK_MEM.I_SYNC_FIFOGEN_FIFO/xpm_fifo_instance.xpm_fifo_sync_inst/xpm_fifo_base_inst/gen_sdpram.xpm_memory_base_inst/gen_wr_a.gen_word_narrow.mem_reg_0) in SDP mode with WRITE_FIRST write-mode. This is the preferred mode for best power characteristics, however it may exhibit address collisions if the same address appears on both read and write ports resulting in unknown or corrupted read data. It is suggested to confirm via simulation that an address collision never occurs and if so it is suggested to try and avoid this situation. If address collisions cannot be avoided, the write-mode may be set to READ_FIRST which guarantees that the read data is the prior contents of the memory at the cost of additional power in the design. See the FPGA Memory Resources User Guide for additional information.
INFO: [Vivado 12-3199] DRC finished with 0 Errors, 12 Warnings, 4 Advisories
INFO: [Vivado 12-3200] Please refer to the DRC report (report_drc) for more information.
INFO: [Designutils 20-2272] Running write_bitstream with 2 threads.
Loading data files...
Loading site data...
Loading route data...
Processing options...
Creating bitmap...
Creating bitstream...
Writing bitstream ./hdmi_in_wrapper.bit...
INFO: [Vivado 12-1842] Bitgen Completed Successfully.
INFO: [Project 1-1876] WebTalk data collection is mandatory when using a ULT device. To see the specific WebTalk data collected for your design, open the usage_statistics_webtalk.html or usage_statistics_webtalk.xml file in the implementation directory.
INFO: [Common 17-83] Releasing license: Implementation
20 Infos, 12 Warnings, 0 Critical Warnings and 0 Errors encountered.
write_bitstream completed successfully
write_bitstream: Time (s): cpu = 00:00:10 ; elapsed = 00:00:19 . Memory (MB): peak = 2778.227 ; gain = 442.996
INFO: [Common 17-206] Exiting Vivado at Fri Jan  6 17:55:15 2023...
