

================================================================
== Vitis HLS Report for 'mmult_Pipeline_4'
================================================================
* Date:           Fri Jan  6 17:11:09 2023

* Version:        2022.2 (Build 3670227 on Oct 13 2022)
* Project:        mxu
* Solution:       CAT (Vivado IP Flow Target)
* Product family: zynq
* Target device:  xc7z010-clg400-1


================================================================
== Performance Estimates
================================================================
+ Timing: 
    * Summary: 
    +--------+----------+----------+------------+
    |  Clock |  Target  | Estimated| Uncertainty|
    +--------+----------+----------+------------+
    |ap_clk  |  10.00 ns|  7.300 ns|     2.70 ns|
    +--------+----------+----------+------------+

+ Latency: 
    * Summary: 
    +---------+---------+----------+----------+-----+-----+---------+
    |  Latency (cycles) |  Latency (absolute) |  Interval | Pipeline|
    |   min   |   max   |    min   |    max   | min | max |   Type  |
    +---------+---------+----------+----------+-----+-----+---------+
    |       67|       67|  0.670 us|  0.670 us|   67|   67|       no|
    +---------+---------+----------+----------+-----+-----+---------+

    + Detail: 
        * Instance: 
        N/A

        * Loop: 
        +----------+---------+---------+----------+-----------+-----------+------+----------+
        |          |  Latency (cycles) | Iteration|  Initiation Interval  | Trip |          |
        | Loop Name|   min   |   max   |  Latency |  achieved |   target  | Count| Pipelined|
        +----------+---------+---------+----------+-----------+-----------+------+----------+
        |- Loop 1  |       65|       65|         3|          1|          1|    64|       yes|
        +----------+---------+---------+----------+-----------+-----------+------+----------+

============================================================
+ Verbose Summary: Synthesis Manager
============================================================
InlineROM: 1
ExposeGlobal: 0
============================================================
+ Verbose Summary: CDFG Model
============================================================
IsTopModel: 0
ResetActiveHigh: 1
IsCombinational: 0
IsDatapathOnly: 0
HasWiredReturn: 1
HasMFsm: 2
HasVarLatency: 1
IsPipeline: 0
IsRtlPipelined: 0
IsInstanceOverlapped: 0
IsDontTouch: 0
HasImplIP: 0
IsGatedGlobalClock: 0

+ Individual pipeline summary: 
  * Pipeline-0: initiation interval (II) = 1, depth = 3


============================================================
+ Verbose Summary: Schedule
============================================================
* Number of FSM states : 3
* Pipeline : 1
  Pipeline-0 : II = 1, D = 3, States = { 1 2 3 }
* Dataflow Pipeline: 0

* FSM state transitions: 
1 --> 2 
2 --> 3 
3 --> 

* FSM state operations: 

State 1 <SV = 0> <Delay = 3.45>
ST_1 : Operation 6 [1/1] (0.00ns)   --->   "%loop_index = alloca i32 1"   --->   Operation 6 'alloca' 'loop_index' <Predicate = true> <Delay = 0.00>
ST_1 : Operation 7 [1/1] (0.00ns)   --->   "%sext_ln30_read = read i62 @_ssdm_op_Read.ap_auto.i62, i62 %sext_ln30"   --->   Operation 7 'read' 'sext_ln30_read' <Predicate = true> <Delay = 0.00>
ST_1 : Operation 8 [1/1] (0.00ns)   --->   "%sext_ln30_cast = sext i62 %sext_ln30_read"   --->   Operation 8 'sext' 'sext_ln30_cast' <Predicate = true> <Delay = 0.00>
ST_1 : Operation 9 [1/1] (0.00ns)   --->   "%specinterface_ln0 = specinterface void @_ssdm_op_SpecInterface, i32 %C_port, void @empty, i32 0, i32 0, void @empty_0, i32 0, i32 0, void @empty_4, void @empty_2, void @empty_0, i32 16, i32 16, i32 16, i32 16, void @empty_0, void @empty_0, i32 4294967295, i32 0"   --->   Operation 9 'specinterface' 'specinterface_ln0' <Predicate = true> <Delay = 0.00>
ST_1 : Operation 10 [1/1] (1.58ns)   --->   "%store_ln0 = store i7 0, i7 %loop_index"   --->   Operation 10 'store' 'store_ln0' <Predicate = true> <Delay = 1.58>
ST_1 : Operation 11 [1/1] (0.00ns)   --->   "%br_ln0 = br void %load-store-loop"   --->   Operation 11 'br' 'br_ln0' <Predicate = true> <Delay = 0.00>
ST_1 : Operation 12 [1/1] (0.00ns)   --->   "%loop_index_load = load i7 %loop_index"   --->   Operation 12 'load' 'loop_index_load' <Predicate = true> <Delay = 0.00>
ST_1 : Operation 13 [1/1] (1.48ns)   --->   "%exitcond5 = icmp_eq  i7 %loop_index_load, i7 64"   --->   Operation 13 'icmp' 'exitcond5' <Predicate = true> <Delay = 1.48> <CoreInst = "Cmp">   --->   Core 9 'Cmp' <Latency = 0> <II = 1> <Delay = 1.48> <FuncUnit> <Opcode : 'icmp'> <InPorts = 2> <OutPorts = 1>
ST_1 : Operation 14 [1/1] (1.87ns)   --->   "%empty_19 = add i7 %loop_index_load, i7 1"   --->   Operation 14 'add' 'empty_19' <Predicate = true> <Delay = 1.87> <CoreInst = "Adder">   --->   Core 1 'Adder' <Latency = 0> <II = 1> <Delay = 1.87> <FuncUnit> <Opcode : 'add' 'sub'> <InPorts = 2> <OutPorts = 1>
ST_1 : Operation 15 [1/1] (0.00ns)   --->   "%br_ln0 = br i1 %exitcond5, void %load-store-loop.split, void %memcpy-split.exitStub"   --->   Operation 15 'br' 'br_ln0' <Predicate = true> <Delay = 0.00>
ST_1 : Operation 16 [1/1] (0.00ns)   --->   "%empty_20 = trunc i7 %loop_index_load"   --->   Operation 16 'trunc' 'empty_20' <Predicate = (!exitcond5)> <Delay = 0.00>
ST_1 : Operation 17 [1/1] (0.00ns)   --->   "%tmp_27_cast = zext i6 %empty_20"   --->   Operation 17 'zext' 'tmp_27_cast' <Predicate = (!exitcond5)> <Delay = 0.00>
ST_1 : Operation 18 [1/1] (0.00ns)   --->   "%c_buffer_addr = getelementptr i32 %c_buffer, i64 0, i64 %tmp_27_cast"   --->   Operation 18 'getelementptr' 'c_buffer_addr' <Predicate = (!exitcond5)> <Delay = 0.00>
ST_1 : Operation 19 [2/2] (3.25ns)   --->   "%c_buffer_load = load i6 %c_buffer_addr"   --->   Operation 19 'load' 'c_buffer_load' <Predicate = (!exitcond5)> <Delay = 3.25> <CoreInst = "RAM">   --->   Core 82 'RAM' <Latency = 1> <II = 1> <Delay = 3.25> <Storage> <Opcode : 'load' 'store'> <Ports = 2> <Width = 32> <Depth = 64> <RAM>
ST_1 : Operation 20 [1/1] (1.58ns)   --->   "%store_ln0 = store i7 %empty_19, i7 %loop_index"   --->   Operation 20 'store' 'store_ln0' <Predicate = (!exitcond5)> <Delay = 1.58>

State 2 <SV = 1> <Delay = 3.25>
ST_2 : Operation 21 [1/1] (0.00ns)   --->   "%specbitsmap_ln0 = specbitsmap void @_ssdm_op_SpecBitsMap, i32 %C_port"   --->   Operation 21 'specbitsmap' 'specbitsmap_ln0' <Predicate = true> <Delay = 0.00>
ST_2 : Operation 22 [1/1] (0.00ns)   --->   "%C_port_addr = getelementptr i32 %C_port, i64 %sext_ln30_cast" [mmult.cpp:30]   --->   Operation 22 'getelementptr' 'C_port_addr' <Predicate = true> <Delay = 0.00>
ST_2 : Operation 23 [1/1] (0.00ns)   --->   "%specpipeline_ln0 = specpipeline void @_ssdm_op_SpecPipeline, i32 4294967295, i32 0, i32 1, i32 0, void @p_str"   --->   Operation 23 'specpipeline' 'specpipeline_ln0' <Predicate = true> <Delay = 0.00>
ST_2 : Operation 24 [1/1] (0.00ns)   --->   "%empty = speclooptripcount i32 @_ssdm_op_SpecLoopTripCount, i64 64, i64 64, i64 64"   --->   Operation 24 'speclooptripcount' 'empty' <Predicate = true> <Delay = 0.00>
ST_2 : Operation 25 [1/2] (3.25ns)   --->   "%c_buffer_load = load i6 %c_buffer_addr"   --->   Operation 25 'load' 'c_buffer_load' <Predicate = (!exitcond5)> <Delay = 3.25> <CoreInst = "RAM">   --->   Core 82 'RAM' <Latency = 1> <II = 1> <Delay = 3.25> <Storage> <Opcode : 'load' 'store'> <Ports = 2> <Width = 32> <Depth = 64> <RAM>
ST_2 : Operation 28 [1/1] (0.00ns)   --->   "%ret_ln0 = ret"   --->   Operation 28 'ret' 'ret_ln0' <Predicate = (exitcond5)> <Delay = 0.00>

State 3 <SV = 2> <Delay = 7.30>
ST_3 : Operation 26 [1/1] (7.30ns)   --->   "%write_ln30 = write void @_ssdm_op_Write.m_axi.p1i32, i32 %C_port_addr, i32 %c_buffer_load, i4 15" [mmult.cpp:30]   --->   Operation 26 'write' 'write_ln30' <Predicate = true> <Delay = 7.30> <CoreInst = "m_axi">   --->   Core 113 'm_axi' <Latency = 0> <II = 1> <Delay = 1.00> <Adapter> <Opcode : 'read' 'write' 'readreq' 'writereq' 'writeresp'>
ST_3 : Operation 27 [1/1] (0.00ns)   --->   "%br_ln0 = br void %load-store-loop"   --->   Operation 27 'br' 'br_ln0' <Predicate = true> <Delay = 0.00>


============================================================
+ Verbose Summary: Binding
============================================================
STG Binding: 
---------------- STG Properties BEGIN ----------------
- Is combinational: 0
- Is one-state seq: 0
- Is datapath-only: 0
- Is pipelined: 0
- Is top level: 0
Port [ Return ] is wired: 1; IO mode=ap_ctrl_hs:ce=0
Port [ C_port]:  wired=1; compound=1; hidden=0; nouse=0; global=0; static=0; extern=0; dir=1; type=4; pingpong=0; private_global=0; IO mode=m_axi:ce=0
Port [ sext_ln30]:  wired=1; compound=0; hidden=0; nouse=0; global=0; static=0; extern=0; dir=0; type=0; pingpong=0; private_global=0; IO mode=ap_none:ce=0
Port [ c_buffer]:  wired=1; compound=1; hidden=0; nouse=0; global=0; static=0; extern=0; dir=0; type=1; pingpong=0; private_global=0; MemPort=[13]; IO mode=ap_memory:ce=0
---------------- STG Properties END ------------------

---------------- Datapath Model BEGIN ----------------

<LifeTime>
<method=bitvector/>
loop_index        (alloca           ) [ 0100]
sext_ln30_read    (read             ) [ 0000]
sext_ln30_cast    (sext             ) [ 0110]
specinterface_ln0 (specinterface    ) [ 0000]
store_ln0         (store            ) [ 0000]
br_ln0            (br               ) [ 0000]
loop_index_load   (load             ) [ 0000]
exitcond5         (icmp             ) [ 0110]
empty_19          (add              ) [ 0000]
br_ln0            (br               ) [ 0000]
empty_20          (trunc            ) [ 0000]
tmp_27_cast       (zext             ) [ 0000]
c_buffer_addr     (getelementptr    ) [ 0110]
store_ln0         (store            ) [ 0000]
specbitsmap_ln0   (specbitsmap      ) [ 0000]
C_port_addr       (getelementptr    ) [ 0101]
specpipeline_ln0  (specpipeline     ) [ 0000]
empty             (speclooptripcount) [ 0000]
c_buffer_load     (load             ) [ 0101]
write_ln30        (write            ) [ 0000]
br_ln0            (br               ) [ 0000]
ret_ln0           (ret              ) [ 0000]
</LifeTime>

<model>

<comp_list>
<comp id="0" class="1000" name="C_port">
<pin_list>
<pin id="1" dir="1" index="0" bw="1" slack="0"/>
</pin_list>
<bind>
<StgValue><ssdm name="C_port"/></StgValue>
</bind>
</comp>

<comp id="2" class="1000" name="sext_ln30">
<pin_list>
<pin id="3" dir="1" index="0" bw="1" slack="0"/>
</pin_list>
<bind>
<StgValue><ssdm name="sext_ln30"/></StgValue>
</bind>
</comp>

<comp id="4" class="1000" name="c_buffer">
<pin_list>
<pin id="5" dir="1" index="0" bw="1" slack="0"/>
</pin_list>
<bind>
<StgValue><ssdm name="c_buffer"/><MemPortTyVec>1 3 </MemPortTyVec>
</StgValue>
</bind>
</comp>

<comp id="6" class="1001" name="const_6">
<pin_list>
<pin id="7" dir="1" index="0" bw="1" slack="0"/>
</pin_list>
<bind>
<StgValue><ssdm name=""/></StgValue>
</bind>
</comp>

<comp id="8" class="1001" name="const_8">
<pin_list>
<pin id="9" dir="1" index="0" bw="1" slack="0"/>
</pin_list>
<bind>
<StgValue><ssdm name="_ssdm_op_Read.ap_auto.i62"/></StgValue>
</bind>
</comp>

<comp id="10" class="1001" name="const_10">
<pin_list>
<pin id="11" dir="1" index="0" bw="1" slack="2147483647"/>
</pin_list>
<bind>
<StgValue><ssdm name="_ssdm_op_SpecInterface"/></StgValue>
</bind>
</comp>

<comp id="12" class="1001" name="const_12">
<pin_list>
<pin id="13" dir="1" index="0" bw="1" slack="2147483647"/>
</pin_list>
<bind>
<StgValue><ssdm name="empty"/></StgValue>
</bind>
</comp>

<comp id="14" class="1001" name="const_14">
<pin_list>
<pin id="15" dir="1" index="0" bw="1" slack="2147483647"/>
</pin_list>
<bind>
<StgValue><ssdm name=""/></StgValue>
</bind>
</comp>

<comp id="16" class="1001" name="const_16">
<pin_list>
<pin id="17" dir="1" index="0" bw="1" slack="2147483647"/>
</pin_list>
<bind>
<StgValue><ssdm name="empty_0"/></StgValue>
</bind>
</comp>

<comp id="18" class="1001" name="const_18">
<pin_list>
<pin id="19" dir="1" index="0" bw="1" slack="2147483647"/>
</pin_list>
<bind>
<StgValue><ssdm name="empty_4"/></StgValue>
</bind>
</comp>

<comp id="20" class="1001" name="const_20">
<pin_list>
<pin id="21" dir="1" index="0" bw="1" slack="2147483647"/>
</pin_list>
<bind>
<StgValue><ssdm name="empty_2"/></StgValue>
</bind>
</comp>

<comp id="22" class="1001" name="const_22">
<pin_list>
<pin id="23" dir="1" index="0" bw="1" slack="2147483647"/>
</pin_list>
<bind>
<StgValue><ssdm name=""/></StgValue>
</bind>
</comp>

<comp id="24" class="1001" name="const_24">
<pin_list>
<pin id="25" dir="1" index="0" bw="1" slack="2147483647"/>
</pin_list>
<bind>
<StgValue><ssdm name=""/></StgValue>
</bind>
</comp>

<comp id="26" class="1001" name="const_26">
<pin_list>
<pin id="27" dir="1" index="0" bw="1" slack="0"/>
</pin_list>
<bind>
<StgValue><ssdm name=""/></StgValue>
</bind>
</comp>

<comp id="28" class="1001" name="const_28">
<pin_list>
<pin id="29" dir="1" index="0" bw="1" slack="0"/>
</pin_list>
<bind>
<StgValue><ssdm name=""/></StgValue>
</bind>
</comp>

<comp id="30" class="1001" name="const_30">
<pin_list>
<pin id="31" dir="1" index="0" bw="1" slack="0"/>
</pin_list>
<bind>
<StgValue><ssdm name=""/></StgValue>
</bind>
</comp>

<comp id="32" class="1001" name="const_32">
<pin_list>
<pin id="33" dir="1" index="0" bw="1" slack="0"/>
</pin_list>
<bind>
<StgValue><ssdm name=""/></StgValue>
</bind>
</comp>

<comp id="34" class="1001" name="const_34">
<pin_list>
<pin id="35" dir="1" index="0" bw="1" slack="2147483647"/>
</pin_list>
<bind>
<StgValue><ssdm name="_ssdm_op_SpecBitsMap"/></StgValue>
</bind>
</comp>

<comp id="36" class="1001" name="const_36">
<pin_list>
<pin id="37" dir="1" index="0" bw="1" slack="2147483647"/>
</pin_list>
<bind>
<StgValue><ssdm name="_ssdm_op_SpecPipeline"/></StgValue>
</bind>
</comp>

<comp id="38" class="1001" name="const_38">
<pin_list>
<pin id="39" dir="1" index="0" bw="1" slack="2147483647"/>
</pin_list>
<bind>
<StgValue><ssdm name="p_str"/></StgValue>
</bind>
</comp>

<comp id="40" class="1001" name="const_40">
<pin_list>
<pin id="41" dir="1" index="0" bw="1" slack="2147483647"/>
</pin_list>
<bind>
<StgValue><ssdm name="_ssdm_op_SpecLoopTripCount"/></StgValue>
</bind>
</comp>

<comp id="42" class="1001" name="const_42">
<pin_list>
<pin id="43" dir="1" index="0" bw="1" slack="2147483647"/>
</pin_list>
<bind>
<StgValue><ssdm name=""/></StgValue>
</bind>
</comp>

<comp id="44" class="1001" name="const_44">
<pin_list>
<pin id="45" dir="1" index="0" bw="1" slack="0"/>
</pin_list>
<bind>
<StgValue><ssdm name="_ssdm_op_Write.m_axi.p1i32"/></StgValue>
</bind>
</comp>

<comp id="46" class="1001" name="const_46">
<pin_list>
<pin id="47" dir="1" index="0" bw="1" slack="0"/>
</pin_list>
<bind>
<StgValue><ssdm name=""/></StgValue>
</bind>
</comp>

<comp id="48" class="1004" name="loop_index_fu_48">
<pin_list>
<pin id="49" dir="0" index="0" bw="1" slack="0"/>
<pin id="50" dir="1" index="1" bw="7" slack="0"/>
</pin_list>
<bind>
<opcode="alloca(26) " fcode="alloca"/>
<opset="loop_index/1 "/>
</bind>
</comp>

<comp id="52" class="1004" name="sext_ln30_read_read_fu_52">
<pin_list>
<pin id="53" dir="0" index="0" bw="62" slack="0"/>
<pin id="54" dir="0" index="1" bw="62" slack="0"/>
<pin id="55" dir="1" index="2" bw="62" slack="0"/>
</pin_list>
<bind>
<opcode="read(1150) " fcode="read"/>
<opset="sext_ln30_read/1 "/>
</bind>
</comp>

<comp id="58" class="1004" name="write_ln30_write_fu_58">
<pin_list>
<pin id="59" dir="0" index="0" bw="0" slack="0"/>
<pin id="60" dir="0" index="1" bw="32" slack="1"/>
<pin id="61" dir="0" index="2" bw="32" slack="1"/>
<pin id="62" dir="0" index="3" bw="1" slack="0"/>
<pin id="63" dir="1" index="4" bw="0" slack="2147483647"/>
</pin_list>
<bind>
<opcode="write(1151) " fcode="write"/>
<opset="write_ln30/3 "/>
</bind>
</comp>

<comp id="66" class="1004" name="c_buffer_addr_gep_fu_66">
<pin_list>
<pin id="67" dir="0" index="0" bw="32" slack="0"/>
<pin id="68" dir="0" index="1" bw="1" slack="0"/>
<pin id="69" dir="0" index="2" bw="6" slack="0"/>
<pin id="70" dir="1" index="3" bw="6" slack="0"/>
</pin_list>
<bind>
<opcode="getelementptr(29) " fcode="getelementptr"/>
<opset="c_buffer_addr/1 "/>
</bind>
</comp>

<comp id="73" class="1004" name="grp_access_fu_73">
<pin_list>
<pin id="74" dir="0" index="0" bw="6" slack="0"/>
<pin id="75" dir="0" index="1" bw="32" slack="2147483647"/>
<pin id="76" dir="0" index="2" bw="0" slack="2147483647"/>
<pin id="77" dir="1" index="3" bw="32" slack="1"/>
</pin_list>
<bind>
<opcode="load(27) " fcode="load"/>
<opset="c_buffer_load/1 "/>
</bind>
</comp>

<comp id="79" class="1004" name="sext_ln30_cast_fu_79">
<pin_list>
<pin id="80" dir="0" index="0" bw="62" slack="0"/>
<pin id="81" dir="1" index="1" bw="64" slack="1"/>
</pin_list>
<bind>
<opcode="sext(35) " fcode="sext"/>
<opset="sext_ln30_cast/1 "/>
</bind>
</comp>

<comp id="83" class="1004" name="store_ln0_store_fu_83">
<pin_list>
<pin id="84" dir="0" index="0" bw="1" slack="0"/>
<pin id="85" dir="0" index="1" bw="7" slack="0"/>
<pin id="86" dir="1" index="2" bw="0" slack="2147483647"/>
</pin_list>
<bind>
<opcode="store(28) " fcode="store"/>
<opset="store_ln0/1 "/>
</bind>
</comp>

<comp id="88" class="1004" name="loop_index_load_load_fu_88">
<pin_list>
<pin id="89" dir="0" index="0" bw="7" slack="0"/>
<pin id="90" dir="1" index="1" bw="7" slack="0"/>
</pin_list>
<bind>
<opcode="load(27) " fcode="load"/>
<opset="loop_index_load/1 "/>
</bind>
</comp>

<comp id="91" class="1004" name="exitcond5_fu_91">
<pin_list>
<pin id="92" dir="0" index="0" bw="7" slack="0"/>
<pin id="93" dir="0" index="1" bw="7" slack="0"/>
<pin id="94" dir="1" index="2" bw="1" slack="1"/>
</pin_list>
<bind>
<opcode="icmp(45) " fcode="icmp"/>
<opset="exitcond5/1 "/>
</bind>
</comp>

<comp id="97" class="1004" name="empty_19_fu_97">
<pin_list>
<pin id="98" dir="0" index="0" bw="7" slack="0"/>
<pin id="99" dir="0" index="1" bw="1" slack="0"/>
<pin id="100" dir="1" index="2" bw="7" slack="0"/>
</pin_list>
<bind>
<opcode="add(8) " fcode="add"/>
<opset="empty_19/1 "/>
</bind>
</comp>

<comp id="103" class="1004" name="empty_20_fu_103">
<pin_list>
<pin id="104" dir="0" index="0" bw="7" slack="0"/>
<pin id="105" dir="1" index="1" bw="6" slack="0"/>
</pin_list>
<bind>
<opcode="trunc(33) " fcode="trunc"/>
<opset="empty_20/1 "/>
</bind>
</comp>

<comp id="107" class="1004" name="tmp_27_cast_fu_107">
<pin_list>
<pin id="108" dir="0" index="0" bw="6" slack="0"/>
<pin id="109" dir="1" index="1" bw="64" slack="0"/>
</pin_list>
<bind>
<opcode="zext(34) " fcode="zext"/>
<opset="tmp_27_cast/1 "/>
</bind>
</comp>

<comp id="112" class="1004" name="store_ln0_store_fu_112">
<pin_list>
<pin id="113" dir="0" index="0" bw="7" slack="0"/>
<pin id="114" dir="0" index="1" bw="7" slack="0"/>
<pin id="115" dir="1" index="2" bw="0" slack="2147483647"/>
</pin_list>
<bind>
<opcode="store(28) " fcode="store"/>
<opset="store_ln0/1 "/>
</bind>
</comp>

<comp id="117" class="1004" name="C_port_addr_fu_117">
<pin_list>
<pin id="118" dir="0" index="0" bw="32" slack="0"/>
<pin id="119" dir="0" index="1" bw="62" slack="1"/>
<pin id="120" dir="1" index="2" bw="32" slack="1"/>
</pin_list>
<bind>
<opcode="getelementptr(29) " fcode="getelementptr"/>
<opset="C_port_addr/2 "/>
</bind>
</comp>

<comp id="122" class="1005" name="loop_index_reg_122">
<pin_list>
<pin id="123" dir="0" index="0" bw="7" slack="0"/>
<pin id="124" dir="1" index="1" bw="7" slack="0"/>
</pin_list>
<bind>
<opset="loop_index "/>
</bind>
</comp>

<comp id="129" class="1005" name="sext_ln30_cast_reg_129">
<pin_list>
<pin id="130" dir="0" index="0" bw="64" slack="1"/>
<pin id="131" dir="1" index="1" bw="64" slack="1"/>
</pin_list>
<bind>
<opset="sext_ln30_cast "/>
</bind>
</comp>

<comp id="134" class="1005" name="exitcond5_reg_134">
<pin_list>
<pin id="135" dir="0" index="0" bw="1" slack="1"/>
<pin id="136" dir="1" index="1" bw="1" slack="2147483647"/>
</pin_list>
<bind>
<opset="exitcond5 "/>
</bind>
</comp>

<comp id="138" class="1005" name="c_buffer_addr_reg_138">
<pin_list>
<pin id="139" dir="0" index="0" bw="6" slack="1"/>
<pin id="140" dir="1" index="1" bw="6" slack="1"/>
</pin_list>
<bind>
<opset="c_buffer_addr "/>
</bind>
</comp>

<comp id="143" class="1005" name="C_port_addr_reg_143">
<pin_list>
<pin id="144" dir="0" index="0" bw="32" slack="1"/>
<pin id="145" dir="1" index="1" bw="32" slack="1"/>
</pin_list>
<bind>
<opset="C_port_addr "/>
</bind>
</comp>

<comp id="148" class="1005" name="c_buffer_load_reg_148">
<pin_list>
<pin id="149" dir="0" index="0" bw="32" slack="1"/>
<pin id="150" dir="1" index="1" bw="32" slack="1"/>
</pin_list>
<bind>
<opset="c_buffer_load "/>
</bind>
</comp>

</comp_list>

<net_list>
<net id="51"><net_src comp="6" pin="0"/><net_sink comp="48" pin=0"/></net>

<net id="56"><net_src comp="8" pin="0"/><net_sink comp="52" pin=0"/></net>

<net id="57"><net_src comp="2" pin="0"/><net_sink comp="52" pin=1"/></net>

<net id="64"><net_src comp="44" pin="0"/><net_sink comp="58" pin=0"/></net>

<net id="65"><net_src comp="46" pin="0"/><net_sink comp="58" pin=3"/></net>

<net id="71"><net_src comp="4" pin="0"/><net_sink comp="66" pin=0"/></net>

<net id="72"><net_src comp="32" pin="0"/><net_sink comp="66" pin=1"/></net>

<net id="78"><net_src comp="66" pin="3"/><net_sink comp="73" pin=0"/></net>

<net id="82"><net_src comp="52" pin="2"/><net_sink comp="79" pin=0"/></net>

<net id="87"><net_src comp="26" pin="0"/><net_sink comp="83" pin=0"/></net>

<net id="95"><net_src comp="88" pin="1"/><net_sink comp="91" pin=0"/></net>

<net id="96"><net_src comp="28" pin="0"/><net_sink comp="91" pin=1"/></net>

<net id="101"><net_src comp="88" pin="1"/><net_sink comp="97" pin=0"/></net>

<net id="102"><net_src comp="30" pin="0"/><net_sink comp="97" pin=1"/></net>

<net id="106"><net_src comp="88" pin="1"/><net_sink comp="103" pin=0"/></net>

<net id="110"><net_src comp="103" pin="1"/><net_sink comp="107" pin=0"/></net>

<net id="111"><net_src comp="107" pin="1"/><net_sink comp="66" pin=2"/></net>

<net id="116"><net_src comp="97" pin="2"/><net_sink comp="112" pin=0"/></net>

<net id="121"><net_src comp="0" pin="0"/><net_sink comp="117" pin=0"/></net>

<net id="125"><net_src comp="48" pin="1"/><net_sink comp="122" pin=0"/></net>

<net id="126"><net_src comp="122" pin="1"/><net_sink comp="83" pin=1"/></net>

<net id="127"><net_src comp="122" pin="1"/><net_sink comp="88" pin=0"/></net>

<net id="128"><net_src comp="122" pin="1"/><net_sink comp="112" pin=1"/></net>

<net id="132"><net_src comp="79" pin="1"/><net_sink comp="129" pin=0"/></net>

<net id="133"><net_src comp="129" pin="1"/><net_sink comp="117" pin=1"/></net>

<net id="137"><net_src comp="91" pin="2"/><net_sink comp="134" pin=0"/></net>

<net id="141"><net_src comp="66" pin="3"/><net_sink comp="138" pin=0"/></net>

<net id="142"><net_src comp="138" pin="1"/><net_sink comp="73" pin=0"/></net>

<net id="146"><net_src comp="117" pin="2"/><net_sink comp="143" pin=0"/></net>

<net id="147"><net_src comp="143" pin="1"/><net_sink comp="58" pin=1"/></net>

<net id="151"><net_src comp="73" pin="3"/><net_sink comp="148" pin=0"/></net>

<net id="152"><net_src comp="148" pin="1"/><net_sink comp="58" pin=2"/></net>

</net_list>

</model> 
---------------- Datapath Model END ------------------

* FSMD analyzer results:
  - Output states:
	Port: C_port | {3 }
 - Input state : 
	Port: mmult_Pipeline_4 : sext_ln30 | {1 }
	Port: mmult_Pipeline_4 : c_buffer | {1 2 }
  - Chain level:
	State 1
		store_ln0 : 1
		loop_index_load : 1
		exitcond5 : 2
		empty_19 : 2
		br_ln0 : 3
		empty_20 : 2
		tmp_27_cast : 3
		c_buffer_addr : 4
		c_buffer_load : 5
		store_ln0 : 3
	State 2
	State 3


============================================================
+ Verbose Summary: Datapath Resource usage 
============================================================

* Functional unit list:
|----------|---------------------------|---------|---------|
| Operation|      Functional Unit      |    FF   |   LUT   |
|----------|---------------------------|---------|---------|
|    add   |       empty_19_fu_97      |    0    |    14   |
|----------|---------------------------|---------|---------|
|   icmp   |      exitcond5_fu_91      |    0    |    10   |
|----------|---------------------------|---------|---------|
|   read   | sext_ln30_read_read_fu_52 |    0    |    0    |
|----------|---------------------------|---------|---------|
|   write  |   write_ln30_write_fu_58  |    0    |    0    |
|----------|---------------------------|---------|---------|
|   sext   |    sext_ln30_cast_fu_79   |    0    |    0    |
|----------|---------------------------|---------|---------|
|   trunc  |      empty_20_fu_103      |    0    |    0    |
|----------|---------------------------|---------|---------|
|   zext   |     tmp_27_cast_fu_107    |    0    |    0    |
|----------|---------------------------|---------|---------|
|   Total  |                           |    0    |    24   |
|----------|---------------------------|---------|---------|

Memories:
N/A

* Register list:
+----------------------+--------+
|                      |   FF   |
+----------------------+--------+
|  C_port_addr_reg_143 |   32   |
| c_buffer_addr_reg_138|    6   |
| c_buffer_load_reg_148|   32   |
|   exitcond5_reg_134  |    1   |
|  loop_index_reg_122  |    7   |
|sext_ln30_cast_reg_129|   64   |
+----------------------+--------+
|         Total        |   142  |
+----------------------+--------+

* Multiplexer (MUX) list: 
|------------------|------|------|------|--------||---------||---------|
|       Comp       |  Pin | Size |  BW  | S x BW ||  Delay  ||   LUT   |
|------------------|------|------|------|--------||---------||---------|
| grp_access_fu_73 |  p0  |   2  |   6  |   12   ||    9    |
|------------------|------|------|------|--------||---------||---------|
|       Total      |      |      |      |   12   ||  1.588  ||    9    |
|------------------|------|------|------|--------||---------||---------|



* Summary:
+-----------+--------+--------+--------+
|           |  Delay |   FF   |   LUT  |
+-----------+--------+--------+--------+
|  Function |    -   |    0   |   24   |
|   Memory  |    -   |    -   |    -   |
|Multiplexer|    1   |    -   |    9   |
|  Register |    -   |   142  |    -   |
+-----------+--------+--------+--------+
|   Total   |    1   |   142  |   33   |
+-----------+--------+--------+--------+
