#-----------------------------------------------------------
# Vivado v2017.2 (64-bit)
# SW Build 1909853 on Thu Jun 15 18:39:09 MDT 2017
# IP Build 1909766 on Thu Jun 15 19:58:00 MDT 2017
# Start of session at: Wed Oct 12 22:55:25 2022
# Process ID: 9212
# Current directory: C:/Users/User/Desktop/UNI/EmbeddedRealTimeSystem/Assignment2/exercises/exercise_8/advios.prj/solution1/impl/vhdl
# Command line: vivado.exe -notrace -mode batch -source run_vivado.tcl
# Log file: C:/Users/User/Desktop/UNI/EmbeddedRealTimeSystem/Assignment2/exercises/exercise_8/advios.prj/solution1/impl/vhdl/vivado.log
# Journal file: C:/Users/User/Desktop/UNI/EmbeddedRealTimeSystem/Assignment2/exercises/exercise_8/advios.prj/solution1/impl/vhdl\vivado.jou
#-----------------------------------------------------------
source run_vivado.tcl -notrace
INFO: [ProjectBase 1-489] The host OS only allows 260 characters in a normal path. The project is stored in a path with more than 80 characters. If you experience issues with IP, Block Designs, or files not being found, please consider moving the project to a location with a shorter path. Alternately consider using the OS subst command to map part of the path to a drive letter.
Current project path is 'C:/Users/User/Desktop/UNI/EmbeddedRealTimeSystem/Assignment2/exercises/exercise_8/advios.prj/solution1/impl/vhdl'
[Wed Oct 12 22:55:30 2022] Launched synth_1...
Run output will be captured here: C:/Users/User/Desktop/UNI/EmbeddedRealTimeSystem/Assignment2/exercises/exercise_8/advios.prj/solution1/impl/vhdl/project.runs/synth_1/runme.log
[Wed Oct 12 22:55:30 2022] Waiting for synth_1 to finish...

*** Running vivado
    with args -log advios.vds -m64 -product Vivado -mode batch -messageDb vivado.pb -notrace -source advios.tcl


****** Vivado v2017.2 (64-bit)
  **** SW Build 1909853 on Thu Jun 15 18:39:09 MDT 2017
  **** IP Build 1909766 on Thu Jun 15 19:58:00 MDT 2017
    ** Copyright 1986-2017 Xilinx, Inc. All Rights Reserved.

source advios.tcl -notrace
Command: synth_design -top advios -part xc7z010clg400-1 -no_iobuf -mode out_of_context
Starting synth_design
Attempting to get a license for feature 'Synthesis' and/or device 'xc7z010-clg400'
INFO: [Common 17-349] Got license for feature 'Synthesis' and/or device 'xc7z010-clg400'
INFO: Launching helper process for spawning children vivado processes
INFO: Helper process launched with PID 7512 
---------------------------------------------------------------------------------
Starting RTL Elaboration : Time (s): cpu = 00:00:03 ; elapsed = 00:00:04 . Memory (MB): peak = 301.535 ; gain = 79.363
---------------------------------------------------------------------------------
INFO: [Synth 8-638] synthesizing module 'advios' [C:/Users/User/Desktop/UNI/EmbeddedRealTimeSystem/Assignment2/exercises/exercise_8/advios.prj/solution1/impl/vhdl/advios.vhd:22]
INFO: [Synth 8-5534] Detected attribute (* fsm_encoding = "none" *) [C:/Users/User/Desktop/UNI/EmbeddedRealTimeSystem/Assignment2/exercises/exercise_8/advios.prj/solution1/impl/vhdl/advios.vhd:36]
INFO: [Synth 8-5534] Detected attribute (* fsm_encoding = "none" *) [C:/Users/User/Desktop/UNI/EmbeddedRealTimeSystem/Assignment2/exercises/exercise_8/advios.prj/solution1/impl/vhdl/advios.vhd:43]
INFO: [Synth 8-3491] module 'advios_controlLeds' declared at 'C:/Users/User/Desktop/UNI/EmbeddedRealTimeSystem/Assignment2/exercises/exercise_8/advios.prj/solution1/impl/vhdl/advios_controlLeds.vhd:12' bound to instance 'grp_advios_controlLeds_fu_72' of component 'advios_controlLeds' [C:/Users/User/Desktop/UNI/EmbeddedRealTimeSystem/Assignment2/exercises/exercise_8/advios.prj/solution1/impl/vhdl/advios.vhd:71]
INFO: [Synth 8-638] synthesizing module 'advios_controlLeds' [C:/Users/User/Desktop/UNI/EmbeddedRealTimeSystem/Assignment2/exercises/exercise_8/advios.prj/solution1/impl/vhdl/advios_controlLeds.vhd:24]
INFO: [Synth 8-5534] Detected attribute (* fsm_encoding = "none" *) [C:/Users/User/Desktop/UNI/EmbeddedRealTimeSystem/Assignment2/exercises/exercise_8/advios.prj/solution1/impl/vhdl/advios_controlLeds.vhd:40]
INFO: [Synth 8-5534] Detected attribute (* fsm_encoding = "none" *) [C:/Users/User/Desktop/UNI/EmbeddedRealTimeSystem/Assignment2/exercises/exercise_8/advios.prj/solution1/impl/vhdl/advios_controlLeds.vhd:43]
INFO: [Synth 8-5534] Detected attribute (* fsm_encoding = "none" *) [C:/Users/User/Desktop/UNI/EmbeddedRealTimeSystem/Assignment2/exercises/exercise_8/advios.prj/solution1/impl/vhdl/advios_controlLeds.vhd:45]
INFO: [Synth 8-256] done synthesizing module 'advios_controlLeds' (1#1) [C:/Users/User/Desktop/UNI/EmbeddedRealTimeSystem/Assignment2/exercises/exercise_8/advios.prj/solution1/impl/vhdl/advios_controlLeds.vhd:24]
INFO: [Synth 8-3491] module 'advios_makePulse' declared at 'C:/Users/User/Desktop/UNI/EmbeddedRealTimeSystem/Assignment2/exercises/exercise_8/advios.prj/solution1/impl/vhdl/advios_makePulse.vhd:12' bound to instance 'grp_advios_makePulse_fu_88' of component 'advios_makePulse' [C:/Users/User/Desktop/UNI/EmbeddedRealTimeSystem/Assignment2/exercises/exercise_8/advios.prj/solution1/impl/vhdl/advios.vhd:81]
INFO: [Synth 8-638] synthesizing module 'advios_makePulse' [C:/Users/User/Desktop/UNI/EmbeddedRealTimeSystem/Assignment2/exercises/exercise_8/advios.prj/solution1/impl/vhdl/advios_makePulse.vhd:22]
INFO: [Synth 8-5534] Detected attribute (* fsm_encoding = "none" *) [C:/Users/User/Desktop/UNI/EmbeddedRealTimeSystem/Assignment2/exercises/exercise_8/advios.prj/solution1/impl/vhdl/advios_makePulse.vhd:39]
INFO: [Synth 8-5534] Detected attribute (* fsm_encoding = "none" *) [C:/Users/User/Desktop/UNI/EmbeddedRealTimeSystem/Assignment2/exercises/exercise_8/advios.prj/solution1/impl/vhdl/advios_makePulse.vhd:42]
INFO: [Synth 8-5534] Detected attribute (* fsm_encoding = "none" *) [C:/Users/User/Desktop/UNI/EmbeddedRealTimeSystem/Assignment2/exercises/exercise_8/advios.prj/solution1/impl/vhdl/advios_makePulse.vhd:45]
INFO: [Synth 8-256] done synthesizing module 'advios_makePulse' (2#1) [C:/Users/User/Desktop/UNI/EmbeddedRealTimeSystem/Assignment2/exercises/exercise_8/advios.prj/solution1/impl/vhdl/advios_makePulse.vhd:22]
INFO: [Synth 8-256] done synthesizing module 'advios' (3#1) [C:/Users/User/Desktop/UNI/EmbeddedRealTimeSystem/Assignment2/exercises/exercise_8/advios.prj/solution1/impl/vhdl/advios.vhd:22]
---------------------------------------------------------------------------------
Finished RTL Elaboration : Time (s): cpu = 00:00:04 ; elapsed = 00:00:05 . Memory (MB): peak = 341.863 ; gain = 119.691
---------------------------------------------------------------------------------

Report Check Netlist: 
+------+------------------+-------+---------+-------+------------------+
|      |Item              |Errors |Warnings |Status |Description       |
+------+------------------+-------+---------+-------+------------------+
|1     |multi_driven_nets |      0|        0|Passed |Multi driven nets |
+------+------------------+-------+---------+-------+------------------+
---------------------------------------------------------------------------------
Finished RTL Optimization Phase 1 : Time (s): cpu = 00:00:04 ; elapsed = 00:00:05 . Memory (MB): peak = 341.863 ; gain = 119.691
---------------------------------------------------------------------------------
INFO: [Device 21-403] Loading part xc7z010clg400-1
INFO: [Project 1-570] Preparing netlist for logic optimization

Processing XDC Constraints
Initializing timing engine
Parsing XDC File [C:/Users/User/Desktop/UNI/EmbeddedRealTimeSystem/Assignment2/exercises/exercise_8/advios.prj/solution1/impl/vhdl/advios.xdc]
Finished Parsing XDC File [C:/Users/User/Desktop/UNI/EmbeddedRealTimeSystem/Assignment2/exercises/exercise_8/advios.prj/solution1/impl/vhdl/advios.xdc]
Completed Processing XDC Constraints

INFO: [Project 1-111] Unisim Transformation Summary:
No Unisim elements were transformed.

Constraint Validation Runtime : Time (s): cpu = 00:00:00 ; elapsed = 00:00:00.099 . Memory (MB): peak = 632.051 ; gain = 0.000
---------------------------------------------------------------------------------
Finished Constraint Validation : Time (s): cpu = 00:00:13 ; elapsed = 00:00:15 . Memory (MB): peak = 632.051 ; gain = 409.879
---------------------------------------------------------------------------------
---------------------------------------------------------------------------------
Start Loading Part and Timing Information
---------------------------------------------------------------------------------
Loading part: xc7z010clg400-1
---------------------------------------------------------------------------------
Finished Loading Part and Timing Information : Time (s): cpu = 00:00:13 ; elapsed = 00:00:15 . Memory (MB): peak = 632.051 ; gain = 409.879
---------------------------------------------------------------------------------
---------------------------------------------------------------------------------
Start Applying 'set_property' XDC Constraints
---------------------------------------------------------------------------------
---------------------------------------------------------------------------------
Finished applying 'set_property' XDC Constraints : Time (s): cpu = 00:00:13 ; elapsed = 00:00:15 . Memory (MB): peak = 632.051 ; gain = 409.879
---------------------------------------------------------------------------------
INFO: [Synth 8-4490] FSM extraction disabled for register 'ap_CS_fsm_reg' through user attribute
INFO: [Synth 8-5544] ROM "tmp_fu_101_p2" won't be mapped to Block RAM because address size (4) smaller than threshold (5)
INFO: [Synth 8-5544] ROM "tmp_1_fu_107_p2" won't be mapped to Block RAM because address size (4) smaller than threshold (5)
INFO: [Synth 8-4490] FSM extraction disabled for register 'ap_CS_fsm_reg' through user attribute
INFO: [Synth 8-5545] ROM "exitcond_fu_111_p2" won't be mapped to RAM because address size (27) is larger than maximum supported(25)
WARNING: [Synth 8-6014] Unused sequential element i_reg_100_reg was removed.  [C:/Users/User/Desktop/UNI/EmbeddedRealTimeSystem/Assignment2/exercises/exercise_8/advios.prj/solution1/impl/vhdl/advios_makePulse.vhd:72]
---------------------------------------------------------------------------------
Finished RTL Optimization Phase 2 : Time (s): cpu = 00:00:13 ; elapsed = 00:00:15 . Memory (MB): peak = 632.051 ; gain = 409.879
---------------------------------------------------------------------------------

Report RTL Partitions: 
+-+--------------+------------+----------+
| |RTL Partition |Replication |Instances |
+-+--------------+------------+----------+
+-+--------------+------------+----------+
---------------------------------------------------------------------------------
Start RTL Component Statistics 
---------------------------------------------------------------------------------
Detailed RTL Component Info : 
+---Adders : 
	   2 Input      4 Bit       Adders := 1     
+---Registers : 
	                4 Bit    Registers := 4     
	                1 Bit    Registers := 1     
+---Muxes : 
	   4 Input      4 Bit        Muxes := 1     
	   2 Input      4 Bit        Muxes := 2     
	   5 Input      4 Bit        Muxes := 1     
	   2 Input      1 Bit        Muxes := 3     
---------------------------------------------------------------------------------
Finished RTL Component Statistics 
---------------------------------------------------------------------------------
---------------------------------------------------------------------------------
Start RTL Hierarchical Component Statistics 
---------------------------------------------------------------------------------
Hierarchical RTL Component report 
Module advios 
Detailed RTL Component Info : 
+---Registers : 
	                4 Bit    Registers := 2     
Module advios_controlLeds 
Detailed RTL Component Info : 
+---Registers : 
	                4 Bit    Registers := 1     
	                1 Bit    Registers := 1     
+---Muxes : 
	   4 Input      4 Bit        Muxes := 1     
	   2 Input      4 Bit        Muxes := 2     
	   2 Input      1 Bit        Muxes := 2     
Module advios_makePulse 
Detailed RTL Component Info : 
+---Adders : 
	   2 Input      4 Bit       Adders := 1     
+---Registers : 
	                4 Bit    Registers := 1     
+---Muxes : 
	   5 Input      4 Bit        Muxes := 1     
	   2 Input      1 Bit        Muxes := 1     
---------------------------------------------------------------------------------
Finished RTL Hierarchical Component Statistics
---------------------------------------------------------------------------------
---------------------------------------------------------------------------------
Start Part Resource Summary
---------------------------------------------------------------------------------
Part Resources:
DSPs: 80 (col length:40)
BRAMs: 120 (col length: RAMB18 40 RAMB36 20)
---------------------------------------------------------------------------------
Finished Part Resource Summary
---------------------------------------------------------------------------------
---------------------------------------------------------------------------------
Start Cross Boundary and Area Optimization
---------------------------------------------------------------------------------
INFO: [Synth 8-5545] ROM "grp_advios_makePulse_fu_88/exitcond_fu_111_p2" won't be mapped to RAM because address size (27) is larger than maximum supported(25)
WARNING: [Synth 8-6014] Unused sequential element count_reg was removed.  [C:/Users/User/Desktop/UNI/EmbeddedRealTimeSystem/Assignment2/exercises/exercise_8/advios.prj/solution1/impl/vhdl/advios.vhd:79]
WARNING: [Synth 8-6014] Unused sequential element grp_advios_makePulse_fu_88/i_reg_100_reg was removed.  [C:/Users/User/Desktop/UNI/EmbeddedRealTimeSystem/Assignment2/exercises/exercise_8/advios.prj/solution1/impl/vhdl/advios_makePulse.vhd:72]
INFO: [Synth 8-3886] merging instance 'grp_advios_controlLeds_fu_72/ap_CS_fsm_reg[1]' (FDS) to 'grp_advios_makePulse_fu_88/ap_CS_fsm_reg[1]'
WARNING: [Synth 8-3332] Sequential element (grp_advios_controlLeds_fu_72/ap_CS_fsm_reg[0]) is unused and will be removed from module advios.
WARNING: [Synth 8-3332] Sequential element (grp_advios_makePulse_fu_88/ap_CS_fsm_reg[0]) is unused and will be removed from module advios.
---------------------------------------------------------------------------------
Finished Cross Boundary and Area Optimization : Time (s): cpu = 00:00:13 ; elapsed = 00:00:16 . Memory (MB): peak = 632.051 ; gain = 409.879
---------------------------------------------------------------------------------

Report RTL Partitions: 
+-+--------------+------------+----------+
| |RTL Partition |Replication |Instances |
+-+--------------+------------+----------+
+-+--------------+------------+----------+
---------------------------------------------------------------------------------
Start Applying XDC Timing Constraints
---------------------------------------------------------------------------------
---------------------------------------------------------------------------------
Finished Applying XDC Timing Constraints : Time (s): cpu = 00:00:24 ; elapsed = 00:00:26 . Memory (MB): peak = 632.051 ; gain = 409.879
---------------------------------------------------------------------------------
---------------------------------------------------------------------------------
Start Timing Optimization
---------------------------------------------------------------------------------
---------------------------------------------------------------------------------
Finished Timing Optimization : Time (s): cpu = 00:00:24 ; elapsed = 00:00:27 . Memory (MB): peak = 632.051 ; gain = 409.879
---------------------------------------------------------------------------------

Report RTL Partitions: 
+-+--------------+------------+----------+
| |RTL Partition |Replication |Instances |
+-+--------------+------------+----------+
+-+--------------+------------+----------+
---------------------------------------------------------------------------------
Start Technology Mapping
---------------------------------------------------------------------------------
---------------------------------------------------------------------------------
Finished Technology Mapping : Time (s): cpu = 00:00:24 ; elapsed = 00:00:27 . Memory (MB): peak = 632.051 ; gain = 409.879
---------------------------------------------------------------------------------

Report RTL Partitions: 
+-+--------------+------------+----------+
| |RTL Partition |Replication |Instances |
+-+--------------+------------+----------+
+-+--------------+------------+----------+
---------------------------------------------------------------------------------
Start IO Insertion
---------------------------------------------------------------------------------
---------------------------------------------------------------------------------
Start Flattening Before IO Insertion
---------------------------------------------------------------------------------
---------------------------------------------------------------------------------
Finished Flattening Before IO Insertion
---------------------------------------------------------------------------------
---------------------------------------------------------------------------------
Start Final Netlist Cleanup
---------------------------------------------------------------------------------
---------------------------------------------------------------------------------
Finished Final Netlist Cleanup
---------------------------------------------------------------------------------
---------------------------------------------------------------------------------
Finished IO Insertion : Time (s): cpu = 00:00:25 ; elapsed = 00:00:27 . Memory (MB): peak = 632.051 ; gain = 409.879
---------------------------------------------------------------------------------

Report Check Netlist: 
+------+------------------+-------+---------+-------+------------------+
|      |Item              |Errors |Warnings |Status |Description       |
+------+------------------+-------+---------+-------+------------------+
|1     |multi_driven_nets |      0|        0|Passed |Multi driven nets |
+------+------------------+-------+---------+-------+------------------+
---------------------------------------------------------------------------------
Start Renaming Generated Instances
---------------------------------------------------------------------------------
---------------------------------------------------------------------------------
Finished Renaming Generated Instances : Time (s): cpu = 00:00:25 ; elapsed = 00:00:27 . Memory (MB): peak = 632.051 ; gain = 409.879
---------------------------------------------------------------------------------

Report RTL Partitions: 
+-+--------------+------------+----------+
| |RTL Partition |Replication |Instances |
+-+--------------+------------+----------+
+-+--------------+------------+----------+
---------------------------------------------------------------------------------
Start Rebuilding User Hierarchy
---------------------------------------------------------------------------------
---------------------------------------------------------------------------------
Finished Rebuilding User Hierarchy : Time (s): cpu = 00:00:25 ; elapsed = 00:00:27 . Memory (MB): peak = 632.051 ; gain = 409.879
---------------------------------------------------------------------------------
---------------------------------------------------------------------------------
Start Renaming Generated Ports
---------------------------------------------------------------------------------
---------------------------------------------------------------------------------
Finished Renaming Generated Ports : Time (s): cpu = 00:00:25 ; elapsed = 00:00:27 . Memory (MB): peak = 632.051 ; gain = 409.879
---------------------------------------------------------------------------------
---------------------------------------------------------------------------------
Start Handling Custom Attributes
---------------------------------------------------------------------------------
---------------------------------------------------------------------------------
Finished Handling Custom Attributes : Time (s): cpu = 00:00:25 ; elapsed = 00:00:27 . Memory (MB): peak = 632.051 ; gain = 409.879
---------------------------------------------------------------------------------
---------------------------------------------------------------------------------
Start Renaming Generated Nets
---------------------------------------------------------------------------------
---------------------------------------------------------------------------------
Finished Renaming Generated Nets : Time (s): cpu = 00:00:25 ; elapsed = 00:00:27 . Memory (MB): peak = 632.051 ; gain = 409.879
---------------------------------------------------------------------------------
---------------------------------------------------------------------------------
Start Writing Synthesis Report
---------------------------------------------------------------------------------

Report BlackBoxes: 
+-+--------------+----------+
| |BlackBox name |Instances |
+-+--------------+----------+
+-+--------------+----------+

Report Cell Usage: 
+------+-------+------+
|      |Cell   |Count |
+------+-------+------+
|1     |CARRY4 |     7|
|2     |LUT1   |    29|
|3     |LUT2   |     1|
|4     |LUT3   |     2|
|5     |LUT4   |     7|
|6     |LUT5   |     6|
|7     |LUT6   |     7|
|8     |FDRE   |    40|
|9     |FDSE   |     1|
+------+-------+------+

Report Instance Areas: 
+------+-------------------------------+-------------------+------+
|      |Instance                       |Module             |Cells |
+------+-------------------------------+-------------------+------+
|1     |top                            |                   |   100|
|2     |  grp_advios_controlLeds_fu_72 |advios_controlLeds |    12|
|3     |  grp_advios_makePulse_fu_88   |advios_makePulse   |    76|
+------+-------------------------------+-------------------+------+
---------------------------------------------------------------------------------
Finished Writing Synthesis Report : Time (s): cpu = 00:00:25 ; elapsed = 00:00:27 . Memory (MB): peak = 632.051 ; gain = 409.879
---------------------------------------------------------------------------------
Synthesis finished with 0 errors, 0 critical warnings and 5 warnings.
Synthesis Optimization Runtime : Time (s): cpu = 00:00:15 ; elapsed = 00:00:20 . Memory (MB): peak = 632.051 ; gain = 119.691
Synthesis Optimization Complete : Time (s): cpu = 00:00:25 ; elapsed = 00:00:27 . Memory (MB): peak = 632.051 ; gain = 409.879
INFO: [Project 1-571] Translating synthesized netlist
INFO: [Netlist 29-17] Analyzing 7 Unisim elements for replacement
INFO: [Netlist 29-28] Unisim Transformation completed in 0 CPU seconds
INFO: [Project 1-570] Preparing netlist for logic optimization
INFO: [Opt 31-138] Pushed 0 inverter(s) to 0 load pin(s).
INFO: [Project 1-111] Unisim Transformation Summary:
No Unisim elements were transformed.

33 Infos, 5 Warnings, 0 Critical Warnings and 0 Errors encountered.
synth_design completed successfully
synth_design: Time (s): cpu = 00:00:26 ; elapsed = 00:00:30 . Memory (MB): peak = 632.051 ; gain = 412.066
INFO: [Common 17-1381] The checkpoint 'C:/Users/User/Desktop/UNI/EmbeddedRealTimeSystem/Assignment2/exercises/exercise_8/advios.prj/solution1/impl/vhdl/project.runs/synth_1/advios.dcp' has been generated.
report_utilization: Time (s): cpu = 00:00:00 ; elapsed = 00:00:00.018 . Memory (MB): peak = 632.051 ; gain = 0.000
INFO: [Common 17-206] Exiting Vivado at Wed Oct 12 22:56:07 2022...
[Wed Oct 12 22:56:10 2022] synth_1 finished
wait_on_run: Time (s): cpu = 00:00:00 ; elapsed = 00:00:40 . Memory (MB): peak = 236.254 ; gain = 7.516
Design is defaulting to impl run constrset: constrs_1
Design is defaulting to synth run part: xc7z010clg400-1
INFO: [Netlist 29-17] Analyzing 7 Unisim elements for replacement
INFO: [Netlist 29-28] Unisim Transformation completed in 0 CPU seconds
INFO: [Project 1-479] Netlist was created with Vivado 2017.2
INFO: [Device 21-403] Loading part xc7z010clg400-1
INFO: [Project 1-570] Preparing netlist for logic optimization
Parsing XDC File [C:/Users/User/Desktop/UNI/EmbeddedRealTimeSystem/Assignment2/exercises/exercise_8/advios.prj/solution1/impl/vhdl/advios.xdc]
INFO: [Vivado 12-4761] HD.CLK_SRC property is set on port clk. The net connecting to the port drives either clock PIN or hierarchical black box. Use the create_clock constraint to create a clock on this port prior to setting HD.CLK_SRC.  [C:/Users/User/Desktop/UNI/EmbeddedRealTimeSystem/Assignment2/exercises/exercise_8/advios.prj/solution1/impl/vhdl/advios.xdc:2]
Finished Parsing XDC File [C:/Users/User/Desktop/UNI/EmbeddedRealTimeSystem/Assignment2/exercises/exercise_8/advios.prj/solution1/impl/vhdl/advios.xdc]
INFO: [Opt 31-138] Pushed 0 inverter(s) to 0 load pin(s).
INFO: [Project 1-111] Unisim Transformation Summary:
No Unisim elements were transformed.

open_run: Time (s): cpu = 00:00:06 ; elapsed = 00:00:07 . Memory (MB): peak = 492.355 ; gain = 256.102
report_utilization: Time (s): cpu = 00:00:00 ; elapsed = 00:00:00.014 . Memory (MB): peak = 492.355 ; gain = 0.000
INFO: [Timing 38-91] UpdateTimingParams: Speed grade: -1, Delay Type: max.
INFO: [Timing 38-191] Multithreading enabled for timing update using a maximum of 2 CPUs
INFO: [Timing 38-35] Done setting XDC timing constraints.
INFO: [Timing 38-78] ReportTimingParams: -max_paths 1 -nworst 1 -delay_type max -sort_by slack.
report_timing: Time (s): cpu = 00:00:12 ; elapsed = 00:00:12 . Memory (MB): peak = 969.406 ; gain = 477.051
[Wed Oct 12 22:56:30 2022] Launched impl_1...
Run output will be captured here: C:/Users/User/Desktop/UNI/EmbeddedRealTimeSystem/Assignment2/exercises/exercise_8/advios.prj/solution1/impl/vhdl/project.runs/impl_1/runme.log
[Wed Oct 12 22:56:30 2022] Waiting for impl_1 to finish...

*** Running vivado
    with args -log advios.vdi -applog -m64 -product Vivado -messageDb vivado.pb -mode batch -source advios.tcl -notrace


****** Vivado v2017.2 (64-bit)
  **** SW Build 1909853 on Thu Jun 15 18:39:09 MDT 2017
  **** IP Build 1909766 on Thu Jun 15 19:58:00 MDT 2017
    ** Copyright 1986-2017 Xilinx, Inc. All Rights Reserved.

source advios.tcl -notrace
Command: open_checkpoint C:/Users/User/Desktop/UNI/EmbeddedRealTimeSystem/Assignment2/exercises/exercise_8/advios.prj/solution1/impl/vhdl/project.runs/impl_1/advios.dcp

Starting open_checkpoint Task

Time (s): cpu = 00:00:00 ; elapsed = 00:00:00.044 . Memory (MB): peak = 220.121 ; gain = 0.000
INFO: [Netlist 29-17] Analyzing 7 Unisim elements for replacement
INFO: [Netlist 29-28] Unisim Transformation completed in 0 CPU seconds
INFO: [Project 1-479] Netlist was created with Vivado 2017.2
INFO: [Device 21-403] Loading part xc7z010clg400-1
INFO: [Project 1-570] Preparing netlist for logic optimization
Parsing XDC File [C:/Users/User/Desktop/UNI/EmbeddedRealTimeSystem/Assignment2/exercises/exercise_8/advios.prj/solution1/impl/vhdl/project.runs/impl_1/.Xil/Vivado-9004-DESKTOP-58E2NJ4/dcp3/advios.xdc]
INFO: [Vivado 12-4761] HD.CLK_SRC property is set on port clk. The net connecting to the port drives either clock PIN or hierarchical black box. Use the create_clock constraint to create a clock on this port prior to setting HD.CLK_SRC.  [C:/Users/User/Desktop/UNI/EmbeddedRealTimeSystem/Assignment2/exercises/exercise_8/advios.prj/solution1/impl/vhdl/advios.xdc:2]
Finished Parsing XDC File [C:/Users/User/Desktop/UNI/EmbeddedRealTimeSystem/Assignment2/exercises/exercise_8/advios.prj/solution1/impl/vhdl/project.runs/impl_1/.Xil/Vivado-9004-DESKTOP-58E2NJ4/dcp3/advios.xdc]
INFO: [Project 1-111] Unisim Transformation Summary:
No Unisim elements were transformed.

INFO: [Project 1-604] Checkpoint was created with Vivado v2017.2 (64-bit) build 1909853
open_checkpoint: Time (s): cpu = 00:00:06 ; elapsed = 00:00:07 . Memory (MB): peak = 488.117 ; gain = 267.996
Command: opt_design
Attempting to get a license for feature 'Implementation' and/or device 'xc7z010-clg400'
INFO: [Common 17-349] Got license for feature 'Implementation' and/or device 'xc7z010-clg400'
Running DRC as a precondition to command opt_design

Starting DRC Task
Command: report_drc (run_mandatory_drcs) for: opt_checks
INFO: [DRC 23-27] Running DRC with 2 threads
report_drc (run_mandatory_drcs) completed successfully
INFO: [Project 1-461] DRC finished with 0 Errors
INFO: [Project 1-462] Please refer to the DRC report (report_drc) for more information.

Time (s): cpu = 00:00:01 ; elapsed = 00:00:00.469 . Memory (MB): peak = 496.758 ; gain = 8.641
INFO: [Timing 38-35] Done setting XDC timing constraints.

Starting Logic Optimization Task

Phase 1 Retarget
INFO: [Opt 31-138] Pushed 0 inverter(s) to 0 load pin(s).
INFO: [Opt 31-49] Retargeted 0 cell(s).
Phase 1 Retarget | Checksum: fb03d0ff

Time (s): cpu = 00:00:00 ; elapsed = 00:00:00.090 . Memory (MB): peak = 974.309 ; gain = 0.000
INFO: [Opt 31-389] Phase Retarget created 0 cells and removed 26 cells

Phase 2 Constant propagation
INFO: [Opt 31-138] Pushed 0 inverter(s) to 0 load pin(s).
Phase 2 Constant propagation | Checksum: fb03d0ff

Time (s): cpu = 00:00:00 ; elapsed = 00:00:00.100 . Memory (MB): peak = 974.309 ; gain = 0.000
INFO: [Opt 31-389] Phase Constant propagation created 0 cells and removed 0 cells

Phase 3 Sweep
Phase 3 Sweep | Checksum: 1582c6dda

Time (s): cpu = 00:00:00 ; elapsed = 00:00:00.106 . Memory (MB): peak = 974.309 ; gain = 0.000
INFO: [Opt 31-389] Phase Sweep created 0 cells and removed 0 cells

Phase 4 BUFG optimization
Phase 4 BUFG optimization | Checksum: 1582c6dda

Time (s): cpu = 00:00:00 ; elapsed = 00:00:00.107 . Memory (MB): peak = 974.309 ; gain = 0.000
INFO: [Opt 31-389] Phase BUFG optimization created 0 cells and removed 0 cells

Phase 5 Shift Register Optimization
Phase 5 Shift Register Optimization | Checksum: 1582c6dda

Time (s): cpu = 00:00:00 ; elapsed = 00:00:00.108 . Memory (MB): peak = 974.309 ; gain = 0.000
INFO: [Opt 31-389] Phase Shift Register Optimization created 0 cells and removed 0 cells

Starting Connectivity Check Task

Time (s): cpu = 00:00:00 ; elapsed = 00:00:00 . Memory (MB): peak = 974.309 ; gain = 0.000
Ending Logic Optimization Task | Checksum: 1582c6dda

Time (s): cpu = 00:00:00 ; elapsed = 00:00:00.110 . Memory (MB): peak = 974.309 ; gain = 0.000

Starting Power Optimization Task
INFO: [Pwropt 34-132] Skipping clock gating for clocks with a period < 2.00 ns.
Ending Power Optimization Task | Checksum: 10397e7e2

Time (s): cpu = 00:00:00 ; elapsed = 00:00:00.019 . Memory (MB): peak = 974.309 ; gain = 0.000
22 Infos, 0 Warnings, 0 Critical Warnings and 0 Errors encountered.
opt_design completed successfully
opt_design: Time (s): cpu = 00:00:11 ; elapsed = 00:00:10 . Memory (MB): peak = 974.309 ; gain = 486.191
INFO: [Timing 38-35] Done setting XDC timing constraints.
INFO: [Common 17-1381] The checkpoint 'C:/Users/User/Desktop/UNI/EmbeddedRealTimeSystem/Assignment2/exercises/exercise_8/advios.prj/solution1/impl/vhdl/project.runs/impl_1/advios_opt.dcp' has been generated.
Command: report_drc -file advios_drc_opted.rpt
INFO: [DRC 23-27] Running DRC with 2 threads
INFO: [Coretcl 2-168] The results of DRC are in file C:/Users/User/Desktop/UNI/EmbeddedRealTimeSystem/Assignment2/exercises/exercise_8/advios.prj/solution1/impl/vhdl/project.runs/impl_1/advios_drc_opted.rpt.
report_drc completed successfully
INFO: [Chipscope 16-241] No debug cores found in the current design.
Before running the implement_debug_core command, either use the Set Up Debug wizard (GUI mode)
or use the create_debug_core and connect_debug_core Tcl commands to insert debug cores into the design.
Command: place_design
Attempting to get a license for feature 'Implementation' and/or device 'xc7z010-clg400'
INFO: [Common 17-349] Got license for feature 'Implementation' and/or device 'xc7z010-clg400'
Command: report_drc (run_mandatory_drcs) for: incr_eco_checks
INFO: [DRC 23-27] Running DRC with 2 threads
report_drc (run_mandatory_drcs) completed successfully
INFO: [Vivado_Tcl 4-198] DRC finished with 0 Errors
INFO: [Vivado_Tcl 4-199] Please refer to the DRC report (report_drc) for more information.
Running DRC as a precondition to command place_design
Command: report_drc (run_mandatory_drcs) for: placer_checks
INFO: [DRC 23-27] Running DRC with 2 threads
report_drc (run_mandatory_drcs) completed successfully
INFO: [Vivado_Tcl 4-198] DRC finished with 0 Errors
INFO: [Vivado_Tcl 4-199] Please refer to the DRC report (report_drc) for more information.

Starting Placer Task
INFO: [Place 30-611] Multithreading enabled for place_design using a maximum of 2 CPUs

Phase 1 Placer Initialization

Phase 1.1 Placer Initialization Netlist Sorting
Netlist sorting complete. Time (s): cpu = 00:00:00 ; elapsed = 00:00:00 . Memory (MB): peak = 974.309 ; gain = 0.000
Phase 1.1 Placer Initialization Netlist Sorting | Checksum: 342347d5

Time (s): cpu = 00:00:00 ; elapsed = 00:00:00.014 . Memory (MB): peak = 974.309 ; gain = 0.000
INFO: [Opt 31-138] Pushed 0 inverter(s) to 0 load pin(s).
Netlist sorting complete. Time (s): cpu = 00:00:00 ; elapsed = 00:00:00 . Memory (MB): peak = 974.309 ; gain = 0.000

Phase 1.2 IO Placement/ Clock Placement/ Build Placer Device
INFO: [Timing 38-35] Done setting XDC timing constraints.
Phase 1.2 IO Placement/ Clock Placement/ Build Placer Device | Checksum: a35c1bc8

Time (s): cpu = 00:00:01 ; elapsed = 00:00:00.298 . Memory (MB): peak = 974.309 ; gain = 0.000

Phase 1.3 Build Placer Netlist Model
Phase 1.3 Build Placer Netlist Model | Checksum: 11d61aa37

Time (s): cpu = 00:00:01 ; elapsed = 00:00:00.372 . Memory (MB): peak = 974.309 ; gain = 0.000

Phase 1.4 Constrain Clocks/Macros
Phase 1.4 Constrain Clocks/Macros | Checksum: 11d61aa37

Time (s): cpu = 00:00:01 ; elapsed = 00:00:00.374 . Memory (MB): peak = 974.309 ; gain = 0.000
Phase 1 Placer Initialization | Checksum: 11d61aa37

Time (s): cpu = 00:00:01 ; elapsed = 00:00:00.375 . Memory (MB): peak = 974.309 ; gain = 0.000

Phase 2 Global Placement
Phase 2 Global Placement | Checksum: 19bbc5ed2

Time (s): cpu = 00:00:01 ; elapsed = 00:00:00.669 . Memory (MB): peak = 974.309 ; gain = 0.000

Phase 3 Detail Placement

Phase 3.1 Commit Multi Column Macros
Phase 3.1 Commit Multi Column Macros | Checksum: 19bbc5ed2

Time (s): cpu = 00:00:01 ; elapsed = 00:00:00.671 . Memory (MB): peak = 974.309 ; gain = 0.000

Phase 3.2 Commit Most Macros & LUTRAMs
Phase 3.2 Commit Most Macros & LUTRAMs | Checksum: 1820ba8f7

Time (s): cpu = 00:00:01 ; elapsed = 00:00:00.703 . Memory (MB): peak = 974.309 ; gain = 0.000

Phase 3.3 Area Swap Optimization
Phase 3.3 Area Swap Optimization | Checksum: 1799a7f1e

Time (s): cpu = 00:00:01 ; elapsed = 00:00:00.707 . Memory (MB): peak = 974.309 ; gain = 0.000

Phase 3.4 Pipeline Register Optimization
Phase 3.4 Pipeline Register Optimization | Checksum: 1799a7f1e

Time (s): cpu = 00:00:01 ; elapsed = 00:00:00.708 . Memory (MB): peak = 974.309 ; gain = 0.000

Phase 3.5 Timing Path Optimizer
Phase 3.5 Timing Path Optimizer | Checksum: 1291201e3

Time (s): cpu = 00:00:01 ; elapsed = 00:00:00.722 . Memory (MB): peak = 974.309 ; gain = 0.000

Phase 3.6 Small Shape Detail Placement
Phase 3.6 Small Shape Detail Placement | Checksum: 1150fae12

Time (s): cpu = 00:00:01 ; elapsed = 00:00:00.785 . Memory (MB): peak = 974.309 ; gain = 0.000

Phase 3.7 Re-assign LUT pins
Phase 3.7 Re-assign LUT pins | Checksum: 12d600d04

Time (s): cpu = 00:00:01 ; elapsed = 00:00:00.788 . Memory (MB): peak = 974.309 ; gain = 0.000

Phase 3.8 Pipeline Register Optimization
Phase 3.8 Pipeline Register Optimization | Checksum: 12d600d04

Time (s): cpu = 00:00:01 ; elapsed = 00:00:00.789 . Memory (MB): peak = 974.309 ; gain = 0.000
Phase 3 Detail Placement | Checksum: 12d600d04

Time (s): cpu = 00:00:01 ; elapsed = 00:00:00.790 . Memory (MB): peak = 974.309 ; gain = 0.000

Phase 4 Post Placement Optimization and Clean-Up

Phase 4.1 Post Commit Optimization
INFO: [Timing 38-35] Done setting XDC timing constraints.

Phase 4.1.1 Post Placement Optimization
Post Placement Optimization Initialization | Checksum: 687909e9

Phase 4.1.1.1 BUFG Insertion
INFO: [Physopt 32-721] Multithreading enabled for phys_opt_design using a maximum of 2 CPUs
INFO: [Place 46-41] BUFG insertion identified 0 candidate nets, 0 success, 0 skipped for placement/routing, 0 skipped for timing, 0 skipped for netlist change reason.
Phase 4.1.1.1 BUFG Insertion | Checksum: 687909e9

Time (s): cpu = 00:00:01 ; elapsed = 00:00:00.886 . Memory (MB): peak = 974.309 ; gain = 0.000
INFO: [Place 30-746] Post Placement Timing Summary WNS=3.886. For the most accurate timing information please run report_timing.
Phase 4.1.1 Post Placement Optimization | Checksum: 10ea03703

Time (s): cpu = 00:00:01 ; elapsed = 00:00:00.888 . Memory (MB): peak = 974.309 ; gain = 0.000
Phase 4.1 Post Commit Optimization | Checksum: 10ea03703

Time (s): cpu = 00:00:01 ; elapsed = 00:00:00.888 . Memory (MB): peak = 974.309 ; gain = 0.000

Phase 4.2 Post Placement Cleanup
Phase 4.2 Post Placement Cleanup | Checksum: 10ea03703

Time (s): cpu = 00:00:01 ; elapsed = 00:00:00.890 . Memory (MB): peak = 974.309 ; gain = 0.000

Phase 4.3 Placer Reporting
Phase 4.3 Placer Reporting | Checksum: 10ea03703

Time (s): cpu = 00:00:01 ; elapsed = 00:00:00.892 . Memory (MB): peak = 974.309 ; gain = 0.000

Phase 4.4 Final Placement Cleanup
Phase 4.4 Final Placement Cleanup | Checksum: 101ac5b10

Time (s): cpu = 00:00:01 ; elapsed = 00:00:00.894 . Memory (MB): peak = 974.309 ; gain = 0.000
Phase 4 Post Placement Optimization and Clean-Up | Checksum: 101ac5b10

Time (s): cpu = 00:00:01 ; elapsed = 00:00:00.894 . Memory (MB): peak = 974.309 ; gain = 0.000
Ending Placer Task | Checksum: 5b5d20fd

Time (s): cpu = 00:00:01 ; elapsed = 00:00:00.897 . Memory (MB): peak = 974.309 ; gain = 0.000
41 Infos, 0 Warnings, 0 Critical Warnings and 0 Errors encountered.
place_design completed successfully
Writing placer database...
Writing XDEF routing.
Writing XDEF routing logical nets.
Writing XDEF routing special nets.
Write XDEF Complete: Time (s): cpu = 00:00:00 ; elapsed = 00:00:00.069 . Memory (MB): peak = 974.309 ; gain = 0.000
INFO: [Common 17-1381] The checkpoint 'C:/Users/User/Desktop/UNI/EmbeddedRealTimeSystem/Assignment2/exercises/exercise_8/advios.prj/solution1/impl/vhdl/project.runs/impl_1/advios_placed.dcp' has been generated.
report_io: Time (s): cpu = 00:00:00 ; elapsed = 00:00:00.053 . Memory (MB): peak = 974.309 ; gain = 0.000
report_utilization: Time (s): cpu = 00:00:00 ; elapsed = 00:00:00.022 . Memory (MB): peak = 974.309 ; gain = 0.000
report_control_sets: Time (s): cpu = 00:00:00 ; elapsed = 00:00:00.003 . Memory (MB): peak = 974.309 ; gain = 0.000
Command: phys_opt_design
Attempting to get a license for feature 'Implementation' and/or device 'xc7z010-clg400'
INFO: [Common 17-349] Got license for feature 'Implementation' and/or device 'xc7z010-clg400'
INFO: [Vivado_Tcl 4-383] Design worst setup slack (WNS) is greater than or equal to 0.500 ns. Skipping all physical synthesis optimizations.
INFO: [Vivado_Tcl 4-232] No setup violation found. The netlist was not modified.
45 Infos, 0 Warnings, 0 Critical Warnings and 0 Errors encountered.
phys_opt_design completed successfully
Writing placer database...
Writing XDEF routing.
Writing XDEF routing logical nets.
Writing XDEF routing special nets.
Write XDEF Complete: Time (s): cpu = 00:00:00 ; elapsed = 00:00:00.066 . Memory (MB): peak = 974.309 ; gain = 0.000
INFO: [Common 17-1381] The checkpoint 'C:/Users/User/Desktop/UNI/EmbeddedRealTimeSystem/Assignment2/exercises/exercise_8/advios.prj/solution1/impl/vhdl/project.runs/impl_1/advios_physopt.dcp' has been generated.
Command: route_design
Attempting to get a license for feature 'Implementation' and/or device 'xc7z010-clg400'
INFO: [Common 17-349] Got license for feature 'Implementation' and/or device 'xc7z010-clg400'
Running DRC as a precondition to command route_design
Command: report_drc (run_mandatory_drcs) for: router_checks
INFO: [DRC 23-27] Running DRC with 2 threads
report_drc (run_mandatory_drcs) completed successfully
INFO: [Vivado_Tcl 4-198] DRC finished with 0 Errors
INFO: [Vivado_Tcl 4-199] Please refer to the DRC report (report_drc) for more information.


Starting Routing Task
INFO: [Route 35-254] Multithreading enabled for route_design using a maximum of 2 CPUs
Checksum: PlaceDB: 4c35dd95 ConstDB: 0 ShapeSum: f274368 RouteDB: 0

Phase 1 Build RT Design
WARNING: [Route 35-198] Port "inSwitch[0]" does not have an associated HD.PARTPIN_LOCS, which will prevent the partial routing of the signal "inSwitch[0]". Without this partial route, timing analysis to/from this port will not be accurate, and no routing information for this port can be exported.
WARNING: [Route 35-198] Port "ctrl[0]" does not have an associated HD.PARTPIN_LOCS, which will prevent the partial routing of the signal "ctrl[0]". Without this partial route, timing analysis to/from this port will not be accurate, and no routing information for this port can be exported.
WARNING: [Route 35-198] Port "inSwitch[1]" does not have an associated HD.PARTPIN_LOCS, which will prevent the partial routing of the signal "inSwitch[1]". Without this partial route, timing analysis to/from this port will not be accurate, and no routing information for this port can be exported.
WARNING: [Route 35-198] Port "ctrl[1]" does not have an associated HD.PARTPIN_LOCS, which will prevent the partial routing of the signal "ctrl[1]". Without this partial route, timing analysis to/from this port will not be accurate, and no routing information for this port can be exported.
WARNING: [Route 35-198] Port "inSwitch[2]" does not have an associated HD.PARTPIN_LOCS, which will prevent the partial routing of the signal "inSwitch[2]". Without this partial route, timing analysis to/from this port will not be accurate, and no routing information for this port can be exported.
WARNING: [Route 35-198] Port "ctrl[2]" does not have an associated HD.PARTPIN_LOCS, which will prevent the partial routing of the signal "ctrl[2]". Without this partial route, timing analysis to/from this port will not be accurate, and no routing information for this port can be exported.
WARNING: [Route 35-198] Port "reset" does not have an associated HD.PARTPIN_LOCS, which will prevent the partial routing of the signal "reset". Without this partial route, timing analysis to/from this port will not be accurate, and no routing information for this port can be exported.
WARNING: [Route 35-198] Port "inSwitch[3]" does not have an associated HD.PARTPIN_LOCS, which will prevent the partial routing of the signal "inSwitch[3]". Without this partial route, timing analysis to/from this port will not be accurate, and no routing information for this port can be exported.
WARNING: [Route 35-198] Port "ctrl[3]" does not have an associated HD.PARTPIN_LOCS, which will prevent the partial routing of the signal "ctrl[3]". Without this partial route, timing analysis to/from this port will not be accurate, and no routing information for this port can be exported.
Phase 1 Build RT Design | Checksum: 192e202c4

Time (s): cpu = 00:00:12 ; elapsed = 00:00:11 . Memory (MB): peak = 1034.980 ; gain = 60.672

Phase 2 Router Initialization

Phase 2.1 Create Timer
Phase 2.1 Create Timer | Checksum: 192e202c4

Time (s): cpu = 00:00:12 ; elapsed = 00:00:11 . Memory (MB): peak = 1034.980 ; gain = 60.672

Phase 2.2 Fix Topology Constraints
Phase 2.2 Fix Topology Constraints | Checksum: 192e202c4

Time (s): cpu = 00:00:12 ; elapsed = 00:00:11 . Memory (MB): peak = 1039.953 ; gain = 65.645

Phase 2.3 Pre Route Cleanup
Phase 2.3 Pre Route Cleanup | Checksum: 192e202c4

Time (s): cpu = 00:00:12 ; elapsed = 00:00:11 . Memory (MB): peak = 1039.953 ; gain = 65.645
 Number of Nodes with overlaps = 0

Phase 2.4 Update Timing
Phase 2.4 Update Timing | Checksum: 23164e837

Time (s): cpu = 00:00:12 ; elapsed = 00:00:11 . Memory (MB): peak = 1040.828 ; gain = 66.520
INFO: [Route 35-416] Intermediate Timing Summary | WNS=3.928  | TNS=0.000  | WHS=-0.090 | THS=-0.756 |

Phase 2 Router Initialization | Checksum: 19fa91958

Time (s): cpu = 00:00:12 ; elapsed = 00:00:11 . Memory (MB): peak = 1040.828 ; gain = 66.520

Phase 3 Initial Routing
Phase 3 Initial Routing | Checksum: cf4f5596

Time (s): cpu = 00:00:12 ; elapsed = 00:00:11 . Memory (MB): peak = 1040.828 ; gain = 66.520

Phase 4 Rip-up And Reroute

Phase 4.1 Global Iteration 0
 Number of Nodes with overlaps = 2
 Number of Nodes with overlaps = 0
INFO: [Route 35-416] Intermediate Timing Summary | WNS=3.851  | TNS=0.000  | WHS=N/A    | THS=N/A    |

Phase 4.1 Global Iteration 0 | Checksum: 11ef295d1

Time (s): cpu = 00:00:12 ; elapsed = 00:00:11 . Memory (MB): peak = 1040.828 ; gain = 66.520
Phase 4 Rip-up And Reroute | Checksum: 11ef295d1

Time (s): cpu = 00:00:12 ; elapsed = 00:00:11 . Memory (MB): peak = 1040.828 ; gain = 66.520

Phase 5 Delay and Skew Optimization

Phase 5.1 Delay CleanUp

Phase 5.1.1 Update Timing
Phase 5.1.1 Update Timing | Checksum: 1632b1f6c

Time (s): cpu = 00:00:12 ; elapsed = 00:00:11 . Memory (MB): peak = 1040.828 ; gain = 66.520
INFO: [Route 35-416] Intermediate Timing Summary | WNS=3.855  | TNS=0.000  | WHS=N/A    | THS=N/A    |

Phase 5.1 Delay CleanUp | Checksum: 1632b1f6c

Time (s): cpu = 00:00:12 ; elapsed = 00:00:11 . Memory (MB): peak = 1040.828 ; gain = 66.520

Phase 5.2 Clock Skew Optimization
Phase 5.2 Clock Skew Optimization | Checksum: 1632b1f6c

Time (s): cpu = 00:00:12 ; elapsed = 00:00:11 . Memory (MB): peak = 1040.828 ; gain = 66.520
Phase 5 Delay and Skew Optimization | Checksum: 1632b1f6c

Time (s): cpu = 00:00:12 ; elapsed = 00:00:11 . Memory (MB): peak = 1040.828 ; gain = 66.520

Phase 6 Post Hold Fix

Phase 6.1 Hold Fix Iter

Phase 6.1.1 Update Timing
Phase 6.1.1 Update Timing | Checksum: 12a5c373c

Time (s): cpu = 00:00:12 ; elapsed = 00:00:11 . Memory (MB): peak = 1040.828 ; gain = 66.520
INFO: [Route 35-416] Intermediate Timing Summary | WNS=3.855  | TNS=0.000  | WHS=0.032  | THS=0.000  |

Phase 6.1 Hold Fix Iter | Checksum: 163753ce8

Time (s): cpu = 00:00:12 ; elapsed = 00:00:11 . Memory (MB): peak = 1040.828 ; gain = 66.520
Phase 6 Post Hold Fix | Checksum: 163753ce8

Time (s): cpu = 00:00:12 ; elapsed = 00:00:11 . Memory (MB): peak = 1040.828 ; gain = 66.520

Phase 7 Route finalize

Router Utilization Summary
  Global Vertical Routing Utilization    = 0.0115428 %
  Global Horizontal Routing Utilization  = 0.0121783 %
  Routable Net Status*
  *Does not include unroutable nets such as driverless and loadless.
  Run report_route_status for detailed report.
  Number of Failed Nets               = 0
  Number of Unrouted Nets             = 0
  Number of Partially Routed Nets     = 0
  Number of Node Overlaps             = 0

Phase 7 Route finalize | Checksum: f45176d7

Time (s): cpu = 00:00:12 ; elapsed = 00:00:11 . Memory (MB): peak = 1040.828 ; gain = 66.520

Phase 8 Verifying routed nets

 Verification completed successfully
Phase 8 Verifying routed nets | Checksum: f45176d7

Time (s): cpu = 00:00:12 ; elapsed = 00:00:11 . Memory (MB): peak = 1042.957 ; gain = 68.648

Phase 9 Depositing Routes
Phase 9 Depositing Routes | Checksum: 12ae4a739

Time (s): cpu = 00:00:12 ; elapsed = 00:00:11 . Memory (MB): peak = 1042.957 ; gain = 68.648

Phase 10 Post Router Timing
INFO: [Route 35-57] Estimated Timing Summary | WNS=3.855  | TNS=0.000  | WHS=0.032  | THS=0.000  |

INFO: [Route 35-327] The final timing numbers are based on the router estimated timing analysis. For a complete and accurate timing signoff, please run report_timing_summary.
Phase 10 Post Router Timing | Checksum: 12ae4a739

Time (s): cpu = 00:00:12 ; elapsed = 00:00:11 . Memory (MB): peak = 1042.957 ; gain = 68.648
INFO: [Route 35-16] Router Completed Successfully

Time (s): cpu = 00:00:12 ; elapsed = 00:00:11 . Memory (MB): peak = 1042.957 ; gain = 68.648

Routing Is Done.
58 Infos, 9 Warnings, 0 Critical Warnings and 0 Errors encountered.
route_design completed successfully
route_design: Time (s): cpu = 00:00:14 ; elapsed = 00:00:12 . Memory (MB): peak = 1042.957 ; gain = 68.648
Writing placer database...
Writing XDEF routing.
Writing XDEF routing logical nets.
Writing XDEF routing special nets.
Write XDEF Complete: Time (s): cpu = 00:00:00 ; elapsed = 00:00:00.072 . Memory (MB): peak = 1042.957 ; gain = 0.000
INFO: [Common 17-1381] The checkpoint 'C:/Users/User/Desktop/UNI/EmbeddedRealTimeSystem/Assignment2/exercises/exercise_8/advios.prj/solution1/impl/vhdl/project.runs/impl_1/advios_routed.dcp' has been generated.
Command: report_drc -file advios_drc_routed.rpt -pb advios_drc_routed.pb -rpx advios_drc_routed.rpx
INFO: [DRC 23-27] Running DRC with 2 threads
INFO: [Coretcl 2-168] The results of DRC are in file C:/Users/User/Desktop/UNI/EmbeddedRealTimeSystem/Assignment2/exercises/exercise_8/advios.prj/solution1/impl/vhdl/project.runs/impl_1/advios_drc_routed.rpt.
report_drc completed successfully
Command: report_methodology -file advios_methodology_drc_routed.rpt -rpx advios_methodology_drc_routed.rpx
INFO: [Timing 38-35] Done setting XDC timing constraints.
INFO: [DRC 23-133] Running Methodology with 2 threads
INFO: [Coretcl 2-1520] The results of Report Methodology are in file C:/Users/User/Desktop/UNI/EmbeddedRealTimeSystem/Assignment2/exercises/exercise_8/advios.prj/solution1/impl/vhdl/project.runs/impl_1/advios_methodology_drc_routed.rpt.
report_methodology completed successfully
Command: report_power -file advios_power_routed.rpt -pb advios_power_summary_routed.pb -rpx advios_power_routed.rpx
INFO: [Timing 38-35] Done setting XDC timing constraints.
Running Vector-less Activity Propagation...

Finished Running Vector-less Activity Propagation
65 Infos, 9 Warnings, 0 Critical Warnings and 0 Errors encountered.
report_power completed successfully
INFO: [Timing 38-91] UpdateTimingParams: Speed grade: -1, Delay Type: min_max.
INFO: [Timing 38-191] Multithreading enabled for timing update using a maximum of 2 CPUs
INFO: [Common 17-206] Exiting Vivado at Wed Oct 12 22:57:17 2022...
[Wed Oct 12 22:57:20 2022] impl_1 finished
wait_on_run: Time (s): cpu = 00:00:00 ; elapsed = 00:00:50 . Memory (MB): peak = 979.828 ; gain = 4.070
INFO: [Netlist 29-17] Analyzing 7 Unisim elements for replacement
INFO: [Netlist 29-28] Unisim Transformation completed in 0 CPU seconds
INFO: [Project 1-479] Netlist was created with Vivado 2017.2
INFO: [Project 1-570] Preparing netlist for logic optimization
Parsing XDC File [C:/Users/User/Desktop/UNI/EmbeddedRealTimeSystem/Assignment2/exercises/exercise_8/advios.prj/solution1/impl/vhdl/.Xil/Vivado-9212-DESKTOP-58E2NJ4/dcp4/advios.xdc]
INFO: [Vivado 12-4761] HD.CLK_SRC property is set on port clk. The net connecting to the port drives either clock PIN or hierarchical black box. Use the create_clock constraint to create a clock on this port prior to setting HD.CLK_SRC.  [C:/Users/User/Desktop/UNI/EmbeddedRealTimeSystem/Assignment2/exercises/exercise_8/advios.prj/solution1/impl/vhdl/advios.xdc:2]
Finished Parsing XDC File [C:/Users/User/Desktop/UNI/EmbeddedRealTimeSystem/Assignment2/exercises/exercise_8/advios.prj/solution1/impl/vhdl/.Xil/Vivado-9212-DESKTOP-58E2NJ4/dcp4/advios.xdc]
Reading XDEF placement.
Reading placer database...
Reading XDEF routing.
Read XDEF File: Time (s): cpu = 00:00:00 ; elapsed = 00:00:00.071 . Memory (MB): peak = 1067.418 ; gain = 0.000
Restored from archive | CPU: 0.000000 secs | Memory: 0.000000 MB |
Finished XDEF File Restore: Time (s): cpu = 00:00:00 ; elapsed = 00:00:00.071 . Memory (MB): peak = 1067.418 ; gain = 0.000
INFO: [Project 1-111] Unisim Transformation Summary:
No Unisim elements were transformed.

INFO: [Timing 38-35] Done setting XDC timing constraints.
INFO: [Timing 38-91] UpdateTimingParams: Speed grade: -1, Delay Type: min_max.
INFO: [Timing 38-191] Multithreading enabled for timing update using a maximum of 2 CPUs
report_utilization: Time (s): cpu = 00:00:00 ; elapsed = 00:00:00.034 . Memory (MB): peak = 1154.137 ; gain = 1.004


Implementation tool: Xilinx Vivado v.2017.2
Project:             advios.prj
Solution:            solution1
Device target:       xc7z010clg400-1
Report date:         Wed Oct 12 22:57:22 +0200 2022

#=== Post-Implementation Resource usage ===
SLICE:           16
LUT:             23
FF:              41
DSP:              0
BRAM:             0
SRL:              0
#=== Final timing ===
CP required:    8.000
CP achieved post-synthesis:    4.467
CP achieved post-implementation:    NA
No Sequential Path
INFO: [Common 17-206] Exiting Vivado at Wed Oct 12 22:57:22 2022...
