==============================================================
File generated by Vivado(TM) HLS - High-Level Synthesis from C, C++ and SystemC
Version: 2017.2
Copyright (C) 1986-2017 Xilinx, Inc. All Rights Reserved.

==============================================================

INFO: [SYN 201-201] Setting up clock 'default' with a period of 8ns.
INFO: [HLS 200-10] Setting target device to 'xc7z010clg400-1'
INFO: [HLS 200-10] Analyzing design file 'yuv_filter.c' ... 
INFO: [HLS 200-10] Validating synthesis directives ...
INFO: [HLS 200-111] Finished Checking Pragmas Time (s): cpu = 00:00:01 ; elapsed = 00:00:04 . Memory (MB): peak = 96.871 ; gain = 47.477
INFO: [HLS 200-111] Finished Linking Time (s): cpu = 00:00:01 ; elapsed = 00:00:04 . Memory (MB): peak = 96.875 ; gain = 47.480
INFO: [HLS 200-10] Starting code transformations ...
INFO: [HLS 200-111] Finished Standard Transforms Time (s): cpu = 00:00:01 ; elapsed = 00:00:04 . Memory (MB): peak = 98.227 ; gain = 48.832
INFO: [HLS 200-10] Checking synthesizability ...
INFO: [HLS 200-111] Finished Checking Synthesizability Time (s): cpu = 00:00:01 ; elapsed = 00:00:05 . Memory (MB): peak = 98.703 ; gain = 49.309
INFO: [XFORM 203-502] Unrolling all sub-loops inside loop 'YUV2RGB_LOOP_X' (yuv_filter.c:89) in function 'yuv2rgb' for pipelining.
INFO: [XFORM 203-502] Unrolling all sub-loops inside loop 'RGB2YUV_LOOP_X' (yuv_filter.c:49) in function 'rgb2yuv' for pipelining.
WARNING: [XFORM 203-503] Cannot unroll loop 'YUV2RGB_LOOP_Y' (yuv_filter.c:92) in function 'yuv2rgb': cannot completely unroll a loop with a variable trip count.
WARNING: [XFORM 203-503] Cannot unroll loop 'RGB2YUV_LOOP_Y' (yuv_filter.c:52) in function 'rgb2yuv': cannot completely unroll a loop with a variable trip count.
INFO: [XFORM 203-401] Performing if-conversion on hyperblock from (yuv_filter.c:92:33) to (yuv_filter.c:92:27) in function 'yuv2rgb'... converting 7 basic blocks.
INFO: [XFORM 203-11] Balancing expressions in function 'rgb2yuv' (yuv_filter.c:30)...11 expression(s) balanced.
INFO: [HLS 200-111] Finished Pre-synthesis Time (s): cpu = 00:00:01 ; elapsed = 00:00:05 . Memory (MB): peak = 119.977 ; gain = 70.582
INFO: [XFORM 203-541] Flattening a loop nest 'YUV_SCALE_LOOP_X' (yuv_filter.c:129:29) in function 'yuv_scale'.
INFO: [XFORM 203-541] Flattening a loop nest 'YUV2RGB_LOOP_X' (yuv_filter.c:89:29) in function 'yuv2rgb'.
INFO: [XFORM 203-541] Flattening a loop nest 'RGB2YUV_LOOP_X' (yuv_filter.c:49:29) in function 'rgb2yuv'.
INFO: [HLS 200-111] Finished Architecture Synthesis Time (s): cpu = 00:00:02 ; elapsed = 00:00:05 . Memory (MB): peak = 140.816 ; gain = 91.422
INFO: [HLS 200-10] Starting hardware synthesis ...
INFO: [HLS 200-10] Synthesizing 'yuv_filter' ...
INFO: [HLS 200-10] ----------------------------------------------------------------
INFO: [HLS 200-10] -- Implementing module 'rgb2yuv' 
INFO: [HLS 200-10] ----------------------------------------------------------------
INFO: [SCHED 204-11] Starting scheduling ...
INFO: [SCHED 204-61] Pipelining loop 'RGB2YUV_LOOP_X_RGB2YUV_LOOP_Y'.
INFO: [SCHED 204-61] Pipelining result: Target II: 1, Final II: 1, Depth: 10.
WARNING: [SCHED 204-21] Estimated clock period (8.77ns) exceeds the target (target clock period: 8ns, clock uncertainty: 1ns, effective delay budget: 7ns).
WARNING: [SCHED 204-21] The critical path consists of the following:
	'mul' operation ('tmp_30', yuv_filter.c:59) (3.36 ns)
	'add' operation ('tmp7', yuv_filter.c:59) (3.02 ns)
	'add' operation ('tmp_32', yuv_filter.c:59) (2.39 ns)
INFO: [SCHED 204-11] Finished scheduling.
INFO: [HLS 200-111]  Elapsed time: 5.392 seconds; current allocated memory: 104.147 MB.
INFO: [BIND 205-100] Starting micro-architecture generation ...
INFO: [BIND 205-101] Performing variable lifetime analysis.
INFO: [BIND 205-101] Exploring resource sharing.
INFO: [BIND 205-101] Binding ...
INFO: [BIND 205-100] Finished micro-architecture generation.
INFO: [HLS 200-111]  Elapsed time: 0.117 seconds; current allocated memory: 104.532 MB.
INFO: [HLS 200-10] ----------------------------------------------------------------
INFO: [HLS 200-10] -- Implementing module 'yuv_scale' 
INFO: [HLS 200-10] ----------------------------------------------------------------
INFO: [SCHED 204-11] Starting scheduling ...
INFO: [SCHED 204-61] Pipelining loop 'YUV_SCALE_LOOP_X_YUV_SCALE_LOOP_Y'.
INFO: [SCHED 204-61] Pipelining result: Target II: 1, Final II: 1, Depth: 9.
INFO: [SCHED 204-11] Finished scheduling.
INFO: [HLS 200-111]  Elapsed time: 0.146 seconds; current allocated memory: 104.793 MB.
INFO: [BIND 205-100] Starting micro-architecture generation ...
INFO: [BIND 205-101] Performing variable lifetime analysis.
INFO: [BIND 205-101] Exploring resource sharing.
INFO: [BIND 205-101] Binding ...
INFO: [BIND 205-100] Finished micro-architecture generation.
INFO: [HLS 200-111]  Elapsed time: 0.068 seconds; current allocated memory: 105.032 MB.
INFO: [HLS 200-10] ----------------------------------------------------------------
INFO: [HLS 200-10] -- Implementing module 'yuv2rgb' 
INFO: [HLS 200-10] ----------------------------------------------------------------
INFO: [SCHED 204-11] Starting scheduling ...
INFO: [SCHED 204-61] Pipelining loop 'YUV2RGB_LOOP_X_YUV2RGB_LOOP_Y'.
INFO: [SCHED 204-61] Pipelining result: Target II: 1, Final II: 1, Depth: 11.
WARNING: [SCHED 204-21] Estimated clock period (8.85ns) exceeds the target (target clock period: 8ns, clock uncertainty: 1ns, effective delay budget: 7ns).
WARNING: [SCHED 204-21] The critical path consists of the following:
	'add' operation ('C', yuv_filter.c:97) (0 ns)
	'mul' operation ('tmp_4', yuv_filter.c:100) (3.36 ns)
	'add' operation ('tmp_10', yuv_filter.c:100) (3.02 ns)
	'add' operation ('tmp2', yuv_filter.c:102) (2.47 ns)
INFO: [SCHED 204-11] Finished scheduling.
INFO: [HLS 200-111]  Elapsed time: 0.134 seconds; current allocated memory: 105.351 MB.
INFO: [BIND 205-100] Starting micro-architecture generation ...
INFO: [BIND 205-101] Performing variable lifetime analysis.
INFO: [BIND 205-101] Exploring resource sharing.
INFO: [BIND 205-101] Binding ...
INFO: [BIND 205-100] Finished micro-architecture generation.
INFO: [HLS 200-111]  Elapsed time: 0.076 seconds; current allocated memory: 105.688 MB.
INFO: [HLS 200-10] ----------------------------------------------------------------
INFO: [HLS 200-10] -- Implementing module 'yuv_filter' 
INFO: [HLS 200-10] ----------------------------------------------------------------
INFO: [SCHED 204-11] Starting scheduling ...
INFO: [SCHED 204-11] Finished scheduling.
INFO: [HLS 200-111]  Elapsed time: 0.093 seconds; current allocated memory: 105.846 MB.
INFO: [BIND 205-100] Starting micro-architecture generation ...
INFO: [BIND 205-101] Performing variable lifetime analysis.
INFO: [BIND 205-101] Exploring resource sharing.
INFO: [BIND 205-101] Binding ...
INFO: [BIND 205-100] Finished micro-architecture generation.
INFO: [HLS 200-111]  Elapsed time: 0.174 seconds; current allocated memory: 106.027 MB.
INFO: [HLS 200-10] ----------------------------------------------------------------
INFO: [HLS 200-10] -- Generating RTL for module 'rgb2yuv' 
INFO: [HLS 200-10] ----------------------------------------------------------------
INFO: [SYN 201-210] Renamed object name 'yuv_filter_mul_mul_16ns_16ns_32_1' to 'yuv_filter_mul_mubkb' due to the length limit 20
INFO: [SYN 201-210] Renamed object name 'yuv_filter_mac_muladd_6ns_8ns_9ns_13_1' to 'yuv_filter_mac_mucud' due to the length limit 20
INFO: [SYN 201-210] Renamed object name 'yuv_filter_mac_muladd_7s_8ns_16ns_16_1' to 'yuv_filter_mac_mudEe' due to the length limit 20
INFO: [SYN 201-210] Renamed object name 'yuv_filter_mac_muladd_8s_8ns_16ns_16_1' to 'yuv_filter_mac_mueOg' due to the length limit 20
INFO: [RTGEN 206-100] Generating core module 'yuv_filter_mac_mucud': 1 instance(s).
INFO: [RTGEN 206-100] Generating core module 'yuv_filter_mac_mudEe': 1 instance(s).
INFO: [RTGEN 206-100] Generating core module 'yuv_filter_mac_mueOg': 1 instance(s).
INFO: [RTGEN 206-100] Generating core module 'yuv_filter_mul_mubkb': 1 instance(s).
INFO: [RTGEN 206-100] Finished creating RTL model for 'rgb2yuv'.
INFO: [HLS 200-111]  Elapsed time: 0.182 seconds; current allocated memory: 106.856 MB.
INFO: [HLS 200-10] ----------------------------------------------------------------
INFO: [HLS 200-10] -- Generating RTL for module 'yuv_scale' 
INFO: [HLS 200-10] ----------------------------------------------------------------
WARNING: [RTGEN 206-101] RTL name 'yuv_filter_mul_mubkb' is changed to 'yuv_filter_mul_mubkb_x' due to conflict.
INFO: [RTGEN 206-100] Generating core module 'yuv_filter_mul_mubkb': 1 instance(s).
INFO: [RTGEN 206-100] Finished creating RTL model for 'yuv_scale'.
INFO: [HLS 200-111]  Elapsed time: 0.637 seconds; current allocated memory: 107.591 MB.
INFO: [HLS 200-10] ----------------------------------------------------------------
INFO: [HLS 200-10] -- Generating RTL for module 'yuv2rgb' 
INFO: [HLS 200-10] ----------------------------------------------------------------
WARNING: [RTGEN 206-101] RTL name 'yuv_filter_mul_mubkb' is changed to 'yuv_filter_mul_mubkb_x' due to conflict.
INFO: [SYN 201-210] Renamed object name 'yuv_filter_ama_addmuladd_5s_8ns_10ns_9ns_18_1' to 'yuv_filter_ama_adfYi' due to the length limit 20
INFO: [SYN 201-210] Renamed object name 'yuv_filter_mac_muladd_8s_8s_17ns_17_1' to 'yuv_filter_mac_mug8j' due to the length limit 20
INFO: [SYN 201-210] Renamed object name 'yuv_filter_mac_muladd_10ns_8s_18s_18_1' to 'yuv_filter_mac_muhbi' due to the length limit 20
INFO: [RTGEN 206-100] Generating core module 'yuv_filter_ama_adfYi': 1 instance(s).
INFO: [RTGEN 206-100] Generating core module 'yuv_filter_mac_mug8j': 1 instance(s).
INFO: [RTGEN 206-100] Generating core module 'yuv_filter_mac_muhbi': 1 instance(s).
INFO: [RTGEN 206-100] Generating core module 'yuv_filter_mul_mubkb': 1 instance(s).
INFO: [RTGEN 206-100] Finished creating RTL model for 'yuv2rgb'.
INFO: [HLS 200-111]  Elapsed time: 0.446 seconds; current allocated memory: 108.464 MB.
INFO: [HLS 200-10] ----------------------------------------------------------------
INFO: [HLS 200-10] -- Generating RTL for module 'yuv_filter' 
INFO: [HLS 200-10] ----------------------------------------------------------------
INFO: [RTGEN 206-500] Setting interface mode on port 'yuv_filter/in_channels_ch1' to 'ap_memory'.
INFO: [RTGEN 206-500] Setting interface mode on port 'yuv_filter/in_channels_ch2' to 'ap_memory'.
INFO: [RTGEN 206-500] Setting interface mode on port 'yuv_filter/in_channels_ch3' to 'ap_memory'.
INFO: [RTGEN 206-500] Setting interface mode on port 'yuv_filter/in_width' to 'ap_none'.
INFO: [RTGEN 206-500] Setting interface mode on port 'yuv_filter/in_height' to 'ap_none'.
INFO: [RTGEN 206-500] Setting interface mode on port 'yuv_filter/out_channels_ch1' to 'ap_memory'.
INFO: [RTGEN 206-500] Setting interface mode on port 'yuv_filter/out_channels_ch2' to 'ap_memory'.
INFO: [RTGEN 206-500] Setting interface mode on port 'yuv_filter/out_channels_ch3' to 'ap_memory'.
INFO: [RTGEN 206-500] Setting interface mode on port 'yuv_filter/out_width' to 'ap_vld'.
INFO: [RTGEN 206-500] Setting interface mode on port 'yuv_filter/out_height' to 'ap_vld'.
INFO: [RTGEN 206-500] Setting interface mode on port 'yuv_filter/Y_scale' to 'ap_none'.
INFO: [RTGEN 206-500] Setting interface mode on port 'yuv_filter/U_scale' to 'ap_none'.
INFO: [RTGEN 206-500] Setting interface mode on port 'yuv_filter/V_scale' to 'ap_none'.
INFO: [RTGEN 206-500] Setting interface mode on function 'yuv_filter' to 'ap_ctrl_hs'.
INFO: [SYN 201-210] Renamed object name 'yuv_filter_p_yuv_channels_ch1' to 'yuv_filter_p_yuv_ibs' due to the length limit 20
INFO: [SYN 201-210] Renamed object name 'yuv_filter_p_yuv_channels_ch2' to 'yuv_filter_p_yuv_jbC' due to the length limit 20
INFO: [SYN 201-210] Renamed object name 'yuv_filter_p_yuv_channels_ch3' to 'yuv_filter_p_yuv_kbM' due to the length limit 20
INFO: [SYN 201-210] Renamed object name 'yuv_filter_p_scale_channels_ch1' to 'yuv_filter_p_scallbW' due to the length limit 20
INFO: [SYN 201-210] Renamed object name 'yuv_filter_p_scale_channels_ch2' to 'yuv_filter_p_scalmb6' due to the length limit 20
INFO: [SYN 201-210] Renamed object name 'yuv_filter_p_scale_channels_ch3' to 'yuv_filter_p_scalncg' due to the length limit 20
INFO: [RTGEN 206-100] Finished creating RTL model for 'yuv_filter'.
INFO: [HLS 200-111]  Elapsed time: 0.559 seconds; current allocated memory: 109.235 MB.
INFO: [RTMG 210-278] Implementing memory 'yuv_filter_p_yuv_ibs_ram' using block RAMs.
INFO: [HLS 200-111] Finished generating all RTL models Time (s): cpu = 00:00:04 ; elapsed = 00:00:09 . Memory (MB): peak = 155.879 ; gain = 106.484
INFO: [SYSC 207-301] Generating SystemC RTL for yuv_filter.
INFO: [VHDL 208-304] Generating VHDL RTL for yuv_filter.
INFO: [VLOG 209-307] Generating Verilog RTL for yuv_filter.
INFO: [HLS 200-112] Total elapsed time: 9.511 seconds; peak allocated memory: 109.235 MB.
