
*** Running vivado
    with args -log system_advios_0_0.vds -m64 -product Vivado -mode batch -messageDb vivado.pb -notrace -source system_advios_0_0.tcl


****** Vivado v2017.2 (64-bit)
  **** SW Build 1909853 on Thu Jun 15 18:39:09 MDT 2017
  **** IP Build 1909766 on Thu Jun 15 19:58:00 MDT 2017
    ** Copyright 1986-2017 Xilinx, Inc. All Rights Reserved.

source system_advios_0_0.tcl -notrace
Command: synth_design -top system_advios_0_0 -part xc7z010clg400-1 -mode out_of_context
Starting synth_design
Attempting to get a license for feature 'Synthesis' and/or device 'xc7z010-clg400'
INFO: [Common 17-349] Got license for feature 'Synthesis' and/or device 'xc7z010-clg400'
INFO: Launching helper process for spawning children vivado processes
INFO: Helper process launched with PID 14968 
---------------------------------------------------------------------------------
Starting RTL Elaboration : Time (s): cpu = 00:00:05 ; elapsed = 00:00:06 . Memory (MB): peak = 307.695 ; gain = 79.465
---------------------------------------------------------------------------------
INFO: [Synth 8-638] synthesizing module 'system_advios_0_0' [c:/Users/User/Desktop/UNI/EmbeddedRealTimeSystem/Assignment2/exercises/exercise_8/exercise_8.srcs/sources_1/bd/system/ip/system_advios_0_0/synth/system_advios_0_0.v:57]
INFO: [Synth 8-638] synthesizing module 'advios_top' [c:/Users/User/Desktop/UNI/EmbeddedRealTimeSystem/Assignment2/exercises/exercise_8/exercise_8.srcs/sources_1/bd/system/ipshared/03fb/hdl/verilog/advios_top.v:9]
	Parameter C_S_AXI_SLV0_ADDR_WIDTH bound to: 5 - type: integer 
	Parameter C_S_AXI_SLV0_DATA_WIDTH bound to: 32 - type: integer 
	Parameter RESET_ACTIVE_LOW bound to: 1 - type: integer 
INFO: [Synth 8-638] synthesizing module 'advios' [c:/Users/User/Desktop/UNI/EmbeddedRealTimeSystem/Assignment2/exercises/exercise_8/exercise_8.srcs/sources_1/bd/system/ipshared/03fb/hdl/verilog/advios.v:12]
INFO: [Synth 8-638] synthesizing module 'advios_controlLeds' [c:/Users/User/Desktop/UNI/EmbeddedRealTimeSystem/Assignment2/exercises/exercise_8/exercise_8.srcs/sources_1/bd/system/ipshared/03fb/hdl/verilog/advios_controlLeds.v:10]
	Parameter ap_ST_fsm_state2 bound to: 4'b0010 
	Parameter ap_ST_fsm_state3 bound to: 4'b0100 
	Parameter ap_ST_fsm_state4 bound to: 4'b1000 
INFO: [Synth 8-5534] Detected attribute (* fsm_encoding = "none" *) [c:/Users/User/Desktop/UNI/EmbeddedRealTimeSystem/Assignment2/exercises/exercise_8/exercise_8.srcs/sources_1/bd/system/ipshared/03fb/hdl/verilog/advios_controlLeds.v:37]
INFO: [Synth 8-256] done synthesizing module 'advios_controlLeds' (1#1) [c:/Users/User/Desktop/UNI/EmbeddedRealTimeSystem/Assignment2/exercises/exercise_8/exercise_8.srcs/sources_1/bd/system/ipshared/03fb/hdl/verilog/advios_controlLeds.v:10]
INFO: [Synth 8-638] synthesizing module 'advios_makePulse' [c:/Users/User/Desktop/UNI/EmbeddedRealTimeSystem/Assignment2/exercises/exercise_8/exercise_8.srcs/sources_1/bd/system/ipshared/03fb/hdl/verilog/advios_makePulse.v:10]
	Parameter ap_ST_fsm_state2 bound to: 4'b0010 
	Parameter ap_ST_fsm_state3 bound to: 4'b0100 
	Parameter ap_ST_fsm_state4 bound to: 4'b1000 
INFO: [Synth 8-5534] Detected attribute (* fsm_encoding = "none" *) [c:/Users/User/Desktop/UNI/EmbeddedRealTimeSystem/Assignment2/exercises/exercise_8/exercise_8.srcs/sources_1/bd/system/ipshared/03fb/hdl/verilog/advios_makePulse.v:31]
INFO: [Synth 8-256] done synthesizing module 'advios_makePulse' (2#1) [c:/Users/User/Desktop/UNI/EmbeddedRealTimeSystem/Assignment2/exercises/exercise_8/exercise_8.srcs/sources_1/bd/system/ipshared/03fb/hdl/verilog/advios_makePulse.v:10]
INFO: [Synth 8-256] done synthesizing module 'advios' (3#1) [c:/Users/User/Desktop/UNI/EmbeddedRealTimeSystem/Assignment2/exercises/exercise_8/exercise_8.srcs/sources_1/bd/system/ipshared/03fb/hdl/verilog/advios.v:12]
INFO: [Synth 8-638] synthesizing module 'advios_slv0_if' [c:/Users/User/Desktop/UNI/EmbeddedRealTimeSystem/Assignment2/exercises/exercise_8/exercise_8.srcs/sources_1/bd/system/ipshared/03fb/hdl/verilog/advios_slv0_if.v:9]
	Parameter C_ADDR_WIDTH bound to: 5 - type: integer 
	Parameter C_DATA_WIDTH bound to: 32 - type: integer 
	Parameter ADDR_BITS bound to: 5 - type: integer 
	Parameter ADDR_CTRL_CTRL bound to: 5'b10000 
	Parameter ADDR_CTRL_DATA_0 bound to: 5'b10100 
	Parameter WRIDLE bound to: 2'b00 
	Parameter WRDATA bound to: 2'b01 
	Parameter WRRESP bound to: 2'b10 
	Parameter RDIDLE bound to: 2'b00 
	Parameter RDDATA bound to: 2'b01 
INFO: [Synth 8-155] case statement is not full and has no default [c:/Users/User/Desktop/UNI/EmbeddedRealTimeSystem/Assignment2/exercises/exercise_8/exercise_8.srcs/sources_1/bd/system/ipshared/03fb/hdl/verilog/advios_slv0_if.v:172]
INFO: [Synth 8-256] done synthesizing module 'advios_slv0_if' (4#1) [c:/Users/User/Desktop/UNI/EmbeddedRealTimeSystem/Assignment2/exercises/exercise_8/exercise_8.srcs/sources_1/bd/system/ipshared/03fb/hdl/verilog/advios_slv0_if.v:9]
INFO: [Synth 8-638] synthesizing module 'advios_reset_if' [c:/Users/User/Desktop/UNI/EmbeddedRealTimeSystem/Assignment2/exercises/exercise_8/exercise_8.srcs/sources_1/bd/system/ipshared/03fb/hdl/verilog/advios_reset_if.v:10]
	Parameter RESET_ACTIVE_LOW bound to: 1 - type: integer 
INFO: [Synth 8-256] done synthesizing module 'advios_reset_if' (5#1) [c:/Users/User/Desktop/UNI/EmbeddedRealTimeSystem/Assignment2/exercises/exercise_8/exercise_8.srcs/sources_1/bd/system/ipshared/03fb/hdl/verilog/advios_reset_if.v:10]
INFO: [Synth 8-256] done synthesizing module 'advios_top' (6#1) [c:/Users/User/Desktop/UNI/EmbeddedRealTimeSystem/Assignment2/exercises/exercise_8/exercise_8.srcs/sources_1/bd/system/ipshared/03fb/hdl/verilog/advios_top.v:9]
INFO: [Synth 8-256] done synthesizing module 'system_advios_0_0' (7#1) [c:/Users/User/Desktop/UNI/EmbeddedRealTimeSystem/Assignment2/exercises/exercise_8/exercise_8.srcs/sources_1/bd/system/ip/system_advios_0_0/synth/system_advios_0_0.v:57]
WARNING: [Synth 8-3331] design advios_slv0_if has unconnected port WDATA[31]
WARNING: [Synth 8-3331] design advios_slv0_if has unconnected port WDATA[30]
WARNING: [Synth 8-3331] design advios_slv0_if has unconnected port WDATA[29]
WARNING: [Synth 8-3331] design advios_slv0_if has unconnected port WDATA[28]
WARNING: [Synth 8-3331] design advios_slv0_if has unconnected port WDATA[27]
WARNING: [Synth 8-3331] design advios_slv0_if has unconnected port WDATA[26]
WARNING: [Synth 8-3331] design advios_slv0_if has unconnected port WDATA[25]
WARNING: [Synth 8-3331] design advios_slv0_if has unconnected port WDATA[24]
WARNING: [Synth 8-3331] design advios_slv0_if has unconnected port WDATA[23]
WARNING: [Synth 8-3331] design advios_slv0_if has unconnected port WDATA[22]
WARNING: [Synth 8-3331] design advios_slv0_if has unconnected port WDATA[21]
WARNING: [Synth 8-3331] design advios_slv0_if has unconnected port WDATA[20]
WARNING: [Synth 8-3331] design advios_slv0_if has unconnected port WDATA[19]
WARNING: [Synth 8-3331] design advios_slv0_if has unconnected port WDATA[18]
WARNING: [Synth 8-3331] design advios_slv0_if has unconnected port WDATA[17]
WARNING: [Synth 8-3331] design advios_slv0_if has unconnected port WDATA[16]
WARNING: [Synth 8-3331] design advios_slv0_if has unconnected port WDATA[15]
WARNING: [Synth 8-3331] design advios_slv0_if has unconnected port WDATA[14]
WARNING: [Synth 8-3331] design advios_slv0_if has unconnected port WDATA[13]
WARNING: [Synth 8-3331] design advios_slv0_if has unconnected port WDATA[12]
WARNING: [Synth 8-3331] design advios_slv0_if has unconnected port WDATA[11]
WARNING: [Synth 8-3331] design advios_slv0_if has unconnected port WDATA[10]
WARNING: [Synth 8-3331] design advios_slv0_if has unconnected port WDATA[9]
WARNING: [Synth 8-3331] design advios_slv0_if has unconnected port WDATA[8]
WARNING: [Synth 8-3331] design advios_slv0_if has unconnected port WDATA[7]
WARNING: [Synth 8-3331] design advios_slv0_if has unconnected port WDATA[6]
WARNING: [Synth 8-3331] design advios_slv0_if has unconnected port WDATA[5]
WARNING: [Synth 8-3331] design advios_slv0_if has unconnected port WDATA[4]
---------------------------------------------------------------------------------
Finished RTL Elaboration : Time (s): cpu = 00:00:07 ; elapsed = 00:00:07 . Memory (MB): peak = 347.773 ; gain = 119.543
---------------------------------------------------------------------------------

Report Check Netlist: 
+------+------------------+-------+---------+-------+------------------+
|      |Item              |Errors |Warnings |Status |Description       |
+------+------------------+-------+---------+-------+------------------+
|1     |multi_driven_nets |      0|        0|Passed |Multi driven nets |
+------+------------------+-------+---------+-------+------------------+
---------------------------------------------------------------------------------
Finished RTL Optimization Phase 1 : Time (s): cpu = 00:00:07 ; elapsed = 00:00:07 . Memory (MB): peak = 347.773 ; gain = 119.543
---------------------------------------------------------------------------------
INFO: [Device 21-403] Loading part xc7z010clg400-1
INFO: [Project 1-570] Preparing netlist for logic optimization

Processing XDC Constraints
Initializing timing engine
Parsing XDC File [c:/Users/User/Desktop/UNI/EmbeddedRealTimeSystem/Assignment2/exercises/exercise_8/exercise_8.srcs/sources_1/bd/system/ip/system_advios_0_0/constraints/advios_ooc.xdc] for cell 'inst'
Finished Parsing XDC File [c:/Users/User/Desktop/UNI/EmbeddedRealTimeSystem/Assignment2/exercises/exercise_8/exercise_8.srcs/sources_1/bd/system/ip/system_advios_0_0/constraints/advios_ooc.xdc] for cell 'inst'
Parsing XDC File [C:/Users/User/Desktop/UNI/EmbeddedRealTimeSystem/Assignment2/exercises/exercise_8/exercise_8.runs/system_advios_0_0_synth_1/dont_touch.xdc]
Finished Parsing XDC File [C:/Users/User/Desktop/UNI/EmbeddedRealTimeSystem/Assignment2/exercises/exercise_8/exercise_8.runs/system_advios_0_0_synth_1/dont_touch.xdc]
Completed Processing XDC Constraints

INFO: [Project 1-111] Unisim Transformation Summary:
No Unisim elements were transformed.

Constraint Validation Runtime : Time (s): cpu = 00:00:00 ; elapsed = 00:00:00.027 . Memory (MB): peak = 652.988 ; gain = 0.000
---------------------------------------------------------------------------------
Finished Constraint Validation : Time (s): cpu = 00:00:20 ; elapsed = 00:00:22 . Memory (MB): peak = 652.988 ; gain = 424.758
---------------------------------------------------------------------------------
---------------------------------------------------------------------------------
Start Loading Part and Timing Information
---------------------------------------------------------------------------------
Loading part: xc7z010clg400-1
---------------------------------------------------------------------------------
Finished Loading Part and Timing Information : Time (s): cpu = 00:00:20 ; elapsed = 00:00:22 . Memory (MB): peak = 652.988 ; gain = 424.758
---------------------------------------------------------------------------------
---------------------------------------------------------------------------------
Start Applying 'set_property' XDC Constraints
---------------------------------------------------------------------------------
Applied set_property DONT_TOUCH = true for inst. (constraint file  C:/Users/User/Desktop/UNI/EmbeddedRealTimeSystem/Assignment2/exercises/exercise_8/exercise_8.runs/system_advios_0_0_synth_1/dont_touch.xdc, line 9).
---------------------------------------------------------------------------------
Finished applying 'set_property' XDC Constraints : Time (s): cpu = 00:00:20 ; elapsed = 00:00:22 . Memory (MB): peak = 652.988 ; gain = 424.758
---------------------------------------------------------------------------------
INFO: [Synth 8-4490] FSM extraction disabled for register 'ap_CS_fsm_reg' through user attribute
INFO: [Synth 8-5544] ROM "tmp_fu_101_p2" won't be mapped to Block RAM because address size (4) smaller than threshold (5)
INFO: [Synth 8-5544] ROM "tmp_1_fu_107_p2" won't be mapped to Block RAM because address size (4) smaller than threshold (5)
INFO: [Synth 8-4490] FSM extraction disabled for register 'ap_CS_fsm_reg' through user attribute
INFO: [Synth 8-5545] ROM "exitcond_fu_111_p2" won't be mapped to RAM because address size (27) is larger than maximum supported(25)
WARNING: [Synth 8-6014] Unused sequential element i_reg_100_reg was removed.  [c:/Users/User/Desktop/UNI/EmbeddedRealTimeSystem/Assignment2/exercises/exercise_8/exercise_8.srcs/sources_1/bd/system/ipshared/03fb/hdl/verilog/advios_makePulse.v:53]
INFO: [Synth 8-5546] ROM "rdata" won't be mapped to RAM because it is too sparse
---------------------------------------------------------------------------------
Finished RTL Optimization Phase 2 : Time (s): cpu = 00:00:21 ; elapsed = 00:00:22 . Memory (MB): peak = 652.988 ; gain = 424.758
---------------------------------------------------------------------------------

Report RTL Partitions: 
+-+--------------+------------+----------+
| |RTL Partition |Replication |Instances |
+-+--------------+------------+----------+
+-+--------------+------------+----------+
---------------------------------------------------------------------------------
Start RTL Component Statistics 
---------------------------------------------------------------------------------
Detailed RTL Component Info : 
+---Adders : 
	   2 Input      4 Bit       Adders := 1     
+---Registers : 
	               32 Bit    Registers := 1     
	                5 Bit    Registers := 1     
	                4 Bit    Registers := 5     
	                2 Bit    Registers := 1     
	                1 Bit    Registers := 2     
+---Muxes : 
	   2 Input     32 Bit        Muxes := 1     
	   4 Input      4 Bit        Muxes := 1     
	   2 Input      4 Bit        Muxes := 3     
	   5 Input      4 Bit        Muxes := 1     
	   6 Input      2 Bit        Muxes := 1     
	   2 Input      1 Bit        Muxes := 4     
	   5 Input      1 Bit        Muxes := 1     
---------------------------------------------------------------------------------
Finished RTL Component Statistics 
---------------------------------------------------------------------------------
---------------------------------------------------------------------------------
Start RTL Hierarchical Component Statistics 
---------------------------------------------------------------------------------
Hierarchical RTL Component report 
Module advios_controlLeds 
Detailed RTL Component Info : 
+---Registers : 
	                4 Bit    Registers := 1     
	                1 Bit    Registers := 1     
+---Muxes : 
	   4 Input      4 Bit        Muxes := 1     
	   2 Input      4 Bit        Muxes := 2     
	   2 Input      1 Bit        Muxes := 2     
Module advios_makePulse 
Detailed RTL Component Info : 
+---Adders : 
	   2 Input      4 Bit       Adders := 1     
+---Registers : 
	                4 Bit    Registers := 1     
+---Muxes : 
	   5 Input      4 Bit        Muxes := 1     
	   2 Input      1 Bit        Muxes := 1     
Module advios 
Detailed RTL Component Info : 
+---Registers : 
	                4 Bit    Registers := 2     
Module advios_slv0_if 
Detailed RTL Component Info : 
+---Registers : 
	               32 Bit    Registers := 1     
	                5 Bit    Registers := 1     
	                4 Bit    Registers := 1     
	                2 Bit    Registers := 1     
	                1 Bit    Registers := 1     
+---Muxes : 
	   2 Input     32 Bit        Muxes := 1     
	   2 Input      4 Bit        Muxes := 1     
	   6 Input      2 Bit        Muxes := 1     
	   2 Input      1 Bit        Muxes := 1     
	   5 Input      1 Bit        Muxes := 1     
---------------------------------------------------------------------------------
Finished RTL Hierarchical Component Statistics
---------------------------------------------------------------------------------
---------------------------------------------------------------------------------
Start Part Resource Summary
---------------------------------------------------------------------------------
Part Resources:
DSPs: 80 (col length:40)
BRAMs: 120 (col length: RAMB18 40 RAMB36 20)
---------------------------------------------------------------------------------
Finished Part Resource Summary
---------------------------------------------------------------------------------
---------------------------------------------------------------------------------
Start Cross Boundary and Area Optimization
---------------------------------------------------------------------------------
INFO: [Synth 8-5546] ROM "advios_slv0_if_U/rdata" won't be mapped to RAM because it is too sparse
INFO: [Synth 8-5545] ROM "advios_U/grp_advios_makePulse_fu_88/exitcond_fu_111_p2" won't be mapped to RAM because address size (27) is larger than maximum supported(25)
WARNING: [Synth 8-6014] Unused sequential element advios_U/count_reg was removed.  [c:/Users/User/Desktop/UNI/EmbeddedRealTimeSystem/Assignment2/exercises/exercise_8/exercise_8.srcs/sources_1/bd/system/ipshared/03fb/hdl/verilog/advios.v:50]
WARNING: [Synth 8-6014] Unused sequential element advios_U/grp_advios_makePulse_fu_88/i_reg_100_reg was removed.  [c:/Users/User/Desktop/UNI/EmbeddedRealTimeSystem/Assignment2/exercises/exercise_8/exercise_8.srcs/sources_1/bd/system/ipshared/03fb/hdl/verilog/advios_makePulse.v:53]
WARNING: [Synth 8-3331] design advios_top has unconnected port s_axi_slv0_WDATA[31]
WARNING: [Synth 8-3331] design advios_top has unconnected port s_axi_slv0_WDATA[30]
WARNING: [Synth 8-3331] design advios_top has unconnected port s_axi_slv0_WDATA[29]
WARNING: [Synth 8-3331] design advios_top has unconnected port s_axi_slv0_WDATA[28]
WARNING: [Synth 8-3331] design advios_top has unconnected port s_axi_slv0_WDATA[27]
WARNING: [Synth 8-3331] design advios_top has unconnected port s_axi_slv0_WDATA[26]
WARNING: [Synth 8-3331] design advios_top has unconnected port s_axi_slv0_WDATA[25]
WARNING: [Synth 8-3331] design advios_top has unconnected port s_axi_slv0_WDATA[24]
WARNING: [Synth 8-3331] design advios_top has unconnected port s_axi_slv0_WDATA[23]
WARNING: [Synth 8-3331] design advios_top has unconnected port s_axi_slv0_WDATA[22]
WARNING: [Synth 8-3331] design advios_top has unconnected port s_axi_slv0_WDATA[21]
WARNING: [Synth 8-3331] design advios_top has unconnected port s_axi_slv0_WDATA[20]
WARNING: [Synth 8-3331] design advios_top has unconnected port s_axi_slv0_WDATA[19]
WARNING: [Synth 8-3331] design advios_top has unconnected port s_axi_slv0_WDATA[18]
WARNING: [Synth 8-3331] design advios_top has unconnected port s_axi_slv0_WDATA[17]
WARNING: [Synth 8-3331] design advios_top has unconnected port s_axi_slv0_WDATA[16]
WARNING: [Synth 8-3331] design advios_top has unconnected port s_axi_slv0_WDATA[15]
WARNING: [Synth 8-3331] design advios_top has unconnected port s_axi_slv0_WDATA[14]
WARNING: [Synth 8-3331] design advios_top has unconnected port s_axi_slv0_WDATA[13]
WARNING: [Synth 8-3331] design advios_top has unconnected port s_axi_slv0_WDATA[12]
WARNING: [Synth 8-3331] design advios_top has unconnected port s_axi_slv0_WDATA[11]
WARNING: [Synth 8-3331] design advios_top has unconnected port s_axi_slv0_WDATA[10]
WARNING: [Synth 8-3331] design advios_top has unconnected port s_axi_slv0_WDATA[9]
WARNING: [Synth 8-3331] design advios_top has unconnected port s_axi_slv0_WDATA[8]
WARNING: [Synth 8-3331] design advios_top has unconnected port s_axi_slv0_WDATA[7]
WARNING: [Synth 8-3331] design advios_top has unconnected port s_axi_slv0_WDATA[6]
WARNING: [Synth 8-3331] design advios_top has unconnected port s_axi_slv0_WDATA[5]
WARNING: [Synth 8-3331] design advios_top has unconnected port s_axi_slv0_WDATA[4]
WARNING: [Synth 8-3331] design advios_top has unconnected port s_axi_slv0_WSTRB[3]
WARNING: [Synth 8-3331] design advios_top has unconnected port s_axi_slv0_WSTRB[2]
WARNING: [Synth 8-3331] design advios_top has unconnected port s_axi_slv0_WSTRB[1]
INFO: [Synth 8-3886] merging instance 'inst/advios_U/grp_advios_controlLeds_fu_72/ap_CS_fsm_reg[1]' (FDS) to 'inst/advios_U/grp_advios_makePulse_fu_88/ap_CS_fsm_reg[1]'
INFO: [Synth 8-3886] merging instance 'inst/advios_slv0_if_U/rdata_reg[4]' (FDRE) to 'inst/advios_slv0_if_U/rdata_reg[31]'
INFO: [Synth 8-3886] merging instance 'inst/advios_slv0_if_U/rdata_reg[5]' (FDRE) to 'inst/advios_slv0_if_U/rdata_reg[31]'
INFO: [Synth 8-3886] merging instance 'inst/advios_slv0_if_U/rdata_reg[6]' (FDRE) to 'inst/advios_slv0_if_U/rdata_reg[31]'
INFO: [Synth 8-3886] merging instance 'inst/advios_slv0_if_U/rdata_reg[7]' (FDRE) to 'inst/advios_slv0_if_U/rdata_reg[31]'
INFO: [Synth 8-3886] merging instance 'inst/advios_slv0_if_U/rdata_reg[8]' (FDRE) to 'inst/advios_slv0_if_U/rdata_reg[31]'
INFO: [Synth 8-3886] merging instance 'inst/advios_slv0_if_U/rdata_reg[9]' (FDRE) to 'inst/advios_slv0_if_U/rdata_reg[31]'
INFO: [Synth 8-3886] merging instance 'inst/advios_slv0_if_U/rdata_reg[10]' (FDRE) to 'inst/advios_slv0_if_U/rdata_reg[31]'
INFO: [Synth 8-3886] merging instance 'inst/advios_slv0_if_U/rdata_reg[11]' (FDRE) to 'inst/advios_slv0_if_U/rdata_reg[31]'
INFO: [Synth 8-3886] merging instance 'inst/advios_slv0_if_U/rdata_reg[12]' (FDRE) to 'inst/advios_slv0_if_U/rdata_reg[31]'
INFO: [Synth 8-3886] merging instance 'inst/advios_slv0_if_U/rdata_reg[13]' (FDRE) to 'inst/advios_slv0_if_U/rdata_reg[31]'
INFO: [Synth 8-3886] merging instance 'inst/advios_slv0_if_U/rdata_reg[14]' (FDRE) to 'inst/advios_slv0_if_U/rdata_reg[31]'
INFO: [Synth 8-3886] merging instance 'inst/advios_slv0_if_U/rdata_reg[15]' (FDRE) to 'inst/advios_slv0_if_U/rdata_reg[31]'
INFO: [Synth 8-3886] merging instance 'inst/advios_slv0_if_U/rdata_reg[16]' (FDRE) to 'inst/advios_slv0_if_U/rdata_reg[31]'
INFO: [Synth 8-3886] merging instance 'inst/advios_slv0_if_U/rdata_reg[17]' (FDRE) to 'inst/advios_slv0_if_U/rdata_reg[31]'
INFO: [Synth 8-3886] merging instance 'inst/advios_slv0_if_U/rdata_reg[18]' (FDRE) to 'inst/advios_slv0_if_U/rdata_reg[31]'
INFO: [Synth 8-3886] merging instance 'inst/advios_slv0_if_U/rdata_reg[19]' (FDRE) to 'inst/advios_slv0_if_U/rdata_reg[31]'
INFO: [Synth 8-3886] merging instance 'inst/advios_slv0_if_U/rdata_reg[20]' (FDRE) to 'inst/advios_slv0_if_U/rdata_reg[31]'
INFO: [Synth 8-3886] merging instance 'inst/advios_slv0_if_U/rdata_reg[21]' (FDRE) to 'inst/advios_slv0_if_U/rdata_reg[31]'
INFO: [Synth 8-3886] merging instance 'inst/advios_slv0_if_U/rdata_reg[22]' (FDRE) to 'inst/advios_slv0_if_U/rdata_reg[31]'
INFO: [Synth 8-3886] merging instance 'inst/advios_slv0_if_U/rdata_reg[23]' (FDRE) to 'inst/advios_slv0_if_U/rdata_reg[31]'
INFO: [Synth 8-3886] merging instance 'inst/advios_slv0_if_U/rdata_reg[24]' (FDRE) to 'inst/advios_slv0_if_U/rdata_reg[31]'
INFO: [Synth 8-3886] merging instance 'inst/advios_slv0_if_U/rdata_reg[25]' (FDRE) to 'inst/advios_slv0_if_U/rdata_reg[31]'
INFO: [Synth 8-3886] merging instance 'inst/advios_slv0_if_U/rdata_reg[26]' (FDRE) to 'inst/advios_slv0_if_U/rdata_reg[31]'
INFO: [Synth 8-3886] merging instance 'inst/advios_slv0_if_U/rdata_reg[27]' (FDRE) to 'inst/advios_slv0_if_U/rdata_reg[31]'
INFO: [Synth 8-3886] merging instance 'inst/advios_slv0_if_U/rdata_reg[28]' (FDRE) to 'inst/advios_slv0_if_U/rdata_reg[31]'
INFO: [Synth 8-3886] merging instance 'inst/advios_slv0_if_U/rdata_reg[29]' (FDRE) to 'inst/advios_slv0_if_U/rdata_reg[31]'
INFO: [Synth 8-3886] merging instance 'inst/advios_slv0_if_U/rdata_reg[30]' (FDRE) to 'inst/advios_slv0_if_U/rdata_reg[31]'
INFO: [Synth 8-3333] propagating constant 0 across sequential element (inst/\advios_slv0_if_U/rdata_reg[31] )
WARNING: [Synth 8-3332] Sequential element (advios_U/grp_advios_controlLeds_fu_72/ap_CS_fsm_reg[0]) is unused and will be removed from module advios_top.
WARNING: [Synth 8-3332] Sequential element (advios_U/grp_advios_makePulse_fu_88/ap_CS_fsm_reg[0]) is unused and will be removed from module advios_top.
WARNING: [Synth 8-3332] Sequential element (advios_slv0_if_U/rdata_reg[31]) is unused and will be removed from module advios_top.
---------------------------------------------------------------------------------
Finished Cross Boundary and Area Optimization : Time (s): cpu = 00:00:22 ; elapsed = 00:00:23 . Memory (MB): peak = 652.988 ; gain = 424.758
---------------------------------------------------------------------------------

Report RTL Partitions: 
+-+--------------+------------+----------+
| |RTL Partition |Replication |Instances |
+-+--------------+------------+----------+
+-+--------------+------------+----------+
---------------------------------------------------------------------------------
Start Applying XDC Timing Constraints
---------------------------------------------------------------------------------
---------------------------------------------------------------------------------
Finished Applying XDC Timing Constraints : Time (s): cpu = 00:00:38 ; elapsed = 00:00:40 . Memory (MB): peak = 652.988 ; gain = 424.758
---------------------------------------------------------------------------------
---------------------------------------------------------------------------------
Start Timing Optimization
---------------------------------------------------------------------------------
---------------------------------------------------------------------------------
Finished Timing Optimization : Time (s): cpu = 00:00:38 ; elapsed = 00:00:40 . Memory (MB): peak = 652.988 ; gain = 424.758
---------------------------------------------------------------------------------

Report RTL Partitions: 
+-+--------------+------------+----------+
| |RTL Partition |Replication |Instances |
+-+--------------+------------+----------+
+-+--------------+------------+----------+
---------------------------------------------------------------------------------
Start Technology Mapping
---------------------------------------------------------------------------------
---------------------------------------------------------------------------------
Finished Technology Mapping : Time (s): cpu = 00:00:38 ; elapsed = 00:00:40 . Memory (MB): peak = 652.988 ; gain = 424.758
---------------------------------------------------------------------------------

Report RTL Partitions: 
+-+--------------+------------+----------+
| |RTL Partition |Replication |Instances |
+-+--------------+------------+----------+
+-+--------------+------------+----------+
---------------------------------------------------------------------------------
Start IO Insertion
---------------------------------------------------------------------------------
---------------------------------------------------------------------------------
Start Flattening Before IO Insertion
---------------------------------------------------------------------------------
---------------------------------------------------------------------------------
Finished Flattening Before IO Insertion
---------------------------------------------------------------------------------
---------------------------------------------------------------------------------
Start Final Netlist Cleanup
---------------------------------------------------------------------------------
---------------------------------------------------------------------------------
Finished Final Netlist Cleanup
---------------------------------------------------------------------------------
---------------------------------------------------------------------------------
Finished IO Insertion : Time (s): cpu = 00:00:39 ; elapsed = 00:00:41 . Memory (MB): peak = 652.988 ; gain = 424.758
---------------------------------------------------------------------------------

Report Check Netlist: 
+------+------------------+-------+---------+-------+------------------+
|      |Item              |Errors |Warnings |Status |Description       |
+------+------------------+-------+---------+-------+------------------+
|1     |multi_driven_nets |      0|        0|Passed |Multi driven nets |
+------+------------------+-------+---------+-------+------------------+
---------------------------------------------------------------------------------
Start Renaming Generated Instances
---------------------------------------------------------------------------------
---------------------------------------------------------------------------------
Finished Renaming Generated Instances : Time (s): cpu = 00:00:39 ; elapsed = 00:00:41 . Memory (MB): peak = 652.988 ; gain = 424.758
---------------------------------------------------------------------------------

Report RTL Partitions: 
+-+--------------+------------+----------+
| |RTL Partition |Replication |Instances |
+-+--------------+------------+----------+
+-+--------------+------------+----------+
---------------------------------------------------------------------------------
Start Rebuilding User Hierarchy
---------------------------------------------------------------------------------
---------------------------------------------------------------------------------
Finished Rebuilding User Hierarchy : Time (s): cpu = 00:00:39 ; elapsed = 00:00:41 . Memory (MB): peak = 652.988 ; gain = 424.758
---------------------------------------------------------------------------------
---------------------------------------------------------------------------------
Start Renaming Generated Ports
---------------------------------------------------------------------------------
---------------------------------------------------------------------------------
Finished Renaming Generated Ports : Time (s): cpu = 00:00:39 ; elapsed = 00:00:41 . Memory (MB): peak = 652.988 ; gain = 424.758
---------------------------------------------------------------------------------
---------------------------------------------------------------------------------
Start Handling Custom Attributes
---------------------------------------------------------------------------------
---------------------------------------------------------------------------------
Finished Handling Custom Attributes : Time (s): cpu = 00:00:39 ; elapsed = 00:00:41 . Memory (MB): peak = 652.988 ; gain = 424.758
---------------------------------------------------------------------------------
---------------------------------------------------------------------------------
Start Renaming Generated Nets
---------------------------------------------------------------------------------
---------------------------------------------------------------------------------
Finished Renaming Generated Nets : Time (s): cpu = 00:00:39 ; elapsed = 00:00:41 . Memory (MB): peak = 652.988 ; gain = 424.758
---------------------------------------------------------------------------------
---------------------------------------------------------------------------------
Start Writing Synthesis Report
---------------------------------------------------------------------------------

Report BlackBoxes: 
+-+--------------+----------+
| |BlackBox name |Instances |
+-+--------------+----------+
+-+--------------+----------+

Report Cell Usage: 
+------+-------+------+
|      |Cell   |Count |
+------+-------+------+
|1     |CARRY4 |     7|
|2     |LUT1   |    31|
|3     |LUT2   |     5|
|4     |LUT3   |     8|
|5     |LUT4   |    10|
|6     |LUT5   |     7|
|7     |LUT6   |     8|
|8     |FDRE   |    56|
|9     |FDSE   |     1|
+------+-------+------+

Report Instance Areas: 
+------+-----------------------------------+-------------------+------+
|      |Instance                           |Module             |Cells |
+------+-----------------------------------+-------------------+------+
|1     |top                                |                   |   133|
|2     |  inst                             |advios_top         |   133|
|3     |    advios_U                       |advios             |    98|
|4     |      grp_advios_controlLeds_fu_72 |advios_controlLeds |     9|
|5     |      grp_advios_makePulse_fu_88   |advios_makePulse   |    77|
|6     |    advios_slv0_if_U               |advios_slv0_if     |    35|
+------+-----------------------------------+-------------------+------+
---------------------------------------------------------------------------------
Finished Writing Synthesis Report : Time (s): cpu = 00:00:39 ; elapsed = 00:00:41 . Memory (MB): peak = 652.988 ; gain = 424.758
---------------------------------------------------------------------------------
Synthesis finished with 0 errors, 0 critical warnings and 37 warnings.
Synthesis Optimization Runtime : Time (s): cpu = 00:00:23 ; elapsed = 00:00:32 . Memory (MB): peak = 652.988 ; gain = 119.543
Synthesis Optimization Complete : Time (s): cpu = 00:00:39 ; elapsed = 00:00:42 . Memory (MB): peak = 652.988 ; gain = 424.758
INFO: [Project 1-571] Translating synthesized netlist
INFO: [Netlist 29-17] Analyzing 7 Unisim elements for replacement
INFO: [Netlist 29-28] Unisim Transformation completed in 0 CPU seconds
INFO: [Project 1-570] Preparing netlist for logic optimization
INFO: [Opt 31-138] Pushed 0 inverter(s) to 0 load pin(s).
INFO: [Project 1-111] Unisim Transformation Summary:
No Unisim elements were transformed.

64 Infos, 65 Warnings, 0 Critical Warnings and 0 Errors encountered.
synth_design completed successfully
synth_design: Time (s): cpu = 00:00:42 ; elapsed = 00:00:45 . Memory (MB): peak = 652.988 ; gain = 425.383
INFO: [Common 17-1381] The checkpoint 'C:/Users/User/Desktop/UNI/EmbeddedRealTimeSystem/Assignment2/exercises/exercise_8/exercise_8.runs/system_advios_0_0_synth_1/system_advios_0_0.dcp' has been generated.
