11:14:01 INFO  : Registering command handlers for SDK TCF services
11:14:02 INFO  : Launching XSCT server: xsct.bat -interactive C:\Users\User\Desktop\UNI\EmbeddedRealTimeSystem\Assignment2\exercises\exercise_8\exercise_8.sdk\temp_xsdb_launch_script.tcl
11:14:07 INFO  : XSCT server has started successfully.
11:14:07 INFO  : Successfully done setting XSCT server connection channel  
11:14:17 INFO  : Successfully done setting SDK workspace  
11:14:17 INFO  : Processing command line option -hwspec C:/Users/User/Desktop/UNI/EmbeddedRealTimeSystem/Assignment2/exercises/exercise_8/exercise_8.sdk/system_wrapper.hdf.
14:47:10 INFO  : Launching XSCT server: xsct.bat -interactive C:\Users\User\Desktop\UNI\EmbeddedRealTimeSystem\Assignment2\exercises\exercise_8\exercise_8.sdk\temp_xsdb_launch_script.tcl
14:47:14 INFO  : XSCT server has started successfully.
14:47:14 INFO  : Successfully done setting XSCT server connection channel  
14:47:22 INFO  : Successfully done setting SDK workspace  
14:47:27 INFO  : Registering command handlers for SDK TCF services
14:47:27 INFO  : Processing command line option -hwspec C:/Users/User/Desktop/UNI/EmbeddedRealTimeSystem/Assignment2/exercises/exercise_8/exercise_8.sdk/system_wrapper.hdf.
14:47:28 INFO  : Checking for hwspec changes in the project system_wrapper_hw_platform_0.
14:47:28 INFO  : SDK has detected change in the last modified timestamps for source hardware specification file Source:1665664231564,  Project:1665650212766
14:47:28 INFO  : The hardware specification for project 'system_wrapper_hw_platform_0' is different from C:/Users/User/Desktop/UNI/EmbeddedRealTimeSystem/Assignment2/exercises/exercise_8/exercise_8.sdk/system_wrapper.hdf.
14:47:28 INFO  : Copied contents of C:/Users/User/Desktop/UNI/EmbeddedRealTimeSystem/Assignment2/exercises/exercise_8/exercise_8.sdk/system_wrapper.hdf into \system_wrapper_hw_platform_0\system.hdf.
14:47:30 INFO  : Synchronizing projects in the workspace with the hardware platform specification changes.
14:47:33 ERROR : (XSDB Server)ERROR: [Hsi 55-1433] Error boost::filesystem::directory_iterator::construct: Accesso negato: "C:/Users/User/AppData/Local/Temp\msdtadmin"

14:47:35 ERROR : Failed to call sync_sw_with_hw_change
Reason: ERROR: [Common 17-39] 'hsi::open_sw_design' failed due to earlier errors.

14:47:35 ERROR : Error updating BSP project MSS files.
14:47:36 INFO  : Updating hardware inferred compiler options for exercise_8.
14:47:36 INFO  : Clearing existing target manager status.
14:47:39 INFO  : Closing and re-opening the MSS file of ther project exercise_8_bsp
14:47:40 ERROR : (XSDB Server)ERROR: [Hsi 55-1558] Software Design system system is not found

14:47:40 ERROR :  [Common 17-39] 'hsi::current_sw_design' failed due to earlier errors.
14:47:40 ERROR : (XSDB Server)ERROR: [Hsi 55-1558] Software Design system system is not found

14:47:40 INFO  : Unable to read in MSS file C:\Users\User\Desktop\UNI\EmbeddedRealTimeSystem\Assignment2\exercises\exercise_8\exercise_8.sdk\exercise_8_bsp\system.mss : null
14:47:40 ERROR : (XSDB Server)ERROR: [Hsi 55-1558] Software Design system system is not found

14:47:40 ERROR : (XSDB Server)ERROR: [Hsi 55-1558] Software Design system system is not found

14:47:41 ERROR : (XSDB Server)ERROR: [Hsi 55-1558] Software Design system system is not found

14:47:41 ERROR :  [Common 17-39] 'hsi::current_sw_design' failed due to earlier errors.
14:47:41 ERROR : (XSDB Server)ERROR: [Hsi 55-1558] Software Design system system is not found

14:47:41 INFO  : Unable to read in MSS file C:\Users\User\Desktop\UNI\EmbeddedRealTimeSystem\Assignment2\exercises\exercise_8\exercise_8.sdk\exercise_8_bsp\system.mss : null
14:47:41 ERROR : (XSDB Server)ERROR: [Hsi 55-1558] Software Design system system is not found

14:47:41 ERROR : Failed to closesw "C:/Users/User/Desktop/UNI/EmbeddedRealTimeSystem/Assignment2/exercises/exercise_8/exercise_8.sdk/exercise_8_bsp/system.mss"
Reason: Cannot close sw design 'C:/Users/User/Desktop/UNI/EmbeddedRealTimeSystem/Assignment2/exercises/exercise_8/exercise_8.sdk/exercise_8_bsp/system.mss'.
Design is not opened in the current session.


14:47:41 INFO  : Workspace synchronized with the new hardware specification file. Cleaning dependent projects...
14:47:43 WARN  : Linker script will not be updated automatically. Users need to update it manually.
14:54:24 ERROR : (XSDB Server)ERROR: [Hsi 55-1558] Software Design system system is not found

14:54:24 ERROR :  [Common 17-39] 'hsi::current_sw_design' failed due to earlier errors.
14:54:24 ERROR : (XSDB Server)ERROR: [Hsi 55-1558] Software Design system system is not found

14:54:24 INFO  : Unable to read in MSS file C:\Users\User\Desktop\UNI\EmbeddedRealTimeSystem\Assignment2\exercises\exercise_8\exercise_8.sdk\exercise_8_bsp\system.mss : null
14:54:24 ERROR : (XSDB Server)ERROR: [Hsi 55-1558] Software Design system system is not found

14:54:24 ERROR : (XSDB Server)ERROR: [Hsi 55-1558] Software Design system system is not found

14:54:24 ERROR : Failed to get_connected_periphs
Reason: ERROR: [Common 17-55] 'get_property' expects at least one object.
Resolution: If [get_<value>] was used to populate the object, check to make sure this command returns at least one valid object.

15:30:38 ERROR : Unexpected error while parsing XMD response ?: com.google.gson.JsonSyntaxException: com.google.gson.stream.MalformedJsonException: invalid number or unquoted string near 
15:31:15 INFO  : Registering command handlers for SDK TCF services
15:31:15 INFO  : Launching XSCT server: xsct.bat -interactive C:\Users\User\Desktop\UNI\EmbeddedRealTimeSystem\Assignment2\exercises\exercise_8\exercise_8.sdk\temp_xsdb_launch_script.tcl
15:31:19 INFO  : XSCT server has started successfully.
15:31:19 INFO  : Successfully done setting XSCT server connection channel  
15:31:23 INFO  : Successfully done setting SDK workspace  
15:31:23 INFO  : Processing command line option -hwspec C:/Users/User/Desktop/UNI/EmbeddedRealTimeSystem/Assignment2/exercises/exercise_8/exercise_8.sdk/system_wrapper.hdf.
15:31:24 INFO  : Checking for hwspec changes in the project system_wrapper_hw_platform_0.
15:31:25 INFO  : SDK has detected change in the last modified timestamps for source hardware specification file Source:1665667792391,  Project:1665664231564
15:31:25 INFO  : The hardware specification for project 'system_wrapper_hw_platform_0' is different from C:/Users/User/Desktop/UNI/EmbeddedRealTimeSystem/Assignment2/exercises/exercise_8/exercise_8.sdk/system_wrapper.hdf.
15:31:25 INFO  : Copied contents of C:/Users/User/Desktop/UNI/EmbeddedRealTimeSystem/Assignment2/exercises/exercise_8/exercise_8.sdk/system_wrapper.hdf into \system_wrapper_hw_platform_0\system.hdf.
15:31:27 INFO  : Synchronizing projects in the workspace with the hardware platform specification changes.
15:31:31 ERROR : (XSDB Server)ERROR: [Hsi 55-1433] Error boost::filesystem::directory_iterator::construct: Accesso negato: "C:/Users/User/AppData/Local/Temp\msdtadmin"

15:31:34 ERROR : Failed to call sync_sw_with_hw_change
Reason: ERROR: [Common 17-39] 'hsi::open_sw_design' failed due to earlier errors.

15:31:34 ERROR : Error updating BSP project MSS files.
15:31:35 INFO  : Updating hardware inferred compiler options for exercise_8.
15:31:35 INFO  : Clearing existing target manager status.
15:31:37 INFO  : Closing and re-opening the MSS file of ther project exercise_8_bsp
15:32:02 ERROR : (XSDB Server)ERROR: [Hsi 55-1558] Software Design system system is not found

15:32:02 ERROR :  [Common 17-39] 'hsi::current_sw_design' failed due to earlier errors.
15:32:02 ERROR : (XSDB Server)ERROR: [Hsi 55-1558] Software Design system system is not found

15:32:02 INFO  : Unable to read in MSS file C:\Users\User\Desktop\UNI\EmbeddedRealTimeSystem\Assignment2\exercises\exercise_8\exercise_8.sdk\exercise_8_bsp\system.mss : null
15:32:02 ERROR : (XSDB Server)ERROR: [Hsi 55-1558] Software Design system system is not found

15:32:02 ERROR : (XSDB Server)ERROR: [Hsi 55-1558] Software Design system system is not found

15:32:02 ERROR : Failed to get_connected_periphs
Reason: ERROR: [Common 17-55] 'get_property' expects at least one object.
Resolution: If [get_<value>] was used to populate the object, check to make sure this command returns at least one valid object.

15:32:36 ERROR : (XSDB Server)ERROR: [Hsi 55-1558] Software Design system system is not found

15:32:36 ERROR :  [Common 17-39] 'hsi::current_sw_design' failed due to earlier errors.
15:32:36 ERROR : (XSDB Server)ERROR: [Hsi 55-1558] Software Design system system is not found

15:32:36 INFO  : Unable to read in MSS file C:\Users\User\Desktop\UNI\EmbeddedRealTimeSystem\Assignment2\exercises\exercise_8\exercise_8.sdk\exercise_8_bsp\system.mss : null
15:32:36 ERROR : (XSDB Server)ERROR: [Hsi 55-1558] Software Design system system is not found

15:32:36 ERROR : (XSDB Server)ERROR: [Hsi 55-1558] Software Design system system is not found

15:32:36 ERROR :  [Common 17-39] 'hsi::current_sw_design' failed due to earlier errors.
15:32:36 ERROR : (XSDB Server)ERROR: [Hsi 55-1558] Software Design system system is not found

15:32:36 INFO  : Unable to read in MSS file C:\Users\User\Desktop\UNI\EmbeddedRealTimeSystem\Assignment2\exercises\exercise_8\exercise_8.sdk\exercise_8_bsp\system.mss : null
15:32:36 ERROR : (XSDB Server)ERROR: [Hsi 55-1558] Software Design system system is not found

15:32:36 ERROR : (XSDB Server)ERROR: [Hsi 55-1558] Software Design system system is not found

15:32:36 ERROR :  [Common 17-39] 'hsi::current_sw_design' failed due to earlier errors.
15:32:36 ERROR : (XSDB Server)ERROR: [Hsi 55-1558] Software Design system system is not found

15:32:36 INFO  : Unable to read in MSS file C:\Users\User\Desktop\UNI\EmbeddedRealTimeSystem\Assignment2\exercises\exercise_8\exercise_8.sdk\exercise_8_bsp\system.mss : null
15:32:36 ERROR : (XSDB Server)ERROR: [Hsi 55-1558] Software Design system system is not found

15:33:12 ERROR : (XSDB Server)ERROR: [Hsi 55-1558] Software Design system system is not found

15:33:12 ERROR :  [Common 17-39] 'hsi::current_sw_design' failed due to earlier errors.
15:33:12 ERROR : (XSDB Server)ERROR: [Hsi 55-1558] Software Design system system is not found

15:33:12 INFO  : Unable to read in MSS file C:\Users\User\Desktop\UNI\EmbeddedRealTimeSystem\Assignment2\exercises\exercise_8\exercise_8.sdk\exercise_8_bsp\system.mss : null
15:33:12 ERROR : (XSDB Server)ERROR: [Hsi 55-1558] Software Design system system is not found

15:33:12 ERROR : (XSDB Server)ERROR: [Hsi 55-1558] Software Design system system is not found

15:33:12 ERROR : Failed to get_connected_periphs
Reason: ERROR: [Common 17-55] 'get_property' expects at least one object.
Resolution: If [get_<value>] was used to populate the object, check to make sure this command returns at least one valid object.

15:33:37 ERROR : (XSDB Server)ERROR: [Hsi 55-1558] Software Design system system is not found

15:33:37 ERROR :  [Common 17-39] 'hsi::current_sw_design' failed due to earlier errors.
15:33:37 ERROR : (XSDB Server)ERROR: [Hsi 55-1558] Software Design system system is not found

15:33:37 INFO  : Unable to read in MSS file C:\Users\User\Desktop\UNI\EmbeddedRealTimeSystem\Assignment2\exercises\exercise_8\exercise_8.sdk\exercise_8_bsp\system.mss : null
15:33:37 ERROR : Failed to closesw "C:/Users/User/Desktop/UNI/EmbeddedRealTimeSystem/Assignment2/exercises/exercise_8/exercise_8.sdk/exercise_8_bsp/system.mss"
Reason: Cannot close sw design 'C:/Users/User/Desktop/UNI/EmbeddedRealTimeSystem/Assignment2/exercises/exercise_8/exercise_8.sdk/exercise_8_bsp/system.mss'.
Design is not opened in the current session.


16:02:20 ERROR : Unexpected error while parsing XMD response ?: com.google.gson.JsonSyntaxException: com.google.gson.stream.MalformedJsonException: invalid number or unquoted string near 
